CBMC version 5.0 64-bit linux
Parsing stackroute.c
Converting
Type-checking stackroute
Generating GOTO Program
Adding CPROVER library
Function Pointer Removal
Partial Inlining
Generic Property Instrumentation
Starting Bounded Model Checking
Unwinding loop lookup.1 iteration 1 (3 max) file stackroute.c line 77 function lookup thread 1
Unwinding loop lookup.1 iteration 2 (3 max) file stackroute.c line 77 function lookup thread 1
Not unwinding loop lookup.1 iteration 3 (3 max) file stackroute.c line 77 function lookup thread 1
Unwinding loop lookup.1 iteration 1 (3 max) file stackroute.c line 77 function lookup thread 1
Unwinding loop lookup.1 iteration 2 (3 max) file stackroute.c line 77 function lookup thread 1
Not unwinding loop lookup.1 iteration 3 (3 max) file stackroute.c line 77 function lookup thread 1
Unwinding loop lookup.1 iteration 1 (3 max) file stackroute.c line 77 function lookup thread 1
Unwinding loop lookup.1 iteration 2 (3 max) file stackroute.c line 77 function lookup thread 1
Not unwinding loop lookup.1 iteration 3 (3 max) file stackroute.c line 77 function lookup thread 1
Unwinding loop lookup.1 iteration 1 (3 max) file stackroute.c line 77 function lookup thread 1
Unwinding loop lookup.1 iteration 2 (3 max) file stackroute.c line 77 function lookup thread 1
Not unwinding loop lookup.1 iteration 3 (3 max) file stackroute.c line 77 function lookup thread 1
Unwinding loop lookup.1 iteration 1 (3 max) file stackroute.c line 77 function lookup thread 2
Unwinding loop lookup.1 iteration 2 (3 max) file stackroute.c line 77 function lookup thread 2
Not unwinding loop lookup.1 iteration 3 (3 max) file stackroute.c line 77 function lookup thread 2
Unwinding loop lookup.1 iteration 1 (3 max) file stackroute.c line 77 function lookup thread 2
Unwinding loop lookup.1 iteration 2 (3 max) file stackroute.c line 77 function lookup thread 2
Not unwinding loop lookup.1 iteration 3 (3 max) file stackroute.c line 77 function lookup thread 2
Unwinding loop lookup.1 iteration 1 (3 max) file stackroute.c line 77 function lookup thread 2
Unwinding loop lookup.1 iteration 2 (3 max) file stackroute.c line 77 function lookup thread 2
Not unwinding loop lookup.1 iteration 3 (3 max) file stackroute.c line 77 function lookup thread 2
Unwinding loop lookup.1 iteration 1 (3 max) file stackroute.c line 77 function lookup thread 2
Unwinding loop lookup.1 iteration 2 (3 max) file stackroute.c line 77 function lookup thread 2
Not unwinding loop lookup.1 iteration 3 (3 max) file stackroute.c line 77 function lookup thread 2
Adding SC constraints
size of program expression: 95542 steps
no slicing due to threads
Generated 45 VCC(s), 45 remaining after simplification
Passing problem to propositional reduction
Running propositional reduction
Post-processing
Solving with MiniSAT 2.2.0 with simplifier
373017 variables, 1666189 clauses
SAT checker: negated claim is SATISFIABLE, i.e., does not hold
Runtime decision procedure: 19.794s
Building error trace

Counterexample:

State 22  thread 0
----------------------------------------------------
  argv'[134217728]=irep("(\"nil\")")[134217728] (?)

State 25 file stackroute.c line 153 thread 0
----------------------------------------------------
  argc=134217728 (00001000000000000000000000000000)

State 26 file stackroute.c line 153 thread 0
----------------------------------------------------
  argv=argv' (0000010000000000000000000000000000000000000000000000000000000000)

State 27 file stackroute.c line 155 function main thread 0
----------------------------------------------------
  tr1=0 (0000000000000000000000000000000000000000000000000000000000000000)

State 28 file stackroute.c line 156 function main thread 0
----------------------------------------------------
  tr2=0 (0000000000000000000000000000000000000000000000000000000000000000)

State 29 file stackroute.c line 157 function main thread 0
----------------------------------------------------
  tu=0 (0000000000000000000000000000000000000000000000000000000000000000)

State 118 file rcu.h line 35 function rcu_read_lock thread 2
----------------------------------------------------
  rcu_read_nesting=2 (00000000000000000000000000000010)

State 121 file stackroute.c line 70 function lookup thread 2
----------------------------------------------------
  rep=((struct route_entry *)NULL) (0000000000000000000000000000000000000000000000000000000000000000)

State 125 file rcu.h line 35 function rcu_read_lock thread 1
----------------------------------------------------
  rcu_read_nesting=4 (00000000000000000000000000000100)

State 128 file stackroute.c line 77 function lookup thread 2
----------------------------------------------------
  rep=&route_entry_1.next (0000001000000000000000000000000000000000000000000000000000000000)

State 131 file stackroute.c line 79 function lookup thread 2
----------------------------------------------------
  ret=11 (00000000000000000000000000001011)

State 132 file stackroute.c line 80 function lookup thread 2
----------------------------------------------------
  route_cache=&route_entry_1.next (0000001000000000000000000000000000000000000000000000000000000000)

State 134 file stackroute.c line 70 function lookup thread 1
----------------------------------------------------
  rep=&route_entry_1.next (0000001000000000000000000000000000000000000000000000000000000000)

State 144 file stackroute.c line 72 function lookup thread 1
----------------------------------------------------
  ret=-10 (11111111111111111111111111110110)

Violated property:
  file stackroute.c line 73 function lookup
  assertion !(rep->freed) || ({ __sync_synchronize(); noassert; })
  FALSE

VERIFICATION FAILED
