file binsearch.c: Parsing
file sortarray.c: Parsing
Converting
Type-checking binsearch
file binsearch.c line 28 function main: function `c::printf' is not declared
Type-checking sortarray
file sortarray.c line 12 function a: function `c::printf' is not declared
Generating GOTO Program
Adding CPROVER library
Function Pointer Removal
Partial Inlining
Generic Property Instrumentation
Starting Bounded Model Checking
Unwinding loop c::binsearch.0 iteration 1 file binsearch.c line 7 function binsearch thread 0
Unwinding loop c::a.0 iteration 1 file sortarray.c line 15 function a thread 0
Unwinding loop c::a.1 iteration 1 file sortarray.c line 22 function a thread 0
Unwinding loop c::binsearch.0 iteration 2 file binsearch.c line 7 function binsearch thread 0
Unwinding loop c::a.0 iteration 1 file sortarray.c line 15 function a thread 0
Unwinding loop c::a.0 iteration 2 file sortarray.c line 15 function a thread 0
Unwinding loop c::a.0 iteration 3 file sortarray.c line 15 function a thread 0
Unwinding loop c::a.0 iteration 4 file sortarray.c line 15 function a thread 0
Unwinding loop c::a.0 iteration 5 file sortarray.c line 15 function a thread 0
Unwinding loop c::a.0 iteration 6 file sortarray.c line 15 function a thread 0
Unwinding loop c::a.0 iteration 7 file sortarray.c line 15 function a thread 0
Unwinding loop c::a.0 iteration 8 file sortarray.c line 15 function a thread 0
Unwinding loop c::a.0 iteration 9 file sortarray.c line 15 function a thread 0
Unwinding loop c::a.0 iteration 10 file sortarray.c line 15 function a thread 0
Unwinding loop c::a.0 iteration 11 file sortarray.c line 15 function a thread 0
Unwinding loop c::a.1 iteration 1 file sortarray.c line 22 function a thread 0
Unwinding loop c::a.1 iteration 2 file sortarray.c line 22 function a thread 0
Unwinding loop c::a.1 iteration 3 file sortarray.c line 22 function a thread 0
Unwinding loop c::a.1 iteration 4 file sortarray.c line 22 function a thread 0
Unwinding loop c::a.1 iteration 5 file sortarray.c line 22 function a thread 0
Unwinding loop c::a.1 iteration 6 file sortarray.c line 22 function a thread 0
Unwinding loop c::a.1 iteration 7 file sortarray.c line 22 function a thread 0
Unwinding loop c::a.1 iteration 8 file sortarray.c line 22 function a thread 0
Unwinding loop c::a.1 iteration 9 file sortarray.c line 22 function a thread 0
Unwinding loop c::a.1 iteration 10 file sortarray.c line 22 function a thread 0
Unwinding loop c::a.1 iteration 11 file sortarray.c line 22 function a thread 0
Unwinding loop c::binsearch.0 iteration 3 file binsearch.c line 7 function binsearch thread 0
Unwinding loop c::a.0 iteration 1 file sortarray.c line 15 function a thread 0
Unwinding loop c::a.0 iteration 2 file sortarray.c line 15 function a thread 0
Unwinding loop c::a.0 iteration 3 file sortarray.c line 15 function a thread 0
Unwinding loop c::a.0 iteration 4 file sortarray.c line 15 function a thread 0
Unwinding loop c::a.0 iteration 5 file sortarray.c line 15 function a thread 0
Unwinding loop c::a.0 iteration 6 file sortarray.c line 15 function a thread 0
Unwinding loop c::a.0 iteration 7 file sortarray.c line 15 function a thread 0
Unwinding loop c::a.0 iteration 8 file sortarray.c line 15 function a thread 0
Unwinding loop c::a.0 iteration 9 file sortarray.c line 15 function a thread 0
Unwinding loop c::a.0 iteration 10 file sortarray.c line 15 function a thread 0
Unwinding loop c::a.0 iteration 11 file sortarray.c line 15 function a thread 0
Unwinding loop c::a.1 iteration 1 file sortarray.c line 22 function a thread 0
Unwinding loop c::a.1 iteration 2 file sortarray.c line 22 function a thread 0
Unwinding loop c::a.1 iteration 3 file sortarray.c line 22 function a thread 0
Unwinding loop c::a.1 iteration 4 file sortarray.c line 22 function a thread 0
Unwinding loop c::a.1 iteration 5 file sortarray.c line 22 function a thread 0
Unwinding loop c::a.1 iteration 6 file sortarray.c line 22 function a thread 0
Unwinding loop c::a.1 iteration 7 file sortarray.c line 22 function a thread 0
Unwinding loop c::a.1 iteration 8 file sortarray.c line 22 function a thread 0
Unwinding loop c::a.1 iteration 9 file sortarray.c line 22 function a thread 0
Unwinding loop c::a.1 iteration 10 file sortarray.c line 22 function a thread 0
Unwinding loop c::a.1 iteration 11 file sortarray.c line 22 function a thread 0
Unwinding loop c::binsearch.0 iteration 4 file binsearch.c line 7 function binsearch thread 0
Unwinding loop c::a.0 iteration 1 file sortarray.c line 15 function a thread 0
Unwinding loop c::a.0 iteration 2 file sortarray.c line 15 function a thread 0
Unwinding loop c::a.0 iteration 3 file sortarray.c line 15 function a thread 0
Unwinding loop c::a.0 iteration 4 file sortarray.c line 15 function a thread 0
Unwinding loop c::a.0 iteration 5 file sortarray.c line 15 function a thread 0
Unwinding loop c::a.0 iteration 6 file sortarray.c line 15 function a thread 0
Unwinding loop c::a.0 iteration 7 file sortarray.c line 15 function a thread 0
Unwinding loop c::a.0 iteration 8 file sortarray.c line 15 function a thread 0
Unwinding loop c::a.0 iteration 9 file sortarray.c line 15 function a thread 0
Unwinding loop c::a.0 iteration 10 file sortarray.c line 15 function a thread 0
Unwinding loop c::a.0 iteration 11 file sortarray.c line 15 function a thread 0
Unwinding loop c::a.1 iteration 1 file sortarray.c line 22 function a thread 0
Unwinding loop c::a.1 iteration 2 file sortarray.c line 22 function a thread 0
Unwinding loop c::a.1 iteration 3 file sortarray.c line 22 function a thread 0
Unwinding loop c::a.1 iteration 4 file sortarray.c line 22 function a thread 0
Unwinding loop c::a.1 iteration 5 file sortarray.c line 22 function a thread 0
Unwinding loop c::a.1 iteration 6 file sortarray.c line 22 function a thread 0
Unwinding loop c::a.1 iteration 7 file sortarray.c line 22 function a thread 0
Unwinding loop c::a.1 iteration 8 file sortarray.c line 22 function a thread 0
Unwinding loop c::a.1 iteration 9 file sortarray.c line 22 function a thread 0
Unwinding loop c::a.1 iteration 10 file sortarray.c line 22 function a thread 0
Unwinding loop c::a.1 iteration 11 file sortarray.c line 22 function a thread 0
Unwinding loop c::binsearch.0 iteration 5 file binsearch.c line 7 function binsearch thread 0
Unwinding loop c::a.0 iteration 1 file sortarray.c line 15 function a thread 0
Unwinding loop c::a.0 iteration 2 file sortarray.c line 15 function a thread 0
Unwinding loop c::a.0 iteration 3 file sortarray.c line 15 function a thread 0
Unwinding loop c::a.0 iteration 4 file sortarray.c line 15 function a thread 0
Unwinding loop c::a.0 iteration 5 file sortarray.c line 15 function a thread 0
Unwinding loop c::a.0 iteration 6 file sortarray.c line 15 function a thread 0
Unwinding loop c::a.0 iteration 7 file sortarray.c line 15 function a thread 0
Unwinding loop c::a.0 iteration 8 file sortarray.c line 15 function a thread 0
Unwinding loop c::a.0 iteration 9 file sortarray.c line 15 function a thread 0
Unwinding loop c::a.0 iteration 10 file sortarray.c line 15 function a thread 0
Unwinding loop c::a.0 iteration 11 file sortarray.c line 15 function a thread 0
Unwinding loop c::a.1 iteration 1 file sortarray.c line 22 function a thread 0
Unwinding loop c::a.1 iteration 2 file sortarray.c line 22 function a thread 0
Unwinding loop c::a.1 iteration 3 file sortarray.c line 22 function a thread 0
Unwinding loop c::a.1 iteration 4 file sortarray.c line 22 function a thread 0
Unwinding loop c::a.1 iteration 5 file sortarray.c line 22 function a thread 0
Unwinding loop c::a.1 iteration 6 file sortarray.c line 22 function a thread 0
Unwinding loop c::a.1 iteration 7 file sortarray.c line 22 function a thread 0
Unwinding loop c::a.1 iteration 8 file sortarray.c line 22 function a thread 0
Unwinding loop c::a.1 iteration 9 file sortarray.c line 22 function a thread 0
Unwinding loop c::a.1 iteration 10 file sortarray.c line 22 function a thread 0
Unwinding loop c::a.1 iteration 11 file sortarray.c line 22 function a thread 0
Unwinding loop c::binsearch.0 iteration 6 file binsearch.c line 7 function binsearch thread 0
Unwinding loop c::a.0 iteration 1 file sortarray.c line 15 function a thread 0
Unwinding loop c::a.0 iteration 2 file sortarray.c line 15 function a thread 0
Unwinding loop c::a.0 iteration 3 file sortarray.c line 15 function a thread 0
Unwinding loop c::a.0 iteration 4 file sortarray.c line 15 function a thread 0
Unwinding loop c::a.0 iteration 5 file sortarray.c line 15 function a thread 0
Unwinding loop c::a.0 iteration 6 file sortarray.c line 15 function a thread 0
Unwinding loop c::a.0 iteration 7 file sortarray.c line 15 function a thread 0
Unwinding loop c::a.0 iteration 8 file sortarray.c line 15 function a thread 0
Unwinding loop c::a.0 iteration 9 file sortarray.c line 15 function a thread 0
Unwinding loop c::a.0 iteration 10 file sortarray.c line 15 function a thread 0
Unwinding loop c::a.0 iteration 11 file sortarray.c line 15 function a thread 0
Unwinding loop c::a.1 iteration 1 file sortarray.c line 22 function a thread 0
Unwinding loop c::a.1 iteration 2 file sortarray.c line 22 function a thread 0
Unwinding loop c::a.1 iteration 3 file sortarray.c line 22 function a thread 0
Unwinding loop c::a.1 iteration 4 file sortarray.c line 22 function a thread 0
Unwinding loop c::a.1 iteration 5 file sortarray.c line 22 function a thread 0
Unwinding loop c::a.1 iteration 6 file sortarray.c line 22 function a thread 0
Unwinding loop c::a.1 iteration 7 file sortarray.c line 22 function a thread 0
Unwinding loop c::a.1 iteration 8 file sortarray.c line 22 function a thread 0
Unwinding loop c::a.1 iteration 9 file sortarray.c line 22 function a thread 0
Unwinding loop c::a.1 iteration 10 file sortarray.c line 22 function a thread 0
Unwinding loop c::a.1 iteration 11 file sortarray.c line 22 function a thread 0
Unwinding loop c::binsearch.0 iteration 7 file binsearch.c line 7 function binsearch thread 0
Unwinding loop c::a.0 iteration 1 file sortarray.c line 15 function a thread 0
Unwinding loop c::a.0 iteration 2 file sortarray.c line 15 function a thread 0
Unwinding loop c::a.0 iteration 3 file sortarray.c line 15 function a thread 0
Unwinding loop c::a.0 iteration 4 file sortarray.c line 15 function a thread 0
Unwinding loop c::a.0 iteration 5 file sortarray.c line 15 function a thread 0
Unwinding loop c::a.0 iteration 6 file sortarray.c line 15 function a thread 0
Unwinding loop c::a.0 iteration 7 file sortarray.c line 15 function a thread 0
Unwinding loop c::a.0 iteration 8 file sortarray.c line 15 function a thread 0
Unwinding loop c::a.0 iteration 9 file sortarray.c line 15 function a thread 0
Unwinding loop c::a.0 iteration 10 file sortarray.c line 15 function a thread 0
Unwinding loop c::a.0 iteration 11 file sortarray.c line 15 function a thread 0
Unwinding loop c::a.1 iteration 1 file sortarray.c line 22 function a thread 0
Unwinding loop c::a.1 iteration 2 file sortarray.c line 22 function a thread 0
Unwinding loop c::a.1 iteration 3 file sortarray.c line 22 function a thread 0
Unwinding loop c::a.1 iteration 4 file sortarray.c line 22 function a thread 0
Unwinding loop c::a.1 iteration 5 file sortarray.c line 22 function a thread 0
Unwinding loop c::a.1 iteration 6 file sortarray.c line 22 function a thread 0
Unwinding loop c::a.1 iteration 7 file sortarray.c line 22 function a thread 0
Unwinding loop c::a.1 iteration 8 file sortarray.c line 22 function a thread 0
Unwinding loop c::a.1 iteration 9 file sortarray.c line 22 function a thread 0
Unwinding loop c::a.1 iteration 10 file sortarray.c line 22 function a thread 0
Unwinding loop c::a.1 iteration 11 file sortarray.c line 22 function a thread 0
Unwinding loop c::binsearch.0 iteration 8 file binsearch.c line 7 function binsearch thread 0
Unwinding loop c::a.0 iteration 1 file sortarray.c line 15 function a thread 0
Unwinding loop c::a.0 iteration 2 file sortarray.c line 15 function a thread 0
Unwinding loop c::a.0 iteration 3 file sortarray.c line 15 function a thread 0
Unwinding loop c::a.0 iteration 4 file sortarray.c line 15 function a thread 0
Unwinding loop c::a.0 iteration 5 file sortarray.c line 15 function a thread 0
Unwinding loop c::a.0 iteration 6 file sortarray.c line 15 function a thread 0
Unwinding loop c::a.0 iteration 7 file sortarray.c line 15 function a thread 0
Unwinding loop c::a.0 iteration 8 file sortarray.c line 15 function a thread 0
Unwinding loop c::a.0 iteration 9 file sortarray.c line 15 function a thread 0
Unwinding loop c::a.0 iteration 10 file sortarray.c line 15 function a thread 0
Unwinding loop c::a.0 iteration 11 file sortarray.c line 15 function a thread 0
Unwinding loop c::a.1 iteration 1 file sortarray.c line 22 function a thread 0
Unwinding loop c::a.1 iteration 2 file sortarray.c line 22 function a thread 0
Unwinding loop c::a.1 iteration 3 file sortarray.c line 22 function a thread 0
Unwinding loop c::a.1 iteration 4 file sortarray.c line 22 function a thread 0
Unwinding loop c::a.1 iteration 5 file sortarray.c line 22 function a thread 0
Unwinding loop c::a.1 iteration 6 file sortarray.c line 22 function a thread 0
Unwinding loop c::a.1 iteration 7 file sortarray.c line 22 function a thread 0
Unwinding loop c::a.1 iteration 8 file sortarray.c line 22 function a thread 0
Unwinding loop c::a.1 iteration 9 file sortarray.c line 22 function a thread 0
Unwinding loop c::a.1 iteration 10 file sortarray.c line 22 function a thread 0
Unwinding loop c::a.1 iteration 11 file sortarray.c line 22 function a thread 0
Unwinding loop c::binsearch.0 iteration 9 file binsearch.c line 7 function binsearch thread 0
Unwinding loop c::a.0 iteration 1 file sortarray.c line 15 function a thread 0
Unwinding loop c::a.0 iteration 2 file sortarray.c line 15 function a thread 0
Unwinding loop c::a.0 iteration 3 file sortarray.c line 15 function a thread 0
Unwinding loop c::a.0 iteration 4 file sortarray.c line 15 function a thread 0
Unwinding loop c::a.0 iteration 5 file sortarray.c line 15 function a thread 0
Unwinding loop c::a.0 iteration 6 file sortarray.c line 15 function a thread 0
Unwinding loop c::a.0 iteration 7 file sortarray.c line 15 function a thread 0
Unwinding loop c::a.0 iteration 8 file sortarray.c line 15 function a thread 0
Unwinding loop c::a.0 iteration 9 file sortarray.c line 15 function a thread 0
Unwinding loop c::a.0 iteration 10 file sortarray.c line 15 function a thread 0
Unwinding loop c::a.0 iteration 11 file sortarray.c line 15 function a thread 0
Unwinding loop c::a.1 iteration 1 file sortarray.c line 22 function a thread 0
Unwinding loop c::a.1 iteration 2 file sortarray.c line 22 function a thread 0
Unwinding loop c::a.1 iteration 3 file sortarray.c line 22 function a thread 0
Unwinding loop c::a.1 iteration 4 file sortarray.c line 22 function a thread 0
Unwinding loop c::a.1 iteration 5 file sortarray.c line 22 function a thread 0
Unwinding loop c::a.1 iteration 6 file sortarray.c line 22 function a thread 0
Unwinding loop c::a.1 iteration 7 file sortarray.c line 22 function a thread 0
Unwinding loop c::a.1 iteration 8 file sortarray.c line 22 function a thread 0
Unwinding loop c::a.1 iteration 9 file sortarray.c line 22 function a thread 0
Unwinding loop c::a.1 iteration 10 file sortarray.c line 22 function a thread 0
Unwinding loop c::a.1 iteration 11 file sortarray.c line 22 function a thread 0
Unwinding loop c::binsearch.0 iteration 10 file binsearch.c line 7 function binsearch thread 0
Unwinding loop c::a.0 iteration 1 file sortarray.c line 15 function a thread 0
Unwinding loop c::a.0 iteration 2 file sortarray.c line 15 function a thread 0
Unwinding loop c::a.0 iteration 3 file sortarray.c line 15 function a thread 0
Unwinding loop c::a.0 iteration 4 file sortarray.c line 15 function a thread 0
Unwinding loop c::a.0 iteration 5 file sortarray.c line 15 function a thread 0
Unwinding loop c::a.0 iteration 6 file sortarray.c line 15 function a thread 0
Unwinding loop c::a.0 iteration 7 file sortarray.c line 15 function a thread 0
Unwinding loop c::a.0 iteration 8 file sortarray.c line 15 function a thread 0
Unwinding loop c::a.0 iteration 9 file sortarray.c line 15 function a thread 0
Unwinding loop c::a.0 iteration 10 file sortarray.c line 15 function a thread 0
Unwinding loop c::a.0 iteration 11 file sortarray.c line 15 function a thread 0
Unwinding loop c::a.1 iteration 1 file sortarray.c line 22 function a thread 0
Unwinding loop c::a.1 iteration 2 file sortarray.c line 22 function a thread 0
Unwinding loop c::a.1 iteration 3 file sortarray.c line 22 function a thread 0
Unwinding loop c::a.1 iteration 4 file sortarray.c line 22 function a thread 0
Unwinding loop c::a.1 iteration 5 file sortarray.c line 22 function a thread 0
Unwinding loop c::a.1 iteration 6 file sortarray.c line 22 function a thread 0
Unwinding loop c::a.1 iteration 7 file sortarray.c line 22 function a thread 0
Unwinding loop c::a.1 iteration 8 file sortarray.c line 22 function a thread 0
Unwinding loop c::a.1 iteration 9 file sortarray.c line 22 function a thread 0
Unwinding loop c::a.1 iteration 10 file sortarray.c line 22 function a thread 0
Unwinding loop c::a.1 iteration 11 file sortarray.c line 22 function a thread 0
Unwinding loop c::binsearch.0 iteration 11 file binsearch.c line 7 function binsearch thread 0
Unwinding loop c::a.0 iteration 1 file sortarray.c line 15 function a thread 0
Unwinding loop c::a.0 iteration 2 file sortarray.c line 15 function a thread 0
Unwinding loop c::a.0 iteration 3 file sortarray.c line 15 function a thread 0
Unwinding loop c::a.0 iteration 4 file sortarray.c line 15 function a thread 0
Unwinding loop c::a.0 iteration 5 file sortarray.c line 15 function a thread 0
Unwinding loop c::a.0 iteration 6 file sortarray.c line 15 function a thread 0
Unwinding loop c::a.0 iteration 7 file sortarray.c line 15 function a thread 0
Unwinding loop c::a.0 iteration 8 file sortarray.c line 15 function a thread 0
Unwinding loop c::a.0 iteration 9 file sortarray.c line 15 function a thread 0
Unwinding loop c::a.0 iteration 10 file sortarray.c line 15 function a thread 0
Unwinding loop c::a.0 iteration 11 file sortarray.c line 15 function a thread 0
Unwinding loop c::a.1 iteration 1 file sortarray.c line 22 function a thread 0
Unwinding loop c::a.1 iteration 2 file sortarray.c line 22 function a thread 0
Unwinding loop c::a.1 iteration 3 file sortarray.c line 22 function a thread 0
Unwinding loop c::a.1 iteration 4 file sortarray.c line 22 function a thread 0
Unwinding loop c::a.1 iteration 5 file sortarray.c line 22 function a thread 0
Unwinding loop c::a.1 iteration 6 file sortarray.c line 22 function a thread 0
Unwinding loop c::a.1 iteration 7 file sortarray.c line 22 function a thread 0
Unwinding loop c::a.1 iteration 8 file sortarray.c line 22 function a thread 0
Unwinding loop c::a.1 iteration 9 file sortarray.c line 22 function a thread 0
Unwinding loop c::a.1 iteration 10 file sortarray.c line 22 function a thread 0
Unwinding loop c::a.1 iteration 11 file sortarray.c line 22 function a thread 0
Unwinding loop c::a.0 iteration 1 file sortarray.c line 15 function a thread 0
Unwinding loop c::a.0 iteration 2 file sortarray.c line 15 function a thread 0
Unwinding loop c::a.0 iteration 3 file sortarray.c line 15 function a thread 0
Unwinding loop c::a.0 iteration 4 file sortarray.c line 15 function a thread 0
Unwinding loop c::a.0 iteration 5 file sortarray.c line 15 function a thread 0
Unwinding loop c::a.0 iteration 6 file sortarray.c line 15 function a thread 0
Unwinding loop c::a.0 iteration 7 file sortarray.c line 15 function a thread 0
Unwinding loop c::a.0 iteration 8 file sortarray.c line 15 function a thread 0
Unwinding loop c::a.0 iteration 9 file sortarray.c line 15 function a thread 0
Unwinding loop c::a.0 iteration 10 file sortarray.c line 15 function a thread 0
Unwinding loop c::a.0 iteration 11 file sortarray.c line 15 function a thread 0
Unwinding loop c::a.1 iteration 1 file sortarray.c line 22 function a thread 0
Unwinding loop c::a.1 iteration 2 file sortarray.c line 22 function a thread 0
Unwinding loop c::a.1 iteration 3 file sortarray.c line 22 function a thread 0
Unwinding loop c::a.1 iteration 4 file sortarray.c line 22 function a thread 0
Unwinding loop c::a.1 iteration 5 file sortarray.c line 22 function a thread 0
Unwinding loop c::a.1 iteration 6 file sortarray.c line 22 function a thread 0
Unwinding loop c::a.1 iteration 7 file sortarray.c line 22 function a thread 0
Unwinding loop c::a.1 iteration 8 file sortarray.c line 22 function a thread 0
Unwinding loop c::a.1 iteration 9 file sortarray.c line 22 function a thread 0
Unwinding loop c::a.1 iteration 10 file sortarray.c line 22 function a thread 0
Unwinding loop c::a.1 iteration 11 file sortarray.c line 22 function a thread 0
size of program expression: 4483 assignments
simple slicing removed 10 assignments
Generated 38 VCC(s), 36 remaining after simplification
Passing problem to propositional reduction
Running propositional reduction
Solving with MiniSAT2 with simplifier
514605 variables, 1643362 clauses
SAT checker: negated claim is SATISFIABLE, i.e., does not hold
Runtime decision procedure: 10.509s
Building error trace

Counterexample:

State 3 file <built-in-additions> line 30 thread 0
----------------------------------------------------
  __CPROVER_malloc_is_new_array=FALSE (0)

State 4 file sortarray.c line 5 thread 0
----------------------------------------------------
  acc=-1 (11111111111111111111111111111111)

State 5 file sortarray.c line 7 thread 0
----------------------------------------------------
  val={ 0, 0, 0, 0, 0, 0, 0, 0, 0, 0 } ({ 00000000000000000000000000000000, 00000000000000000000000000000000, 00000000000000000000000000000000, 00000000000000000000000000000000, 00000000000000000000000000000000, 00000000000000000000000000000000, 00000000000000000000000000000000, 00000000000000000000000000000000, 00000000000000000000000000000000, 00000000000000000000000000000000 })

State 6 file sortarray.c line 8 thread 0
----------------------------------------------------
  ind={ 0, 0, 0, 0, 0, 0, 0, 0, 0, 0 } ({ 00000000000000000000000000000000, 00000000000000000000000000000000, 00000000000000000000000000000000, 00000000000000000000000000000000, 00000000000000000000000000000000, 00000000000000000000000000000000, 00000000000000000000000000000000, 00000000000000000000000000000000, 00000000000000000000000000000000, 00000000000000000000000000000000 })

State 7 file <built-in-additions> line 27 thread 0
----------------------------------------------------
  __CPROVER_deallocated=NULL (0000000000000000000000000000000000000000000000000000000000000000)

State 8 file <built-in-additions> line 28 thread 0
----------------------------------------------------
  __CPROVER_malloc_object=NULL (0000000000000000000000000000000000000000000000000000000000000000)

State 12 file binsearch.c line 24 function main thread 0
----------------------------------------------------
  return_value_nondet_int$1=0 (00000000000000000000000000000000)

State 13 file binsearch.c line 24 function main thread 0
----------------------------------------------------
  return_value_nondet_int$1=1840700274 (01101101101101101101101101110010)

State 14 file binsearch.c line 24 function main thread 0
----------------------------------------------------
  s=0 (00000000000000000000000000000000)

State 15 file binsearch.c line 24 function main thread 0
----------------------------------------------------
  s=1840700274 (01101101101101101101101101110010)

State 17 file binsearch.c line 26 function main thread 0
----------------------------------------------------
  return_value_nondet_int$2=0 (00000000000000000000000000000000)

State 18 file binsearch.c line 26 function main thread 0
----------------------------------------------------
  return_value_nondet_int$2=-352846486 (11101010111101111111110101101010)

State 19 file binsearch.c line 26 function main thread 0
----------------------------------------------------
  k=0 (00000000000000000000000000000000)

State 20 file binsearch.c line 26 function main thread 0
----------------------------------------------------
  k=-352846486 (11101010111101111111110101101010)

State 21 file binsearch.c line 27 function main thread 0
----------------------------------------------------
  return_value_binsearch$3=0 (00000000000000000000000000000000)

State 24 file binsearch.c line 27 function main thread 0
----------------------------------------------------
  key=-352846486 (11101010111101111111110101101010)

State 25 file binsearch.c line 27 function main thread 0
----------------------------------------------------
  s=1840700274 (01101101101101101101101101110010)

State 26 file binsearch.c line 4 function binsearch thread 0
----------------------------------------------------
  low=0 (00000000000000000000000000000000)

State 27 file binsearch.c line 4 function binsearch thread 0
----------------------------------------------------
  low=0 (00000000000000000000000000000000)

State 28 file binsearch.c line 5 function binsearch thread 0
----------------------------------------------------
  high=0 (00000000000000000000000000000000)

State 29 file binsearch.c line 5 function binsearch thread 0
----------------------------------------------------
  high=1840700273 (01101101101101101101101101110001)

State 31 file binsearch.c line 8 function binsearch thread 0
----------------------------------------------------
  mid=0 (00000000000000000000000000000000)

State 32 file binsearch.c line 8 function binsearch thread 0
----------------------------------------------------
  mid=920350136 (00110110110110110110110110111000)

State 33 file binsearch.c line 9 function binsearch thread 0
----------------------------------------------------
  return_value_a$1=0 (00000000000000000000000000000000)

State 36 file binsearch.c line 9 function binsearch thread 0
----------------------------------------------------
  n=920350136 (00110110110110110110110110111000)
LOG: acc = -1

LOG: looking up 920350136


State 39 file sortarray.c line 14 function a thread 0
----------------------------------------------------
  i=0 (00000000000000000000000000000000)

State 40 file sortarray.c line 15 function a thread 0
----------------------------------------------------
  i=0 (00000000000000000000000000000000)

State 42 file sortarray.c line 21 function a thread 0
----------------------------------------------------
  return_value_nondet_int$1=0 (00000000000000000000000000000000)

State 43 file sortarray.c line 21 function a thread 0
----------------------------------------------------
  return_value_nondet_int$1=2061959002 (01111010111001101111111101011010)

State 44 file sortarray.c line 21 function a thread 0
----------------------------------------------------
  v=0 (00000000000000000000000000000000)

State 45 file sortarray.c line 21 function a thread 0
----------------------------------------------------
  v=2061959002 (01111010111001101111111101011010)

State 46 file sortarray.c line 22 function a thread 0
----------------------------------------------------
  i=0 (00000000000000000000000000000000)

State 48 file sortarray.c line 30 function a thread 0
----------------------------------------------------
  acc=0 (00000000000000000000000000000000)
LOG: a[920350136] = 2061959002


State 50 file sortarray.c line 33 function a thread 0
----------------------------------------------------
  val[(long int)acc]=2061959002 (01111010111001101111111101011010)

State 51 file sortarray.c line 34 function a thread 0
----------------------------------------------------
  ind[(long int)acc]=920350136 (00110110110110110110110110111000)

State 53 file sortarray.c line 35 function a thread 0
----------------------------------------------------
  return_value_a$1=2061959002 (01111010111001101111111101011010)

State 55 file binsearch.c line 9 function binsearch thread 0
----------------------------------------------------
  midVal=0 (00000000000000000000000000000000)

State 56 file binsearch.c line 9 function binsearch thread 0
----------------------------------------------------
  midVal=2061959002 (01111010111001101111111101011010)

State 59 file binsearch.c line 14 function binsearch thread 0
----------------------------------------------------
  high=920350135 (00110110110110110110110110110111)

State 63 file binsearch.c line 8 function binsearch thread 0
----------------------------------------------------
  mid=0 (00000000000000000000000000000000)

State 64 file binsearch.c line 8 function binsearch thread 0
----------------------------------------------------
  mid=460175067 (00011011011011011011011011011011)

State 65 file binsearch.c line 9 function binsearch thread 0
----------------------------------------------------
  return_value_a$1=0 (00000000000000000000000000000000)

State 68 file binsearch.c line 9 function binsearch thread 0
----------------------------------------------------
  n=460175067 (00011011011011011011011011011011)
LOG: acc = 0

LOG: looking up 460175067


State 71 file sortarray.c line 14 function a thread 0
----------------------------------------------------
  i=0 (00000000000000000000000000000000)

State 72 file sortarray.c line 15 function a thread 0
----------------------------------------------------
  i=0 (00000000000000000000000000000000)

State 75 file sortarray.c line 15 function a thread 0
----------------------------------------------------
  i=1 (00000000000000000000000000000001)

State 78 file sortarray.c line 21 function a thread 0
----------------------------------------------------
  return_value_nondet_int$1=0 (00000000000000000000000000000000)

State 79 file sortarray.c line 21 function a thread 0
----------------------------------------------------
  return_value_nondet_int$1=-2129657856 (10000001000100000000000000000000)

State 80 file sortarray.c line 21 function a thread 0
----------------------------------------------------
  v=0 (00000000000000000000000000000000)

State 81 file sortarray.c line 21 function a thread 0
----------------------------------------------------
  v=-2129657856 (10000001000100000000000000000000)

State 82 file sortarray.c line 22 function a thread 0
----------------------------------------------------
  i=0 (00000000000000000000000000000000)
LOG: COMPARING to 0 (a[920350136] = 2061959002)


State 87 file sortarray.c line 22 function a thread 0
----------------------------------------------------
  i=1 (00000000000000000000000000000001)

State 90 file sortarray.c line 30 function a thread 0
----------------------------------------------------
  acc=1 (00000000000000000000000000000001)
LOG: a[460175067] = -2129657856


State 92 file sortarray.c line 33 function a thread 0
----------------------------------------------------
  val[(long int)acc]=-2129657856 (10000001000100000000000000000000)

State 93 file sortarray.c line 34 function a thread 0
----------------------------------------------------
  ind[(long int)acc]=460175067 (00011011011011011011011011011011)

State 95 file sortarray.c line 35 function a thread 0
----------------------------------------------------
  return_value_a$1=-2129657856 (10000001000100000000000000000000)

State 97 file binsearch.c line 9 function binsearch thread 0
----------------------------------------------------
  midVal=0 (00000000000000000000000000000000)

State 98 file binsearch.c line 9 function binsearch thread 0
----------------------------------------------------
  midVal=-2129657856 (10000001000100000000000000000000)

State 100 file binsearch.c line 12 function binsearch thread 0
----------------------------------------------------
  low=460175068 (00011011011011011011011011011100)

State 104 file binsearch.c line 8 function binsearch thread 0
----------------------------------------------------
  mid=0 (00000000000000000000000000000000)

State 105 file binsearch.c line 8 function binsearch thread 0
----------------------------------------------------
  mid=690262601 (00101001001001001001001001001001)

State 106 file binsearch.c line 9 function binsearch thread 0
----------------------------------------------------
  return_value_a$1=0 (00000000000000000000000000000000)

State 109 file binsearch.c line 9 function binsearch thread 0
----------------------------------------------------
  n=690262601 (00101001001001001001001001001001)
LOG: acc = 1

LOG: looking up 690262601


State 112 file sortarray.c line 14 function a thread 0
----------------------------------------------------
  i=0 (00000000000000000000000000000000)

State 113 file sortarray.c line 15 function a thread 0
----------------------------------------------------
  i=0 (00000000000000000000000000000000)

State 116 file sortarray.c line 15 function a thread 0
----------------------------------------------------
  i=1 (00000000000000000000000000000001)

State 120 file sortarray.c line 15 function a thread 0
----------------------------------------------------
  i=2 (00000000000000000000000000000010)

State 123 file sortarray.c line 21 function a thread 0
----------------------------------------------------
  return_value_nondet_int$1=0 (00000000000000000000000000000000)

State 124 file sortarray.c line 21 function a thread 0
----------------------------------------------------
  return_value_nondet_int$1=-2129657856 (10000001000100000000000000000000)

State 125 file sortarray.c line 21 function a thread 0
----------------------------------------------------
  v=0 (00000000000000000000000000000000)

State 126 file sortarray.c line 21 function a thread 0
----------------------------------------------------
  v=-2129657856 (10000001000100000000000000000000)

State 127 file sortarray.c line 22 function a thread 0
----------------------------------------------------
  i=0 (00000000000000000000000000000000)
LOG: COMPARING to 0 (a[920350136] = 2061959002)


State 132 file sortarray.c line 22 function a thread 0
----------------------------------------------------
  i=1 (00000000000000000000000000000001)
LOG: COMPARING to 1 (a[460175067] = -2129657856)


State 139 file sortarray.c line 22 function a thread 0
----------------------------------------------------
  i=2 (00000000000000000000000000000010)

State 142 file sortarray.c line 30 function a thread 0
----------------------------------------------------
  acc=2 (00000000000000000000000000000010)
LOG: a[690262601] = -2129657856


State 145 file sortarray.c line 33 function a thread 0
----------------------------------------------------
  val[(long int)acc]=-2129657856 (10000001000100000000000000000000)

State 146 file sortarray.c line 34 function a thread 0
----------------------------------------------------
  ind[(long int)acc]=690262601 (00101001001001001001001001001001)

State 148 file sortarray.c line 35 function a thread 0
----------------------------------------------------
  return_value_a$1=-2129657856 (10000001000100000000000000000000)

State 150 file binsearch.c line 9 function binsearch thread 0
----------------------------------------------------
  midVal=0 (00000000000000000000000000000000)

State 151 file binsearch.c line 9 function binsearch thread 0
----------------------------------------------------
  midVal=-2129657856 (10000001000100000000000000000000)

State 153 file binsearch.c line 12 function binsearch thread 0
----------------------------------------------------
  low=690262602 (00101001001001001001001001001010)

State 157 file binsearch.c line 8 function binsearch thread 0
----------------------------------------------------
  mid=0 (00000000000000000000000000000000)

State 158 file binsearch.c line 8 function binsearch thread 0
----------------------------------------------------
  mid=805306368 (00110000000000000000000000000000)

State 159 file binsearch.c line 9 function binsearch thread 0
----------------------------------------------------
  return_value_a$1=0 (00000000000000000000000000000000)

State 162 file binsearch.c line 9 function binsearch thread 0
----------------------------------------------------
  n=805306368 (00110000000000000000000000000000)
LOG: acc = 2

LOG: looking up 805306368


State 165 file sortarray.c line 14 function a thread 0
----------------------------------------------------
  i=0 (00000000000000000000000000000000)

State 166 file sortarray.c line 15 function a thread 0
----------------------------------------------------
  i=0 (00000000000000000000000000000000)

State 169 file sortarray.c line 15 function a thread 0
----------------------------------------------------
  i=1 (00000000000000000000000000000001)

State 173 file sortarray.c line 15 function a thread 0
----------------------------------------------------
  i=2 (00000000000000000000000000000010)

State 177 file sortarray.c line 15 function a thread 0
----------------------------------------------------
  i=3 (00000000000000000000000000000011)

State 180 file sortarray.c line 21 function a thread 0
----------------------------------------------------
  return_value_nondet_int$1=0 (00000000000000000000000000000000)

State 181 file sortarray.c line 21 function a thread 0
----------------------------------------------------
  return_value_nondet_int$1=1795161194 (01101010111111111111110001101010)

State 182 file sortarray.c line 21 function a thread 0
----------------------------------------------------
  v=0 (00000000000000000000000000000000)

State 183 file sortarray.c line 21 function a thread 0
----------------------------------------------------
  v=1795161194 (01101010111111111111110001101010)

State 184 file sortarray.c line 22 function a thread 0
----------------------------------------------------
  i=0 (00000000000000000000000000000000)
LOG: COMPARING to 0 (a[920350136] = 2061959002)


State 189 file sortarray.c line 22 function a thread 0
----------------------------------------------------
  i=1 (00000000000000000000000000000001)
LOG: COMPARING to 1 (a[460175067] = -2129657856)


State 196 file sortarray.c line 22 function a thread 0
----------------------------------------------------
  i=2 (00000000000000000000000000000010)
LOG: COMPARING to 2 (a[690262601] = -2129657856)


State 203 file sortarray.c line 22 function a thread 0
----------------------------------------------------
  i=3 (00000000000000000000000000000011)

State 206 file sortarray.c line 30 function a thread 0
----------------------------------------------------
  acc=3 (00000000000000000000000000000011)
LOG: a[805306368] = 1795161194


State 209 file sortarray.c line 33 function a thread 0
----------------------------------------------------
  val[(long int)acc]=1795161194 (01101010111111111111110001101010)

State 210 file sortarray.c line 34 function a thread 0
----------------------------------------------------
  ind[(long int)acc]=805306368 (00110000000000000000000000000000)

State 212 file sortarray.c line 35 function a thread 0
----------------------------------------------------
  return_value_a$1=1795161194 (01101010111111111111110001101010)

State 214 file binsearch.c line 9 function binsearch thread 0
----------------------------------------------------
  midVal=0 (00000000000000000000000000000000)

State 215 file binsearch.c line 9 function binsearch thread 0
----------------------------------------------------
  midVal=1795161194 (01101010111111111111110001101010)

State 218 file binsearch.c line 14 function binsearch thread 0
----------------------------------------------------
  high=805306367 (00101111111111111111111111111111)

State 222 file binsearch.c line 8 function binsearch thread 0
----------------------------------------------------
  mid=0 (00000000000000000000000000000000)

State 223 file binsearch.c line 8 function binsearch thread 0
----------------------------------------------------
  mid=747784484 (00101100100100100100100100100100)

State 224 file binsearch.c line 9 function binsearch thread 0
----------------------------------------------------
  return_value_a$1=0 (00000000000000000000000000000000)

State 227 file binsearch.c line 9 function binsearch thread 0
----------------------------------------------------
  n=747784484 (00101100100100100100100100100100)
LOG: acc = 3

LOG: looking up 747784484


State 230 file sortarray.c line 14 function a thread 0
----------------------------------------------------
  i=0 (00000000000000000000000000000000)

State 231 file sortarray.c line 15 function a thread 0
----------------------------------------------------
  i=0 (00000000000000000000000000000000)

State 234 file sortarray.c line 15 function a thread 0
----------------------------------------------------
  i=1 (00000000000000000000000000000001)

State 238 file sortarray.c line 15 function a thread 0
----------------------------------------------------
  i=2 (00000000000000000000000000000010)

State 242 file sortarray.c line 15 function a thread 0
----------------------------------------------------
  i=3 (00000000000000000000000000000011)

State 246 file sortarray.c line 15 function a thread 0
----------------------------------------------------
  i=4 (00000000000000000000000000000100)

State 249 file sortarray.c line 21 function a thread 0
----------------------------------------------------
  return_value_nondet_int$1=0 (00000000000000000000000000000000)

State 250 file sortarray.c line 21 function a thread 0
----------------------------------------------------
  return_value_nondet_int$1=1793589098 (01101010111001111111111101101010)

State 251 file sortarray.c line 21 function a thread 0
----------------------------------------------------
  v=0 (00000000000000000000000000000000)

State 252 file sortarray.c line 21 function a thread 0
----------------------------------------------------
  v=1793589098 (01101010111001111111111101101010)

State 253 file sortarray.c line 22 function a thread 0
----------------------------------------------------
  i=0 (00000000000000000000000000000000)
LOG: COMPARING to 0 (a[920350136] = 2061959002)


State 258 file sortarray.c line 22 function a thread 0
----------------------------------------------------
  i=1 (00000000000000000000000000000001)
LOG: COMPARING to 1 (a[460175067] = -2129657856)


State 265 file sortarray.c line 22 function a thread 0
----------------------------------------------------
  i=2 (00000000000000000000000000000010)
LOG: COMPARING to 2 (a[690262601] = -2129657856)


State 272 file sortarray.c line 22 function a thread 0
----------------------------------------------------
  i=3 (00000000000000000000000000000011)
LOG: COMPARING to 3 (a[805306368] = 1795161194)


State 278 file sortarray.c line 22 function a thread 0
----------------------------------------------------
  i=4 (00000000000000000000000000000100)

State 281 file sortarray.c line 30 function a thread 0
----------------------------------------------------
  acc=4 (00000000000000000000000000000100)
LOG: a[747784484] = 1793589098


State 284 file sortarray.c line 33 function a thread 0
----------------------------------------------------
  val[(long int)acc]=1793589098 (01101010111001111111111101101010)

State 285 file sortarray.c line 34 function a thread 0
----------------------------------------------------
  ind[(long int)acc]=747784484 (00101100100100100100100100100100)

State 287 file sortarray.c line 35 function a thread 0
----------------------------------------------------
  return_value_a$1=1793589098 (01101010111001111111111101101010)

State 289 file binsearch.c line 9 function binsearch thread 0
----------------------------------------------------
  midVal=0 (00000000000000000000000000000000)

State 290 file binsearch.c line 9 function binsearch thread 0
----------------------------------------------------
  midVal=1793589098 (01101010111001111111111101101010)

State 293 file binsearch.c line 14 function binsearch thread 0
----------------------------------------------------
  high=747784483 (00101100100100100100100100100011)

State 297 file binsearch.c line 8 function binsearch thread 0
----------------------------------------------------
  mid=0 (00000000000000000000000000000000)

State 298 file binsearch.c line 8 function binsearch thread 0
----------------------------------------------------
  mid=719023542 (00101010110110110110110110110110)

State 299 file binsearch.c line 9 function binsearch thread 0
----------------------------------------------------
  return_value_a$1=0 (00000000000000000000000000000000)

State 302 file binsearch.c line 9 function binsearch thread 0
----------------------------------------------------
  n=719023542 (00101010110110110110110110110110)
LOG: acc = 4

LOG: looking up 719023542


State 305 file sortarray.c line 14 function a thread 0
----------------------------------------------------
  i=0 (00000000000000000000000000000000)

State 306 file sortarray.c line 15 function a thread 0
----------------------------------------------------
  i=0 (00000000000000000000000000000000)

State 309 file sortarray.c line 15 function a thread 0
----------------------------------------------------
  i=1 (00000000000000000000000000000001)

State 313 file sortarray.c line 15 function a thread 0
----------------------------------------------------
  i=2 (00000000000000000000000000000010)

State 317 file sortarray.c line 15 function a thread 0
----------------------------------------------------
  i=3 (00000000000000000000000000000011)

State 321 file sortarray.c line 15 function a thread 0
----------------------------------------------------
  i=4 (00000000000000000000000000000100)

State 325 file sortarray.c line 15 function a thread 0
----------------------------------------------------
  i=5 (00000000000000000000000000000101)

State 328 file sortarray.c line 21 function a thread 0
----------------------------------------------------
  return_value_nondet_int$1=0 (00000000000000000000000000000000)

State 329 file sortarray.c line 21 function a thread 0
----------------------------------------------------
  return_value_nondet_int$1=-352322198 (11101010111111111111110101101010)

State 330 file sortarray.c line 21 function a thread 0
----------------------------------------------------
  v=0 (00000000000000000000000000000000)

State 331 file sortarray.c line 21 function a thread 0
----------------------------------------------------
  v=-352322198 (11101010111111111111110101101010)

State 332 file sortarray.c line 22 function a thread 0
----------------------------------------------------
  i=0 (00000000000000000000000000000000)
LOG: COMPARING to 0 (a[920350136] = 2061959002)


State 337 file sortarray.c line 22 function a thread 0
----------------------------------------------------
  i=1 (00000000000000000000000000000001)
LOG: COMPARING to 1 (a[460175067] = -2129657856)


State 344 file sortarray.c line 22 function a thread 0
----------------------------------------------------
  i=2 (00000000000000000000000000000010)
LOG: COMPARING to 2 (a[690262601] = -2129657856)


State 351 file sortarray.c line 22 function a thread 0
----------------------------------------------------
  i=3 (00000000000000000000000000000011)
LOG: COMPARING to 3 (a[805306368] = 1795161194)


State 357 file sortarray.c line 22 function a thread 0
----------------------------------------------------
  i=4 (00000000000000000000000000000100)
LOG: COMPARING to 4 (a[747784484] = 1793589098)


State 363 file sortarray.c line 22 function a thread 0
----------------------------------------------------
  i=5 (00000000000000000000000000000101)

State 366 file sortarray.c line 30 function a thread 0
----------------------------------------------------
  acc=5 (00000000000000000000000000000101)
LOG: a[719023542] = -352322198


State 369 file sortarray.c line 33 function a thread 0
----------------------------------------------------
  val[(long int)acc]=-352322198 (11101010111111111111110101101010)

State 370 file sortarray.c line 34 function a thread 0
----------------------------------------------------
  ind[(long int)acc]=719023542 (00101010110110110110110110110110)

State 372 file sortarray.c line 35 function a thread 0
----------------------------------------------------
  return_value_a$1=-352322198 (11101010111111111111110101101010)

State 374 file binsearch.c line 9 function binsearch thread 0
----------------------------------------------------
  midVal=0 (00000000000000000000000000000000)

State 375 file binsearch.c line 9 function binsearch thread 0
----------------------------------------------------
  midVal=-352322198 (11101010111111111111110101101010)

State 378 file binsearch.c line 14 function binsearch thread 0
----------------------------------------------------
  high=719023541 (00101010110110110110110110110101)

State 382 file binsearch.c line 8 function binsearch thread 0
----------------------------------------------------
  mid=0 (00000000000000000000000000000000)

State 383 file binsearch.c line 8 function binsearch thread 0
----------------------------------------------------
  mid=704643071 (00101001111111111111111111111111)

State 384 file binsearch.c line 9 function binsearch thread 0
----------------------------------------------------
  return_value_a$1=0 (00000000000000000000000000000000)

State 387 file binsearch.c line 9 function binsearch thread 0
----------------------------------------------------
  n=704643071 (00101001111111111111111111111111)
LOG: acc = 5

LOG: looking up 704643071


State 390 file sortarray.c line 14 function a thread 0
----------------------------------------------------
  i=0 (00000000000000000000000000000000)

State 391 file sortarray.c line 15 function a thread 0
----------------------------------------------------
  i=0 (00000000000000000000000000000000)

State 394 file sortarray.c line 15 function a thread 0
----------------------------------------------------
  i=1 (00000000000000000000000000000001)

State 398 file sortarray.c line 15 function a thread 0
----------------------------------------------------
  i=2 (00000000000000000000000000000010)

State 402 file sortarray.c line 15 function a thread 0
----------------------------------------------------
  i=3 (00000000000000000000000000000011)

State 406 file sortarray.c line 15 function a thread 0
----------------------------------------------------
  i=4 (00000000000000000000000000000100)

State 410 file sortarray.c line 15 function a thread 0
----------------------------------------------------
  i=5 (00000000000000000000000000000101)

State 414 file sortarray.c line 15 function a thread 0
----------------------------------------------------
  i=6 (00000000000000000000000000000110)

State 417 file sortarray.c line 21 function a thread 0
----------------------------------------------------
  return_value_nondet_int$1=0 (00000000000000000000000000000000)

State 418 file sortarray.c line 21 function a thread 0
----------------------------------------------------
  return_value_nondet_int$1=-354960022 (11101010110101111011110101101010)

State 419 file sortarray.c line 21 function a thread 0
----------------------------------------------------
  v=0 (00000000000000000000000000000000)

State 420 file sortarray.c line 21 function a thread 0
----------------------------------------------------
  v=-354960022 (11101010110101111011110101101010)

State 421 file sortarray.c line 22 function a thread 0
----------------------------------------------------
  i=0 (00000000000000000000000000000000)
LOG: COMPARING to 0 (a[920350136] = 2061959002)


State 426 file sortarray.c line 22 function a thread 0
----------------------------------------------------
  i=1 (00000000000000000000000000000001)
LOG: COMPARING to 1 (a[460175067] = -2129657856)


State 433 file sortarray.c line 22 function a thread 0
----------------------------------------------------
  i=2 (00000000000000000000000000000010)
LOG: COMPARING to 2 (a[690262601] = -2129657856)


State 440 file sortarray.c line 22 function a thread 0
----------------------------------------------------
  i=3 (00000000000000000000000000000011)
LOG: COMPARING to 3 (a[805306368] = 1795161194)


State 446 file sortarray.c line 22 function a thread 0
----------------------------------------------------
  i=4 (00000000000000000000000000000100)
LOG: COMPARING to 4 (a[747784484] = 1793589098)


State 452 file sortarray.c line 22 function a thread 0
----------------------------------------------------
  i=5 (00000000000000000000000000000101)
LOG: COMPARING to 5 (a[719023542] = -352322198)


State 458 file sortarray.c line 22 function a thread 0
----------------------------------------------------
  i=6 (00000000000000000000000000000110)

State 461 file sortarray.c line 30 function a thread 0
----------------------------------------------------
  acc=6 (00000000000000000000000000000110)
LOG: a[704643071] = -354960022


State 464 file sortarray.c line 33 function a thread 0
----------------------------------------------------
  val[(long int)acc]=-354960022 (11101010110101111011110101101010)

State 465 file sortarray.c line 34 function a thread 0
----------------------------------------------------
  ind[(long int)acc]=704643071 (00101001111111111111111111111111)

State 467 file sortarray.c line 35 function a thread 0
----------------------------------------------------
  return_value_a$1=-354960022 (11101010110101111011110101101010)

State 469 file binsearch.c line 9 function binsearch thread 0
----------------------------------------------------
  midVal=0 (00000000000000000000000000000000)

State 470 file binsearch.c line 9 function binsearch thread 0
----------------------------------------------------
  midVal=-354960022 (11101010110101111011110101101010)

State 472 file binsearch.c line 12 function binsearch thread 0
----------------------------------------------------
  low=704643072 (00101010000000000000000000000000)

State 476 file binsearch.c line 8 function binsearch thread 0
----------------------------------------------------
  mid=0 (00000000000000000000000000000000)

State 477 file binsearch.c line 8 function binsearch thread 0
----------------------------------------------------
  mid=711833306 (00101010011011011011011011011010)

State 478 file binsearch.c line 9 function binsearch thread 0
----------------------------------------------------
  return_value_a$1=0 (00000000000000000000000000000000)

State 481 file binsearch.c line 9 function binsearch thread 0
----------------------------------------------------
  n=711833306 (00101010011011011011011011011010)
LOG: acc = 6

LOG: looking up 711833306


State 484 file sortarray.c line 14 function a thread 0
----------------------------------------------------
  i=0 (00000000000000000000000000000000)

State 485 file sortarray.c line 15 function a thread 0
----------------------------------------------------
  i=0 (00000000000000000000000000000000)

State 488 file sortarray.c line 15 function a thread 0
----------------------------------------------------
  i=1 (00000000000000000000000000000001)

State 492 file sortarray.c line 15 function a thread 0
----------------------------------------------------
  i=2 (00000000000000000000000000000010)

State 496 file sortarray.c line 15 function a thread 0
----------------------------------------------------
  i=3 (00000000000000000000000000000011)

State 500 file sortarray.c line 15 function a thread 0
----------------------------------------------------
  i=4 (00000000000000000000000000000100)

State 504 file sortarray.c line 15 function a thread 0
----------------------------------------------------
  i=5 (00000000000000000000000000000101)

State 508 file sortarray.c line 15 function a thread 0
----------------------------------------------------
  i=6 (00000000000000000000000000000110)

State 512 file sortarray.c line 15 function a thread 0
----------------------------------------------------
  i=7 (00000000000000000000000000000111)

State 515 file sortarray.c line 21 function a thread 0
----------------------------------------------------
  return_value_nondet_int$1=0 (00000000000000000000000000000000)

State 516 file sortarray.c line 21 function a thread 0
----------------------------------------------------
  return_value_nondet_int$1=-353894893 (11101010111001111111111000010011)

State 517 file sortarray.c line 21 function a thread 0
----------------------------------------------------
  v=0 (00000000000000000000000000000000)

State 518 file sortarray.c line 21 function a thread 0
----------------------------------------------------
  v=-353894893 (11101010111001111111111000010011)

State 519 file sortarray.c line 22 function a thread 0
----------------------------------------------------
  i=0 (00000000000000000000000000000000)
LOG: COMPARING to 0 (a[920350136] = 2061959002)


State 524 file sortarray.c line 22 function a thread 0
----------------------------------------------------
  i=1 (00000000000000000000000000000001)
LOG: COMPARING to 1 (a[460175067] = -2129657856)


State 531 file sortarray.c line 22 function a thread 0
----------------------------------------------------
  i=2 (00000000000000000000000000000010)
LOG: COMPARING to 2 (a[690262601] = -2129657856)


State 538 file sortarray.c line 22 function a thread 0
----------------------------------------------------
  i=3 (00000000000000000000000000000011)
LOG: COMPARING to 3 (a[805306368] = 1795161194)


State 544 file sortarray.c line 22 function a thread 0
----------------------------------------------------
  i=4 (00000000000000000000000000000100)
LOG: COMPARING to 4 (a[747784484] = 1793589098)


State 550 file sortarray.c line 22 function a thread 0
----------------------------------------------------
  i=5 (00000000000000000000000000000101)
LOG: COMPARING to 5 (a[719023542] = -352322198)


State 556 file sortarray.c line 22 function a thread 0
----------------------------------------------------
  i=6 (00000000000000000000000000000110)
LOG: COMPARING to 6 (a[704643071] = -354960022)


State 563 file sortarray.c line 22 function a thread 0
----------------------------------------------------
  i=7 (00000000000000000000000000000111)

State 566 file sortarray.c line 30 function a thread 0
----------------------------------------------------
  acc=7 (00000000000000000000000000000111)
LOG: a[711833306] = -353894893


State 569 file sortarray.c line 33 function a thread 0
----------------------------------------------------
  val[(long int)acc]=-353894893 (11101010111001111111111000010011)

State 570 file sortarray.c line 34 function a thread 0
----------------------------------------------------
  ind[(long int)acc]=711833306 (00101010011011011011011011011010)

State 572 file sortarray.c line 35 function a thread 0
----------------------------------------------------
  return_value_a$1=-353894893 (11101010111001111111111000010011)

State 574 file binsearch.c line 9 function binsearch thread 0
----------------------------------------------------
  midVal=0 (00000000000000000000000000000000)

State 575 file binsearch.c line 9 function binsearch thread 0
----------------------------------------------------
  midVal=-353894893 (11101010111001111111111000010011)

State 577 file binsearch.c line 12 function binsearch thread 0
----------------------------------------------------
  low=711833307 (00101010011011011011011011011011)

State 581 file binsearch.c line 8 function binsearch thread 0
----------------------------------------------------
  mid=0 (00000000000000000000000000000000)

State 582 file binsearch.c line 8 function binsearch thread 0
----------------------------------------------------
  mid=715428424 (00101010101001001001001001001000)

State 583 file binsearch.c line 9 function binsearch thread 0
----------------------------------------------------
  return_value_a$1=0 (00000000000000000000000000000000)

State 586 file binsearch.c line 9 function binsearch thread 0
----------------------------------------------------
  n=715428424 (00101010101001001001001001001000)
LOG: acc = 7

LOG: looking up 715428424


State 589 file sortarray.c line 14 function a thread 0
----------------------------------------------------
  i=0 (00000000000000000000000000000000)

State 590 file sortarray.c line 15 function a thread 0
----------------------------------------------------
  i=0 (00000000000000000000000000000000)

State 593 file sortarray.c line 15 function a thread 0
----------------------------------------------------
  i=1 (00000000000000000000000000000001)

State 597 file sortarray.c line 15 function a thread 0
----------------------------------------------------
  i=2 (00000000000000000000000000000010)

State 601 file sortarray.c line 15 function a thread 0
----------------------------------------------------
  i=3 (00000000000000000000000000000011)

State 605 file sortarray.c line 15 function a thread 0
----------------------------------------------------
  i=4 (00000000000000000000000000000100)

State 609 file sortarray.c line 15 function a thread 0
----------------------------------------------------
  i=5 (00000000000000000000000000000101)

State 613 file sortarray.c line 15 function a thread 0
----------------------------------------------------
  i=6 (00000000000000000000000000000110)

State 617 file sortarray.c line 15 function a thread 0
----------------------------------------------------
  i=7 (00000000000000000000000000000111)

State 621 file sortarray.c line 15 function a thread 0
----------------------------------------------------
  i=8 (00000000000000000000000000001000)

State 624 file sortarray.c line 21 function a thread 0
----------------------------------------------------
  return_value_nondet_int$1=0 (00000000000000000000000000000000)

State 625 file sortarray.c line 21 function a thread 0
----------------------------------------------------
  return_value_nondet_int$1=-353370774 (11101010111011111111110101101010)

State 626 file sortarray.c line 21 function a thread 0
----------------------------------------------------
  v=0 (00000000000000000000000000000000)

State 627 file sortarray.c line 21 function a thread 0
----------------------------------------------------
  v=-353370774 (11101010111011111111110101101010)

State 628 file sortarray.c line 22 function a thread 0
----------------------------------------------------
  i=0 (00000000000000000000000000000000)
LOG: COMPARING to 0 (a[920350136] = 2061959002)


State 633 file sortarray.c line 22 function a thread 0
----------------------------------------------------
  i=1 (00000000000000000000000000000001)
LOG: COMPARING to 1 (a[460175067] = -2129657856)


State 640 file sortarray.c line 22 function a thread 0
----------------------------------------------------
  i=2 (00000000000000000000000000000010)
LOG: COMPARING to 2 (a[690262601] = -2129657856)


State 647 file sortarray.c line 22 function a thread 0
----------------------------------------------------
  i=3 (00000000000000000000000000000011)
LOG: COMPARING to 3 (a[805306368] = 1795161194)


State 653 file sortarray.c line 22 function a thread 0
----------------------------------------------------
  i=4 (00000000000000000000000000000100)
LOG: COMPARING to 4 (a[747784484] = 1793589098)


State 659 file sortarray.c line 22 function a thread 0
----------------------------------------------------
  i=5 (00000000000000000000000000000101)
LOG: COMPARING to 5 (a[719023542] = -352322198)


State 665 file sortarray.c line 22 function a thread 0
----------------------------------------------------
  i=6 (00000000000000000000000000000110)
LOG: COMPARING to 6 (a[704643071] = -354960022)


State 672 file sortarray.c line 22 function a thread 0
----------------------------------------------------
  i=7 (00000000000000000000000000000111)
LOG: COMPARING to 7 (a[711833306] = -353894893)


State 679 file sortarray.c line 22 function a thread 0
----------------------------------------------------
  i=8 (00000000000000000000000000001000)

State 682 file sortarray.c line 30 function a thread 0
----------------------------------------------------
  acc=8 (00000000000000000000000000001000)
LOG: a[715428424] = -353370774


State 685 file sortarray.c line 33 function a thread 0
----------------------------------------------------
  val[(long int)acc]=-353370774 (11101010111011111111110101101010)

State 686 file sortarray.c line 34 function a thread 0
----------------------------------------------------
  ind[(long int)acc]=715428424 (00101010101001001001001001001000)

State 688 file sortarray.c line 35 function a thread 0
----------------------------------------------------
  return_value_a$1=-353370774 (11101010111011111111110101101010)

State 690 file binsearch.c line 9 function binsearch thread 0
----------------------------------------------------
  midVal=0 (00000000000000000000000000000000)

State 691 file binsearch.c line 9 function binsearch thread 0
----------------------------------------------------
  midVal=-353370774 (11101010111011111111110101101010)

State 693 file binsearch.c line 12 function binsearch thread 0
----------------------------------------------------
  low=715428425 (00101010101001001001001001001001)

State 697 file binsearch.c line 8 function binsearch thread 0
----------------------------------------------------
  mid=0 (00000000000000000000000000000000)

State 698 file binsearch.c line 8 function binsearch thread 0
----------------------------------------------------
  mid=717225983 (00101010101111111111111111111111)

State 699 file binsearch.c line 9 function binsearch thread 0
----------------------------------------------------
  return_value_a$1=0 (00000000000000000000000000000000)

State 702 file binsearch.c line 9 function binsearch thread 0
----------------------------------------------------
  n=717225983 (00101010101111111111111111111111)
LOG: acc = 8

LOG: looking up 717225983


State 705 file sortarray.c line 14 function a thread 0
----------------------------------------------------
  i=0 (00000000000000000000000000000000)

State 706 file sortarray.c line 15 function a thread 0
----------------------------------------------------
  i=0 (00000000000000000000000000000000)

State 709 file sortarray.c line 15 function a thread 0
----------------------------------------------------
  i=1 (00000000000000000000000000000001)

State 713 file sortarray.c line 15 function a thread 0
----------------------------------------------------
  i=2 (00000000000000000000000000000010)

State 717 file sortarray.c line 15 function a thread 0
----------------------------------------------------
  i=3 (00000000000000000000000000000011)

State 721 file sortarray.c line 15 function a thread 0
----------------------------------------------------
  i=4 (00000000000000000000000000000100)

State 725 file sortarray.c line 15 function a thread 0
----------------------------------------------------
  i=5 (00000000000000000000000000000101)

State 729 file sortarray.c line 15 function a thread 0
----------------------------------------------------
  i=6 (00000000000000000000000000000110)

State 733 file sortarray.c line 15 function a thread 0
----------------------------------------------------
  i=7 (00000000000000000000000000000111)

State 737 file sortarray.c line 15 function a thread 0
----------------------------------------------------
  i=8 (00000000000000000000000000001000)

State 741 file sortarray.c line 15 function a thread 0
----------------------------------------------------
  i=9 (00000000000000000000000000001001)

State 744 file sortarray.c line 21 function a thread 0
----------------------------------------------------
  return_value_nondet_int$1=0 (00000000000000000000000000000000)

State 745 file sortarray.c line 21 function a thread 0
----------------------------------------------------
  return_value_nondet_int$1=-352845974 (11101010111101111111111101101010)

State 746 file sortarray.c line 21 function a thread 0
----------------------------------------------------
  v=0 (00000000000000000000000000000000)

State 747 file sortarray.c line 21 function a thread 0
----------------------------------------------------
  v=-352845974 (11101010111101111111111101101010)

State 748 file sortarray.c line 22 function a thread 0
----------------------------------------------------
  i=0 (00000000000000000000000000000000)
LOG: COMPARING to 0 (a[920350136] = 2061959002)


State 753 file sortarray.c line 22 function a thread 0
----------------------------------------------------
  i=1 (00000000000000000000000000000001)
LOG: COMPARING to 1 (a[460175067] = -2129657856)


State 760 file sortarray.c line 22 function a thread 0
----------------------------------------------------
  i=2 (00000000000000000000000000000010)
LOG: COMPARING to 2 (a[690262601] = -2129657856)


State 767 file sortarray.c line 22 function a thread 0
----------------------------------------------------
  i=3 (00000000000000000000000000000011)
LOG: COMPARING to 3 (a[805306368] = 1795161194)


State 773 file sortarray.c line 22 function a thread 0
----------------------------------------------------
  i=4 (00000000000000000000000000000100)
LOG: COMPARING to 4 (a[747784484] = 1793589098)


State 779 file sortarray.c line 22 function a thread 0
----------------------------------------------------
  i=5 (00000000000000000000000000000101)
LOG: COMPARING to 5 (a[719023542] = -352322198)


State 785 file sortarray.c line 22 function a thread 0
----------------------------------------------------
  i=6 (00000000000000000000000000000110)
LOG: COMPARING to 6 (a[704643071] = -354960022)


State 792 file sortarray.c line 22 function a thread 0
----------------------------------------------------
  i=7 (00000000000000000000000000000111)
LOG: COMPARING to 7 (a[711833306] = -353894893)


State 799 file sortarray.c line 22 function a thread 0
----------------------------------------------------
  i=8 (00000000000000000000000000001000)
LOG: COMPARING to 8 (a[715428424] = -353370774)


State 806 file sortarray.c line 22 function a thread 0
----------------------------------------------------
  i=9 (00000000000000000000000000001001)

State 809 file sortarray.c line 30 function a thread 0
----------------------------------------------------
  acc=9 (00000000000000000000000000001001)
LOG: a[717225983] = -352845974


State 812 file sortarray.c line 33 function a thread 0
----------------------------------------------------
  val[(long int)acc]=-352845974 (11101010111101111111111101101010)

State 813 file sortarray.c line 34 function a thread 0
----------------------------------------------------
  ind[(long int)acc]=717225983 (00101010101111111111111111111111)

State 815 file sortarray.c line 35 function a thread 0
----------------------------------------------------
  return_value_a$1=-352845974 (11101010111101111111111101101010)

State 817 file binsearch.c line 9 function binsearch thread 0
----------------------------------------------------
  midVal=0 (00000000000000000000000000000000)

State 818 file binsearch.c line 9 function binsearch thread 0
----------------------------------------------------
  midVal=-352845974 (11101010111101111111111101101010)

State 821 file binsearch.c line 14 function binsearch thread 0
----------------------------------------------------
  high=717225982 (00101010101111111111111111111110)

State 825 file binsearch.c line 8 function binsearch thread 0
----------------------------------------------------
  mid=0 (00000000000000000000000000000000)

State 826 file binsearch.c line 8 function binsearch thread 0
----------------------------------------------------
  mid=716327203 (00101010101100100100100100100011)

State 827 file binsearch.c line 9 function binsearch thread 0
----------------------------------------------------
  return_value_a$1=0 (00000000000000000000000000000000)

State 830 file binsearch.c line 9 function binsearch thread 0
----------------------------------------------------
  n=716327203 (00101010101100100100100100100011)
LOG: acc = 9

LOG: looking up 716327203


State 833 file sortarray.c line 14 function a thread 0
----------------------------------------------------
  i=0 (00000000000000000000000000000000)

State 834 file sortarray.c line 15 function a thread 0
----------------------------------------------------
  i=0 (00000000000000000000000000000000)

State 837 file sortarray.c line 15 function a thread 0
----------------------------------------------------
  i=1 (00000000000000000000000000000001)

State 841 file sortarray.c line 15 function a thread 0
----------------------------------------------------
  i=2 (00000000000000000000000000000010)

State 845 file sortarray.c line 15 function a thread 0
----------------------------------------------------
  i=3 (00000000000000000000000000000011)

State 849 file sortarray.c line 15 function a thread 0
----------------------------------------------------
  i=4 (00000000000000000000000000000100)

State 853 file sortarray.c line 15 function a thread 0
----------------------------------------------------
  i=5 (00000000000000000000000000000101)

State 857 file sortarray.c line 15 function a thread 0
----------------------------------------------------
  i=6 (00000000000000000000000000000110)

State 861 file sortarray.c line 15 function a thread 0
----------------------------------------------------
  i=7 (00000000000000000000000000000111)

State 865 file sortarray.c line 15 function a thread 0
----------------------------------------------------
  i=8 (00000000000000000000000000001000)

State 869 file sortarray.c line 15 function a thread 0
----------------------------------------------------
  i=9 (00000000000000000000000000001001)

State 873 file sortarray.c line 15 function a thread 0
----------------------------------------------------
  i=10 (00000000000000000000000000001010)

State 876 file sortarray.c line 21 function a thread 0
----------------------------------------------------
  return_value_nondet_int$1=0 (00000000000000000000000000000000)

State 877 file sortarray.c line 21 function a thread 0
----------------------------------------------------
  return_value_nondet_int$1=-352846485 (11101010111101111111110101101011)

State 878 file sortarray.c line 21 function a thread 0
----------------------------------------------------
  v=0 (00000000000000000000000000000000)

State 879 file sortarray.c line 21 function a thread 0
----------------------------------------------------
  v=-352846485 (11101010111101111111110101101011)

State 880 file sortarray.c line 22 function a thread 0
----------------------------------------------------
  i=0 (00000000000000000000000000000000)
LOG: COMPARING to 0 (a[920350136] = 2061959002)


State 885 file sortarray.c line 22 function a thread 0
----------------------------------------------------
  i=1 (00000000000000000000000000000001)
LOG: COMPARING to 1 (a[460175067] = -2129657856)


State 892 file sortarray.c line 22 function a thread 0
----------------------------------------------------
  i=2 (00000000000000000000000000000010)
LOG: COMPARING to 2 (a[690262601] = -2129657856)


State 899 file sortarray.c line 22 function a thread 0
----------------------------------------------------
  i=3 (00000000000000000000000000000011)
LOG: COMPARING to 3 (a[805306368] = 1795161194)


State 905 file sortarray.c line 22 function a thread 0
----------------------------------------------------
  i=4 (00000000000000000000000000000100)
LOG: COMPARING to 4 (a[747784484] = 1793589098)


State 911 file sortarray.c line 22 function a thread 0
----------------------------------------------------
  i=5 (00000000000000000000000000000101)
LOG: COMPARING to 5 (a[719023542] = -352322198)


State 917 file sortarray.c line 22 function a thread 0
----------------------------------------------------
  i=6 (00000000000000000000000000000110)
LOG: COMPARING to 6 (a[704643071] = -354960022)


State 924 file sortarray.c line 22 function a thread 0
----------------------------------------------------
  i=7 (00000000000000000000000000000111)
LOG: COMPARING to 7 (a[711833306] = -353894893)


State 931 file sortarray.c line 22 function a thread 0
----------------------------------------------------
  i=8 (00000000000000000000000000001000)
LOG: COMPARING to 8 (a[715428424] = -353370774)


State 938 file sortarray.c line 22 function a thread 0
----------------------------------------------------
  i=9 (00000000000000000000000000001001)
LOG: COMPARING to 9 (a[717225983] = -352845974)


State 944 file sortarray.c line 22 function a thread 0
----------------------------------------------------
  i=10 (00000000000000000000000000001010)

State 947 file sortarray.c line 30 function a thread 0
----------------------------------------------------
  acc=10 (00000000000000000000000000001010)

Violated property:
  file sortarray.c line 31 function a
  assertion
  acc < 10

VERIFICATION FAILED
