CBMC version 5.0 64-bit linux
Parsing binsearch_std.c
Parsing sortscale.c
Parsing harness_std.c
Converting
Type-checking binsearch_std
Type-checking harness_std
file harness_std.c line 11 function main: function `assert' is not declared
Type-checking sortscale
file sortscale.c line 29 function a: function `assert' is not declared
Generating GOTO Program
Adding CPROVER library
Function Pointer Removal
Partial Inlining
Generic Property Instrumentation
Starting Bounded Model Checking
Unwinding loop binsearch.0 iteration 1 (17 max) file binsearch_std.c line 7 function binsearch thread 0
Unwinding loop a.0 iteration 1 (17 max) file sortscale.c line 11 function a thread 0
Unwinding loop a.1 iteration 1 (17 max) file sortscale.c line 20 function a thread 0
Unwinding loop binsearch.0 iteration 2 (17 max) file binsearch_std.c line 7 function binsearch thread 0
Unwinding loop a.0 iteration 1 (17 max) file sortscale.c line 11 function a thread 0
Unwinding loop a.0 iteration 2 (17 max) file sortscale.c line 11 function a thread 0
Unwinding loop a.0 iteration 3 (17 max) file sortscale.c line 11 function a thread 0
Unwinding loop a.0 iteration 4 (17 max) file sortscale.c line 11 function a thread 0
Unwinding loop a.0 iteration 5 (17 max) file sortscale.c line 11 function a thread 0
Unwinding loop a.0 iteration 6 (17 max) file sortscale.c line 11 function a thread 0
Unwinding loop a.0 iteration 7 (17 max) file sortscale.c line 11 function a thread 0
Unwinding loop a.0 iteration 8 (17 max) file sortscale.c line 11 function a thread 0
Unwinding loop a.0 iteration 9 (17 max) file sortscale.c line 11 function a thread 0
Unwinding loop a.0 iteration 10 (17 max) file sortscale.c line 11 function a thread 0
Unwinding loop a.0 iteration 11 (17 max) file sortscale.c line 11 function a thread 0
Unwinding loop a.0 iteration 12 (17 max) file sortscale.c line 11 function a thread 0
Unwinding loop a.0 iteration 13 (17 max) file sortscale.c line 11 function a thread 0
Unwinding loop a.0 iteration 14 (17 max) file sortscale.c line 11 function a thread 0
Unwinding loop a.0 iteration 15 (17 max) file sortscale.c line 11 function a thread 0
Unwinding loop a.0 iteration 16 (17 max) file sortscale.c line 11 function a thread 0
Not unwinding loop a.0 iteration 17 (17 max) file sortscale.c line 11 function a thread 0
Unwinding loop a.1 iteration 1 (17 max) file sortscale.c line 20 function a thread 0
Unwinding loop a.1 iteration 2 (17 max) file sortscale.c line 20 function a thread 0
Unwinding loop a.1 iteration 3 (17 max) file sortscale.c line 20 function a thread 0
Unwinding loop a.1 iteration 4 (17 max) file sortscale.c line 20 function a thread 0
Unwinding loop a.1 iteration 5 (17 max) file sortscale.c line 20 function a thread 0
Unwinding loop a.1 iteration 6 (17 max) file sortscale.c line 20 function a thread 0
Unwinding loop a.1 iteration 7 (17 max) file sortscale.c line 20 function a thread 0
Unwinding loop a.1 iteration 8 (17 max) file sortscale.c line 20 function a thread 0
Unwinding loop a.1 iteration 9 (17 max) file sortscale.c line 20 function a thread 0
Unwinding loop a.1 iteration 10 (17 max) file sortscale.c line 20 function a thread 0
Unwinding loop a.1 iteration 11 (17 max) file sortscale.c line 20 function a thread 0
Unwinding loop a.1 iteration 12 (17 max) file sortscale.c line 20 function a thread 0
Unwinding loop a.1 iteration 13 (17 max) file sortscale.c line 20 function a thread 0
Unwinding loop a.1 iteration 14 (17 max) file sortscale.c line 20 function a thread 0
Unwinding loop a.1 iteration 15 (17 max) file sortscale.c line 20 function a thread 0
Unwinding loop a.1 iteration 16 (17 max) file sortscale.c line 20 function a thread 0
Not unwinding loop a.1 iteration 17 (17 max) file sortscale.c line 20 function a thread 0
Unwinding loop binsearch.0 iteration 3 (17 max) file binsearch_std.c line 7 function binsearch thread 0
Unwinding loop a.0 iteration 1 (17 max) file sortscale.c line 11 function a thread 0
Unwinding loop a.0 iteration 2 (17 max) file sortscale.c line 11 function a thread 0
Unwinding loop a.0 iteration 3 (17 max) file sortscale.c line 11 function a thread 0
Unwinding loop a.0 iteration 4 (17 max) file sortscale.c line 11 function a thread 0
Unwinding loop a.0 iteration 5 (17 max) file sortscale.c line 11 function a thread 0
Unwinding loop a.0 iteration 6 (17 max) file sortscale.c line 11 function a thread 0
Unwinding loop a.0 iteration 7 (17 max) file sortscale.c line 11 function a thread 0
Unwinding loop a.0 iteration 8 (17 max) file sortscale.c line 11 function a thread 0
Unwinding loop a.0 iteration 9 (17 max) file sortscale.c line 11 function a thread 0
Unwinding loop a.0 iteration 10 (17 max) file sortscale.c line 11 function a thread 0
Unwinding loop a.0 iteration 11 (17 max) file sortscale.c line 11 function a thread 0
Unwinding loop a.0 iteration 12 (17 max) file sortscale.c line 11 function a thread 0
Unwinding loop a.0 iteration 13 (17 max) file sortscale.c line 11 function a thread 0
Unwinding loop a.0 iteration 14 (17 max) file sortscale.c line 11 function a thread 0
Unwinding loop a.0 iteration 15 (17 max) file sortscale.c line 11 function a thread 0
Unwinding loop a.0 iteration 16 (17 max) file sortscale.c line 11 function a thread 0
Not unwinding loop a.0 iteration 17 (17 max) file sortscale.c line 11 function a thread 0
Unwinding loop a.1 iteration 1 (17 max) file sortscale.c line 20 function a thread 0
Unwinding loop a.1 iteration 2 (17 max) file sortscale.c line 20 function a thread 0
Unwinding loop a.1 iteration 3 (17 max) file sortscale.c line 20 function a thread 0
Unwinding loop a.1 iteration 4 (17 max) file sortscale.c line 20 function a thread 0
Unwinding loop a.1 iteration 5 (17 max) file sortscale.c line 20 function a thread 0
Unwinding loop a.1 iteration 6 (17 max) file sortscale.c line 20 function a thread 0
Unwinding loop a.1 iteration 7 (17 max) file sortscale.c line 20 function a thread 0
Unwinding loop a.1 iteration 8 (17 max) file sortscale.c line 20 function a thread 0
Unwinding loop a.1 iteration 9 (17 max) file sortscale.c line 20 function a thread 0
Unwinding loop a.1 iteration 10 (17 max) file sortscale.c line 20 function a thread 0
Unwinding loop a.1 iteration 11 (17 max) file sortscale.c line 20 function a thread 0
Unwinding loop a.1 iteration 12 (17 max) file sortscale.c line 20 function a thread 0
Unwinding loop a.1 iteration 13 (17 max) file sortscale.c line 20 function a thread 0
Unwinding loop a.1 iteration 14 (17 max) file sortscale.c line 20 function a thread 0
Unwinding loop a.1 iteration 15 (17 max) file sortscale.c line 20 function a thread 0
Unwinding loop a.1 iteration 16 (17 max) file sortscale.c line 20 function a thread 0
Not unwinding loop a.1 iteration 17 (17 max) file sortscale.c line 20 function a thread 0
Unwinding loop binsearch.0 iteration 4 (17 max) file binsearch_std.c line 7 function binsearch thread 0
Unwinding loop a.0 iteration 1 (17 max) file sortscale.c line 11 function a thread 0
Unwinding loop a.0 iteration 2 (17 max) file sortscale.c line 11 function a thread 0
Unwinding loop a.0 iteration 3 (17 max) file sortscale.c line 11 function a thread 0
Unwinding loop a.0 iteration 4 (17 max) file sortscale.c line 11 function a thread 0
Unwinding loop a.0 iteration 5 (17 max) file sortscale.c line 11 function a thread 0
Unwinding loop a.0 iteration 6 (17 max) file sortscale.c line 11 function a thread 0
Unwinding loop a.0 iteration 7 (17 max) file sortscale.c line 11 function a thread 0
Unwinding loop a.0 iteration 8 (17 max) file sortscale.c line 11 function a thread 0
Unwinding loop a.0 iteration 9 (17 max) file sortscale.c line 11 function a thread 0
Unwinding loop a.0 iteration 10 (17 max) file sortscale.c line 11 function a thread 0
Unwinding loop a.0 iteration 11 (17 max) file sortscale.c line 11 function a thread 0
Unwinding loop a.0 iteration 12 (17 max) file sortscale.c line 11 function a thread 0
Unwinding loop a.0 iteration 13 (17 max) file sortscale.c line 11 function a thread 0
Unwinding loop a.0 iteration 14 (17 max) file sortscale.c line 11 function a thread 0
Unwinding loop a.0 iteration 15 (17 max) file sortscale.c line 11 function a thread 0
Unwinding loop a.0 iteration 16 (17 max) file sortscale.c line 11 function a thread 0
Not unwinding loop a.0 iteration 17 (17 max) file sortscale.c line 11 function a thread 0
Unwinding loop a.1 iteration 1 (17 max) file sortscale.c line 20 function a thread 0
Unwinding loop a.1 iteration 2 (17 max) file sortscale.c line 20 function a thread 0
Unwinding loop a.1 iteration 3 (17 max) file sortscale.c line 20 function a thread 0
Unwinding loop a.1 iteration 4 (17 max) file sortscale.c line 20 function a thread 0
Unwinding loop a.1 iteration 5 (17 max) file sortscale.c line 20 function a thread 0
Unwinding loop a.1 iteration 6 (17 max) file sortscale.c line 20 function a thread 0
Unwinding loop a.1 iteration 7 (17 max) file sortscale.c line 20 function a thread 0
Unwinding loop a.1 iteration 8 (17 max) file sortscale.c line 20 function a thread 0
Unwinding loop a.1 iteration 9 (17 max) file sortscale.c line 20 function a thread 0
Unwinding loop a.1 iteration 10 (17 max) file sortscale.c line 20 function a thread 0
Unwinding loop a.1 iteration 11 (17 max) file sortscale.c line 20 function a thread 0
Unwinding loop a.1 iteration 12 (17 max) file sortscale.c line 20 function a thread 0
Unwinding loop a.1 iteration 13 (17 max) file sortscale.c line 20 function a thread 0
Unwinding loop a.1 iteration 14 (17 max) file sortscale.c line 20 function a thread 0
Unwinding loop a.1 iteration 15 (17 max) file sortscale.c line 20 function a thread 0
Unwinding loop a.1 iteration 16 (17 max) file sortscale.c line 20 function a thread 0
Not unwinding loop a.1 iteration 17 (17 max) file sortscale.c line 20 function a thread 0
Unwinding loop binsearch.0 iteration 5 (17 max) file binsearch_std.c line 7 function binsearch thread 0
Unwinding loop a.0 iteration 1 (17 max) file sortscale.c line 11 function a thread 0
Unwinding loop a.0 iteration 2 (17 max) file sortscale.c line 11 function a thread 0
Unwinding loop a.0 iteration 3 (17 max) file sortscale.c line 11 function a thread 0
Unwinding loop a.0 iteration 4 (17 max) file sortscale.c line 11 function a thread 0
Unwinding loop a.0 iteration 5 (17 max) file sortscale.c line 11 function a thread 0
Unwinding loop a.0 iteration 6 (17 max) file sortscale.c line 11 function a thread 0
Unwinding loop a.0 iteration 7 (17 max) file sortscale.c line 11 function a thread 0
Unwinding loop a.0 iteration 8 (17 max) file sortscale.c line 11 function a thread 0
Unwinding loop a.0 iteration 9 (17 max) file sortscale.c line 11 function a thread 0
Unwinding loop a.0 iteration 10 (17 max) file sortscale.c line 11 function a thread 0
Unwinding loop a.0 iteration 11 (17 max) file sortscale.c line 11 function a thread 0
Unwinding loop a.0 iteration 12 (17 max) file sortscale.c line 11 function a thread 0
Unwinding loop a.0 iteration 13 (17 max) file sortscale.c line 11 function a thread 0
Unwinding loop a.0 iteration 14 (17 max) file sortscale.c line 11 function a thread 0
Unwinding loop a.0 iteration 15 (17 max) file sortscale.c line 11 function a thread 0
Unwinding loop a.0 iteration 16 (17 max) file sortscale.c line 11 function a thread 0
Not unwinding loop a.0 iteration 17 (17 max) file sortscale.c line 11 function a thread 0
Unwinding loop a.1 iteration 1 (17 max) file sortscale.c line 20 function a thread 0
Unwinding loop a.1 iteration 2 (17 max) file sortscale.c line 20 function a thread 0
Unwinding loop a.1 iteration 3 (17 max) file sortscale.c line 20 function a thread 0
Unwinding loop a.1 iteration 4 (17 max) file sortscale.c line 20 function a thread 0
Unwinding loop a.1 iteration 5 (17 max) file sortscale.c line 20 function a thread 0
Unwinding loop a.1 iteration 6 (17 max) file sortscale.c line 20 function a thread 0
Unwinding loop a.1 iteration 7 (17 max) file sortscale.c line 20 function a thread 0
Unwinding loop a.1 iteration 8 (17 max) file sortscale.c line 20 function a thread 0
Unwinding loop a.1 iteration 9 (17 max) file sortscale.c line 20 function a thread 0
Unwinding loop a.1 iteration 10 (17 max) file sortscale.c line 20 function a thread 0
Unwinding loop a.1 iteration 11 (17 max) file sortscale.c line 20 function a thread 0
Unwinding loop a.1 iteration 12 (17 max) file sortscale.c line 20 function a thread 0
Unwinding loop a.1 iteration 13 (17 max) file sortscale.c line 20 function a thread 0
Unwinding loop a.1 iteration 14 (17 max) file sortscale.c line 20 function a thread 0
Unwinding loop a.1 iteration 15 (17 max) file sortscale.c line 20 function a thread 0
Unwinding loop a.1 iteration 16 (17 max) file sortscale.c line 20 function a thread 0
Not unwinding loop a.1 iteration 17 (17 max) file sortscale.c line 20 function a thread 0
Unwinding loop binsearch.0 iteration 6 (17 max) file binsearch_std.c line 7 function binsearch thread 0
Unwinding loop a.0 iteration 1 (17 max) file sortscale.c line 11 function a thread 0
Unwinding loop a.0 iteration 2 (17 max) file sortscale.c line 11 function a thread 0
Unwinding loop a.0 iteration 3 (17 max) file sortscale.c line 11 function a thread 0
Unwinding loop a.0 iteration 4 (17 max) file sortscale.c line 11 function a thread 0
Unwinding loop a.0 iteration 5 (17 max) file sortscale.c line 11 function a thread 0
Unwinding loop a.0 iteration 6 (17 max) file sortscale.c line 11 function a thread 0
Unwinding loop a.0 iteration 7 (17 max) file sortscale.c line 11 function a thread 0
Unwinding loop a.0 iteration 8 (17 max) file sortscale.c line 11 function a thread 0
Unwinding loop a.0 iteration 9 (17 max) file sortscale.c line 11 function a thread 0
Unwinding loop a.0 iteration 10 (17 max) file sortscale.c line 11 function a thread 0
Unwinding loop a.0 iteration 11 (17 max) file sortscale.c line 11 function a thread 0
Unwinding loop a.0 iteration 12 (17 max) file sortscale.c line 11 function a thread 0
Unwinding loop a.0 iteration 13 (17 max) file sortscale.c line 11 function a thread 0
Unwinding loop a.0 iteration 14 (17 max) file sortscale.c line 11 function a thread 0
Unwinding loop a.0 iteration 15 (17 max) file sortscale.c line 11 function a thread 0
Unwinding loop a.0 iteration 16 (17 max) file sortscale.c line 11 function a thread 0
Not unwinding loop a.0 iteration 17 (17 max) file sortscale.c line 11 function a thread 0
Unwinding loop a.1 iteration 1 (17 max) file sortscale.c line 20 function a thread 0
Unwinding loop a.1 iteration 2 (17 max) file sortscale.c line 20 function a thread 0
Unwinding loop a.1 iteration 3 (17 max) file sortscale.c line 20 function a thread 0
Unwinding loop a.1 iteration 4 (17 max) file sortscale.c line 20 function a thread 0
Unwinding loop a.1 iteration 5 (17 max) file sortscale.c line 20 function a thread 0
Unwinding loop a.1 iteration 6 (17 max) file sortscale.c line 20 function a thread 0
Unwinding loop a.1 iteration 7 (17 max) file sortscale.c line 20 function a thread 0
Unwinding loop a.1 iteration 8 (17 max) file sortscale.c line 20 function a thread 0
Unwinding loop a.1 iteration 9 (17 max) file sortscale.c line 20 function a thread 0
Unwinding loop a.1 iteration 10 (17 max) file sortscale.c line 20 function a thread 0
Unwinding loop a.1 iteration 11 (17 max) file sortscale.c line 20 function a thread 0
Unwinding loop a.1 iteration 12 (17 max) file sortscale.c line 20 function a thread 0
Unwinding loop a.1 iteration 13 (17 max) file sortscale.c line 20 function a thread 0
Unwinding loop a.1 iteration 14 (17 max) file sortscale.c line 20 function a thread 0
Unwinding loop a.1 iteration 15 (17 max) file sortscale.c line 20 function a thread 0
Unwinding loop a.1 iteration 16 (17 max) file sortscale.c line 20 function a thread 0
Not unwinding loop a.1 iteration 17 (17 max) file sortscale.c line 20 function a thread 0
Unwinding loop binsearch.0 iteration 7 (17 max) file binsearch_std.c line 7 function binsearch thread 0
Unwinding loop a.0 iteration 1 (17 max) file sortscale.c line 11 function a thread 0
Unwinding loop a.0 iteration 2 (17 max) file sortscale.c line 11 function a thread 0
Unwinding loop a.0 iteration 3 (17 max) file sortscale.c line 11 function a thread 0
Unwinding loop a.0 iteration 4 (17 max) file sortscale.c line 11 function a thread 0
Unwinding loop a.0 iteration 5 (17 max) file sortscale.c line 11 function a thread 0
Unwinding loop a.0 iteration 6 (17 max) file sortscale.c line 11 function a thread 0
Unwinding loop a.0 iteration 7 (17 max) file sortscale.c line 11 function a thread 0
Unwinding loop a.0 iteration 8 (17 max) file sortscale.c line 11 function a thread 0
Unwinding loop a.0 iteration 9 (17 max) file sortscale.c line 11 function a thread 0
Unwinding loop a.0 iteration 10 (17 max) file sortscale.c line 11 function a thread 0
Unwinding loop a.0 iteration 11 (17 max) file sortscale.c line 11 function a thread 0
Unwinding loop a.0 iteration 12 (17 max) file sortscale.c line 11 function a thread 0
Unwinding loop a.0 iteration 13 (17 max) file sortscale.c line 11 function a thread 0
Unwinding loop a.0 iteration 14 (17 max) file sortscale.c line 11 function a thread 0
Unwinding loop a.0 iteration 15 (17 max) file sortscale.c line 11 function a thread 0
Unwinding loop a.0 iteration 16 (17 max) file sortscale.c line 11 function a thread 0
Not unwinding loop a.0 iteration 17 (17 max) file sortscale.c line 11 function a thread 0
Unwinding loop a.1 iteration 1 (17 max) file sortscale.c line 20 function a thread 0
Unwinding loop a.1 iteration 2 (17 max) file sortscale.c line 20 function a thread 0
Unwinding loop a.1 iteration 3 (17 max) file sortscale.c line 20 function a thread 0
Unwinding loop a.1 iteration 4 (17 max) file sortscale.c line 20 function a thread 0
Unwinding loop a.1 iteration 5 (17 max) file sortscale.c line 20 function a thread 0
Unwinding loop a.1 iteration 6 (17 max) file sortscale.c line 20 function a thread 0
Unwinding loop a.1 iteration 7 (17 max) file sortscale.c line 20 function a thread 0
Unwinding loop a.1 iteration 8 (17 max) file sortscale.c line 20 function a thread 0
Unwinding loop a.1 iteration 9 (17 max) file sortscale.c line 20 function a thread 0
Unwinding loop a.1 iteration 10 (17 max) file sortscale.c line 20 function a thread 0
Unwinding loop a.1 iteration 11 (17 max) file sortscale.c line 20 function a thread 0
Unwinding loop a.1 iteration 12 (17 max) file sortscale.c line 20 function a thread 0
Unwinding loop a.1 iteration 13 (17 max) file sortscale.c line 20 function a thread 0
Unwinding loop a.1 iteration 14 (17 max) file sortscale.c line 20 function a thread 0
Unwinding loop a.1 iteration 15 (17 max) file sortscale.c line 20 function a thread 0
Unwinding loop a.1 iteration 16 (17 max) file sortscale.c line 20 function a thread 0
Not unwinding loop a.1 iteration 17 (17 max) file sortscale.c line 20 function a thread 0
Unwinding loop binsearch.0 iteration 8 (17 max) file binsearch_std.c line 7 function binsearch thread 0
Unwinding loop a.0 iteration 1 (17 max) file sortscale.c line 11 function a thread 0
Unwinding loop a.0 iteration 2 (17 max) file sortscale.c line 11 function a thread 0
Unwinding loop a.0 iteration 3 (17 max) file sortscale.c line 11 function a thread 0
Unwinding loop a.0 iteration 4 (17 max) file sortscale.c line 11 function a thread 0
Unwinding loop a.0 iteration 5 (17 max) file sortscale.c line 11 function a thread 0
Unwinding loop a.0 iteration 6 (17 max) file sortscale.c line 11 function a thread 0
Unwinding loop a.0 iteration 7 (17 max) file sortscale.c line 11 function a thread 0
Unwinding loop a.0 iteration 8 (17 max) file sortscale.c line 11 function a thread 0
Unwinding loop a.0 iteration 9 (17 max) file sortscale.c line 11 function a thread 0
Unwinding loop a.0 iteration 10 (17 max) file sortscale.c line 11 function a thread 0
Unwinding loop a.0 iteration 11 (17 max) file sortscale.c line 11 function a thread 0
Unwinding loop a.0 iteration 12 (17 max) file sortscale.c line 11 function a thread 0
Unwinding loop a.0 iteration 13 (17 max) file sortscale.c line 11 function a thread 0
Unwinding loop a.0 iteration 14 (17 max) file sortscale.c line 11 function a thread 0
Unwinding loop a.0 iteration 15 (17 max) file sortscale.c line 11 function a thread 0
Unwinding loop a.0 iteration 16 (17 max) file sortscale.c line 11 function a thread 0
Not unwinding loop a.0 iteration 17 (17 max) file sortscale.c line 11 function a thread 0
Unwinding loop a.1 iteration 1 (17 max) file sortscale.c line 20 function a thread 0
Unwinding loop a.1 iteration 2 (17 max) file sortscale.c line 20 function a thread 0
Unwinding loop a.1 iteration 3 (17 max) file sortscale.c line 20 function a thread 0
Unwinding loop a.1 iteration 4 (17 max) file sortscale.c line 20 function a thread 0
Unwinding loop a.1 iteration 5 (17 max) file sortscale.c line 20 function a thread 0
Unwinding loop a.1 iteration 6 (17 max) file sortscale.c line 20 function a thread 0
Unwinding loop a.1 iteration 7 (17 max) file sortscale.c line 20 function a thread 0
Unwinding loop a.1 iteration 8 (17 max) file sortscale.c line 20 function a thread 0
Unwinding loop a.1 iteration 9 (17 max) file sortscale.c line 20 function a thread 0
Unwinding loop a.1 iteration 10 (17 max) file sortscale.c line 20 function a thread 0
Unwinding loop a.1 iteration 11 (17 max) file sortscale.c line 20 function a thread 0
Unwinding loop a.1 iteration 12 (17 max) file sortscale.c line 20 function a thread 0
Unwinding loop a.1 iteration 13 (17 max) file sortscale.c line 20 function a thread 0
Unwinding loop a.1 iteration 14 (17 max) file sortscale.c line 20 function a thread 0
Unwinding loop a.1 iteration 15 (17 max) file sortscale.c line 20 function a thread 0
Unwinding loop a.1 iteration 16 (17 max) file sortscale.c line 20 function a thread 0
Not unwinding loop a.1 iteration 17 (17 max) file sortscale.c line 20 function a thread 0
Unwinding loop binsearch.0 iteration 9 (17 max) file binsearch_std.c line 7 function binsearch thread 0
Unwinding loop a.0 iteration 1 (17 max) file sortscale.c line 11 function a thread 0
Unwinding loop a.0 iteration 2 (17 max) file sortscale.c line 11 function a thread 0
Unwinding loop a.0 iteration 3 (17 max) file sortscale.c line 11 function a thread 0
Unwinding loop a.0 iteration 4 (17 max) file sortscale.c line 11 function a thread 0
Unwinding loop a.0 iteration 5 (17 max) file sortscale.c line 11 function a thread 0
Unwinding loop a.0 iteration 6 (17 max) file sortscale.c line 11 function a thread 0
Unwinding loop a.0 iteration 7 (17 max) file sortscale.c line 11 function a thread 0
Unwinding loop a.0 iteration 8 (17 max) file sortscale.c line 11 function a thread 0
Unwinding loop a.0 iteration 9 (17 max) file sortscale.c line 11 function a thread 0
Unwinding loop a.0 iteration 10 (17 max) file sortscale.c line 11 function a thread 0
Unwinding loop a.0 iteration 11 (17 max) file sortscale.c line 11 function a thread 0
Unwinding loop a.0 iteration 12 (17 max) file sortscale.c line 11 function a thread 0
Unwinding loop a.0 iteration 13 (17 max) file sortscale.c line 11 function a thread 0
Unwinding loop a.0 iteration 14 (17 max) file sortscale.c line 11 function a thread 0
Unwinding loop a.0 iteration 15 (17 max) file sortscale.c line 11 function a thread 0
Unwinding loop a.0 iteration 16 (17 max) file sortscale.c line 11 function a thread 0
Not unwinding loop a.0 iteration 17 (17 max) file sortscale.c line 11 function a thread 0
Unwinding loop a.1 iteration 1 (17 max) file sortscale.c line 20 function a thread 0
Unwinding loop a.1 iteration 2 (17 max) file sortscale.c line 20 function a thread 0
Unwinding loop a.1 iteration 3 (17 max) file sortscale.c line 20 function a thread 0
Unwinding loop a.1 iteration 4 (17 max) file sortscale.c line 20 function a thread 0
Unwinding loop a.1 iteration 5 (17 max) file sortscale.c line 20 function a thread 0
Unwinding loop a.1 iteration 6 (17 max) file sortscale.c line 20 function a thread 0
Unwinding loop a.1 iteration 7 (17 max) file sortscale.c line 20 function a thread 0
Unwinding loop a.1 iteration 8 (17 max) file sortscale.c line 20 function a thread 0
Unwinding loop a.1 iteration 9 (17 max) file sortscale.c line 20 function a thread 0
Unwinding loop a.1 iteration 10 (17 max) file sortscale.c line 20 function a thread 0
Unwinding loop a.1 iteration 11 (17 max) file sortscale.c line 20 function a thread 0
Unwinding loop a.1 iteration 12 (17 max) file sortscale.c line 20 function a thread 0
Unwinding loop a.1 iteration 13 (17 max) file sortscale.c line 20 function a thread 0
Unwinding loop a.1 iteration 14 (17 max) file sortscale.c line 20 function a thread 0
Unwinding loop a.1 iteration 15 (17 max) file sortscale.c line 20 function a thread 0
Unwinding loop a.1 iteration 16 (17 max) file sortscale.c line 20 function a thread 0
Not unwinding loop a.1 iteration 17 (17 max) file sortscale.c line 20 function a thread 0
Unwinding loop binsearch.0 iteration 10 (17 max) file binsearch_std.c line 7 function binsearch thread 0
Unwinding loop a.0 iteration 1 (17 max) file sortscale.c line 11 function a thread 0
Unwinding loop a.0 iteration 2 (17 max) file sortscale.c line 11 function a thread 0
Unwinding loop a.0 iteration 3 (17 max) file sortscale.c line 11 function a thread 0
Unwinding loop a.0 iteration 4 (17 max) file sortscale.c line 11 function a thread 0
Unwinding loop a.0 iteration 5 (17 max) file sortscale.c line 11 function a thread 0
Unwinding loop a.0 iteration 6 (17 max) file sortscale.c line 11 function a thread 0
Unwinding loop a.0 iteration 7 (17 max) file sortscale.c line 11 function a thread 0
Unwinding loop a.0 iteration 8 (17 max) file sortscale.c line 11 function a thread 0
Unwinding loop a.0 iteration 9 (17 max) file sortscale.c line 11 function a thread 0
Unwinding loop a.0 iteration 10 (17 max) file sortscale.c line 11 function a thread 0
Unwinding loop a.0 iteration 11 (17 max) file sortscale.c line 11 function a thread 0
Unwinding loop a.0 iteration 12 (17 max) file sortscale.c line 11 function a thread 0
Unwinding loop a.0 iteration 13 (17 max) file sortscale.c line 11 function a thread 0
Unwinding loop a.0 iteration 14 (17 max) file sortscale.c line 11 function a thread 0
Unwinding loop a.0 iteration 15 (17 max) file sortscale.c line 11 function a thread 0
Unwinding loop a.0 iteration 16 (17 max) file sortscale.c line 11 function a thread 0
Not unwinding loop a.0 iteration 17 (17 max) file sortscale.c line 11 function a thread 0
Unwinding loop a.1 iteration 1 (17 max) file sortscale.c line 20 function a thread 0
Unwinding loop a.1 iteration 2 (17 max) file sortscale.c line 20 function a thread 0
Unwinding loop a.1 iteration 3 (17 max) file sortscale.c line 20 function a thread 0
Unwinding loop a.1 iteration 4 (17 max) file sortscale.c line 20 function a thread 0
Unwinding loop a.1 iteration 5 (17 max) file sortscale.c line 20 function a thread 0
Unwinding loop a.1 iteration 6 (17 max) file sortscale.c line 20 function a thread 0
Unwinding loop a.1 iteration 7 (17 max) file sortscale.c line 20 function a thread 0
Unwinding loop a.1 iteration 8 (17 max) file sortscale.c line 20 function a thread 0
Unwinding loop a.1 iteration 9 (17 max) file sortscale.c line 20 function a thread 0
Unwinding loop a.1 iteration 10 (17 max) file sortscale.c line 20 function a thread 0
Unwinding loop a.1 iteration 11 (17 max) file sortscale.c line 20 function a thread 0
Unwinding loop a.1 iteration 12 (17 max) file sortscale.c line 20 function a thread 0
Unwinding loop a.1 iteration 13 (17 max) file sortscale.c line 20 function a thread 0
Unwinding loop a.1 iteration 14 (17 max) file sortscale.c line 20 function a thread 0
Unwinding loop a.1 iteration 15 (17 max) file sortscale.c line 20 function a thread 0
Unwinding loop a.1 iteration 16 (17 max) file sortscale.c line 20 function a thread 0
Not unwinding loop a.1 iteration 17 (17 max) file sortscale.c line 20 function a thread 0
Unwinding loop binsearch.0 iteration 11 (17 max) file binsearch_std.c line 7 function binsearch thread 0
Unwinding loop a.0 iteration 1 (17 max) file sortscale.c line 11 function a thread 0
Unwinding loop a.0 iteration 2 (17 max) file sortscale.c line 11 function a thread 0
Unwinding loop a.0 iteration 3 (17 max) file sortscale.c line 11 function a thread 0
Unwinding loop a.0 iteration 4 (17 max) file sortscale.c line 11 function a thread 0
Unwinding loop a.0 iteration 5 (17 max) file sortscale.c line 11 function a thread 0
Unwinding loop a.0 iteration 6 (17 max) file sortscale.c line 11 function a thread 0
Unwinding loop a.0 iteration 7 (17 max) file sortscale.c line 11 function a thread 0
Unwinding loop a.0 iteration 8 (17 max) file sortscale.c line 11 function a thread 0
Unwinding loop a.0 iteration 9 (17 max) file sortscale.c line 11 function a thread 0
Unwinding loop a.0 iteration 10 (17 max) file sortscale.c line 11 function a thread 0
Unwinding loop a.0 iteration 11 (17 max) file sortscale.c line 11 function a thread 0
Unwinding loop a.0 iteration 12 (17 max) file sortscale.c line 11 function a thread 0
Unwinding loop a.0 iteration 13 (17 max) file sortscale.c line 11 function a thread 0
Unwinding loop a.0 iteration 14 (17 max) file sortscale.c line 11 function a thread 0
Unwinding loop a.0 iteration 15 (17 max) file sortscale.c line 11 function a thread 0
Unwinding loop a.0 iteration 16 (17 max) file sortscale.c line 11 function a thread 0
Not unwinding loop a.0 iteration 17 (17 max) file sortscale.c line 11 function a thread 0
Unwinding loop a.1 iteration 1 (17 max) file sortscale.c line 20 function a thread 0
Unwinding loop a.1 iteration 2 (17 max) file sortscale.c line 20 function a thread 0
Unwinding loop a.1 iteration 3 (17 max) file sortscale.c line 20 function a thread 0
Unwinding loop a.1 iteration 4 (17 max) file sortscale.c line 20 function a thread 0
Unwinding loop a.1 iteration 5 (17 max) file sortscale.c line 20 function a thread 0
Unwinding loop a.1 iteration 6 (17 max) file sortscale.c line 20 function a thread 0
Unwinding loop a.1 iteration 7 (17 max) file sortscale.c line 20 function a thread 0
Unwinding loop a.1 iteration 8 (17 max) file sortscale.c line 20 function a thread 0
Unwinding loop a.1 iteration 9 (17 max) file sortscale.c line 20 function a thread 0
Unwinding loop a.1 iteration 10 (17 max) file sortscale.c line 20 function a thread 0
Unwinding loop a.1 iteration 11 (17 max) file sortscale.c line 20 function a thread 0
Unwinding loop a.1 iteration 12 (17 max) file sortscale.c line 20 function a thread 0
Unwinding loop a.1 iteration 13 (17 max) file sortscale.c line 20 function a thread 0
Unwinding loop a.1 iteration 14 (17 max) file sortscale.c line 20 function a thread 0
Unwinding loop a.1 iteration 15 (17 max) file sortscale.c line 20 function a thread 0
Unwinding loop a.1 iteration 16 (17 max) file sortscale.c line 20 function a thread 0
Not unwinding loop a.1 iteration 17 (17 max) file sortscale.c line 20 function a thread 0
Unwinding loop binsearch.0 iteration 12 (17 max) file binsearch_std.c line 7 function binsearch thread 0
Unwinding loop a.0 iteration 1 (17 max) file sortscale.c line 11 function a thread 0
Unwinding loop a.0 iteration 2 (17 max) file sortscale.c line 11 function a thread 0
Unwinding loop a.0 iteration 3 (17 max) file sortscale.c line 11 function a thread 0
Unwinding loop a.0 iteration 4 (17 max) file sortscale.c line 11 function a thread 0
Unwinding loop a.0 iteration 5 (17 max) file sortscale.c line 11 function a thread 0
Unwinding loop a.0 iteration 6 (17 max) file sortscale.c line 11 function a thread 0
Unwinding loop a.0 iteration 7 (17 max) file sortscale.c line 11 function a thread 0
Unwinding loop a.0 iteration 8 (17 max) file sortscale.c line 11 function a thread 0
Unwinding loop a.0 iteration 9 (17 max) file sortscale.c line 11 function a thread 0
Unwinding loop a.0 iteration 10 (17 max) file sortscale.c line 11 function a thread 0
Unwinding loop a.0 iteration 11 (17 max) file sortscale.c line 11 function a thread 0
Unwinding loop a.0 iteration 12 (17 max) file sortscale.c line 11 function a thread 0
Unwinding loop a.0 iteration 13 (17 max) file sortscale.c line 11 function a thread 0
Unwinding loop a.0 iteration 14 (17 max) file sortscale.c line 11 function a thread 0
Unwinding loop a.0 iteration 15 (17 max) file sortscale.c line 11 function a thread 0
Unwinding loop a.0 iteration 16 (17 max) file sortscale.c line 11 function a thread 0
Not unwinding loop a.0 iteration 17 (17 max) file sortscale.c line 11 function a thread 0
Unwinding loop a.1 iteration 1 (17 max) file sortscale.c line 20 function a thread 0
Unwinding loop a.1 iteration 2 (17 max) file sortscale.c line 20 function a thread 0
Unwinding loop a.1 iteration 3 (17 max) file sortscale.c line 20 function a thread 0
Unwinding loop a.1 iteration 4 (17 max) file sortscale.c line 20 function a thread 0
Unwinding loop a.1 iteration 5 (17 max) file sortscale.c line 20 function a thread 0
Unwinding loop a.1 iteration 6 (17 max) file sortscale.c line 20 function a thread 0
Unwinding loop a.1 iteration 7 (17 max) file sortscale.c line 20 function a thread 0
Unwinding loop a.1 iteration 8 (17 max) file sortscale.c line 20 function a thread 0
Unwinding loop a.1 iteration 9 (17 max) file sortscale.c line 20 function a thread 0
Unwinding loop a.1 iteration 10 (17 max) file sortscale.c line 20 function a thread 0
Unwinding loop a.1 iteration 11 (17 max) file sortscale.c line 20 function a thread 0
Unwinding loop a.1 iteration 12 (17 max) file sortscale.c line 20 function a thread 0
Unwinding loop a.1 iteration 13 (17 max) file sortscale.c line 20 function a thread 0
Unwinding loop a.1 iteration 14 (17 max) file sortscale.c line 20 function a thread 0
Unwinding loop a.1 iteration 15 (17 max) file sortscale.c line 20 function a thread 0
Unwinding loop a.1 iteration 16 (17 max) file sortscale.c line 20 function a thread 0
Not unwinding loop a.1 iteration 17 (17 max) file sortscale.c line 20 function a thread 0
Unwinding loop binsearch.0 iteration 13 (17 max) file binsearch_std.c line 7 function binsearch thread 0
Unwinding loop a.0 iteration 1 (17 max) file sortscale.c line 11 function a thread 0
Unwinding loop a.0 iteration 2 (17 max) file sortscale.c line 11 function a thread 0
Unwinding loop a.0 iteration 3 (17 max) file sortscale.c line 11 function a thread 0
Unwinding loop a.0 iteration 4 (17 max) file sortscale.c line 11 function a thread 0
Unwinding loop a.0 iteration 5 (17 max) file sortscale.c line 11 function a thread 0
Unwinding loop a.0 iteration 6 (17 max) file sortscale.c line 11 function a thread 0
Unwinding loop a.0 iteration 7 (17 max) file sortscale.c line 11 function a thread 0
Unwinding loop a.0 iteration 8 (17 max) file sortscale.c line 11 function a thread 0
Unwinding loop a.0 iteration 9 (17 max) file sortscale.c line 11 function a thread 0
Unwinding loop a.0 iteration 10 (17 max) file sortscale.c line 11 function a thread 0
Unwinding loop a.0 iteration 11 (17 max) file sortscale.c line 11 function a thread 0
Unwinding loop a.0 iteration 12 (17 max) file sortscale.c line 11 function a thread 0
Unwinding loop a.0 iteration 13 (17 max) file sortscale.c line 11 function a thread 0
Unwinding loop a.0 iteration 14 (17 max) file sortscale.c line 11 function a thread 0
Unwinding loop a.0 iteration 15 (17 max) file sortscale.c line 11 function a thread 0
Unwinding loop a.0 iteration 16 (17 max) file sortscale.c line 11 function a thread 0
Not unwinding loop a.0 iteration 17 (17 max) file sortscale.c line 11 function a thread 0
Unwinding loop a.1 iteration 1 (17 max) file sortscale.c line 20 function a thread 0
Unwinding loop a.1 iteration 2 (17 max) file sortscale.c line 20 function a thread 0
Unwinding loop a.1 iteration 3 (17 max) file sortscale.c line 20 function a thread 0
Unwinding loop a.1 iteration 4 (17 max) file sortscale.c line 20 function a thread 0
Unwinding loop a.1 iteration 5 (17 max) file sortscale.c line 20 function a thread 0
Unwinding loop a.1 iteration 6 (17 max) file sortscale.c line 20 function a thread 0
Unwinding loop a.1 iteration 7 (17 max) file sortscale.c line 20 function a thread 0
Unwinding loop a.1 iteration 8 (17 max) file sortscale.c line 20 function a thread 0
Unwinding loop a.1 iteration 9 (17 max) file sortscale.c line 20 function a thread 0
Unwinding loop a.1 iteration 10 (17 max) file sortscale.c line 20 function a thread 0
Unwinding loop a.1 iteration 11 (17 max) file sortscale.c line 20 function a thread 0
Unwinding loop a.1 iteration 12 (17 max) file sortscale.c line 20 function a thread 0
Unwinding loop a.1 iteration 13 (17 max) file sortscale.c line 20 function a thread 0
Unwinding loop a.1 iteration 14 (17 max) file sortscale.c line 20 function a thread 0
Unwinding loop a.1 iteration 15 (17 max) file sortscale.c line 20 function a thread 0
Unwinding loop a.1 iteration 16 (17 max) file sortscale.c line 20 function a thread 0
Not unwinding loop a.1 iteration 17 (17 max) file sortscale.c line 20 function a thread 0
Unwinding loop binsearch.0 iteration 14 (17 max) file binsearch_std.c line 7 function binsearch thread 0
Unwinding loop a.0 iteration 1 (17 max) file sortscale.c line 11 function a thread 0
Unwinding loop a.0 iteration 2 (17 max) file sortscale.c line 11 function a thread 0
Unwinding loop a.0 iteration 3 (17 max) file sortscale.c line 11 function a thread 0
Unwinding loop a.0 iteration 4 (17 max) file sortscale.c line 11 function a thread 0
Unwinding loop a.0 iteration 5 (17 max) file sortscale.c line 11 function a thread 0
Unwinding loop a.0 iteration 6 (17 max) file sortscale.c line 11 function a thread 0
Unwinding loop a.0 iteration 7 (17 max) file sortscale.c line 11 function a thread 0
Unwinding loop a.0 iteration 8 (17 max) file sortscale.c line 11 function a thread 0
Unwinding loop a.0 iteration 9 (17 max) file sortscale.c line 11 function a thread 0
Unwinding loop a.0 iteration 10 (17 max) file sortscale.c line 11 function a thread 0
Unwinding loop a.0 iteration 11 (17 max) file sortscale.c line 11 function a thread 0
Unwinding loop a.0 iteration 12 (17 max) file sortscale.c line 11 function a thread 0
Unwinding loop a.0 iteration 13 (17 max) file sortscale.c line 11 function a thread 0
Unwinding loop a.0 iteration 14 (17 max) file sortscale.c line 11 function a thread 0
Unwinding loop a.0 iteration 15 (17 max) file sortscale.c line 11 function a thread 0
Unwinding loop a.0 iteration 16 (17 max) file sortscale.c line 11 function a thread 0
Not unwinding loop a.0 iteration 17 (17 max) file sortscale.c line 11 function a thread 0
Unwinding loop a.1 iteration 1 (17 max) file sortscale.c line 20 function a thread 0
Unwinding loop a.1 iteration 2 (17 max) file sortscale.c line 20 function a thread 0
Unwinding loop a.1 iteration 3 (17 max) file sortscale.c line 20 function a thread 0
Unwinding loop a.1 iteration 4 (17 max) file sortscale.c line 20 function a thread 0
Unwinding loop a.1 iteration 5 (17 max) file sortscale.c line 20 function a thread 0
Unwinding loop a.1 iteration 6 (17 max) file sortscale.c line 20 function a thread 0
Unwinding loop a.1 iteration 7 (17 max) file sortscale.c line 20 function a thread 0
Unwinding loop a.1 iteration 8 (17 max) file sortscale.c line 20 function a thread 0
Unwinding loop a.1 iteration 9 (17 max) file sortscale.c line 20 function a thread 0
Unwinding loop a.1 iteration 10 (17 max) file sortscale.c line 20 function a thread 0
Unwinding loop a.1 iteration 11 (17 max) file sortscale.c line 20 function a thread 0
Unwinding loop a.1 iteration 12 (17 max) file sortscale.c line 20 function a thread 0
Unwinding loop a.1 iteration 13 (17 max) file sortscale.c line 20 function a thread 0
Unwinding loop a.1 iteration 14 (17 max) file sortscale.c line 20 function a thread 0
Unwinding loop a.1 iteration 15 (17 max) file sortscale.c line 20 function a thread 0
Unwinding loop a.1 iteration 16 (17 max) file sortscale.c line 20 function a thread 0
Not unwinding loop a.1 iteration 17 (17 max) file sortscale.c line 20 function a thread 0
Unwinding loop binsearch.0 iteration 15 (17 max) file binsearch_std.c line 7 function binsearch thread 0
Unwinding loop a.0 iteration 1 (17 max) file sortscale.c line 11 function a thread 0
Unwinding loop a.0 iteration 2 (17 max) file sortscale.c line 11 function a thread 0
Unwinding loop a.0 iteration 3 (17 max) file sortscale.c line 11 function a thread 0
Unwinding loop a.0 iteration 4 (17 max) file sortscale.c line 11 function a thread 0
Unwinding loop a.0 iteration 5 (17 max) file sortscale.c line 11 function a thread 0
Unwinding loop a.0 iteration 6 (17 max) file sortscale.c line 11 function a thread 0
Unwinding loop a.0 iteration 7 (17 max) file sortscale.c line 11 function a thread 0
Unwinding loop a.0 iteration 8 (17 max) file sortscale.c line 11 function a thread 0
Unwinding loop a.0 iteration 9 (17 max) file sortscale.c line 11 function a thread 0
Unwinding loop a.0 iteration 10 (17 max) file sortscale.c line 11 function a thread 0
Unwinding loop a.0 iteration 11 (17 max) file sortscale.c line 11 function a thread 0
Unwinding loop a.0 iteration 12 (17 max) file sortscale.c line 11 function a thread 0
Unwinding loop a.0 iteration 13 (17 max) file sortscale.c line 11 function a thread 0
Unwinding loop a.0 iteration 14 (17 max) file sortscale.c line 11 function a thread 0
Unwinding loop a.0 iteration 15 (17 max) file sortscale.c line 11 function a thread 0
Unwinding loop a.0 iteration 16 (17 max) file sortscale.c line 11 function a thread 0
Not unwinding loop a.0 iteration 17 (17 max) file sortscale.c line 11 function a thread 0
Unwinding loop a.1 iteration 1 (17 max) file sortscale.c line 20 function a thread 0
Unwinding loop a.1 iteration 2 (17 max) file sortscale.c line 20 function a thread 0
Unwinding loop a.1 iteration 3 (17 max) file sortscale.c line 20 function a thread 0
Unwinding loop a.1 iteration 4 (17 max) file sortscale.c line 20 function a thread 0
Unwinding loop a.1 iteration 5 (17 max) file sortscale.c line 20 function a thread 0
Unwinding loop a.1 iteration 6 (17 max) file sortscale.c line 20 function a thread 0
Unwinding loop a.1 iteration 7 (17 max) file sortscale.c line 20 function a thread 0
Unwinding loop a.1 iteration 8 (17 max) file sortscale.c line 20 function a thread 0
Unwinding loop a.1 iteration 9 (17 max) file sortscale.c line 20 function a thread 0
Unwinding loop a.1 iteration 10 (17 max) file sortscale.c line 20 function a thread 0
Unwinding loop a.1 iteration 11 (17 max) file sortscale.c line 20 function a thread 0
Unwinding loop a.1 iteration 12 (17 max) file sortscale.c line 20 function a thread 0
Unwinding loop a.1 iteration 13 (17 max) file sortscale.c line 20 function a thread 0
Unwinding loop a.1 iteration 14 (17 max) file sortscale.c line 20 function a thread 0
Unwinding loop a.1 iteration 15 (17 max) file sortscale.c line 20 function a thread 0
Unwinding loop a.1 iteration 16 (17 max) file sortscale.c line 20 function a thread 0
Not unwinding loop a.1 iteration 17 (17 max) file sortscale.c line 20 function a thread 0
Unwinding loop binsearch.0 iteration 16 (17 max) file binsearch_std.c line 7 function binsearch thread 0
Unwinding loop a.0 iteration 1 (17 max) file sortscale.c line 11 function a thread 0
Unwinding loop a.0 iteration 2 (17 max) file sortscale.c line 11 function a thread 0
Unwinding loop a.0 iteration 3 (17 max) file sortscale.c line 11 function a thread 0
Unwinding loop a.0 iteration 4 (17 max) file sortscale.c line 11 function a thread 0
Unwinding loop a.0 iteration 5 (17 max) file sortscale.c line 11 function a thread 0
Unwinding loop a.0 iteration 6 (17 max) file sortscale.c line 11 function a thread 0
Unwinding loop a.0 iteration 7 (17 max) file sortscale.c line 11 function a thread 0
Unwinding loop a.0 iteration 8 (17 max) file sortscale.c line 11 function a thread 0
Unwinding loop a.0 iteration 9 (17 max) file sortscale.c line 11 function a thread 0
Unwinding loop a.0 iteration 10 (17 max) file sortscale.c line 11 function a thread 0
Unwinding loop a.0 iteration 11 (17 max) file sortscale.c line 11 function a thread 0
Unwinding loop a.0 iteration 12 (17 max) file sortscale.c line 11 function a thread 0
Unwinding loop a.0 iteration 13 (17 max) file sortscale.c line 11 function a thread 0
Unwinding loop a.0 iteration 14 (17 max) file sortscale.c line 11 function a thread 0
Unwinding loop a.0 iteration 15 (17 max) file sortscale.c line 11 function a thread 0
Unwinding loop a.0 iteration 16 (17 max) file sortscale.c line 11 function a thread 0
Not unwinding loop a.0 iteration 17 (17 max) file sortscale.c line 11 function a thread 0
Unwinding loop a.1 iteration 1 (17 max) file sortscale.c line 20 function a thread 0
Unwinding loop a.1 iteration 2 (17 max) file sortscale.c line 20 function a thread 0
Unwinding loop a.1 iteration 3 (17 max) file sortscale.c line 20 function a thread 0
Unwinding loop a.1 iteration 4 (17 max) file sortscale.c line 20 function a thread 0
Unwinding loop a.1 iteration 5 (17 max) file sortscale.c line 20 function a thread 0
Unwinding loop a.1 iteration 6 (17 max) file sortscale.c line 20 function a thread 0
Unwinding loop a.1 iteration 7 (17 max) file sortscale.c line 20 function a thread 0
Unwinding loop a.1 iteration 8 (17 max) file sortscale.c line 20 function a thread 0
Unwinding loop a.1 iteration 9 (17 max) file sortscale.c line 20 function a thread 0
Unwinding loop a.1 iteration 10 (17 max) file sortscale.c line 20 function a thread 0
Unwinding loop a.1 iteration 11 (17 max) file sortscale.c line 20 function a thread 0
Unwinding loop a.1 iteration 12 (17 max) file sortscale.c line 20 function a thread 0
Unwinding loop a.1 iteration 13 (17 max) file sortscale.c line 20 function a thread 0
Unwinding loop a.1 iteration 14 (17 max) file sortscale.c line 20 function a thread 0
Unwinding loop a.1 iteration 15 (17 max) file sortscale.c line 20 function a thread 0
Unwinding loop a.1 iteration 16 (17 max) file sortscale.c line 20 function a thread 0
Not unwinding loop a.1 iteration 17 (17 max) file sortscale.c line 20 function a thread 0
Not unwinding loop binsearch.0 iteration 17 (17 max) file binsearch_std.c line 7 function binsearch thread 0
Unwinding loop a.0 iteration 1 (17 max) file sortscale.c line 11 function a thread 0
Unwinding loop a.0 iteration 2 (17 max) file sortscale.c line 11 function a thread 0
Unwinding loop a.0 iteration 3 (17 max) file sortscale.c line 11 function a thread 0
Unwinding loop a.0 iteration 4 (17 max) file sortscale.c line 11 function a thread 0
Unwinding loop a.0 iteration 5 (17 max) file sortscale.c line 11 function a thread 0
Unwinding loop a.0 iteration 6 (17 max) file sortscale.c line 11 function a thread 0
Unwinding loop a.0 iteration 7 (17 max) file sortscale.c line 11 function a thread 0
Unwinding loop a.0 iteration 8 (17 max) file sortscale.c line 11 function a thread 0
Unwinding loop a.0 iteration 9 (17 max) file sortscale.c line 11 function a thread 0
Unwinding loop a.0 iteration 10 (17 max) file sortscale.c line 11 function a thread 0
Unwinding loop a.0 iteration 11 (17 max) file sortscale.c line 11 function a thread 0
Unwinding loop a.0 iteration 12 (17 max) file sortscale.c line 11 function a thread 0
Unwinding loop a.0 iteration 13 (17 max) file sortscale.c line 11 function a thread 0
Unwinding loop a.0 iteration 14 (17 max) file sortscale.c line 11 function a thread 0
Unwinding loop a.0 iteration 15 (17 max) file sortscale.c line 11 function a thread 0
Unwinding loop a.0 iteration 16 (17 max) file sortscale.c line 11 function a thread 0
Not unwinding loop a.0 iteration 17 (17 max) file sortscale.c line 11 function a thread 0
Unwinding loop a.1 iteration 1 (17 max) file sortscale.c line 20 function a thread 0
Unwinding loop a.1 iteration 2 (17 max) file sortscale.c line 20 function a thread 0
Unwinding loop a.1 iteration 3 (17 max) file sortscale.c line 20 function a thread 0
Unwinding loop a.1 iteration 4 (17 max) file sortscale.c line 20 function a thread 0
Unwinding loop a.1 iteration 5 (17 max) file sortscale.c line 20 function a thread 0
Unwinding loop a.1 iteration 6 (17 max) file sortscale.c line 20 function a thread 0
Unwinding loop a.1 iteration 7 (17 max) file sortscale.c line 20 function a thread 0
Unwinding loop a.1 iteration 8 (17 max) file sortscale.c line 20 function a thread 0
Unwinding loop a.1 iteration 9 (17 max) file sortscale.c line 20 function a thread 0
Unwinding loop a.1 iteration 10 (17 max) file sortscale.c line 20 function a thread 0
Unwinding loop a.1 iteration 11 (17 max) file sortscale.c line 20 function a thread 0
Unwinding loop a.1 iteration 12 (17 max) file sortscale.c line 20 function a thread 0
Unwinding loop a.1 iteration 13 (17 max) file sortscale.c line 20 function a thread 0
Unwinding loop a.1 iteration 14 (17 max) file sortscale.c line 20 function a thread 0
Unwinding loop a.1 iteration 15 (17 max) file sortscale.c line 20 function a thread 0
Unwinding loop a.1 iteration 16 (17 max) file sortscale.c line 20 function a thread 0
Not unwinding loop a.1 iteration 17 (17 max) file sortscale.c line 20 function a thread 0
Unwinding loop a.0 iteration 1 (17 max) file sortscale.c line 11 function a thread 0
Unwinding loop a.0 iteration 2 (17 max) file sortscale.c line 11 function a thread 0
Unwinding loop a.0 iteration 3 (17 max) file sortscale.c line 11 function a thread 0
Unwinding loop a.0 iteration 4 (17 max) file sortscale.c line 11 function a thread 0
Unwinding loop a.0 iteration 5 (17 max) file sortscale.c line 11 function a thread 0
Unwinding loop a.0 iteration 6 (17 max) file sortscale.c line 11 function a thread 0
Unwinding loop a.0 iteration 7 (17 max) file sortscale.c line 11 function a thread 0
Unwinding loop a.0 iteration 8 (17 max) file sortscale.c line 11 function a thread 0
Unwinding loop a.0 iteration 9 (17 max) file sortscale.c line 11 function a thread 0
Unwinding loop a.0 iteration 10 (17 max) file sortscale.c line 11 function a thread 0
Unwinding loop a.0 iteration 11 (17 max) file sortscale.c line 11 function a thread 0
Unwinding loop a.0 iteration 12 (17 max) file sortscale.c line 11 function a thread 0
Unwinding loop a.0 iteration 13 (17 max) file sortscale.c line 11 function a thread 0
Unwinding loop a.0 iteration 14 (17 max) file sortscale.c line 11 function a thread 0
Unwinding loop a.0 iteration 15 (17 max) file sortscale.c line 11 function a thread 0
Unwinding loop a.0 iteration 16 (17 max) file sortscale.c line 11 function a thread 0
Not unwinding loop a.0 iteration 17 (17 max) file sortscale.c line 11 function a thread 0
Unwinding loop a.1 iteration 1 (17 max) file sortscale.c line 20 function a thread 0
Unwinding loop a.1 iteration 2 (17 max) file sortscale.c line 20 function a thread 0
Unwinding loop a.1 iteration 3 (17 max) file sortscale.c line 20 function a thread 0
Unwinding loop a.1 iteration 4 (17 max) file sortscale.c line 20 function a thread 0
Unwinding loop a.1 iteration 5 (17 max) file sortscale.c line 20 function a thread 0
Unwinding loop a.1 iteration 6 (17 max) file sortscale.c line 20 function a thread 0
Unwinding loop a.1 iteration 7 (17 max) file sortscale.c line 20 function a thread 0
Unwinding loop a.1 iteration 8 (17 max) file sortscale.c line 20 function a thread 0
Unwinding loop a.1 iteration 9 (17 max) file sortscale.c line 20 function a thread 0
Unwinding loop a.1 iteration 10 (17 max) file sortscale.c line 20 function a thread 0
Unwinding loop a.1 iteration 11 (17 max) file sortscale.c line 20 function a thread 0
Unwinding loop a.1 iteration 12 (17 max) file sortscale.c line 20 function a thread 0
Unwinding loop a.1 iteration 13 (17 max) file sortscale.c line 20 function a thread 0
Unwinding loop a.1 iteration 14 (17 max) file sortscale.c line 20 function a thread 0
Unwinding loop a.1 iteration 15 (17 max) file sortscale.c line 20 function a thread 0
Unwinding loop a.1 iteration 16 (17 max) file sortscale.c line 20 function a thread 0
Not unwinding loop a.1 iteration 17 (17 max) file sortscale.c line 20 function a thread 0
size of program expression: 9123 steps
slicing removed 2855 assignments
Generated 2433 VCC(s), 105 remaining after simplification
Passing problem to SMT2 QF_AUFBV using Z3
Running SMT2 QF_AUFBV using Z3
sh: line 1: 22305 Killed                  z3 -smt2 /tmp/smt2_dec_out_22273.jVx00C > /tmp/smt2_dec_result_22273.4DW3bv 2>&1
