USAGE: evalmuants.py <prefix> <timeout> --options <options> --files <files> --mutate <mutant-files>
PREFIX = z3max3
TIMEOUT = 1000
OPTIONS = -DMAX_ITEMS=3 --unwind 4 --pointer-check --bounds-check --z3 
FILES = harnessprev.c 
MUTATED FILE = dllinsert.c
limit cputime 1000 ; cbmc -DMAX_ITEMS=3 --unwind 4 --pointer-check --bounds-check --z3 harnessprev.c 
SANITY CHECK...
Original SUCCESSFULLY VERIFIED in 6.695
Checking mutant mutant100001_dllinsert.c:  9 :  /* MUTANT (del_stmt) */ /*   struct node *cur_node = NULL; */ 
OTHER RESULT
Checking mutant mutant100009_dllinsert.c:  15 :  /* MUTANT (rep_const) */      assert(-1);
VERIFICATION SUCCESSFUL 8.618
Checking mutant mutant100010_dllinsert.c:  19 :  /* MUTANT (rep_op) */  if (*head != NULL)
KILLED 8.809
Checking mutant mutant100011_dllinsert.c:  19 :  /* MUTANT (negate) */  if(! (*head == NULL))
KILLED 8.629
Checking mutant mutant100012_dllinsert.c:  21 :  /* MUTANT (del_stmt) */ /*       new_node->next = new_node->prev = new_node; */ 
KILLED 1.402
Checking mutant mutant100019_dllinsert.c:  24 :  /* MUTANT (negate) */  else if(! (new_node->data < (*head)->data))
KILLED 1.973
Checking mutant mutant100020_dllinsert.c:  26 :  /* MUTANT (del_stmt) */ /*       new_node->next = *head; */ 
KILLED 1.811
Checking mutant mutant100021_dllinsert.c:  27 :  /* MUTANT (del_stmt) */ /*       new_node->prev = (*head)->prev; */ 
KILLED 3.52
Checking mutant mutant100022_dllinsert.c:  28 :  /* MUTANT (del_stmt) */ /*       (*head)->prev = new_node; */ 
KILLED 2.233
Checking mutant mutant100023_dllinsert.c:  29 :  /* MUTANT (del_stmt) */ /*       *head = new_node; */ 
KILLED 2.177
Checking mutant mutant100024_dllinsert.c:  30 :  /* MUTANT (del_stmt) */ /*       (*head)->prev->next = *head; */ 
KILLED 2.342
Checking mutant mutant100025_dllinsert.c:  34 :  /* MUTANT (del_stmt) */ /*       cur_node = *head; */ 
KILLED 5.861
Checking mutant mutant100026_dllinsert.c:  35 :  /* MUTANT (del_stmt) */ /*       found = 0; */ 
VERIFICATION SUCCESSFUL 9.049
Checking mutant mutant100027_dllinsert.c:  35 :  /* MUTANT (rep_const) */      found = 1;
VERIFICATION SUCCESSFUL 6.316
Checking mutant mutant100028_dllinsert.c:  35 :  /* MUTANT (rep_const) */      found = -1;
VERIFICATION SUCCESSFUL 7.67
Checking mutant mutant100029_dllinsert.c:  38 :  /* MUTANT (rep_op) */	  if( new_node->data <= cur_node->data )
KILLED 6.523
Checking mutant mutant100030_dllinsert.c:  38 :  /* MUTANT (rep_op) */	  if( new_node->data > cur_node->data )
KILLED 0.771
Checking mutant mutant100031_dllinsert.c:  38 :  /* MUTANT (rep_op) */	  if( new_node->data >= cur_node->data )
KILLED 2.817
Checking mutant mutant100032_dllinsert.c:  38 :  /* MUTANT (rep_op) */	  if( new_node->data == cur_node->data )
KILLED 4.012
Checking mutant mutant100033_dllinsert.c:  38 :  /* MUTANT (rep_op) */	  if( new_node->data != cur_node->data )
KILLED 2.428
Checking mutant mutant100034_dllinsert.c:  38 :  /* MUTANT (negate) */	  if(!( new_node->data < cur_node->data ))
KILLED 2.717
Checking mutant mutant100035_dllinsert.c:  40 :  /* MUTANT (del_stmt) */ /* 	      found = 1; */ 
KILLED 1.947
Checking mutant mutant100036_dllinsert.c:  40 :  /* MUTANT (rep_const) */	      found = 0;
KILLED 1.695
Checking mutant mutant100037_dllinsert.c:  40 :  /* MUTANT (rep_const) */	      found = -1;
KILLED 1.857
Checking mutant mutant100038_dllinsert.c:  40 :  /* MUTANT (rep_const) */	      found = ((1)+1);
KILLED 2.18
Checking mutant mutant100039_dllinsert.c:  41 :  /* MUTANT (del_stmt) */ /* 	      break; */ 
KILLED 2.802
Checking mutant mutant100040_dllinsert.c:  46 :  /* MUTANT (del_stmt) */ /* 	      cur_node = cur_node->next; */ 
KILLED 1.854
Checking mutant mutant100041_dllinsert.c:  49 :  /* MUTANT (rep_op) */      while ( cur_node == *head );
KILLED 1.688
Checking mutant mutant100042_dllinsert.c:  49 :  /* MUTANT (negate) */      while(! ( cur_node != *head ));
KILLED 1.351
Checking mutant mutant100043_dllinsert.c:  51 :  /* MUTANT (rep_op) */      if( found != 1 )
KILLED 3.017
Checking mutant mutant100044_dllinsert.c:  51 :  /* MUTANT (rep_const) */      if( found == 0 )
KILLED 4.543
Checking mutant mutant100045_dllinsert.c:  51 :  /* MUTANT (rep_const) */      if( found == -1 )
KILLED 2.7
Checking mutant mutant100046_dllinsert.c:  51 :  /* MUTANT (rep_const) */      if( found == ((1)+1) )
KILLED 2.394
Checking mutant mutant100047_dllinsert.c:  51 :  /* MUTANT (negate) */      if(!( found == 1 ))
KILLED 3.232
Checking mutant mutant100048_dllinsert.c:  53 :  /* MUTANT (del_stmt) */ /* 	  new_node->next = cur_node; */ 
KILLED 2.252
Checking mutant mutant100049_dllinsert.c:  54 :  /* MUTANT (del_stmt) */ /* 	  new_node->prev = cur_node->prev; */ 
KILLED 4.642
Checking mutant mutant100050_dllinsert.c:  55 :  /* MUTANT (del_stmt) */ /* 	  cur_node->prev->next = new_node; */ 
KILLED 1.999
Checking mutant mutant100051_dllinsert.c:  56 :  /* MUTANT (del_stmt) */ /* 	  cur_node->prev = new_node; */ 
KILLED 3.127
Checking mutant mutant100052_dllinsert.c:  61 :  /* MUTANT (del_stmt) */ /* 	  new_node->next = *head; */ 
KILLED 2.779
Checking mutant mutant100053_dllinsert.c:  62 :  /* MUTANT (del_stmt) */ /* 	  new_node->prev = (*head)->prev; */ 
KILLED 2.033
Checking mutant mutant100054_dllinsert.c:  63 :  /* MUTANT (del_stmt) */ /* 	  (*head)->prev->next = new_node; */ 
KILLED 1.658
Checking mutant mutant100055_dllinsert.c:  64 :  /* MUTANT (del_stmt) */ /* 	  (*head)->prev = new_node; */ 
KILLED 3.394
Checking mutant mutant100013_dllinsert.c:  22 :  /* MUTANT (del_stmt) */ /*       *head = new_node; */ 
KILLED 0.116
Checking mutant mutant100014_dllinsert.c:  24 :  /* MUTANT (rep_op) */  else if (new_node->data <= (*head)->data)
VERIFICATION SUCCESSFUL 8.495
Checking mutant mutant100015_dllinsert.c:  24 :  /* MUTANT (rep_op) */  else if (new_node->data > (*head)->data)
KILLED 1.758
Checking mutant mutant100016_dllinsert.c:  24 :  /* MUTANT (rep_op) */  else if (new_node->data >= (*head)->data)
KILLED 1.345
Checking mutant mutant100017_dllinsert.c:  24 :  /* MUTANT (rep_op) */  else if (new_node->data == (*head)->data)
KILLED 2.63
Checking mutant mutant100018_dllinsert.c:  24 :  /* MUTANT (rep_op) */  else if (new_node->data != (*head)->data)
KILLED 2.402
Checking mutant mutant100002_dllinsert.c:  10 :  /* MUTANT (del_stmt) */ /*   int found; */  /* 1 means found a place to insert the new node in, 0 means not*/
OTHER RESULT
Checking mutant mutant100003_dllinsert.c:  11 :  /* MUTANT (del_stmt) */ /*   new_node = (struct node *)malloc(sizeof(struct node)); */ 
KILLED 0.104
Checking mutant mutant100004_dllinsert.c:  12 :  /* MUTANT (rep_op) */  if(new_node != NULL)
KILLED 1.419
Checking mutant mutant100005_dllinsert.c:  12 :  /* MUTANT (negate) */  if(!(new_node == NULL))
KILLED 1.141
Checking mutant mutant100006_dllinsert.c:  14 :  /* MUTANT (del_stmt) */ /*       printf("memory problem\n"); */ 
VERIFICATION SUCCESSFUL 7.067
Checking mutant mutant100007_dllinsert.c:  15 :  /* MUTANT (del_stmt) */ /*       assert(0); */ 
VERIFICATION SUCCESSFUL 8.596
Checking mutant mutant100008_dllinsert.c:  15 :  /* MUTANT (rep_const) */      assert(1);
VERIFICATION SUCCESSFUL 8.191
55 TOTAL MUTANTS, 45 KILLED, 2 FAILED TO COMPILE 0 TIMED OUT, (81.8181818182% kill rate)
AVERAGE KILL TIME 2.71297777778
AVERAGE VERIFY TIME 8.00025
SURVIVING MUTANTS:
mutant100009_dllinsert.c
15 :  /* MUTANT (rep_const) */      assert(-1);
mutant100026_dllinsert.c
35 :  /* MUTANT (del_stmt) */ /*       found = 0; */ 
mutant100027_dllinsert.c
35 :  /* MUTANT (rep_const) */      found = 1;
mutant100028_dllinsert.c
35 :  /* MUTANT (rep_const) */      found = -1;
mutant100014_dllinsert.c
24 :  /* MUTANT (rep_op) */  else if (new_node->data <= (*head)->data)
mutant100006_dllinsert.c
14 :  /* MUTANT (del_stmt) */ /*       printf("memory problem\n"); */ 
mutant100007_dllinsert.c
15 :  /* MUTANT (del_stmt) */ /*       assert(0); */ 
mutant100008_dllinsert.c
15 :  /* MUTANT (rep_const) */      assert(1);
