mergecovers2
maxcov.c
merge_sorted_nodups.c
17
Analyzing mutant FULLCOV_mutant100001_merge_sorted_nodups.c
Trying to find 17 covering execution...
scbmc FULLCOV_mutant100001_merge_sorted_nodups.c maxcov.c --bounds-check --pointer-check -DSIZE=2 --unwind 5 --find-success -DCOVTARGET=17
Successful!
Analyzing mutant FULLCOV_mutant100002_merge_sorted_nodups.c
Trying to find 17 covering execution...
scbmc FULLCOV_mutant100002_merge_sorted_nodups.c maxcov.c --bounds-check --pointer-check -DSIZE=2 --unwind 5 --find-success -DCOVTARGET=17
Trying to find 16 covering execution...
scbmc FULLCOV_mutant100002_merge_sorted_nodups.c maxcov.c --bounds-check --pointer-check -DSIZE=2 --unwind 5 --find-success -DCOVTARGET=16
Trying to find 15 covering execution...
scbmc FULLCOV_mutant100002_merge_sorted_nodups.c maxcov.c --bounds-check --pointer-check -DSIZE=2 --unwind 5 --find-success -DCOVTARGET=15
Trying to find 14 covering execution...
scbmc FULLCOV_mutant100002_merge_sorted_nodups.c maxcov.c --bounds-check --pointer-check -DSIZE=2 --unwind 5 --find-success -DCOVTARGET=14
Trying to find 13 covering execution...
scbmc FULLCOV_mutant100002_merge_sorted_nodups.c maxcov.c --bounds-check --pointer-check -DSIZE=2 --unwind 5 --find-success -DCOVTARGET=13
Trying to find 12 covering execution...
scbmc FULLCOV_mutant100002_merge_sorted_nodups.c maxcov.c --bounds-check --pointer-check -DSIZE=2 --unwind 5 --find-success -DCOVTARGET=12
Trying to find 11 covering execution...
scbmc FULLCOV_mutant100002_merge_sorted_nodups.c maxcov.c --bounds-check --pointer-check -DSIZE=2 --unwind 5 --find-success -DCOVTARGET=11
Trying to find 10 covering execution...
scbmc FULLCOV_mutant100002_merge_sorted_nodups.c maxcov.c --bounds-check --pointer-check -DSIZE=2 --unwind 5 --find-success -DCOVTARGET=10
Trying to find 9 covering execution...
scbmc FULLCOV_mutant100002_merge_sorted_nodups.c maxcov.c --bounds-check --pointer-check -DSIZE=2 --unwind 5 --find-success -DCOVTARGET=9
Trying to find 8 covering execution...
scbmc FULLCOV_mutant100002_merge_sorted_nodups.c maxcov.c --bounds-check --pointer-check -DSIZE=2 --unwind 5 --find-success -DCOVTARGET=8
Trying to find 7 covering execution...
scbmc FULLCOV_mutant100002_merge_sorted_nodups.c maxcov.c --bounds-check --pointer-check -DSIZE=2 --unwind 5 --find-success -DCOVTARGET=7
Trying to find 6 covering execution...
scbmc FULLCOV_mutant100002_merge_sorted_nodups.c maxcov.c --bounds-check --pointer-check -DSIZE=2 --unwind 5 --find-success -DCOVTARGET=6
Trying to find 5 covering execution...
scbmc FULLCOV_mutant100002_merge_sorted_nodups.c maxcov.c --bounds-check --pointer-check -DSIZE=2 --unwind 5 --find-success -DCOVTARGET=5
Trying to find 4 covering execution...
scbmc FULLCOV_mutant100002_merge_sorted_nodups.c maxcov.c --bounds-check --pointer-check -DSIZE=2 --unwind 5 --find-success -DCOVTARGET=4
Trying to find 3 covering execution...
scbmc FULLCOV_mutant100002_merge_sorted_nodups.c maxcov.c --bounds-check --pointer-check -DSIZE=2 --unwind 5 --find-success -DCOVTARGET=3
Trying to find 2 covering execution...
scbmc FULLCOV_mutant100002_merge_sorted_nodups.c maxcov.c --bounds-check --pointer-check -DSIZE=2 --unwind 5 --find-success -DCOVTARGET=2
Trying to find 1 covering execution...
scbmc FULLCOV_mutant100002_merge_sorted_nodups.c maxcov.c --bounds-check --pointer-check -DSIZE=2 --unwind 5 --find-success -DCOVTARGET=1
Can't cover mutant at all!
Analyzing mutant FULLCOV_mutant100003_merge_sorted_nodups.c
Trying to find 17 covering execution...
scbmc FULLCOV_mutant100003_merge_sorted_nodups.c maxcov.c --bounds-check --pointer-check -DSIZE=2 --unwind 5 --find-success -DCOVTARGET=17
Trying to find 16 covering execution...
scbmc FULLCOV_mutant100003_merge_sorted_nodups.c maxcov.c --bounds-check --pointer-check -DSIZE=2 --unwind 5 --find-success -DCOVTARGET=16
Trying to find 15 covering execution...
scbmc FULLCOV_mutant100003_merge_sorted_nodups.c maxcov.c --bounds-check --pointer-check -DSIZE=2 --unwind 5 --find-success -DCOVTARGET=15
Trying to find 14 covering execution...
scbmc FULLCOV_mutant100003_merge_sorted_nodups.c maxcov.c --bounds-check --pointer-check -DSIZE=2 --unwind 5 --find-success -DCOVTARGET=14
Trying to find 13 covering execution...
scbmc FULLCOV_mutant100003_merge_sorted_nodups.c maxcov.c --bounds-check --pointer-check -DSIZE=2 --unwind 5 --find-success -DCOVTARGET=13
Trying to find 12 covering execution...
scbmc FULLCOV_mutant100003_merge_sorted_nodups.c maxcov.c --bounds-check --pointer-check -DSIZE=2 --unwind 5 --find-success -DCOVTARGET=12
Trying to find 11 covering execution...
scbmc FULLCOV_mutant100003_merge_sorted_nodups.c maxcov.c --bounds-check --pointer-check -DSIZE=2 --unwind 5 --find-success -DCOVTARGET=11
Trying to find 10 covering execution...
scbmc FULLCOV_mutant100003_merge_sorted_nodups.c maxcov.c --bounds-check --pointer-check -DSIZE=2 --unwind 5 --find-success -DCOVTARGET=10
Trying to find 9 covering execution...
scbmc FULLCOV_mutant100003_merge_sorted_nodups.c maxcov.c --bounds-check --pointer-check -DSIZE=2 --unwind 5 --find-success -DCOVTARGET=9
Trying to find 8 covering execution...
scbmc FULLCOV_mutant100003_merge_sorted_nodups.c maxcov.c --bounds-check --pointer-check -DSIZE=2 --unwind 5 --find-success -DCOVTARGET=8
Trying to find 7 covering execution...
scbmc FULLCOV_mutant100003_merge_sorted_nodups.c maxcov.c --bounds-check --pointer-check -DSIZE=2 --unwind 5 --find-success -DCOVTARGET=7
Trying to find 6 covering execution...
scbmc FULLCOV_mutant100003_merge_sorted_nodups.c maxcov.c --bounds-check --pointer-check -DSIZE=2 --unwind 5 --find-success -DCOVTARGET=6
Trying to find 5 covering execution...
scbmc FULLCOV_mutant100003_merge_sorted_nodups.c maxcov.c --bounds-check --pointer-check -DSIZE=2 --unwind 5 --find-success -DCOVTARGET=5
Trying to find 4 covering execution...
scbmc FULLCOV_mutant100003_merge_sorted_nodups.c maxcov.c --bounds-check --pointer-check -DSIZE=2 --unwind 5 --find-success -DCOVTARGET=4
Trying to find 3 covering execution...
scbmc FULLCOV_mutant100003_merge_sorted_nodups.c maxcov.c --bounds-check --pointer-check -DSIZE=2 --unwind 5 --find-success -DCOVTARGET=3
Trying to find 2 covering execution...
scbmc FULLCOV_mutant100003_merge_sorted_nodups.c maxcov.c --bounds-check --pointer-check -DSIZE=2 --unwind 5 --find-success -DCOVTARGET=2
Trying to find 1 covering execution...
scbmc FULLCOV_mutant100003_merge_sorted_nodups.c maxcov.c --bounds-check --pointer-check -DSIZE=2 --unwind 5 --find-success -DCOVTARGET=1
Can't cover mutant at all!
Analyzing mutant FULLCOV_mutant100004_merge_sorted_nodups.c
Trying to find 17 covering execution...
scbmc FULLCOV_mutant100004_merge_sorted_nodups.c maxcov.c --bounds-check --pointer-check -DSIZE=2 --unwind 5 --find-success -DCOVTARGET=17
Successful!
Analyzing mutant FULLCOV_mutant100005_merge_sorted_nodups.c
Trying to find 17 covering execution...
scbmc FULLCOV_mutant100005_merge_sorted_nodups.c maxcov.c --bounds-check --pointer-check -DSIZE=2 --unwind 5 --find-success -DCOVTARGET=17
Trying to find 16 covering execution...
scbmc FULLCOV_mutant100005_merge_sorted_nodups.c maxcov.c --bounds-check --pointer-check -DSIZE=2 --unwind 5 --find-success -DCOVTARGET=16
Trying to find 15 covering execution...
scbmc FULLCOV_mutant100005_merge_sorted_nodups.c maxcov.c --bounds-check --pointer-check -DSIZE=2 --unwind 5 --find-success -DCOVTARGET=15
Trying to find 14 covering execution...
scbmc FULLCOV_mutant100005_merge_sorted_nodups.c maxcov.c --bounds-check --pointer-check -DSIZE=2 --unwind 5 --find-success -DCOVTARGET=14
Trying to find 13 covering execution...
scbmc FULLCOV_mutant100005_merge_sorted_nodups.c maxcov.c --bounds-check --pointer-check -DSIZE=2 --unwind 5 --find-success -DCOVTARGET=13
Trying to find 12 covering execution...
scbmc FULLCOV_mutant100005_merge_sorted_nodups.c maxcov.c --bounds-check --pointer-check -DSIZE=2 --unwind 5 --find-success -DCOVTARGET=12
Trying to find 11 covering execution...
scbmc FULLCOV_mutant100005_merge_sorted_nodups.c maxcov.c --bounds-check --pointer-check -DSIZE=2 --unwind 5 --find-success -DCOVTARGET=11
Trying to find 10 covering execution...
scbmc FULLCOV_mutant100005_merge_sorted_nodups.c maxcov.c --bounds-check --pointer-check -DSIZE=2 --unwind 5 --find-success -DCOVTARGET=10
Trying to find 9 covering execution...
scbmc FULLCOV_mutant100005_merge_sorted_nodups.c maxcov.c --bounds-check --pointer-check -DSIZE=2 --unwind 5 --find-success -DCOVTARGET=9
Trying to find 8 covering execution...
scbmc FULLCOV_mutant100005_merge_sorted_nodups.c maxcov.c --bounds-check --pointer-check -DSIZE=2 --unwind 5 --find-success -DCOVTARGET=8
Trying to find 7 covering execution...
scbmc FULLCOV_mutant100005_merge_sorted_nodups.c maxcov.c --bounds-check --pointer-check -DSIZE=2 --unwind 5 --find-success -DCOVTARGET=7
Trying to find 6 covering execution...
scbmc FULLCOV_mutant100005_merge_sorted_nodups.c maxcov.c --bounds-check --pointer-check -DSIZE=2 --unwind 5 --find-success -DCOVTARGET=6
Trying to find 5 covering execution...
scbmc FULLCOV_mutant100005_merge_sorted_nodups.c maxcov.c --bounds-check --pointer-check -DSIZE=2 --unwind 5 --find-success -DCOVTARGET=5
Trying to find 4 covering execution...
scbmc FULLCOV_mutant100005_merge_sorted_nodups.c maxcov.c --bounds-check --pointer-check -DSIZE=2 --unwind 5 --find-success -DCOVTARGET=4
Trying to find 3 covering execution...
scbmc FULLCOV_mutant100005_merge_sorted_nodups.c maxcov.c --bounds-check --pointer-check -DSIZE=2 --unwind 5 --find-success -DCOVTARGET=3
Trying to find 2 covering execution...
scbmc FULLCOV_mutant100005_merge_sorted_nodups.c maxcov.c --bounds-check --pointer-check -DSIZE=2 --unwind 5 --find-success -DCOVTARGET=2
Trying to find 1 covering execution...
scbmc FULLCOV_mutant100005_merge_sorted_nodups.c maxcov.c --bounds-check --pointer-check -DSIZE=2 --unwind 5 --find-success -DCOVTARGET=1
Can't cover mutant at all!
Analyzing mutant FULLCOV_mutant100006_merge_sorted_nodups.c
Trying to find 17 covering execution...
scbmc FULLCOV_mutant100006_merge_sorted_nodups.c maxcov.c --bounds-check --pointer-check -DSIZE=2 --unwind 5 --find-success -DCOVTARGET=17
Trying to find 16 covering execution...
scbmc FULLCOV_mutant100006_merge_sorted_nodups.c maxcov.c --bounds-check --pointer-check -DSIZE=2 --unwind 5 --find-success -DCOVTARGET=16
Trying to find 15 covering execution...
scbmc FULLCOV_mutant100006_merge_sorted_nodups.c maxcov.c --bounds-check --pointer-check -DSIZE=2 --unwind 5 --find-success -DCOVTARGET=15
Trying to find 14 covering execution...
scbmc FULLCOV_mutant100006_merge_sorted_nodups.c maxcov.c --bounds-check --pointer-check -DSIZE=2 --unwind 5 --find-success -DCOVTARGET=14
Trying to find 13 covering execution...
scbmc FULLCOV_mutant100006_merge_sorted_nodups.c maxcov.c --bounds-check --pointer-check -DSIZE=2 --unwind 5 --find-success -DCOVTARGET=13
Trying to find 12 covering execution...
scbmc FULLCOV_mutant100006_merge_sorted_nodups.c maxcov.c --bounds-check --pointer-check -DSIZE=2 --unwind 5 --find-success -DCOVTARGET=12
Trying to find 11 covering execution...
scbmc FULLCOV_mutant100006_merge_sorted_nodups.c maxcov.c --bounds-check --pointer-check -DSIZE=2 --unwind 5 --find-success -DCOVTARGET=11
Trying to find 10 covering execution...
scbmc FULLCOV_mutant100006_merge_sorted_nodups.c maxcov.c --bounds-check --pointer-check -DSIZE=2 --unwind 5 --find-success -DCOVTARGET=10
Trying to find 9 covering execution...
scbmc FULLCOV_mutant100006_merge_sorted_nodups.c maxcov.c --bounds-check --pointer-check -DSIZE=2 --unwind 5 --find-success -DCOVTARGET=9
Trying to find 8 covering execution...
scbmc FULLCOV_mutant100006_merge_sorted_nodups.c maxcov.c --bounds-check --pointer-check -DSIZE=2 --unwind 5 --find-success -DCOVTARGET=8
Trying to find 7 covering execution...
scbmc FULLCOV_mutant100006_merge_sorted_nodups.c maxcov.c --bounds-check --pointer-check -DSIZE=2 --unwind 5 --find-success -DCOVTARGET=7
Trying to find 6 covering execution...
scbmc FULLCOV_mutant100006_merge_sorted_nodups.c maxcov.c --bounds-check --pointer-check -DSIZE=2 --unwind 5 --find-success -DCOVTARGET=6
Trying to find 5 covering execution...
scbmc FULLCOV_mutant100006_merge_sorted_nodups.c maxcov.c --bounds-check --pointer-check -DSIZE=2 --unwind 5 --find-success -DCOVTARGET=5
Trying to find 4 covering execution...
scbmc FULLCOV_mutant100006_merge_sorted_nodups.c maxcov.c --bounds-check --pointer-check -DSIZE=2 --unwind 5 --find-success -DCOVTARGET=4
Trying to find 3 covering execution...
scbmc FULLCOV_mutant100006_merge_sorted_nodups.c maxcov.c --bounds-check --pointer-check -DSIZE=2 --unwind 5 --find-success -DCOVTARGET=3
Trying to find 2 covering execution...
scbmc FULLCOV_mutant100006_merge_sorted_nodups.c maxcov.c --bounds-check --pointer-check -DSIZE=2 --unwind 5 --find-success -DCOVTARGET=2
Trying to find 1 covering execution...
scbmc FULLCOV_mutant100006_merge_sorted_nodups.c maxcov.c --bounds-check --pointer-check -DSIZE=2 --unwind 5 --find-success -DCOVTARGET=1
Can't cover mutant at all!
Analyzing mutant FULLCOV_mutant100007_merge_sorted_nodups.c
Trying to find 17 covering execution...
scbmc FULLCOV_mutant100007_merge_sorted_nodups.c maxcov.c --bounds-check --pointer-check -DSIZE=2 --unwind 5 --find-success -DCOVTARGET=17
Trying to find 16 covering execution...
scbmc FULLCOV_mutant100007_merge_sorted_nodups.c maxcov.c --bounds-check --pointer-check -DSIZE=2 --unwind 5 --find-success -DCOVTARGET=16
Trying to find 15 covering execution...
scbmc FULLCOV_mutant100007_merge_sorted_nodups.c maxcov.c --bounds-check --pointer-check -DSIZE=2 --unwind 5 --find-success -DCOVTARGET=15
Trying to find 14 covering execution...
scbmc FULLCOV_mutant100007_merge_sorted_nodups.c maxcov.c --bounds-check --pointer-check -DSIZE=2 --unwind 5 --find-success -DCOVTARGET=14
Trying to find 13 covering execution...
scbmc FULLCOV_mutant100007_merge_sorted_nodups.c maxcov.c --bounds-check --pointer-check -DSIZE=2 --unwind 5 --find-success -DCOVTARGET=13
Trying to find 12 covering execution...
scbmc FULLCOV_mutant100007_merge_sorted_nodups.c maxcov.c --bounds-check --pointer-check -DSIZE=2 --unwind 5 --find-success -DCOVTARGET=12
Trying to find 11 covering execution...
scbmc FULLCOV_mutant100007_merge_sorted_nodups.c maxcov.c --bounds-check --pointer-check -DSIZE=2 --unwind 5 --find-success -DCOVTARGET=11
Trying to find 10 covering execution...
scbmc FULLCOV_mutant100007_merge_sorted_nodups.c maxcov.c --bounds-check --pointer-check -DSIZE=2 --unwind 5 --find-success -DCOVTARGET=10
Trying to find 9 covering execution...
scbmc FULLCOV_mutant100007_merge_sorted_nodups.c maxcov.c --bounds-check --pointer-check -DSIZE=2 --unwind 5 --find-success -DCOVTARGET=9
Trying to find 8 covering execution...
scbmc FULLCOV_mutant100007_merge_sorted_nodups.c maxcov.c --bounds-check --pointer-check -DSIZE=2 --unwind 5 --find-success -DCOVTARGET=8
Trying to find 7 covering execution...
scbmc FULLCOV_mutant100007_merge_sorted_nodups.c maxcov.c --bounds-check --pointer-check -DSIZE=2 --unwind 5 --find-success -DCOVTARGET=7
Trying to find 6 covering execution...
scbmc FULLCOV_mutant100007_merge_sorted_nodups.c maxcov.c --bounds-check --pointer-check -DSIZE=2 --unwind 5 --find-success -DCOVTARGET=6
Successful!
Analyzing mutant FULLCOV_mutant100008_merge_sorted_nodups.c
Trying to find 17 covering execution...
scbmc FULLCOV_mutant100008_merge_sorted_nodups.c maxcov.c --bounds-check --pointer-check -DSIZE=2 --unwind 5 --find-success -DCOVTARGET=17
Successful!
Analyzing mutant FULLCOV_mutant100009_merge_sorted_nodups.c
Trying to find 17 covering execution...
scbmc FULLCOV_mutant100009_merge_sorted_nodups.c maxcov.c --bounds-check --pointer-check -DSIZE=2 --unwind 5 --find-success -DCOVTARGET=17
Trying to find 16 covering execution...
scbmc FULLCOV_mutant100009_merge_sorted_nodups.c maxcov.c --bounds-check --pointer-check -DSIZE=2 --unwind 5 --find-success -DCOVTARGET=16
Trying to find 15 covering execution...
scbmc FULLCOV_mutant100009_merge_sorted_nodups.c maxcov.c --bounds-check --pointer-check -DSIZE=2 --unwind 5 --find-success -DCOVTARGET=15
Trying to find 14 covering execution...
scbmc FULLCOV_mutant100009_merge_sorted_nodups.c maxcov.c --bounds-check --pointer-check -DSIZE=2 --unwind 5 --find-success -DCOVTARGET=14
Trying to find 13 covering execution...
scbmc FULLCOV_mutant100009_merge_sorted_nodups.c maxcov.c --bounds-check --pointer-check -DSIZE=2 --unwind 5 --find-success -DCOVTARGET=13
Trying to find 12 covering execution...
scbmc FULLCOV_mutant100009_merge_sorted_nodups.c maxcov.c --bounds-check --pointer-check -DSIZE=2 --unwind 5 --find-success -DCOVTARGET=12
Trying to find 11 covering execution...
scbmc FULLCOV_mutant100009_merge_sorted_nodups.c maxcov.c --bounds-check --pointer-check -DSIZE=2 --unwind 5 --find-success -DCOVTARGET=11
Trying to find 10 covering execution...
scbmc FULLCOV_mutant100009_merge_sorted_nodups.c maxcov.c --bounds-check --pointer-check -DSIZE=2 --unwind 5 --find-success -DCOVTARGET=10
Trying to find 9 covering execution...
scbmc FULLCOV_mutant100009_merge_sorted_nodups.c maxcov.c --bounds-check --pointer-check -DSIZE=2 --unwind 5 --find-success -DCOVTARGET=9
Trying to find 8 covering execution...
scbmc FULLCOV_mutant100009_merge_sorted_nodups.c maxcov.c --bounds-check --pointer-check -DSIZE=2 --unwind 5 --find-success -DCOVTARGET=8
Trying to find 7 covering execution...
scbmc FULLCOV_mutant100009_merge_sorted_nodups.c maxcov.c --bounds-check --pointer-check -DSIZE=2 --unwind 5 --find-success -DCOVTARGET=7
Trying to find 6 covering execution...
scbmc FULLCOV_mutant100009_merge_sorted_nodups.c maxcov.c --bounds-check --pointer-check -DSIZE=2 --unwind 5 --find-success -DCOVTARGET=6
Successful!
Analyzing mutant FULLCOV_mutant100010_merge_sorted_nodups.c
Trying to find 17 covering execution...
scbmc FULLCOV_mutant100010_merge_sorted_nodups.c maxcov.c --bounds-check --pointer-check -DSIZE=2 --unwind 5 --find-success -DCOVTARGET=17
Trying to find 16 covering execution...
scbmc FULLCOV_mutant100010_merge_sorted_nodups.c maxcov.c --bounds-check --pointer-check -DSIZE=2 --unwind 5 --find-success -DCOVTARGET=16
Trying to find 15 covering execution...
scbmc FULLCOV_mutant100010_merge_sorted_nodups.c maxcov.c --bounds-check --pointer-check -DSIZE=2 --unwind 5 --find-success -DCOVTARGET=15
Trying to find 14 covering execution...
scbmc FULLCOV_mutant100010_merge_sorted_nodups.c maxcov.c --bounds-check --pointer-check -DSIZE=2 --unwind 5 --find-success -DCOVTARGET=14
Trying to find 13 covering execution...
scbmc FULLCOV_mutant100010_merge_sorted_nodups.c maxcov.c --bounds-check --pointer-check -DSIZE=2 --unwind 5 --find-success -DCOVTARGET=13
Trying to find 12 covering execution...
scbmc FULLCOV_mutant100010_merge_sorted_nodups.c maxcov.c --bounds-check --pointer-check -DSIZE=2 --unwind 5 --find-success -DCOVTARGET=12
Trying to find 11 covering execution...
scbmc FULLCOV_mutant100010_merge_sorted_nodups.c maxcov.c --bounds-check --pointer-check -DSIZE=2 --unwind 5 --find-success -DCOVTARGET=11
Trying to find 10 covering execution...
scbmc FULLCOV_mutant100010_merge_sorted_nodups.c maxcov.c --bounds-check --pointer-check -DSIZE=2 --unwind 5 --find-success -DCOVTARGET=10
Trying to find 9 covering execution...
scbmc FULLCOV_mutant100010_merge_sorted_nodups.c maxcov.c --bounds-check --pointer-check -DSIZE=2 --unwind 5 --find-success -DCOVTARGET=9
Trying to find 8 covering execution...
scbmc FULLCOV_mutant100010_merge_sorted_nodups.c maxcov.c --bounds-check --pointer-check -DSIZE=2 --unwind 5 --find-success -DCOVTARGET=8
Trying to find 7 covering execution...
scbmc FULLCOV_mutant100010_merge_sorted_nodups.c maxcov.c --bounds-check --pointer-check -DSIZE=2 --unwind 5 --find-success -DCOVTARGET=7
Trying to find 6 covering execution...
scbmc FULLCOV_mutant100010_merge_sorted_nodups.c maxcov.c --bounds-check --pointer-check -DSIZE=2 --unwind 5 --find-success -DCOVTARGET=6
Successful!
Analyzing mutant FULLCOV_mutant100011_merge_sorted_nodups.c
Trying to find 17 covering execution...
scbmc FULLCOV_mutant100011_merge_sorted_nodups.c maxcov.c --bounds-check --pointer-check -DSIZE=2 --unwind 5 --find-success -DCOVTARGET=17
Trying to find 16 covering execution...
scbmc FULLCOV_mutant100011_merge_sorted_nodups.c maxcov.c --bounds-check --pointer-check -DSIZE=2 --unwind 5 --find-success -DCOVTARGET=16
Trying to find 15 covering execution...
scbmc FULLCOV_mutant100011_merge_sorted_nodups.c maxcov.c --bounds-check --pointer-check -DSIZE=2 --unwind 5 --find-success -DCOVTARGET=15
Trying to find 14 covering execution...
scbmc FULLCOV_mutant100011_merge_sorted_nodups.c maxcov.c --bounds-check --pointer-check -DSIZE=2 --unwind 5 --find-success -DCOVTARGET=14
Trying to find 13 covering execution...
scbmc FULLCOV_mutant100011_merge_sorted_nodups.c maxcov.c --bounds-check --pointer-check -DSIZE=2 --unwind 5 --find-success -DCOVTARGET=13
Trying to find 12 covering execution...
scbmc FULLCOV_mutant100011_merge_sorted_nodups.c maxcov.c --bounds-check --pointer-check -DSIZE=2 --unwind 5 --find-success -DCOVTARGET=12
Trying to find 11 covering execution...
scbmc FULLCOV_mutant100011_merge_sorted_nodups.c maxcov.c --bounds-check --pointer-check -DSIZE=2 --unwind 5 --find-success -DCOVTARGET=11
Trying to find 10 covering execution...
scbmc FULLCOV_mutant100011_merge_sorted_nodups.c maxcov.c --bounds-check --pointer-check -DSIZE=2 --unwind 5 --find-success -DCOVTARGET=10
Trying to find 9 covering execution...
scbmc FULLCOV_mutant100011_merge_sorted_nodups.c maxcov.c --bounds-check --pointer-check -DSIZE=2 --unwind 5 --find-success -DCOVTARGET=9
Trying to find 8 covering execution...
scbmc FULLCOV_mutant100011_merge_sorted_nodups.c maxcov.c --bounds-check --pointer-check -DSIZE=2 --unwind 5 --find-success -DCOVTARGET=8
Trying to find 7 covering execution...
scbmc FULLCOV_mutant100011_merge_sorted_nodups.c maxcov.c --bounds-check --pointer-check -DSIZE=2 --unwind 5 --find-success -DCOVTARGET=7
Trying to find 6 covering execution...
scbmc FULLCOV_mutant100011_merge_sorted_nodups.c maxcov.c --bounds-check --pointer-check -DSIZE=2 --unwind 5 --find-success -DCOVTARGET=6
Trying to find 5 covering execution...
scbmc FULLCOV_mutant100011_merge_sorted_nodups.c maxcov.c --bounds-check --pointer-check -DSIZE=2 --unwind 5 --find-success -DCOVTARGET=5
Trying to find 4 covering execution...
scbmc FULLCOV_mutant100011_merge_sorted_nodups.c maxcov.c --bounds-check --pointer-check -DSIZE=2 --unwind 5 --find-success -DCOVTARGET=4
Trying to find 3 covering execution...
scbmc FULLCOV_mutant100011_merge_sorted_nodups.c maxcov.c --bounds-check --pointer-check -DSIZE=2 --unwind 5 --find-success -DCOVTARGET=3
Trying to find 2 covering execution...
scbmc FULLCOV_mutant100011_merge_sorted_nodups.c maxcov.c --bounds-check --pointer-check -DSIZE=2 --unwind 5 --find-success -DCOVTARGET=2
Trying to find 1 covering execution...
scbmc FULLCOV_mutant100011_merge_sorted_nodups.c maxcov.c --bounds-check --pointer-check -DSIZE=2 --unwind 5 --find-success -DCOVTARGET=1
Can't cover mutant at all!
Analyzing mutant FULLCOV_mutant100012_merge_sorted_nodups.c
Trying to find 17 covering execution...
scbmc FULLCOV_mutant100012_merge_sorted_nodups.c maxcov.c --bounds-check --pointer-check -DSIZE=2 --unwind 5 --find-success -DCOVTARGET=17
Trying to find 16 covering execution...
scbmc FULLCOV_mutant100012_merge_sorted_nodups.c maxcov.c --bounds-check --pointer-check -DSIZE=2 --unwind 5 --find-success -DCOVTARGET=16
Trying to find 15 covering execution...
scbmc FULLCOV_mutant100012_merge_sorted_nodups.c maxcov.c --bounds-check --pointer-check -DSIZE=2 --unwind 5 --find-success -DCOVTARGET=15
Trying to find 14 covering execution...
scbmc FULLCOV_mutant100012_merge_sorted_nodups.c maxcov.c --bounds-check --pointer-check -DSIZE=2 --unwind 5 --find-success -DCOVTARGET=14
Trying to find 13 covering execution...
scbmc FULLCOV_mutant100012_merge_sorted_nodups.c maxcov.c --bounds-check --pointer-check -DSIZE=2 --unwind 5 --find-success -DCOVTARGET=13
Trying to find 12 covering execution...
scbmc FULLCOV_mutant100012_merge_sorted_nodups.c maxcov.c --bounds-check --pointer-check -DSIZE=2 --unwind 5 --find-success -DCOVTARGET=12
Trying to find 11 covering execution...
scbmc FULLCOV_mutant100012_merge_sorted_nodups.c maxcov.c --bounds-check --pointer-check -DSIZE=2 --unwind 5 --find-success -DCOVTARGET=11
Trying to find 10 covering execution...
scbmc FULLCOV_mutant100012_merge_sorted_nodups.c maxcov.c --bounds-check --pointer-check -DSIZE=2 --unwind 5 --find-success -DCOVTARGET=10
Trying to find 9 covering execution...
scbmc FULLCOV_mutant100012_merge_sorted_nodups.c maxcov.c --bounds-check --pointer-check -DSIZE=2 --unwind 5 --find-success -DCOVTARGET=9
Trying to find 8 covering execution...
scbmc FULLCOV_mutant100012_merge_sorted_nodups.c maxcov.c --bounds-check --pointer-check -DSIZE=2 --unwind 5 --find-success -DCOVTARGET=8
Trying to find 7 covering execution...
scbmc FULLCOV_mutant100012_merge_sorted_nodups.c maxcov.c --bounds-check --pointer-check -DSIZE=2 --unwind 5 --find-success -DCOVTARGET=7
Trying to find 6 covering execution...
scbmc FULLCOV_mutant100012_merge_sorted_nodups.c maxcov.c --bounds-check --pointer-check -DSIZE=2 --unwind 5 --find-success -DCOVTARGET=6
Trying to find 5 covering execution...
scbmc FULLCOV_mutant100012_merge_sorted_nodups.c maxcov.c --bounds-check --pointer-check -DSIZE=2 --unwind 5 --find-success -DCOVTARGET=5
Trying to find 4 covering execution...
scbmc FULLCOV_mutant100012_merge_sorted_nodups.c maxcov.c --bounds-check --pointer-check -DSIZE=2 --unwind 5 --find-success -DCOVTARGET=4
Trying to find 3 covering execution...
scbmc FULLCOV_mutant100012_merge_sorted_nodups.c maxcov.c --bounds-check --pointer-check -DSIZE=2 --unwind 5 --find-success -DCOVTARGET=3
Trying to find 2 covering execution...
scbmc FULLCOV_mutant100012_merge_sorted_nodups.c maxcov.c --bounds-check --pointer-check -DSIZE=2 --unwind 5 --find-success -DCOVTARGET=2
Trying to find 1 covering execution...
scbmc FULLCOV_mutant100012_merge_sorted_nodups.c maxcov.c --bounds-check --pointer-check -DSIZE=2 --unwind 5 --find-success -DCOVTARGET=1
Can't cover mutant at all!
Analyzing mutant FULLCOV_mutant100013_merge_sorted_nodups.c
Trying to find 17 covering execution...
scbmc FULLCOV_mutant100013_merge_sorted_nodups.c maxcov.c --bounds-check --pointer-check -DSIZE=2 --unwind 5 --find-success -DCOVTARGET=17
Trying to find 16 covering execution...
scbmc FULLCOV_mutant100013_merge_sorted_nodups.c maxcov.c --bounds-check --pointer-check -DSIZE=2 --unwind 5 --find-success -DCOVTARGET=16
Trying to find 15 covering execution...
scbmc FULLCOV_mutant100013_merge_sorted_nodups.c maxcov.c --bounds-check --pointer-check -DSIZE=2 --unwind 5 --find-success -DCOVTARGET=15
Trying to find 14 covering execution...
scbmc FULLCOV_mutant100013_merge_sorted_nodups.c maxcov.c --bounds-check --pointer-check -DSIZE=2 --unwind 5 --find-success -DCOVTARGET=14
Trying to find 13 covering execution...
scbmc FULLCOV_mutant100013_merge_sorted_nodups.c maxcov.c --bounds-check --pointer-check -DSIZE=2 --unwind 5 --find-success -DCOVTARGET=13
Trying to find 12 covering execution...
scbmc FULLCOV_mutant100013_merge_sorted_nodups.c maxcov.c --bounds-check --pointer-check -DSIZE=2 --unwind 5 --find-success -DCOVTARGET=12
Trying to find 11 covering execution...
scbmc FULLCOV_mutant100013_merge_sorted_nodups.c maxcov.c --bounds-check --pointer-check -DSIZE=2 --unwind 5 --find-success -DCOVTARGET=11
Trying to find 10 covering execution...
scbmc FULLCOV_mutant100013_merge_sorted_nodups.c maxcov.c --bounds-check --pointer-check -DSIZE=2 --unwind 5 --find-success -DCOVTARGET=10
Trying to find 9 covering execution...
scbmc FULLCOV_mutant100013_merge_sorted_nodups.c maxcov.c --bounds-check --pointer-check -DSIZE=2 --unwind 5 --find-success -DCOVTARGET=9
Trying to find 8 covering execution...
scbmc FULLCOV_mutant100013_merge_sorted_nodups.c maxcov.c --bounds-check --pointer-check -DSIZE=2 --unwind 5 --find-success -DCOVTARGET=8
Trying to find 7 covering execution...
scbmc FULLCOV_mutant100013_merge_sorted_nodups.c maxcov.c --bounds-check --pointer-check -DSIZE=2 --unwind 5 --find-success -DCOVTARGET=7
Trying to find 6 covering execution...
scbmc FULLCOV_mutant100013_merge_sorted_nodups.c maxcov.c --bounds-check --pointer-check -DSIZE=2 --unwind 5 --find-success -DCOVTARGET=6
Successful!
Analyzing mutant FULLCOV_mutant100014_merge_sorted_nodups.c
Trying to find 17 covering execution...
scbmc FULLCOV_mutant100014_merge_sorted_nodups.c maxcov.c --bounds-check --pointer-check -DSIZE=2 --unwind 5 --find-success -DCOVTARGET=17
Trying to find 16 covering execution...
scbmc FULLCOV_mutant100014_merge_sorted_nodups.c maxcov.c --bounds-check --pointer-check -DSIZE=2 --unwind 5 --find-success -DCOVTARGET=16
Trying to find 15 covering execution...
scbmc FULLCOV_mutant100014_merge_sorted_nodups.c maxcov.c --bounds-check --pointer-check -DSIZE=2 --unwind 5 --find-success -DCOVTARGET=15
Trying to find 14 covering execution...
scbmc FULLCOV_mutant100014_merge_sorted_nodups.c maxcov.c --bounds-check --pointer-check -DSIZE=2 --unwind 5 --find-success -DCOVTARGET=14
Trying to find 13 covering execution...
scbmc FULLCOV_mutant100014_merge_sorted_nodups.c maxcov.c --bounds-check --pointer-check -DSIZE=2 --unwind 5 --find-success -DCOVTARGET=13
Trying to find 12 covering execution...
scbmc FULLCOV_mutant100014_merge_sorted_nodups.c maxcov.c --bounds-check --pointer-check -DSIZE=2 --unwind 5 --find-success -DCOVTARGET=12
Trying to find 11 covering execution...
scbmc FULLCOV_mutant100014_merge_sorted_nodups.c maxcov.c --bounds-check --pointer-check -DSIZE=2 --unwind 5 --find-success -DCOVTARGET=11
Trying to find 10 covering execution...
scbmc FULLCOV_mutant100014_merge_sorted_nodups.c maxcov.c --bounds-check --pointer-check -DSIZE=2 --unwind 5 --find-success -DCOVTARGET=10
Trying to find 9 covering execution...
scbmc FULLCOV_mutant100014_merge_sorted_nodups.c maxcov.c --bounds-check --pointer-check -DSIZE=2 --unwind 5 --find-success -DCOVTARGET=9
Trying to find 8 covering execution...
scbmc FULLCOV_mutant100014_merge_sorted_nodups.c maxcov.c --bounds-check --pointer-check -DSIZE=2 --unwind 5 --find-success -DCOVTARGET=8
Trying to find 7 covering execution...
scbmc FULLCOV_mutant100014_merge_sorted_nodups.c maxcov.c --bounds-check --pointer-check -DSIZE=2 --unwind 5 --find-success -DCOVTARGET=7
Trying to find 6 covering execution...
scbmc FULLCOV_mutant100014_merge_sorted_nodups.c maxcov.c --bounds-check --pointer-check -DSIZE=2 --unwind 5 --find-success -DCOVTARGET=6
Trying to find 5 covering execution...
scbmc FULLCOV_mutant100014_merge_sorted_nodups.c maxcov.c --bounds-check --pointer-check -DSIZE=2 --unwind 5 --find-success -DCOVTARGET=5
Trying to find 4 covering execution...
scbmc FULLCOV_mutant100014_merge_sorted_nodups.c maxcov.c --bounds-check --pointer-check -DSIZE=2 --unwind 5 --find-success -DCOVTARGET=4
Trying to find 3 covering execution...
scbmc FULLCOV_mutant100014_merge_sorted_nodups.c maxcov.c --bounds-check --pointer-check -DSIZE=2 --unwind 5 --find-success -DCOVTARGET=3
Trying to find 2 covering execution...
scbmc FULLCOV_mutant100014_merge_sorted_nodups.c maxcov.c --bounds-check --pointer-check -DSIZE=2 --unwind 5 --find-success -DCOVTARGET=2
Trying to find 1 covering execution...
scbmc FULLCOV_mutant100014_merge_sorted_nodups.c maxcov.c --bounds-check --pointer-check -DSIZE=2 --unwind 5 --find-success -DCOVTARGET=1
Can't cover mutant at all!
Analyzing mutant FULLCOV_mutant100015_merge_sorted_nodups.c
Trying to find 17 covering execution...
scbmc FULLCOV_mutant100015_merge_sorted_nodups.c maxcov.c --bounds-check --pointer-check -DSIZE=2 --unwind 5 --find-success -DCOVTARGET=17
Successful!
Analyzing mutant FULLCOV_mutant100016_merge_sorted_nodups.c
Trying to find 17 covering execution...
scbmc FULLCOV_mutant100016_merge_sorted_nodups.c maxcov.c --bounds-check --pointer-check -DSIZE=2 --unwind 5 --find-success -DCOVTARGET=17
Successful!
Analyzing mutant FULLCOV_mutant100017_merge_sorted_nodups.c
Trying to find 17 covering execution...
scbmc FULLCOV_mutant100017_merge_sorted_nodups.c maxcov.c --bounds-check --pointer-check -DSIZE=2 --unwind 5 --find-success -DCOVTARGET=17
Successful!
Analyzing mutant FULLCOV_mutant100018_merge_sorted_nodups.c
Trying to find 17 covering execution...
scbmc FULLCOV_mutant100018_merge_sorted_nodups.c maxcov.c --bounds-check --pointer-check -DSIZE=2 --unwind 5 --find-success -DCOVTARGET=17
Successful!
Analyzing mutant FULLCOV_mutant100019_merge_sorted_nodups.c
Trying to find 17 covering execution...
scbmc FULLCOV_mutant100019_merge_sorted_nodups.c maxcov.c --bounds-check --pointer-check -DSIZE=2 --unwind 5 --find-success -DCOVTARGET=17
Successful!
Analyzing mutant FULLCOV_mutant100020_merge_sorted_nodups.c
Trying to find 17 covering execution...
scbmc FULLCOV_mutant100020_merge_sorted_nodups.c maxcov.c --bounds-check --pointer-check -DSIZE=2 --unwind 5 --find-success -DCOVTARGET=17
Successful!
Analyzing mutant FULLCOV_mutant100021_merge_sorted_nodups.c
Trying to find 17 covering execution...
scbmc FULLCOV_mutant100021_merge_sorted_nodups.c maxcov.c --bounds-check --pointer-check -DSIZE=2 --unwind 5 --find-success -DCOVTARGET=17
Successful!
Analyzing mutant FULLCOV_mutant100022_merge_sorted_nodups.c
Trying to find 17 covering execution...
scbmc FULLCOV_mutant100022_merge_sorted_nodups.c maxcov.c --bounds-check --pointer-check -DSIZE=2 --unwind 5 --find-success -DCOVTARGET=17
Trying to find 16 covering execution...
scbmc FULLCOV_mutant100022_merge_sorted_nodups.c maxcov.c --bounds-check --pointer-check -DSIZE=2 --unwind 5 --find-success -DCOVTARGET=16
Trying to find 15 covering execution...
scbmc FULLCOV_mutant100022_merge_sorted_nodups.c maxcov.c --bounds-check --pointer-check -DSIZE=2 --unwind 5 --find-success -DCOVTARGET=15
Trying to find 14 covering execution...
scbmc FULLCOV_mutant100022_merge_sorted_nodups.c maxcov.c --bounds-check --pointer-check -DSIZE=2 --unwind 5 --find-success -DCOVTARGET=14
Trying to find 13 covering execution...
scbmc FULLCOV_mutant100022_merge_sorted_nodups.c maxcov.c --bounds-check --pointer-check -DSIZE=2 --unwind 5 --find-success -DCOVTARGET=13
Trying to find 12 covering execution...
scbmc FULLCOV_mutant100022_merge_sorted_nodups.c maxcov.c --bounds-check --pointer-check -DSIZE=2 --unwind 5 --find-success -DCOVTARGET=12
Trying to find 11 covering execution...
scbmc FULLCOV_mutant100022_merge_sorted_nodups.c maxcov.c --bounds-check --pointer-check -DSIZE=2 --unwind 5 --find-success -DCOVTARGET=11
Trying to find 10 covering execution...
scbmc FULLCOV_mutant100022_merge_sorted_nodups.c maxcov.c --bounds-check --pointer-check -DSIZE=2 --unwind 5 --find-success -DCOVTARGET=10
Trying to find 9 covering execution...
scbmc FULLCOV_mutant100022_merge_sorted_nodups.c maxcov.c --bounds-check --pointer-check -DSIZE=2 --unwind 5 --find-success -DCOVTARGET=9
Trying to find 8 covering execution...
scbmc FULLCOV_mutant100022_merge_sorted_nodups.c maxcov.c --bounds-check --pointer-check -DSIZE=2 --unwind 5 --find-success -DCOVTARGET=8
Trying to find 7 covering execution...
scbmc FULLCOV_mutant100022_merge_sorted_nodups.c maxcov.c --bounds-check --pointer-check -DSIZE=2 --unwind 5 --find-success -DCOVTARGET=7
Trying to find 6 covering execution...
scbmc FULLCOV_mutant100022_merge_sorted_nodups.c maxcov.c --bounds-check --pointer-check -DSIZE=2 --unwind 5 --find-success -DCOVTARGET=6
Trying to find 5 covering execution...
scbmc FULLCOV_mutant100022_merge_sorted_nodups.c maxcov.c --bounds-check --pointer-check -DSIZE=2 --unwind 5 --find-success -DCOVTARGET=5
Trying to find 4 covering execution...
scbmc FULLCOV_mutant100022_merge_sorted_nodups.c maxcov.c --bounds-check --pointer-check -DSIZE=2 --unwind 5 --find-success -DCOVTARGET=4
Trying to find 3 covering execution...
scbmc FULLCOV_mutant100022_merge_sorted_nodups.c maxcov.c --bounds-check --pointer-check -DSIZE=2 --unwind 5 --find-success -DCOVTARGET=3
Trying to find 2 covering execution...
scbmc FULLCOV_mutant100022_merge_sorted_nodups.c maxcov.c --bounds-check --pointer-check -DSIZE=2 --unwind 5 --find-success -DCOVTARGET=2
Trying to find 1 covering execution...
scbmc FULLCOV_mutant100022_merge_sorted_nodups.c maxcov.c --bounds-check --pointer-check -DSIZE=2 --unwind 5 --find-success -DCOVTARGET=1
Can't cover mutant at all!
Analyzing mutant FULLCOV_mutant100023_merge_sorted_nodups.c
Trying to find 17 covering execution...
scbmc FULLCOV_mutant100023_merge_sorted_nodups.c maxcov.c --bounds-check --pointer-check -DSIZE=2 --unwind 5 --find-success -DCOVTARGET=17
Successful!
Analyzing mutant FULLCOV_mutant100024_merge_sorted_nodups.c
Trying to find 17 covering execution...
scbmc FULLCOV_mutant100024_merge_sorted_nodups.c maxcov.c --bounds-check --pointer-check -DSIZE=2 --unwind 5 --find-success -DCOVTARGET=17
Successful!
Analyzing mutant FULLCOV_mutant100025_merge_sorted_nodups.c
Trying to find 17 covering execution...
scbmc FULLCOV_mutant100025_merge_sorted_nodups.c maxcov.c --bounds-check --pointer-check -DSIZE=2 --unwind 5 --find-success -DCOVTARGET=17
Trying to find 16 covering execution...
scbmc FULLCOV_mutant100025_merge_sorted_nodups.c maxcov.c --bounds-check --pointer-check -DSIZE=2 --unwind 5 --find-success -DCOVTARGET=16
Trying to find 15 covering execution...
scbmc FULLCOV_mutant100025_merge_sorted_nodups.c maxcov.c --bounds-check --pointer-check -DSIZE=2 --unwind 5 --find-success -DCOVTARGET=15
Trying to find 14 covering execution...
scbmc FULLCOV_mutant100025_merge_sorted_nodups.c maxcov.c --bounds-check --pointer-check -DSIZE=2 --unwind 5 --find-success -DCOVTARGET=14
Trying to find 13 covering execution...
scbmc FULLCOV_mutant100025_merge_sorted_nodups.c maxcov.c --bounds-check --pointer-check -DSIZE=2 --unwind 5 --find-success -DCOVTARGET=13
Trying to find 12 covering execution...
scbmc FULLCOV_mutant100025_merge_sorted_nodups.c maxcov.c --bounds-check --pointer-check -DSIZE=2 --unwind 5 --find-success -DCOVTARGET=12
Trying to find 11 covering execution...
scbmc FULLCOV_mutant100025_merge_sorted_nodups.c maxcov.c --bounds-check --pointer-check -DSIZE=2 --unwind 5 --find-success -DCOVTARGET=11
Trying to find 10 covering execution...
scbmc FULLCOV_mutant100025_merge_sorted_nodups.c maxcov.c --bounds-check --pointer-check -DSIZE=2 --unwind 5 --find-success -DCOVTARGET=10
Trying to find 9 covering execution...
scbmc FULLCOV_mutant100025_merge_sorted_nodups.c maxcov.c --bounds-check --pointer-check -DSIZE=2 --unwind 5 --find-success -DCOVTARGET=9
Trying to find 8 covering execution...
scbmc FULLCOV_mutant100025_merge_sorted_nodups.c maxcov.c --bounds-check --pointer-check -DSIZE=2 --unwind 5 --find-success -DCOVTARGET=8
Trying to find 7 covering execution...
scbmc FULLCOV_mutant100025_merge_sorted_nodups.c maxcov.c --bounds-check --pointer-check -DSIZE=2 --unwind 5 --find-success -DCOVTARGET=7
Trying to find 6 covering execution...
scbmc FULLCOV_mutant100025_merge_sorted_nodups.c maxcov.c --bounds-check --pointer-check -DSIZE=2 --unwind 5 --find-success -DCOVTARGET=6
Trying to find 5 covering execution...
scbmc FULLCOV_mutant100025_merge_sorted_nodups.c maxcov.c --bounds-check --pointer-check -DSIZE=2 --unwind 5 --find-success -DCOVTARGET=5
Trying to find 4 covering execution...
scbmc FULLCOV_mutant100025_merge_sorted_nodups.c maxcov.c --bounds-check --pointer-check -DSIZE=2 --unwind 5 --find-success -DCOVTARGET=4
Trying to find 3 covering execution...
scbmc FULLCOV_mutant100025_merge_sorted_nodups.c maxcov.c --bounds-check --pointer-check -DSIZE=2 --unwind 5 --find-success -DCOVTARGET=3
Trying to find 2 covering execution...
scbmc FULLCOV_mutant100025_merge_sorted_nodups.c maxcov.c --bounds-check --pointer-check -DSIZE=2 --unwind 5 --find-success -DCOVTARGET=2
Trying to find 1 covering execution...
scbmc FULLCOV_mutant100025_merge_sorted_nodups.c maxcov.c --bounds-check --pointer-check -DSIZE=2 --unwind 5 --find-success -DCOVTARGET=1
Can't cover mutant at all!
Analyzing mutant FULLCOV_mutant100026_merge_sorted_nodups.c
Trying to find 17 covering execution...
scbmc FULLCOV_mutant100026_merge_sorted_nodups.c maxcov.c --bounds-check --pointer-check -DSIZE=2 --unwind 5 --find-success -DCOVTARGET=17
Successful!
Analyzing mutant FULLCOV_mutant100027_merge_sorted_nodups.c
Trying to find 17 covering execution...
scbmc FULLCOV_mutant100027_merge_sorted_nodups.c maxcov.c --bounds-check --pointer-check -DSIZE=2 --unwind 5 --find-success -DCOVTARGET=17
Successful!
Analyzing mutant FULLCOV_mutant100028_merge_sorted_nodups.c
Trying to find 17 covering execution...
scbmc FULLCOV_mutant100028_merge_sorted_nodups.c maxcov.c --bounds-check --pointer-check -DSIZE=2 --unwind 5 --find-success -DCOVTARGET=17
Trying to find 16 covering execution...
scbmc FULLCOV_mutant100028_merge_sorted_nodups.c maxcov.c --bounds-check --pointer-check -DSIZE=2 --unwind 5 --find-success -DCOVTARGET=16
Trying to find 15 covering execution...
scbmc FULLCOV_mutant100028_merge_sorted_nodups.c maxcov.c --bounds-check --pointer-check -DSIZE=2 --unwind 5 --find-success -DCOVTARGET=15
Trying to find 14 covering execution...
scbmc FULLCOV_mutant100028_merge_sorted_nodups.c maxcov.c --bounds-check --pointer-check -DSIZE=2 --unwind 5 --find-success -DCOVTARGET=14
Trying to find 13 covering execution...
scbmc FULLCOV_mutant100028_merge_sorted_nodups.c maxcov.c --bounds-check --pointer-check -DSIZE=2 --unwind 5 --find-success -DCOVTARGET=13
Successful!
Analyzing mutant FULLCOV_mutant100029_merge_sorted_nodups.c
Trying to find 17 covering execution...
scbmc FULLCOV_mutant100029_merge_sorted_nodups.c maxcov.c --bounds-check --pointer-check -DSIZE=2 --unwind 5 --find-success -DCOVTARGET=17
Trying to find 16 covering execution...
scbmc FULLCOV_mutant100029_merge_sorted_nodups.c maxcov.c --bounds-check --pointer-check -DSIZE=2 --unwind 5 --find-success -DCOVTARGET=16
Successful!
Analyzing mutant FULLCOV_mutant100030_merge_sorted_nodups.c
Trying to find 17 covering execution...
scbmc FULLCOV_mutant100030_merge_sorted_nodups.c maxcov.c --bounds-check --pointer-check -DSIZE=2 --unwind 5 --find-success -DCOVTARGET=17
Trying to find 16 covering execution...
scbmc FULLCOV_mutant100030_merge_sorted_nodups.c maxcov.c --bounds-check --pointer-check -DSIZE=2 --unwind 5 --find-success -DCOVTARGET=16
Successful!
Analyzing mutant FULLCOV_mutant100031_merge_sorted_nodups.c
Trying to find 17 covering execution...
scbmc FULLCOV_mutant100031_merge_sorted_nodups.c maxcov.c --bounds-check --pointer-check -DSIZE=2 --unwind 5 --find-success -DCOVTARGET=17
Successful!
Analyzing mutant FULLCOV_mutant100032_merge_sorted_nodups.c
Trying to find 17 covering execution...
scbmc FULLCOV_mutant100032_merge_sorted_nodups.c maxcov.c --bounds-check --pointer-check -DSIZE=2 --unwind 5 --find-success -DCOVTARGET=17
Successful!
Analyzing mutant FULLCOV_mutant100033_merge_sorted_nodups.c
Trying to find 17 covering execution...
scbmc FULLCOV_mutant100033_merge_sorted_nodups.c maxcov.c --bounds-check --pointer-check -DSIZE=2 --unwind 5 --find-success -DCOVTARGET=17
Successful!
Analyzing mutant FULLCOV_mutant100034_merge_sorted_nodups.c
Trying to find 17 covering execution...
scbmc FULLCOV_mutant100034_merge_sorted_nodups.c maxcov.c --bounds-check --pointer-check -DSIZE=2 --unwind 5 --find-success -DCOVTARGET=17
Successful!
Analyzing mutant FULLCOV_mutant100035_merge_sorted_nodups.c
Trying to find 17 covering execution...
scbmc FULLCOV_mutant100035_merge_sorted_nodups.c maxcov.c --bounds-check --pointer-check -DSIZE=2 --unwind 5 --find-success -DCOVTARGET=17
Successful!
Analyzing mutant FULLCOV_mutant100036_merge_sorted_nodups.c
Trying to find 17 covering execution...
scbmc FULLCOV_mutant100036_merge_sorted_nodups.c maxcov.c --bounds-check --pointer-check -DSIZE=2 --unwind 5 --find-success -DCOVTARGET=17
Successful!
Analyzing mutant FULLCOV_mutant100037_merge_sorted_nodups.c
Trying to find 17 covering execution...
scbmc FULLCOV_mutant100037_merge_sorted_nodups.c maxcov.c --bounds-check --pointer-check -DSIZE=2 --unwind 5 --find-success -DCOVTARGET=17
Successful!
Analyzing mutant FULLCOV_mutant100038_merge_sorted_nodups.c
Trying to find 17 covering execution...
scbmc FULLCOV_mutant100038_merge_sorted_nodups.c maxcov.c --bounds-check --pointer-check -DSIZE=2 --unwind 5 --find-success -DCOVTARGET=17
Successful!
Analyzing mutant FULLCOV_mutant100039_merge_sorted_nodups.c
Trying to find 17 covering execution...
scbmc FULLCOV_mutant100039_merge_sorted_nodups.c maxcov.c --bounds-check --pointer-check -DSIZE=2 --unwind 5 --find-success -DCOVTARGET=17
Successful!
Analyzing mutant FULLCOV_mutant100040_merge_sorted_nodups.c
Trying to find 17 covering execution...
scbmc FULLCOV_mutant100040_merge_sorted_nodups.c maxcov.c --bounds-check --pointer-check -DSIZE=2 --unwind 5 --find-success -DCOVTARGET=17
Successful!
Analyzing mutant FULLCOV_mutant100041_merge_sorted_nodups.c
Trying to find 17 covering execution...
scbmc FULLCOV_mutant100041_merge_sorted_nodups.c maxcov.c --bounds-check --pointer-check -DSIZE=2 --unwind 5 --find-success -DCOVTARGET=17
Successful!
Analyzing mutant FULLCOV_mutant100042_merge_sorted_nodups.c
Trying to find 17 covering execution...
scbmc FULLCOV_mutant100042_merge_sorted_nodups.c maxcov.c --bounds-check --pointer-check -DSIZE=2 --unwind 5 --find-success -DCOVTARGET=17
Successful!
Analyzing mutant FULLCOV_mutant100043_merge_sorted_nodups.c
Trying to find 17 covering execution...
scbmc FULLCOV_mutant100043_merge_sorted_nodups.c maxcov.c --bounds-check --pointer-check -DSIZE=2 --unwind 5 --find-success -DCOVTARGET=17
Successful!
Analyzing mutant FULLCOV_mutant100044_merge_sorted_nodups.c
Trying to find 17 covering execution...
scbmc FULLCOV_mutant100044_merge_sorted_nodups.c maxcov.c --bounds-check --pointer-check -DSIZE=2 --unwind 5 --find-success -DCOVTARGET=17
Trying to find 16 covering execution...
scbmc FULLCOV_mutant100044_merge_sorted_nodups.c maxcov.c --bounds-check --pointer-check -DSIZE=2 --unwind 5 --find-success -DCOVTARGET=16
Trying to find 15 covering execution...
scbmc FULLCOV_mutant100044_merge_sorted_nodups.c maxcov.c --bounds-check --pointer-check -DSIZE=2 --unwind 5 --find-success -DCOVTARGET=15
Trying to find 14 covering execution...
scbmc FULLCOV_mutant100044_merge_sorted_nodups.c maxcov.c --bounds-check --pointer-check -DSIZE=2 --unwind 5 --find-success -DCOVTARGET=14
Trying to find 13 covering execution...
scbmc FULLCOV_mutant100044_merge_sorted_nodups.c maxcov.c --bounds-check --pointer-check -DSIZE=2 --unwind 5 --find-success -DCOVTARGET=13
Trying to find 12 covering execution...
scbmc FULLCOV_mutant100044_merge_sorted_nodups.c maxcov.c --bounds-check --pointer-check -DSIZE=2 --unwind 5 --find-success -DCOVTARGET=12
Trying to find 11 covering execution...
scbmc FULLCOV_mutant100044_merge_sorted_nodups.c maxcov.c --bounds-check --pointer-check -DSIZE=2 --unwind 5 --find-success -DCOVTARGET=11
Trying to find 10 covering execution...
scbmc FULLCOV_mutant100044_merge_sorted_nodups.c maxcov.c --bounds-check --pointer-check -DSIZE=2 --unwind 5 --find-success -DCOVTARGET=10
Trying to find 9 covering execution...
scbmc FULLCOV_mutant100044_merge_sorted_nodups.c maxcov.c --bounds-check --pointer-check -DSIZE=2 --unwind 5 --find-success -DCOVTARGET=9
Trying to find 8 covering execution...
scbmc FULLCOV_mutant100044_merge_sorted_nodups.c maxcov.c --bounds-check --pointer-check -DSIZE=2 --unwind 5 --find-success -DCOVTARGET=8
Trying to find 7 covering execution...
scbmc FULLCOV_mutant100044_merge_sorted_nodups.c maxcov.c --bounds-check --pointer-check -DSIZE=2 --unwind 5 --find-success -DCOVTARGET=7
Trying to find 6 covering execution...
scbmc FULLCOV_mutant100044_merge_sorted_nodups.c maxcov.c --bounds-check --pointer-check -DSIZE=2 --unwind 5 --find-success -DCOVTARGET=6
Trying to find 5 covering execution...
scbmc FULLCOV_mutant100044_merge_sorted_nodups.c maxcov.c --bounds-check --pointer-check -DSIZE=2 --unwind 5 --find-success -DCOVTARGET=5
Trying to find 4 covering execution...
scbmc FULLCOV_mutant100044_merge_sorted_nodups.c maxcov.c --bounds-check --pointer-check -DSIZE=2 --unwind 5 --find-success -DCOVTARGET=4
Trying to find 3 covering execution...
scbmc FULLCOV_mutant100044_merge_sorted_nodups.c maxcov.c --bounds-check --pointer-check -DSIZE=2 --unwind 5 --find-success -DCOVTARGET=3
Trying to find 2 covering execution...
scbmc FULLCOV_mutant100044_merge_sorted_nodups.c maxcov.c --bounds-check --pointer-check -DSIZE=2 --unwind 5 --find-success -DCOVTARGET=2
Trying to find 1 covering execution...
scbmc FULLCOV_mutant100044_merge_sorted_nodups.c maxcov.c --bounds-check --pointer-check -DSIZE=2 --unwind 5 --find-success -DCOVTARGET=1
Can't cover mutant at all!
Analyzing mutant FULLCOV_mutant100045_merge_sorted_nodups.c
Trying to find 17 covering execution...
scbmc FULLCOV_mutant100045_merge_sorted_nodups.c maxcov.c --bounds-check --pointer-check -DSIZE=2 --unwind 5 --find-success -DCOVTARGET=17
Successful!
Analyzing mutant FULLCOV_mutant100046_merge_sorted_nodups.c
Trying to find 17 covering execution...
scbmc FULLCOV_mutant100046_merge_sorted_nodups.c maxcov.c --bounds-check --pointer-check -DSIZE=2 --unwind 5 --find-success -DCOVTARGET=17
Trying to find 16 covering execution...
scbmc FULLCOV_mutant100046_merge_sorted_nodups.c maxcov.c --bounds-check --pointer-check -DSIZE=2 --unwind 5 --find-success -DCOVTARGET=16
Successful!
Analyzing mutant FULLCOV_mutant100047_merge_sorted_nodups.c
Trying to find 17 covering execution...
scbmc FULLCOV_mutant100047_merge_sorted_nodups.c maxcov.c --bounds-check --pointer-check -DSIZE=2 --unwind 5 --find-success -DCOVTARGET=17
Successful!
Analyzing mutant FULLCOV_mutant100048_merge_sorted_nodups.c
Trying to find 17 covering execution...
scbmc FULLCOV_mutant100048_merge_sorted_nodups.c maxcov.c --bounds-check --pointer-check -DSIZE=2 --unwind 5 --find-success -DCOVTARGET=17
Successful!
Analyzing mutant FULLCOV_mutant100049_merge_sorted_nodups.c
Trying to find 17 covering execution...
scbmc FULLCOV_mutant100049_merge_sorted_nodups.c maxcov.c --bounds-check --pointer-check -DSIZE=2 --unwind 5 --find-success -DCOVTARGET=17
Successful!
Analyzing mutant FULLCOV_mutant100050_merge_sorted_nodups.c
Trying to find 17 covering execution...
scbmc FULLCOV_mutant100050_merge_sorted_nodups.c maxcov.c --bounds-check --pointer-check -DSIZE=2 --unwind 5 --find-success -DCOVTARGET=17
Successful!
Analyzing mutant FULLCOV_mutant100051_merge_sorted_nodups.c
Trying to find 17 covering execution...
scbmc FULLCOV_mutant100051_merge_sorted_nodups.c maxcov.c --bounds-check --pointer-check -DSIZE=2 --unwind 5 --find-success -DCOVTARGET=17
Successful!
Analyzing mutant FULLCOV_mutant100052_merge_sorted_nodups.c
Trying to find 17 covering execution...
scbmc FULLCOV_mutant100052_merge_sorted_nodups.c maxcov.c --bounds-check --pointer-check -DSIZE=2 --unwind 5 --find-success -DCOVTARGET=17
Trying to find 16 covering execution...
scbmc FULLCOV_mutant100052_merge_sorted_nodups.c maxcov.c --bounds-check --pointer-check -DSIZE=2 --unwind 5 --find-success -DCOVTARGET=16
Trying to find 15 covering execution...
scbmc FULLCOV_mutant100052_merge_sorted_nodups.c maxcov.c --bounds-check --pointer-check -DSIZE=2 --unwind 5 --find-success -DCOVTARGET=15
Trying to find 14 covering execution...
scbmc FULLCOV_mutant100052_merge_sorted_nodups.c maxcov.c --bounds-check --pointer-check -DSIZE=2 --unwind 5 --find-success -DCOVTARGET=14
Trying to find 13 covering execution...
scbmc FULLCOV_mutant100052_merge_sorted_nodups.c maxcov.c --bounds-check --pointer-check -DSIZE=2 --unwind 5 --find-success -DCOVTARGET=13
Trying to find 12 covering execution...
scbmc FULLCOV_mutant100052_merge_sorted_nodups.c maxcov.c --bounds-check --pointer-check -DSIZE=2 --unwind 5 --find-success -DCOVTARGET=12
Trying to find 11 covering execution...
scbmc FULLCOV_mutant100052_merge_sorted_nodups.c maxcov.c --bounds-check --pointer-check -DSIZE=2 --unwind 5 --find-success -DCOVTARGET=11
Trying to find 10 covering execution...
scbmc FULLCOV_mutant100052_merge_sorted_nodups.c maxcov.c --bounds-check --pointer-check -DSIZE=2 --unwind 5 --find-success -DCOVTARGET=10
Trying to find 9 covering execution...
scbmc FULLCOV_mutant100052_merge_sorted_nodups.c maxcov.c --bounds-check --pointer-check -DSIZE=2 --unwind 5 --find-success -DCOVTARGET=9
Trying to find 8 covering execution...
scbmc FULLCOV_mutant100052_merge_sorted_nodups.c maxcov.c --bounds-check --pointer-check -DSIZE=2 --unwind 5 --find-success -DCOVTARGET=8
Trying to find 7 covering execution...
scbmc FULLCOV_mutant100052_merge_sorted_nodups.c maxcov.c --bounds-check --pointer-check -DSIZE=2 --unwind 5 --find-success -DCOVTARGET=7
Trying to find 6 covering execution...
scbmc FULLCOV_mutant100052_merge_sorted_nodups.c maxcov.c --bounds-check --pointer-check -DSIZE=2 --unwind 5 --find-success -DCOVTARGET=6
Trying to find 5 covering execution...
scbmc FULLCOV_mutant100052_merge_sorted_nodups.c maxcov.c --bounds-check --pointer-check -DSIZE=2 --unwind 5 --find-success -DCOVTARGET=5
Trying to find 4 covering execution...
scbmc FULLCOV_mutant100052_merge_sorted_nodups.c maxcov.c --bounds-check --pointer-check -DSIZE=2 --unwind 5 --find-success -DCOVTARGET=4
Trying to find 3 covering execution...
scbmc FULLCOV_mutant100052_merge_sorted_nodups.c maxcov.c --bounds-check --pointer-check -DSIZE=2 --unwind 5 --find-success -DCOVTARGET=3
Trying to find 2 covering execution...
scbmc FULLCOV_mutant100052_merge_sorted_nodups.c maxcov.c --bounds-check --pointer-check -DSIZE=2 --unwind 5 --find-success -DCOVTARGET=2
Trying to find 1 covering execution...
scbmc FULLCOV_mutant100052_merge_sorted_nodups.c maxcov.c --bounds-check --pointer-check -DSIZE=2 --unwind 5 --find-success -DCOVTARGET=1
Can't cover mutant at all!
Analyzing mutant FULLCOV_mutant100053_merge_sorted_nodups.c
Trying to find 17 covering execution...
scbmc FULLCOV_mutant100053_merge_sorted_nodups.c maxcov.c --bounds-check --pointer-check -DSIZE=2 --unwind 5 --find-success -DCOVTARGET=17
Trying to find 16 covering execution...
scbmc FULLCOV_mutant100053_merge_sorted_nodups.c maxcov.c --bounds-check --pointer-check -DSIZE=2 --unwind 5 --find-success -DCOVTARGET=16
Trying to find 15 covering execution...
scbmc FULLCOV_mutant100053_merge_sorted_nodups.c maxcov.c --bounds-check --pointer-check -DSIZE=2 --unwind 5 --find-success -DCOVTARGET=15
Trying to find 14 covering execution...
scbmc FULLCOV_mutant100053_merge_sorted_nodups.c maxcov.c --bounds-check --pointer-check -DSIZE=2 --unwind 5 --find-success -DCOVTARGET=14
Trying to find 13 covering execution...
scbmc FULLCOV_mutant100053_merge_sorted_nodups.c maxcov.c --bounds-check --pointer-check -DSIZE=2 --unwind 5 --find-success -DCOVTARGET=13
Trying to find 12 covering execution...
scbmc FULLCOV_mutant100053_merge_sorted_nodups.c maxcov.c --bounds-check --pointer-check -DSIZE=2 --unwind 5 --find-success -DCOVTARGET=12
Trying to find 11 covering execution...
scbmc FULLCOV_mutant100053_merge_sorted_nodups.c maxcov.c --bounds-check --pointer-check -DSIZE=2 --unwind 5 --find-success -DCOVTARGET=11
Trying to find 10 covering execution...
scbmc FULLCOV_mutant100053_merge_sorted_nodups.c maxcov.c --bounds-check --pointer-check -DSIZE=2 --unwind 5 --find-success -DCOVTARGET=10
Trying to find 9 covering execution...
scbmc FULLCOV_mutant100053_merge_sorted_nodups.c maxcov.c --bounds-check --pointer-check -DSIZE=2 --unwind 5 --find-success -DCOVTARGET=9
Trying to find 8 covering execution...
scbmc FULLCOV_mutant100053_merge_sorted_nodups.c maxcov.c --bounds-check --pointer-check -DSIZE=2 --unwind 5 --find-success -DCOVTARGET=8
Trying to find 7 covering execution...
scbmc FULLCOV_mutant100053_merge_sorted_nodups.c maxcov.c --bounds-check --pointer-check -DSIZE=2 --unwind 5 --find-success -DCOVTARGET=7
Trying to find 6 covering execution...
scbmc FULLCOV_mutant100053_merge_sorted_nodups.c maxcov.c --bounds-check --pointer-check -DSIZE=2 --unwind 5 --find-success -DCOVTARGET=6
Trying to find 5 covering execution...
scbmc FULLCOV_mutant100053_merge_sorted_nodups.c maxcov.c --bounds-check --pointer-check -DSIZE=2 --unwind 5 --find-success -DCOVTARGET=5
Trying to find 4 covering execution...
scbmc FULLCOV_mutant100053_merge_sorted_nodups.c maxcov.c --bounds-check --pointer-check -DSIZE=2 --unwind 5 --find-success -DCOVTARGET=4
Trying to find 3 covering execution...
scbmc FULLCOV_mutant100053_merge_sorted_nodups.c maxcov.c --bounds-check --pointer-check -DSIZE=2 --unwind 5 --find-success -DCOVTARGET=3
Trying to find 2 covering execution...
scbmc FULLCOV_mutant100053_merge_sorted_nodups.c maxcov.c --bounds-check --pointer-check -DSIZE=2 --unwind 5 --find-success -DCOVTARGET=2
Trying to find 1 covering execution...
scbmc FULLCOV_mutant100053_merge_sorted_nodups.c maxcov.c --bounds-check --pointer-check -DSIZE=2 --unwind 5 --find-success -DCOVTARGET=1
Can't cover mutant at all!
Analyzing mutant FULLCOV_mutant100054_merge_sorted_nodups.c
Trying to find 17 covering execution...
scbmc FULLCOV_mutant100054_merge_sorted_nodups.c maxcov.c --bounds-check --pointer-check -DSIZE=2 --unwind 5 --find-success -DCOVTARGET=17
Trying to find 16 covering execution...
scbmc FULLCOV_mutant100054_merge_sorted_nodups.c maxcov.c --bounds-check --pointer-check -DSIZE=2 --unwind 5 --find-success -DCOVTARGET=16
Trying to find 15 covering execution...
scbmc FULLCOV_mutant100054_merge_sorted_nodups.c maxcov.c --bounds-check --pointer-check -DSIZE=2 --unwind 5 --find-success -DCOVTARGET=15
Trying to find 14 covering execution...
scbmc FULLCOV_mutant100054_merge_sorted_nodups.c maxcov.c --bounds-check --pointer-check -DSIZE=2 --unwind 5 --find-success -DCOVTARGET=14
Trying to find 13 covering execution...
scbmc FULLCOV_mutant100054_merge_sorted_nodups.c maxcov.c --bounds-check --pointer-check -DSIZE=2 --unwind 5 --find-success -DCOVTARGET=13
Trying to find 12 covering execution...
scbmc FULLCOV_mutant100054_merge_sorted_nodups.c maxcov.c --bounds-check --pointer-check -DSIZE=2 --unwind 5 --find-success -DCOVTARGET=12
Trying to find 11 covering execution...
scbmc FULLCOV_mutant100054_merge_sorted_nodups.c maxcov.c --bounds-check --pointer-check -DSIZE=2 --unwind 5 --find-success -DCOVTARGET=11
Trying to find 10 covering execution...
scbmc FULLCOV_mutant100054_merge_sorted_nodups.c maxcov.c --bounds-check --pointer-check -DSIZE=2 --unwind 5 --find-success -DCOVTARGET=10
Trying to find 9 covering execution...
scbmc FULLCOV_mutant100054_merge_sorted_nodups.c maxcov.c --bounds-check --pointer-check -DSIZE=2 --unwind 5 --find-success -DCOVTARGET=9
Trying to find 8 covering execution...
scbmc FULLCOV_mutant100054_merge_sorted_nodups.c maxcov.c --bounds-check --pointer-check -DSIZE=2 --unwind 5 --find-success -DCOVTARGET=8
Trying to find 7 covering execution...
scbmc FULLCOV_mutant100054_merge_sorted_nodups.c maxcov.c --bounds-check --pointer-check -DSIZE=2 --unwind 5 --find-success -DCOVTARGET=7
Trying to find 6 covering execution...
scbmc FULLCOV_mutant100054_merge_sorted_nodups.c maxcov.c --bounds-check --pointer-check -DSIZE=2 --unwind 5 --find-success -DCOVTARGET=6
Trying to find 5 covering execution...
scbmc FULLCOV_mutant100054_merge_sorted_nodups.c maxcov.c --bounds-check --pointer-check -DSIZE=2 --unwind 5 --find-success -DCOVTARGET=5
Trying to find 4 covering execution...
scbmc FULLCOV_mutant100054_merge_sorted_nodups.c maxcov.c --bounds-check --pointer-check -DSIZE=2 --unwind 5 --find-success -DCOVTARGET=4
Trying to find 3 covering execution...
scbmc FULLCOV_mutant100054_merge_sorted_nodups.c maxcov.c --bounds-check --pointer-check -DSIZE=2 --unwind 5 --find-success -DCOVTARGET=3
Trying to find 2 covering execution...
scbmc FULLCOV_mutant100054_merge_sorted_nodups.c maxcov.c --bounds-check --pointer-check -DSIZE=2 --unwind 5 --find-success -DCOVTARGET=2
Trying to find 1 covering execution...
scbmc FULLCOV_mutant100054_merge_sorted_nodups.c maxcov.c --bounds-check --pointer-check -DSIZE=2 --unwind 5 --find-success -DCOVTARGET=1
Can't cover mutant at all!
Analyzing mutant FULLCOV_mutant100055_merge_sorted_nodups.c
Trying to find 17 covering execution...
scbmc FULLCOV_mutant100055_merge_sorted_nodups.c maxcov.c --bounds-check --pointer-check -DSIZE=2 --unwind 5 --find-success -DCOVTARGET=17
Trying to find 16 covering execution...
scbmc FULLCOV_mutant100055_merge_sorted_nodups.c maxcov.c --bounds-check --pointer-check -DSIZE=2 --unwind 5 --find-success -DCOVTARGET=16
Trying to find 15 covering execution...
scbmc FULLCOV_mutant100055_merge_sorted_nodups.c maxcov.c --bounds-check --pointer-check -DSIZE=2 --unwind 5 --find-success -DCOVTARGET=15
Trying to find 14 covering execution...
scbmc FULLCOV_mutant100055_merge_sorted_nodups.c maxcov.c --bounds-check --pointer-check -DSIZE=2 --unwind 5 --find-success -DCOVTARGET=14
Trying to find 13 covering execution...
scbmc FULLCOV_mutant100055_merge_sorted_nodups.c maxcov.c --bounds-check --pointer-check -DSIZE=2 --unwind 5 --find-success -DCOVTARGET=13
Trying to find 12 covering execution...
scbmc FULLCOV_mutant100055_merge_sorted_nodups.c maxcov.c --bounds-check --pointer-check -DSIZE=2 --unwind 5 --find-success -DCOVTARGET=12
Trying to find 11 covering execution...
scbmc FULLCOV_mutant100055_merge_sorted_nodups.c maxcov.c --bounds-check --pointer-check -DSIZE=2 --unwind 5 --find-success -DCOVTARGET=11
Trying to find 10 covering execution...
scbmc FULLCOV_mutant100055_merge_sorted_nodups.c maxcov.c --bounds-check --pointer-check -DSIZE=2 --unwind 5 --find-success -DCOVTARGET=10
Trying to find 9 covering execution...
scbmc FULLCOV_mutant100055_merge_sorted_nodups.c maxcov.c --bounds-check --pointer-check -DSIZE=2 --unwind 5 --find-success -DCOVTARGET=9
Trying to find 8 covering execution...
scbmc FULLCOV_mutant100055_merge_sorted_nodups.c maxcov.c --bounds-check --pointer-check -DSIZE=2 --unwind 5 --find-success -DCOVTARGET=8
Trying to find 7 covering execution...
scbmc FULLCOV_mutant100055_merge_sorted_nodups.c maxcov.c --bounds-check --pointer-check -DSIZE=2 --unwind 5 --find-success -DCOVTARGET=7
Trying to find 6 covering execution...
scbmc FULLCOV_mutant100055_merge_sorted_nodups.c maxcov.c --bounds-check --pointer-check -DSIZE=2 --unwind 5 --find-success -DCOVTARGET=6
Trying to find 5 covering execution...
scbmc FULLCOV_mutant100055_merge_sorted_nodups.c maxcov.c --bounds-check --pointer-check -DSIZE=2 --unwind 5 --find-success -DCOVTARGET=5
Trying to find 4 covering execution...
scbmc FULLCOV_mutant100055_merge_sorted_nodups.c maxcov.c --bounds-check --pointer-check -DSIZE=2 --unwind 5 --find-success -DCOVTARGET=4
Trying to find 3 covering execution...
scbmc FULLCOV_mutant100055_merge_sorted_nodups.c maxcov.c --bounds-check --pointer-check -DSIZE=2 --unwind 5 --find-success -DCOVTARGET=3
Trying to find 2 covering execution...
scbmc FULLCOV_mutant100055_merge_sorted_nodups.c maxcov.c --bounds-check --pointer-check -DSIZE=2 --unwind 5 --find-success -DCOVTARGET=2
Trying to find 1 covering execution...
scbmc FULLCOV_mutant100055_merge_sorted_nodups.c maxcov.c --bounds-check --pointer-check -DSIZE=2 --unwind 5 --find-success -DCOVTARGET=1
Can't cover mutant at all!
Analyzing mutant FULLCOV_mutant100056_merge_sorted_nodups.c
Trying to find 17 covering execution...
scbmc FULLCOV_mutant100056_merge_sorted_nodups.c maxcov.c --bounds-check --pointer-check -DSIZE=2 --unwind 5 --find-success -DCOVTARGET=17
Trying to find 16 covering execution...
scbmc FULLCOV_mutant100056_merge_sorted_nodups.c maxcov.c --bounds-check --pointer-check -DSIZE=2 --unwind 5 --find-success -DCOVTARGET=16
Trying to find 15 covering execution...
scbmc FULLCOV_mutant100056_merge_sorted_nodups.c maxcov.c --bounds-check --pointer-check -DSIZE=2 --unwind 5 --find-success -DCOVTARGET=15
Trying to find 14 covering execution...
scbmc FULLCOV_mutant100056_merge_sorted_nodups.c maxcov.c --bounds-check --pointer-check -DSIZE=2 --unwind 5 --find-success -DCOVTARGET=14
Trying to find 13 covering execution...
scbmc FULLCOV_mutant100056_merge_sorted_nodups.c maxcov.c --bounds-check --pointer-check -DSIZE=2 --unwind 5 --find-success -DCOVTARGET=13
Trying to find 12 covering execution...
scbmc FULLCOV_mutant100056_merge_sorted_nodups.c maxcov.c --bounds-check --pointer-check -DSIZE=2 --unwind 5 --find-success -DCOVTARGET=12
Trying to find 11 covering execution...
scbmc FULLCOV_mutant100056_merge_sorted_nodups.c maxcov.c --bounds-check --pointer-check -DSIZE=2 --unwind 5 --find-success -DCOVTARGET=11
Trying to find 10 covering execution...
scbmc FULLCOV_mutant100056_merge_sorted_nodups.c maxcov.c --bounds-check --pointer-check -DSIZE=2 --unwind 5 --find-success -DCOVTARGET=10
Trying to find 9 covering execution...
scbmc FULLCOV_mutant100056_merge_sorted_nodups.c maxcov.c --bounds-check --pointer-check -DSIZE=2 --unwind 5 --find-success -DCOVTARGET=9
Trying to find 8 covering execution...
scbmc FULLCOV_mutant100056_merge_sorted_nodups.c maxcov.c --bounds-check --pointer-check -DSIZE=2 --unwind 5 --find-success -DCOVTARGET=8
Trying to find 7 covering execution...
scbmc FULLCOV_mutant100056_merge_sorted_nodups.c maxcov.c --bounds-check --pointer-check -DSIZE=2 --unwind 5 --find-success -DCOVTARGET=7
Trying to find 6 covering execution...
scbmc FULLCOV_mutant100056_merge_sorted_nodups.c maxcov.c --bounds-check --pointer-check -DSIZE=2 --unwind 5 --find-success -DCOVTARGET=6
Trying to find 5 covering execution...
scbmc FULLCOV_mutant100056_merge_sorted_nodups.c maxcov.c --bounds-check --pointer-check -DSIZE=2 --unwind 5 --find-success -DCOVTARGET=5
Trying to find 4 covering execution...
scbmc FULLCOV_mutant100056_merge_sorted_nodups.c maxcov.c --bounds-check --pointer-check -DSIZE=2 --unwind 5 --find-success -DCOVTARGET=4
Trying to find 3 covering execution...
scbmc FULLCOV_mutant100056_merge_sorted_nodups.c maxcov.c --bounds-check --pointer-check -DSIZE=2 --unwind 5 --find-success -DCOVTARGET=3
Trying to find 2 covering execution...
scbmc FULLCOV_mutant100056_merge_sorted_nodups.c maxcov.c --bounds-check --pointer-check -DSIZE=2 --unwind 5 --find-success -DCOVTARGET=2
Trying to find 1 covering execution...
scbmc FULLCOV_mutant100056_merge_sorted_nodups.c maxcov.c --bounds-check --pointer-check -DSIZE=2 --unwind 5 --find-success -DCOVTARGET=1
Can't cover mutant at all!
Analyzing mutant FULLCOV_mutant100057_merge_sorted_nodups.c
Trying to find 17 covering execution...
scbmc FULLCOV_mutant100057_merge_sorted_nodups.c maxcov.c --bounds-check --pointer-check -DSIZE=2 --unwind 5 --find-success -DCOVTARGET=17
Trying to find 16 covering execution...
scbmc FULLCOV_mutant100057_merge_sorted_nodups.c maxcov.c --bounds-check --pointer-check -DSIZE=2 --unwind 5 --find-success -DCOVTARGET=16
Trying to find 15 covering execution...
scbmc FULLCOV_mutant100057_merge_sorted_nodups.c maxcov.c --bounds-check --pointer-check -DSIZE=2 --unwind 5 --find-success -DCOVTARGET=15
Trying to find 14 covering execution...
scbmc FULLCOV_mutant100057_merge_sorted_nodups.c maxcov.c --bounds-check --pointer-check -DSIZE=2 --unwind 5 --find-success -DCOVTARGET=14
Trying to find 13 covering execution...
scbmc FULLCOV_mutant100057_merge_sorted_nodups.c maxcov.c --bounds-check --pointer-check -DSIZE=2 --unwind 5 --find-success -DCOVTARGET=13
Trying to find 12 covering execution...
scbmc FULLCOV_mutant100057_merge_sorted_nodups.c maxcov.c --bounds-check --pointer-check -DSIZE=2 --unwind 5 --find-success -DCOVTARGET=12
Trying to find 11 covering execution...
scbmc FULLCOV_mutant100057_merge_sorted_nodups.c maxcov.c --bounds-check --pointer-check -DSIZE=2 --unwind 5 --find-success -DCOVTARGET=11
Trying to find 10 covering execution...
scbmc FULLCOV_mutant100057_merge_sorted_nodups.c maxcov.c --bounds-check --pointer-check -DSIZE=2 --unwind 5 --find-success -DCOVTARGET=10
Trying to find 9 covering execution...
scbmc FULLCOV_mutant100057_merge_sorted_nodups.c maxcov.c --bounds-check --pointer-check -DSIZE=2 --unwind 5 --find-success -DCOVTARGET=9
Trying to find 8 covering execution...
scbmc FULLCOV_mutant100057_merge_sorted_nodups.c maxcov.c --bounds-check --pointer-check -DSIZE=2 --unwind 5 --find-success -DCOVTARGET=8
Trying to find 7 covering execution...
scbmc FULLCOV_mutant100057_merge_sorted_nodups.c maxcov.c --bounds-check --pointer-check -DSIZE=2 --unwind 5 --find-success -DCOVTARGET=7
Trying to find 6 covering execution...
scbmc FULLCOV_mutant100057_merge_sorted_nodups.c maxcov.c --bounds-check --pointer-check -DSIZE=2 --unwind 5 --find-success -DCOVTARGET=6
Trying to find 5 covering execution...
scbmc FULLCOV_mutant100057_merge_sorted_nodups.c maxcov.c --bounds-check --pointer-check -DSIZE=2 --unwind 5 --find-success -DCOVTARGET=5
Trying to find 4 covering execution...
scbmc FULLCOV_mutant100057_merge_sorted_nodups.c maxcov.c --bounds-check --pointer-check -DSIZE=2 --unwind 5 --find-success -DCOVTARGET=4
Trying to find 3 covering execution...
scbmc FULLCOV_mutant100057_merge_sorted_nodups.c maxcov.c --bounds-check --pointer-check -DSIZE=2 --unwind 5 --find-success -DCOVTARGET=3
Trying to find 2 covering execution...
scbmc FULLCOV_mutant100057_merge_sorted_nodups.c maxcov.c --bounds-check --pointer-check -DSIZE=2 --unwind 5 --find-success -DCOVTARGET=2
Trying to find 1 covering execution...
scbmc FULLCOV_mutant100057_merge_sorted_nodups.c maxcov.c --bounds-check --pointer-check -DSIZE=2 --unwind 5 --find-success -DCOVTARGET=1
Can't cover mutant at all!
Analyzing mutant FULLCOV_mutant100058_merge_sorted_nodups.c
Trying to find 17 covering execution...
scbmc FULLCOV_mutant100058_merge_sorted_nodups.c maxcov.c --bounds-check --pointer-check -DSIZE=2 --unwind 5 --find-success -DCOVTARGET=17
Trying to find 16 covering execution...
scbmc FULLCOV_mutant100058_merge_sorted_nodups.c maxcov.c --bounds-check --pointer-check -DSIZE=2 --unwind 5 --find-success -DCOVTARGET=16
Trying to find 15 covering execution...
scbmc FULLCOV_mutant100058_merge_sorted_nodups.c maxcov.c --bounds-check --pointer-check -DSIZE=2 --unwind 5 --find-success -DCOVTARGET=15
Trying to find 14 covering execution...
scbmc FULLCOV_mutant100058_merge_sorted_nodups.c maxcov.c --bounds-check --pointer-check -DSIZE=2 --unwind 5 --find-success -DCOVTARGET=14
Trying to find 13 covering execution...
scbmc FULLCOV_mutant100058_merge_sorted_nodups.c maxcov.c --bounds-check --pointer-check -DSIZE=2 --unwind 5 --find-success -DCOVTARGET=13
Trying to find 12 covering execution...
scbmc FULLCOV_mutant100058_merge_sorted_nodups.c maxcov.c --bounds-check --pointer-check -DSIZE=2 --unwind 5 --find-success -DCOVTARGET=12
Trying to find 11 covering execution...
scbmc FULLCOV_mutant100058_merge_sorted_nodups.c maxcov.c --bounds-check --pointer-check -DSIZE=2 --unwind 5 --find-success -DCOVTARGET=11
Trying to find 10 covering execution...
scbmc FULLCOV_mutant100058_merge_sorted_nodups.c maxcov.c --bounds-check --pointer-check -DSIZE=2 --unwind 5 --find-success -DCOVTARGET=10
Trying to find 9 covering execution...
scbmc FULLCOV_mutant100058_merge_sorted_nodups.c maxcov.c --bounds-check --pointer-check -DSIZE=2 --unwind 5 --find-success -DCOVTARGET=9
Trying to find 8 covering execution...
scbmc FULLCOV_mutant100058_merge_sorted_nodups.c maxcov.c --bounds-check --pointer-check -DSIZE=2 --unwind 5 --find-success -DCOVTARGET=8
Trying to find 7 covering execution...
scbmc FULLCOV_mutant100058_merge_sorted_nodups.c maxcov.c --bounds-check --pointer-check -DSIZE=2 --unwind 5 --find-success -DCOVTARGET=7
Trying to find 6 covering execution...
scbmc FULLCOV_mutant100058_merge_sorted_nodups.c maxcov.c --bounds-check --pointer-check -DSIZE=2 --unwind 5 --find-success -DCOVTARGET=6
Trying to find 5 covering execution...
scbmc FULLCOV_mutant100058_merge_sorted_nodups.c maxcov.c --bounds-check --pointer-check -DSIZE=2 --unwind 5 --find-success -DCOVTARGET=5
Trying to find 4 covering execution...
scbmc FULLCOV_mutant100058_merge_sorted_nodups.c maxcov.c --bounds-check --pointer-check -DSIZE=2 --unwind 5 --find-success -DCOVTARGET=4
Trying to find 3 covering execution...
scbmc FULLCOV_mutant100058_merge_sorted_nodups.c maxcov.c --bounds-check --pointer-check -DSIZE=2 --unwind 5 --find-success -DCOVTARGET=3
Trying to find 2 covering execution...
scbmc FULLCOV_mutant100058_merge_sorted_nodups.c maxcov.c --bounds-check --pointer-check -DSIZE=2 --unwind 5 --find-success -DCOVTARGET=2
Trying to find 1 covering execution...
scbmc FULLCOV_mutant100058_merge_sorted_nodups.c maxcov.c --bounds-check --pointer-check -DSIZE=2 --unwind 5 --find-success -DCOVTARGET=1
Can't cover mutant at all!
Analyzing mutant FULLCOV_mutant100059_merge_sorted_nodups.c
Trying to find 17 covering execution...
scbmc FULLCOV_mutant100059_merge_sorted_nodups.c maxcov.c --bounds-check --pointer-check -DSIZE=2 --unwind 5 --find-success -DCOVTARGET=17
Successful!
Analyzing mutant FULLCOV_mutant100060_merge_sorted_nodups.c
Trying to find 17 covering execution...
scbmc FULLCOV_mutant100060_merge_sorted_nodups.c maxcov.c --bounds-check --pointer-check -DSIZE=2 --unwind 5 --find-success -DCOVTARGET=17
Trying to find 16 covering execution...
scbmc FULLCOV_mutant100060_merge_sorted_nodups.c maxcov.c --bounds-check --pointer-check -DSIZE=2 --unwind 5 --find-success -DCOVTARGET=16
Successful!
Analyzing mutant FULLCOV_mutant100061_merge_sorted_nodups.c
Trying to find 17 covering execution...
scbmc FULLCOV_mutant100061_merge_sorted_nodups.c maxcov.c --bounds-check --pointer-check -DSIZE=2 --unwind 5 --find-success -DCOVTARGET=17
Successful!
Analyzing mutant FULLCOV_mutant100062_merge_sorted_nodups.c
Trying to find 17 covering execution...
scbmc FULLCOV_mutant100062_merge_sorted_nodups.c maxcov.c --bounds-check --pointer-check -DSIZE=2 --unwind 5 --find-success -DCOVTARGET=17
Successful!
Analyzing mutant FULLCOV_mutant100063_merge_sorted_nodups.c
Trying to find 17 covering execution...
scbmc FULLCOV_mutant100063_merge_sorted_nodups.c maxcov.c --bounds-check --pointer-check -DSIZE=2 --unwind 5 --find-success -DCOVTARGET=17
Successful!
Analyzing mutant FULLCOV_mutant100064_merge_sorted_nodups.c
Trying to find 17 covering execution...
scbmc FULLCOV_mutant100064_merge_sorted_nodups.c maxcov.c --bounds-check --pointer-check -DSIZE=2 --unwind 5 --find-success -DCOVTARGET=17
Successful!
Analyzing mutant FULLCOV_mutant100065_merge_sorted_nodups.c
Trying to find 17 covering execution...
scbmc FULLCOV_mutant100065_merge_sorted_nodups.c maxcov.c --bounds-check --pointer-check -DSIZE=2 --unwind 5 --find-success -DCOVTARGET=17
Successful!
Analyzing mutant FULLCOV_mutant100066_merge_sorted_nodups.c
Trying to find 17 covering execution...
scbmc FULLCOV_mutant100066_merge_sorted_nodups.c maxcov.c --bounds-check --pointer-check -DSIZE=2 --unwind 5 --find-success -DCOVTARGET=17
Trying to find 16 covering execution...
scbmc FULLCOV_mutant100066_merge_sorted_nodups.c maxcov.c --bounds-check --pointer-check -DSIZE=2 --unwind 5 --find-success -DCOVTARGET=16
Successful!
Analyzing mutant FULLCOV_mutant100067_merge_sorted_nodups.c
Trying to find 17 covering execution...
scbmc FULLCOV_mutant100067_merge_sorted_nodups.c maxcov.c --bounds-check --pointer-check -DSIZE=2 --unwind 5 --find-success -DCOVTARGET=17
Trying to find 16 covering execution...
scbmc FULLCOV_mutant100067_merge_sorted_nodups.c maxcov.c --bounds-check --pointer-check -DSIZE=2 --unwind 5 --find-success -DCOVTARGET=16
Trying to find 15 covering execution...
scbmc FULLCOV_mutant100067_merge_sorted_nodups.c maxcov.c --bounds-check --pointer-check -DSIZE=2 --unwind 5 --find-success -DCOVTARGET=15
Trying to find 14 covering execution...
scbmc FULLCOV_mutant100067_merge_sorted_nodups.c maxcov.c --bounds-check --pointer-check -DSIZE=2 --unwind 5 --find-success -DCOVTARGET=14
Trying to find 13 covering execution...
scbmc FULLCOV_mutant100067_merge_sorted_nodups.c maxcov.c --bounds-check --pointer-check -DSIZE=2 --unwind 5 --find-success -DCOVTARGET=13
Trying to find 12 covering execution...
scbmc FULLCOV_mutant100067_merge_sorted_nodups.c maxcov.c --bounds-check --pointer-check -DSIZE=2 --unwind 5 --find-success -DCOVTARGET=12
Trying to find 11 covering execution...
scbmc FULLCOV_mutant100067_merge_sorted_nodups.c maxcov.c --bounds-check --pointer-check -DSIZE=2 --unwind 5 --find-success -DCOVTARGET=11
Trying to find 10 covering execution...
scbmc FULLCOV_mutant100067_merge_sorted_nodups.c maxcov.c --bounds-check --pointer-check -DSIZE=2 --unwind 5 --find-success -DCOVTARGET=10
Trying to find 9 covering execution...
scbmc FULLCOV_mutant100067_merge_sorted_nodups.c maxcov.c --bounds-check --pointer-check -DSIZE=2 --unwind 5 --find-success -DCOVTARGET=9
Trying to find 8 covering execution...
scbmc FULLCOV_mutant100067_merge_sorted_nodups.c maxcov.c --bounds-check --pointer-check -DSIZE=2 --unwind 5 --find-success -DCOVTARGET=8
Trying to find 7 covering execution...
scbmc FULLCOV_mutant100067_merge_sorted_nodups.c maxcov.c --bounds-check --pointer-check -DSIZE=2 --unwind 5 --find-success -DCOVTARGET=7
Trying to find 6 covering execution...
scbmc FULLCOV_mutant100067_merge_sorted_nodups.c maxcov.c --bounds-check --pointer-check -DSIZE=2 --unwind 5 --find-success -DCOVTARGET=6
Trying to find 5 covering execution...
scbmc FULLCOV_mutant100067_merge_sorted_nodups.c maxcov.c --bounds-check --pointer-check -DSIZE=2 --unwind 5 --find-success -DCOVTARGET=5
Trying to find 4 covering execution...
scbmc FULLCOV_mutant100067_merge_sorted_nodups.c maxcov.c --bounds-check --pointer-check -DSIZE=2 --unwind 5 --find-success -DCOVTARGET=4
Trying to find 3 covering execution...
scbmc FULLCOV_mutant100067_merge_sorted_nodups.c maxcov.c --bounds-check --pointer-check -DSIZE=2 --unwind 5 --find-success -DCOVTARGET=3
Trying to find 2 covering execution...
scbmc FULLCOV_mutant100067_merge_sorted_nodups.c maxcov.c --bounds-check --pointer-check -DSIZE=2 --unwind 5 --find-success -DCOVTARGET=2
Trying to find 1 covering execution...
scbmc FULLCOV_mutant100067_merge_sorted_nodups.c maxcov.c --bounds-check --pointer-check -DSIZE=2 --unwind 5 --find-success -DCOVTARGET=1
Can't cover mutant at all!
Analyzing mutant FULLCOV_mutant100068_merge_sorted_nodups.c
Trying to find 17 covering execution...
scbmc FULLCOV_mutant100068_merge_sorted_nodups.c maxcov.c --bounds-check --pointer-check -DSIZE=2 --unwind 5 --find-success -DCOVTARGET=17
Trying to find 16 covering execution...
scbmc FULLCOV_mutant100068_merge_sorted_nodups.c maxcov.c --bounds-check --pointer-check -DSIZE=2 --unwind 5 --find-success -DCOVTARGET=16
Trying to find 15 covering execution...
scbmc FULLCOV_mutant100068_merge_sorted_nodups.c maxcov.c --bounds-check --pointer-check -DSIZE=2 --unwind 5 --find-success -DCOVTARGET=15
Trying to find 14 covering execution...
scbmc FULLCOV_mutant100068_merge_sorted_nodups.c maxcov.c --bounds-check --pointer-check -DSIZE=2 --unwind 5 --find-success -DCOVTARGET=14
Trying to find 13 covering execution...
scbmc FULLCOV_mutant100068_merge_sorted_nodups.c maxcov.c --bounds-check --pointer-check -DSIZE=2 --unwind 5 --find-success -DCOVTARGET=13
Trying to find 12 covering execution...
scbmc FULLCOV_mutant100068_merge_sorted_nodups.c maxcov.c --bounds-check --pointer-check -DSIZE=2 --unwind 5 --find-success -DCOVTARGET=12
Trying to find 11 covering execution...
scbmc FULLCOV_mutant100068_merge_sorted_nodups.c maxcov.c --bounds-check --pointer-check -DSIZE=2 --unwind 5 --find-success -DCOVTARGET=11
Trying to find 10 covering execution...
scbmc FULLCOV_mutant100068_merge_sorted_nodups.c maxcov.c --bounds-check --pointer-check -DSIZE=2 --unwind 5 --find-success -DCOVTARGET=10
Trying to find 9 covering execution...
scbmc FULLCOV_mutant100068_merge_sorted_nodups.c maxcov.c --bounds-check --pointer-check -DSIZE=2 --unwind 5 --find-success -DCOVTARGET=9
Trying to find 8 covering execution...
scbmc FULLCOV_mutant100068_merge_sorted_nodups.c maxcov.c --bounds-check --pointer-check -DSIZE=2 --unwind 5 --find-success -DCOVTARGET=8
Trying to find 7 covering execution...
scbmc FULLCOV_mutant100068_merge_sorted_nodups.c maxcov.c --bounds-check --pointer-check -DSIZE=2 --unwind 5 --find-success -DCOVTARGET=7
Trying to find 6 covering execution...
scbmc FULLCOV_mutant100068_merge_sorted_nodups.c maxcov.c --bounds-check --pointer-check -DSIZE=2 --unwind 5 --find-success -DCOVTARGET=6
Trying to find 5 covering execution...
scbmc FULLCOV_mutant100068_merge_sorted_nodups.c maxcov.c --bounds-check --pointer-check -DSIZE=2 --unwind 5 --find-success -DCOVTARGET=5
Trying to find 4 covering execution...
scbmc FULLCOV_mutant100068_merge_sorted_nodups.c maxcov.c --bounds-check --pointer-check -DSIZE=2 --unwind 5 --find-success -DCOVTARGET=4
Trying to find 3 covering execution...
scbmc FULLCOV_mutant100068_merge_sorted_nodups.c maxcov.c --bounds-check --pointer-check -DSIZE=2 --unwind 5 --find-success -DCOVTARGET=3
Trying to find 2 covering execution...
scbmc FULLCOV_mutant100068_merge_sorted_nodups.c maxcov.c --bounds-check --pointer-check -DSIZE=2 --unwind 5 --find-success -DCOVTARGET=2
Trying to find 1 covering execution...
scbmc FULLCOV_mutant100068_merge_sorted_nodups.c maxcov.c --bounds-check --pointer-check -DSIZE=2 --unwind 5 --find-success -DCOVTARGET=1
Can't cover mutant at all!
Analyzing mutant FULLCOV_mutant100069_merge_sorted_nodups.c
Trying to find 17 covering execution...
scbmc FULLCOV_mutant100069_merge_sorted_nodups.c maxcov.c --bounds-check --pointer-check -DSIZE=2 --unwind 5 --find-success -DCOVTARGET=17
Trying to find 16 covering execution...
scbmc FULLCOV_mutant100069_merge_sorted_nodups.c maxcov.c --bounds-check --pointer-check -DSIZE=2 --unwind 5 --find-success -DCOVTARGET=16
Trying to find 15 covering execution...
scbmc FULLCOV_mutant100069_merge_sorted_nodups.c maxcov.c --bounds-check --pointer-check -DSIZE=2 --unwind 5 --find-success -DCOVTARGET=15
Trying to find 14 covering execution...
scbmc FULLCOV_mutant100069_merge_sorted_nodups.c maxcov.c --bounds-check --pointer-check -DSIZE=2 --unwind 5 --find-success -DCOVTARGET=14
Trying to find 13 covering execution...
scbmc FULLCOV_mutant100069_merge_sorted_nodups.c maxcov.c --bounds-check --pointer-check -DSIZE=2 --unwind 5 --find-success -DCOVTARGET=13
Trying to find 12 covering execution...
scbmc FULLCOV_mutant100069_merge_sorted_nodups.c maxcov.c --bounds-check --pointer-check -DSIZE=2 --unwind 5 --find-success -DCOVTARGET=12
Trying to find 11 covering execution...
scbmc FULLCOV_mutant100069_merge_sorted_nodups.c maxcov.c --bounds-check --pointer-check -DSIZE=2 --unwind 5 --find-success -DCOVTARGET=11
Trying to find 10 covering execution...
scbmc FULLCOV_mutant100069_merge_sorted_nodups.c maxcov.c --bounds-check --pointer-check -DSIZE=2 --unwind 5 --find-success -DCOVTARGET=10
Trying to find 9 covering execution...
scbmc FULLCOV_mutant100069_merge_sorted_nodups.c maxcov.c --bounds-check --pointer-check -DSIZE=2 --unwind 5 --find-success -DCOVTARGET=9
Trying to find 8 covering execution...
scbmc FULLCOV_mutant100069_merge_sorted_nodups.c maxcov.c --bounds-check --pointer-check -DSIZE=2 --unwind 5 --find-success -DCOVTARGET=8
Trying to find 7 covering execution...
scbmc FULLCOV_mutant100069_merge_sorted_nodups.c maxcov.c --bounds-check --pointer-check -DSIZE=2 --unwind 5 --find-success -DCOVTARGET=7
Trying to find 6 covering execution...
scbmc FULLCOV_mutant100069_merge_sorted_nodups.c maxcov.c --bounds-check --pointer-check -DSIZE=2 --unwind 5 --find-success -DCOVTARGET=6
Trying to find 5 covering execution...
scbmc FULLCOV_mutant100069_merge_sorted_nodups.c maxcov.c --bounds-check --pointer-check -DSIZE=2 --unwind 5 --find-success -DCOVTARGET=5
Trying to find 4 covering execution...
scbmc FULLCOV_mutant100069_merge_sorted_nodups.c maxcov.c --bounds-check --pointer-check -DSIZE=2 --unwind 5 --find-success -DCOVTARGET=4
Trying to find 3 covering execution...
scbmc FULLCOV_mutant100069_merge_sorted_nodups.c maxcov.c --bounds-check --pointer-check -DSIZE=2 --unwind 5 --find-success -DCOVTARGET=3
Trying to find 2 covering execution...
scbmc FULLCOV_mutant100069_merge_sorted_nodups.c maxcov.c --bounds-check --pointer-check -DSIZE=2 --unwind 5 --find-success -DCOVTARGET=2
Trying to find 1 covering execution...
scbmc FULLCOV_mutant100069_merge_sorted_nodups.c maxcov.c --bounds-check --pointer-check -DSIZE=2 --unwind 5 --find-success -DCOVTARGET=1
Can't cover mutant at all!
Analyzing mutant FULLCOV_mutant100070_merge_sorted_nodups.c
Trying to find 17 covering execution...
scbmc FULLCOV_mutant100070_merge_sorted_nodups.c maxcov.c --bounds-check --pointer-check -DSIZE=2 --unwind 5 --find-success -DCOVTARGET=17
Trying to find 16 covering execution...
scbmc FULLCOV_mutant100070_merge_sorted_nodups.c maxcov.c --bounds-check --pointer-check -DSIZE=2 --unwind 5 --find-success -DCOVTARGET=16
Trying to find 15 covering execution...
scbmc FULLCOV_mutant100070_merge_sorted_nodups.c maxcov.c --bounds-check --pointer-check -DSIZE=2 --unwind 5 --find-success -DCOVTARGET=15
Trying to find 14 covering execution...
scbmc FULLCOV_mutant100070_merge_sorted_nodups.c maxcov.c --bounds-check --pointer-check -DSIZE=2 --unwind 5 --find-success -DCOVTARGET=14
Trying to find 13 covering execution...
scbmc FULLCOV_mutant100070_merge_sorted_nodups.c maxcov.c --bounds-check --pointer-check -DSIZE=2 --unwind 5 --find-success -DCOVTARGET=13
Trying to find 12 covering execution...
scbmc FULLCOV_mutant100070_merge_sorted_nodups.c maxcov.c --bounds-check --pointer-check -DSIZE=2 --unwind 5 --find-success -DCOVTARGET=12
Trying to find 11 covering execution...
scbmc FULLCOV_mutant100070_merge_sorted_nodups.c maxcov.c --bounds-check --pointer-check -DSIZE=2 --unwind 5 --find-success -DCOVTARGET=11
Trying to find 10 covering execution...
scbmc FULLCOV_mutant100070_merge_sorted_nodups.c maxcov.c --bounds-check --pointer-check -DSIZE=2 --unwind 5 --find-success -DCOVTARGET=10
Trying to find 9 covering execution...
scbmc FULLCOV_mutant100070_merge_sorted_nodups.c maxcov.c --bounds-check --pointer-check -DSIZE=2 --unwind 5 --find-success -DCOVTARGET=9
Trying to find 8 covering execution...
scbmc FULLCOV_mutant100070_merge_sorted_nodups.c maxcov.c --bounds-check --pointer-check -DSIZE=2 --unwind 5 --find-success -DCOVTARGET=8
Trying to find 7 covering execution...
scbmc FULLCOV_mutant100070_merge_sorted_nodups.c maxcov.c --bounds-check --pointer-check -DSIZE=2 --unwind 5 --find-success -DCOVTARGET=7
Trying to find 6 covering execution...
scbmc FULLCOV_mutant100070_merge_sorted_nodups.c maxcov.c --bounds-check --pointer-check -DSIZE=2 --unwind 5 --find-success -DCOVTARGET=6
Trying to find 5 covering execution...
scbmc FULLCOV_mutant100070_merge_sorted_nodups.c maxcov.c --bounds-check --pointer-check -DSIZE=2 --unwind 5 --find-success -DCOVTARGET=5
Trying to find 4 covering execution...
scbmc FULLCOV_mutant100070_merge_sorted_nodups.c maxcov.c --bounds-check --pointer-check -DSIZE=2 --unwind 5 --find-success -DCOVTARGET=4
Trying to find 3 covering execution...
scbmc FULLCOV_mutant100070_merge_sorted_nodups.c maxcov.c --bounds-check --pointer-check -DSIZE=2 --unwind 5 --find-success -DCOVTARGET=3
Trying to find 2 covering execution...
scbmc FULLCOV_mutant100070_merge_sorted_nodups.c maxcov.c --bounds-check --pointer-check -DSIZE=2 --unwind 5 --find-success -DCOVTARGET=2
Trying to find 1 covering execution...
scbmc FULLCOV_mutant100070_merge_sorted_nodups.c maxcov.c --bounds-check --pointer-check -DSIZE=2 --unwind 5 --find-success -DCOVTARGET=1
Can't cover mutant at all!
Analyzing mutant FULLCOV_mutant100071_merge_sorted_nodups.c
Trying to find 17 covering execution...
scbmc FULLCOV_mutant100071_merge_sorted_nodups.c maxcov.c --bounds-check --pointer-check -DSIZE=2 --unwind 5 --find-success -DCOVTARGET=17
Trying to find 16 covering execution...
scbmc FULLCOV_mutant100071_merge_sorted_nodups.c maxcov.c --bounds-check --pointer-check -DSIZE=2 --unwind 5 --find-success -DCOVTARGET=16
Trying to find 15 covering execution...
scbmc FULLCOV_mutant100071_merge_sorted_nodups.c maxcov.c --bounds-check --pointer-check -DSIZE=2 --unwind 5 --find-success -DCOVTARGET=15
Trying to find 14 covering execution...
scbmc FULLCOV_mutant100071_merge_sorted_nodups.c maxcov.c --bounds-check --pointer-check -DSIZE=2 --unwind 5 --find-success -DCOVTARGET=14
Trying to find 13 covering execution...
scbmc FULLCOV_mutant100071_merge_sorted_nodups.c maxcov.c --bounds-check --pointer-check -DSIZE=2 --unwind 5 --find-success -DCOVTARGET=13
Trying to find 12 covering execution...
scbmc FULLCOV_mutant100071_merge_sorted_nodups.c maxcov.c --bounds-check --pointer-check -DSIZE=2 --unwind 5 --find-success -DCOVTARGET=12
Trying to find 11 covering execution...
scbmc FULLCOV_mutant100071_merge_sorted_nodups.c maxcov.c --bounds-check --pointer-check -DSIZE=2 --unwind 5 --find-success -DCOVTARGET=11
Trying to find 10 covering execution...
scbmc FULLCOV_mutant100071_merge_sorted_nodups.c maxcov.c --bounds-check --pointer-check -DSIZE=2 --unwind 5 --find-success -DCOVTARGET=10
Trying to find 9 covering execution...
scbmc FULLCOV_mutant100071_merge_sorted_nodups.c maxcov.c --bounds-check --pointer-check -DSIZE=2 --unwind 5 --find-success -DCOVTARGET=9
Trying to find 8 covering execution...
scbmc FULLCOV_mutant100071_merge_sorted_nodups.c maxcov.c --bounds-check --pointer-check -DSIZE=2 --unwind 5 --find-success -DCOVTARGET=8
Trying to find 7 covering execution...
scbmc FULLCOV_mutant100071_merge_sorted_nodups.c maxcov.c --bounds-check --pointer-check -DSIZE=2 --unwind 5 --find-success -DCOVTARGET=7
Trying to find 6 covering execution...
scbmc FULLCOV_mutant100071_merge_sorted_nodups.c maxcov.c --bounds-check --pointer-check -DSIZE=2 --unwind 5 --find-success -DCOVTARGET=6
Trying to find 5 covering execution...
scbmc FULLCOV_mutant100071_merge_sorted_nodups.c maxcov.c --bounds-check --pointer-check -DSIZE=2 --unwind 5 --find-success -DCOVTARGET=5
Trying to find 4 covering execution...
scbmc FULLCOV_mutant100071_merge_sorted_nodups.c maxcov.c --bounds-check --pointer-check -DSIZE=2 --unwind 5 --find-success -DCOVTARGET=4
Trying to find 3 covering execution...
scbmc FULLCOV_mutant100071_merge_sorted_nodups.c maxcov.c --bounds-check --pointer-check -DSIZE=2 --unwind 5 --find-success -DCOVTARGET=3
Trying to find 2 covering execution...
scbmc FULLCOV_mutant100071_merge_sorted_nodups.c maxcov.c --bounds-check --pointer-check -DSIZE=2 --unwind 5 --find-success -DCOVTARGET=2
Trying to find 1 covering execution...
scbmc FULLCOV_mutant100071_merge_sorted_nodups.c maxcov.c --bounds-check --pointer-check -DSIZE=2 --unwind 5 --find-success -DCOVTARGET=1
Can't cover mutant at all!
Analyzing mutant FULLCOV_mutant100072_merge_sorted_nodups.c
Trying to find 17 covering execution...
scbmc FULLCOV_mutant100072_merge_sorted_nodups.c maxcov.c --bounds-check --pointer-check -DSIZE=2 --unwind 5 --find-success -DCOVTARGET=17
Trying to find 16 covering execution...
scbmc FULLCOV_mutant100072_merge_sorted_nodups.c maxcov.c --bounds-check --pointer-check -DSIZE=2 --unwind 5 --find-success -DCOVTARGET=16
Trying to find 15 covering execution...
scbmc FULLCOV_mutant100072_merge_sorted_nodups.c maxcov.c --bounds-check --pointer-check -DSIZE=2 --unwind 5 --find-success -DCOVTARGET=15
Trying to find 14 covering execution...
scbmc FULLCOV_mutant100072_merge_sorted_nodups.c maxcov.c --bounds-check --pointer-check -DSIZE=2 --unwind 5 --find-success -DCOVTARGET=14
Trying to find 13 covering execution...
scbmc FULLCOV_mutant100072_merge_sorted_nodups.c maxcov.c --bounds-check --pointer-check -DSIZE=2 --unwind 5 --find-success -DCOVTARGET=13
Trying to find 12 covering execution...
scbmc FULLCOV_mutant100072_merge_sorted_nodups.c maxcov.c --bounds-check --pointer-check -DSIZE=2 --unwind 5 --find-success -DCOVTARGET=12
Trying to find 11 covering execution...
scbmc FULLCOV_mutant100072_merge_sorted_nodups.c maxcov.c --bounds-check --pointer-check -DSIZE=2 --unwind 5 --find-success -DCOVTARGET=11
Trying to find 10 covering execution...
scbmc FULLCOV_mutant100072_merge_sorted_nodups.c maxcov.c --bounds-check --pointer-check -DSIZE=2 --unwind 5 --find-success -DCOVTARGET=10
Trying to find 9 covering execution...
scbmc FULLCOV_mutant100072_merge_sorted_nodups.c maxcov.c --bounds-check --pointer-check -DSIZE=2 --unwind 5 --find-success -DCOVTARGET=9
Trying to find 8 covering execution...
scbmc FULLCOV_mutant100072_merge_sorted_nodups.c maxcov.c --bounds-check --pointer-check -DSIZE=2 --unwind 5 --find-success -DCOVTARGET=8
Trying to find 7 covering execution...
scbmc FULLCOV_mutant100072_merge_sorted_nodups.c maxcov.c --bounds-check --pointer-check -DSIZE=2 --unwind 5 --find-success -DCOVTARGET=7
Trying to find 6 covering execution...
scbmc FULLCOV_mutant100072_merge_sorted_nodups.c maxcov.c --bounds-check --pointer-check -DSIZE=2 --unwind 5 --find-success -DCOVTARGET=6
Trying to find 5 covering execution...
scbmc FULLCOV_mutant100072_merge_sorted_nodups.c maxcov.c --bounds-check --pointer-check -DSIZE=2 --unwind 5 --find-success -DCOVTARGET=5
Trying to find 4 covering execution...
scbmc FULLCOV_mutant100072_merge_sorted_nodups.c maxcov.c --bounds-check --pointer-check -DSIZE=2 --unwind 5 --find-success -DCOVTARGET=4
Trying to find 3 covering execution...
scbmc FULLCOV_mutant100072_merge_sorted_nodups.c maxcov.c --bounds-check --pointer-check -DSIZE=2 --unwind 5 --find-success -DCOVTARGET=3
Trying to find 2 covering execution...
scbmc FULLCOV_mutant100072_merge_sorted_nodups.c maxcov.c --bounds-check --pointer-check -DSIZE=2 --unwind 5 --find-success -DCOVTARGET=2
Trying to find 1 covering execution...
scbmc FULLCOV_mutant100072_merge_sorted_nodups.c maxcov.c --bounds-check --pointer-check -DSIZE=2 --unwind 5 --find-success -DCOVTARGET=1
Can't cover mutant at all!
STRENGTHS:
0 : FULLCOV_mutant100014_merge_sorted_nodups.c
0 : FULLCOV_mutant100058_merge_sorted_nodups.c
0 : FULLCOV_mutant100068_merge_sorted_nodups.c
0 : FULLCOV_mutant100053_merge_sorted_nodups.c
0 : FULLCOV_mutant100005_merge_sorted_nodups.c
0 : FULLCOV_mutant100054_merge_sorted_nodups.c
0 : FULLCOV_mutant100022_merge_sorted_nodups.c
0 : FULLCOV_mutant100052_merge_sorted_nodups.c
0 : FULLCOV_mutant100012_merge_sorted_nodups.c
0 : FULLCOV_mutant100025_merge_sorted_nodups.c
0 : FULLCOV_mutant100003_merge_sorted_nodups.c
0 : FULLCOV_mutant100071_merge_sorted_nodups.c
0 : FULLCOV_mutant100002_merge_sorted_nodups.c
0 : FULLCOV_mutant100056_merge_sorted_nodups.c
0 : FULLCOV_mutant100070_merge_sorted_nodups.c
0 : FULLCOV_mutant100067_merge_sorted_nodups.c
0 : FULLCOV_mutant100069_merge_sorted_nodups.c
0 : FULLCOV_mutant100057_merge_sorted_nodups.c
0 : FULLCOV_mutant100072_merge_sorted_nodups.c
0 : FULLCOV_mutant100044_merge_sorted_nodups.c
0 : FULLCOV_mutant100011_merge_sorted_nodups.c
0 : FULLCOV_mutant100006_merge_sorted_nodups.c
0 : FULLCOV_mutant100055_merge_sorted_nodups.c
5 : FULLCOV_mutant100010_merge_sorted_nodups.c
5 : FULLCOV_mutant100013_merge_sorted_nodups.c
5 : FULLCOV_mutant100007_merge_sorted_nodups.c
5 : FULLCOV_mutant100009_merge_sorted_nodups.c
12 : FULLCOV_mutant100028_merge_sorted_nodups.c
15 : FULLCOV_mutant100046_merge_sorted_nodups.c
15 : FULLCOV_mutant100066_merge_sorted_nodups.c
15 : FULLCOV_mutant100060_merge_sorted_nodups.c
15 : FULLCOV_mutant100029_merge_sorted_nodups.c
15 : FULLCOV_mutant100030_merge_sorted_nodups.c
16 : FULLCOV_mutant100049_merge_sorted_nodups.c
16 : FULLCOV_mutant100024_merge_sorted_nodups.c
16 : FULLCOV_mutant100018_merge_sorted_nodups.c
16 : FULLCOV_mutant100021_merge_sorted_nodups.c
16 : FULLCOV_mutant100001_merge_sorted_nodups.c
16 : FULLCOV_mutant100062_merge_sorted_nodups.c
16 : FULLCOV_mutant100038_merge_sorted_nodups.c
16 : FULLCOV_mutant100037_merge_sorted_nodups.c
16 : FULLCOV_mutant100032_merge_sorted_nodups.c
16 : FULLCOV_mutant100041_merge_sorted_nodups.c
16 : FULLCOV_mutant100008_merge_sorted_nodups.c
16 : FULLCOV_mutant100019_merge_sorted_nodups.c
16 : FULLCOV_mutant100040_merge_sorted_nodups.c
16 : FULLCOV_mutant100063_merge_sorted_nodups.c
16 : FULLCOV_mutant100064_merge_sorted_nodups.c
16 : FULLCOV_mutant100020_merge_sorted_nodups.c
16 : FULLCOV_mutant100033_merge_sorted_nodups.c
16 : FULLCOV_mutant100004_merge_sorted_nodups.c
16 : FULLCOV_mutant100035_merge_sorted_nodups.c
16 : FULLCOV_mutant100050_merge_sorted_nodups.c
16 : FULLCOV_mutant100039_merge_sorted_nodups.c
16 : FULLCOV_mutant100051_merge_sorted_nodups.c
16 : FULLCOV_mutant100043_merge_sorted_nodups.c
16 : FULLCOV_mutant100036_merge_sorted_nodups.c
16 : FULLCOV_mutant100034_merge_sorted_nodups.c
16 : FULLCOV_mutant100015_merge_sorted_nodups.c
16 : FULLCOV_mutant100027_merge_sorted_nodups.c
16 : FULLCOV_mutant100017_merge_sorted_nodups.c
16 : FULLCOV_mutant100059_merge_sorted_nodups.c
16 : FULLCOV_mutant100065_merge_sorted_nodups.c
16 : FULLCOV_mutant100061_merge_sorted_nodups.c
16 : FULLCOV_mutant100042_merge_sorted_nodups.c
16 : FULLCOV_mutant100016_merge_sorted_nodups.c
16 : FULLCOV_mutant100048_merge_sorted_nodups.c
16 : FULLCOV_mutant100031_merge_sorted_nodups.c
16 : FULLCOV_mutant100023_merge_sorted_nodups.c
16 : FULLCOV_mutant100026_merge_sorted_nodups.c
16 : FULLCOV_mutant100047_merge_sorted_nodups.c
16 : FULLCOV_mutant100045_merge_sorted_nodups.c
