covtiny
maxcov.c
mytiny.c
9
BRANCHCOV_mutant100001_mytiny.c doesn't compile
BRANCHCOV_mutant100002_mytiny.c doesn't compile
==========================================================
Analyzing mutant BRANCHCOV_mutant100003_mytiny.c
Trying to find 9 covering execution...
scbmc BRANCHCOV_mutant100003_mytiny.c maxcov.c -DCBMC -DRUN -I . --pointer-check --bounds-check --find-success -DCOVTARGET=9
TIME =  175.704
Trying to find 8 covering execution...
scbmc BRANCHCOV_mutant100003_mytiny.c maxcov.c -DCBMC -DRUN -I . --pointer-check --bounds-check --find-success -DCOVTARGET=8
Successful!
TIME =  111.996
==========================================================
Analyzing mutant BRANCHCOV_mutant100004_mytiny.c
Trying to find 9 covering execution...
scbmc BRANCHCOV_mutant100004_mytiny.c maxcov.c -DCBMC -DRUN -I . --pointer-check --bounds-check --find-success -DCOVTARGET=9
Successful!
TIME =  121.519
==========================================================
Analyzing mutant BRANCHCOV_mutant100005_mytiny.c
Trying to find 9 covering execution...
scbmc BRANCHCOV_mutant100005_mytiny.c maxcov.c -DCBMC -DRUN -I . --pointer-check --bounds-check --find-success -DCOVTARGET=9
Successful!
TIME =  583.561
==========================================================
Analyzing mutant BRANCHCOV_mutant100006_mytiny.c
Trying to find 9 covering execution...
scbmc BRANCHCOV_mutant100006_mytiny.c maxcov.c -DCBMC -DRUN -I . --pointer-check --bounds-check --find-success -DCOVTARGET=9
Successful!
TIME =  12.736
==========================================================
Analyzing mutant BRANCHCOV_mutant100007_mytiny.c
Trying to find 9 covering execution...
scbmc BRANCHCOV_mutant100007_mytiny.c maxcov.c -DCBMC -DRUN -I . --pointer-check --bounds-check --find-success -DCOVTARGET=9
Successful!
TIME =  10.459
BRANCHCOV_mutant100008_mytiny.c can't be covered
BRANCHCOV_mutant100008_mytiny.c doesn't compile
BRANCHCOV_mutant100009_mytiny.c can't be covered
BRANCHCOV_mutant100009_mytiny.c doesn't compile
BRANCHCOV_mutant100010_mytiny.c can't be covered
BRANCHCOV_mutant100010_mytiny.c doesn't compile
BRANCHCOV_mutant100011_mytiny.c can't be covered
BRANCHCOV_mutant100011_mytiny.c doesn't compile
BRANCHCOV_mutant100012_mytiny.c can't be covered
BRANCHCOV_mutant100012_mytiny.c doesn't compile
==========================================================
Analyzing mutant BRANCHCOV_mutant100013_mytiny.c
Trying to find 9 covering execution...
scbmc BRANCHCOV_mutant100013_mytiny.c maxcov.c -DCBMC -DRUN -I . --pointer-check --bounds-check --find-success -DCOVTARGET=9
Successful!
TIME =  118.747
==========================================================
Analyzing mutant BRANCHCOV_mutant100014_mytiny.c
Trying to find 9 covering execution...
scbmc BRANCHCOV_mutant100014_mytiny.c maxcov.c -DCBMC -DRUN -I . --pointer-check --bounds-check --find-success -DCOVTARGET=9
TIME =  148.027
Trying to find 8 covering execution...
scbmc BRANCHCOV_mutant100014_mytiny.c maxcov.c -DCBMC -DRUN -I . --pointer-check --bounds-check --find-success -DCOVTARGET=8
Successful!
TIME =  41.227
BRANCHCOV_mutant100015_mytiny.c doesn't compile
BRANCHCOV_mutant100016_mytiny.c doesn't compile
==========================================================
Analyzing mutant BRANCHCOV_mutant100017_mytiny.c
Trying to find 9 covering execution...
scbmc BRANCHCOV_mutant100017_mytiny.c maxcov.c -DCBMC -DRUN -I . --pointer-check --bounds-check --find-success -DCOVTARGET=9
Successful!
TIME =  111.272
==========================================================
Analyzing mutant BRANCHCOV_mutant100018_mytiny.c
Trying to find 9 covering execution...
scbmc BRANCHCOV_mutant100018_mytiny.c maxcov.c -DCBMC -DRUN -I . --pointer-check --bounds-check --find-success -DCOVTARGET=9
Successful!
TIME =  112.741
==========================================================
Analyzing mutant BRANCHCOV_mutant100019_mytiny.c
Trying to find 9 covering execution...
scbmc BRANCHCOV_mutant100019_mytiny.c maxcov.c -DCBMC -DRUN -I . --pointer-check --bounds-check --find-success -DCOVTARGET=9
Successful!
TIME =  13.987
==========================================================
Analyzing mutant BRANCHCOV_mutant100020_mytiny.c
Trying to find 9 covering execution...
scbmc BRANCHCOV_mutant100020_mytiny.c maxcov.c -DCBMC -DRUN -I . --pointer-check --bounds-check --find-success -DCOVTARGET=9
Successful!
TIME =  132.736
==========================================================
Analyzing mutant BRANCHCOV_mutant100021_mytiny.c
Trying to find 9 covering execution...
scbmc BRANCHCOV_mutant100021_mytiny.c maxcov.c -DCBMC -DRUN -I . --pointer-check --bounds-check --find-success -DCOVTARGET=9
Successful!
TIME =  129.99
==========================================================
Analyzing mutant BRANCHCOV_mutant100022_mytiny.c
Trying to find 9 covering execution...
scbmc BRANCHCOV_mutant100022_mytiny.c maxcov.c -DCBMC -DRUN -I . --pointer-check --bounds-check --find-success -DCOVTARGET=9
TIME =  88.143
Trying to find 8 covering execution...
scbmc BRANCHCOV_mutant100022_mytiny.c maxcov.c -DCBMC -DRUN -I . --pointer-check --bounds-check --find-success -DCOVTARGET=8
TIME =  82.652
Trying to find 7 covering execution...
scbmc BRANCHCOV_mutant100022_mytiny.c maxcov.c -DCBMC -DRUN -I . --pointer-check --bounds-check --find-success -DCOVTARGET=7
Successful!
TIME =  37.37
==========================================================
Analyzing mutant BRANCHCOV_mutant100023_mytiny.c
Trying to find 9 covering execution...
scbmc BRANCHCOV_mutant100023_mytiny.c maxcov.c -DCBMC -DRUN -I . --pointer-check --bounds-check --find-success -DCOVTARGET=9
TIME =  202.089
Trying to find 8 covering execution...
scbmc BRANCHCOV_mutant100023_mytiny.c maxcov.c -DCBMC -DRUN -I . --pointer-check --bounds-check --find-success -DCOVTARGET=8
TIME =  92.367
Trying to find 7 covering execution...
scbmc BRANCHCOV_mutant100023_mytiny.c maxcov.c -DCBMC -DRUN -I . --pointer-check --bounds-check --find-success -DCOVTARGET=7
Successful!
TIME =  34.959
==========================================================
Analyzing mutant BRANCHCOV_mutant100024_mytiny.c
Trying to find 9 covering execution...
scbmc BRANCHCOV_mutant100024_mytiny.c maxcov.c -DCBMC -DRUN -I . --pointer-check --bounds-check --find-success -DCOVTARGET=9
Successful!
TIME =  14.656
==========================================================
Analyzing mutant BRANCHCOV_mutant100025_mytiny.c
Trying to find 9 covering execution...
scbmc BRANCHCOV_mutant100025_mytiny.c maxcov.c -DCBMC -DRUN -I . --pointer-check --bounds-check --find-success -DCOVTARGET=9
Successful!
TIME =  255.07
==========================================================
Analyzing mutant BRANCHCOV_mutant100026_mytiny.c
Trying to find 9 covering execution...
scbmc BRANCHCOV_mutant100026_mytiny.c maxcov.c -DCBMC -DRUN -I . --pointer-check --bounds-check --find-success -DCOVTARGET=9
Successful!
TIME =  17.238
==========================================================
Analyzing mutant BRANCHCOV_mutant100027_mytiny.c
Trying to find 9 covering execution...
scbmc BRANCHCOV_mutant100027_mytiny.c maxcov.c -DCBMC -DRUN -I . --pointer-check --bounds-check --find-success -DCOVTARGET=9
Successful!
TIME =  71.777
==========================================================
Analyzing mutant BRANCHCOV_mutant100028_mytiny.c
Trying to find 9 covering execution...
scbmc BRANCHCOV_mutant100028_mytiny.c maxcov.c -DCBMC -DRUN -I . --pointer-check --bounds-check --find-success -DCOVTARGET=9
Successful!
TIME =  150.477
BRANCHCOV_mutant100029_mytiny.c doesn't compile
BRANCHCOV_mutant100030_mytiny.c doesn't compile
==========================================================
Analyzing mutant BRANCHCOV_mutant100031_mytiny.c
Trying to find 9 covering execution...
scbmc BRANCHCOV_mutant100031_mytiny.c maxcov.c -DCBMC -DRUN -I . --pointer-check --bounds-check --find-success -DCOVTARGET=9
Successful!
TIME =  202.923
==========================================================
Analyzing mutant BRANCHCOV_mutant100032_mytiny.c
Trying to find 9 covering execution...
scbmc BRANCHCOV_mutant100032_mytiny.c maxcov.c -DCBMC -DRUN -I . --pointer-check --bounds-check --find-success -DCOVTARGET=9
Successful!
TIME =  16.592
==========================================================
Analyzing mutant BRANCHCOV_mutant100033_mytiny.c
Trying to find 9 covering execution...
scbmc BRANCHCOV_mutant100033_mytiny.c maxcov.c -DCBMC -DRUN -I . --pointer-check --bounds-check --find-success -DCOVTARGET=9
Successful!
TIME =  125.508
==========================================================
Analyzing mutant BRANCHCOV_mutant100034_mytiny.c
Trying to find 9 covering execution...
scbmc BRANCHCOV_mutant100034_mytiny.c maxcov.c -DCBMC -DRUN -I . --pointer-check --bounds-check --find-success -DCOVTARGET=9
Successful!
TIME =  171.199
==========================================================
Analyzing mutant BRANCHCOV_mutant100035_mytiny.c
Trying to find 9 covering execution...
scbmc BRANCHCOV_mutant100035_mytiny.c maxcov.c -DCBMC -DRUN -I . --pointer-check --bounds-check --find-success -DCOVTARGET=9
Successful!
TIME =  27.787
==========================================================
Analyzing mutant BRANCHCOV_mutant100036_mytiny.c
Trying to find 9 covering execution...
scbmc BRANCHCOV_mutant100036_mytiny.c maxcov.c -DCBMC -DRUN -I . --pointer-check --bounds-check --find-success -DCOVTARGET=9
Successful!
TIME =  218.281
==========================================================
Analyzing mutant BRANCHCOV_mutant100037_mytiny.c
Trying to find 9 covering execution...
scbmc BRANCHCOV_mutant100037_mytiny.c maxcov.c -DCBMC -DRUN -I . --pointer-check --bounds-check --find-success -DCOVTARGET=9
Successful!
TIME =  16.052
==========================================================
Analyzing mutant BRANCHCOV_mutant100038_mytiny.c
Trying to find 9 covering execution...
scbmc BRANCHCOV_mutant100038_mytiny.c maxcov.c -DCBMC -DRUN -I . --pointer-check --bounds-check --find-success -DCOVTARGET=9
Successful!
TIME =  40.378
==========================================================
Analyzing mutant BRANCHCOV_mutant100039_mytiny.c
Trying to find 9 covering execution...
scbmc BRANCHCOV_mutant100039_mytiny.c maxcov.c -DCBMC -DRUN -I . --pointer-check --bounds-check --find-success -DCOVTARGET=9
Successful!
TIME =  24.465
==========================================================
Analyzing mutant BRANCHCOV_mutant100040_mytiny.c
Trying to find 9 covering execution...
scbmc BRANCHCOV_mutant100040_mytiny.c maxcov.c -DCBMC -DRUN -I . --pointer-check --bounds-check --find-success -DCOVTARGET=9
Successful!
TIME =  23.636
==========================================================
Analyzing mutant BRANCHCOV_mutant100041_mytiny.c
Trying to find 9 covering execution...
scbmc BRANCHCOV_mutant100041_mytiny.c maxcov.c -DCBMC -DRUN -I . --pointer-check --bounds-check --find-success -DCOVTARGET=9
Successful!
TIME =  14.308
==========================================================
Analyzing mutant BRANCHCOV_mutant100042_mytiny.c
Trying to find 9 covering execution...
scbmc BRANCHCOV_mutant100042_mytiny.c maxcov.c -DCBMC -DRUN -I . --pointer-check --bounds-check --find-success -DCOVTARGET=9
Successful!
TIME =  16.31
==========================================================
Analyzing mutant BRANCHCOV_mutant100043_mytiny.c
Trying to find 9 covering execution...
scbmc BRANCHCOV_mutant100043_mytiny.c maxcov.c -DCBMC -DRUN -I . --pointer-check --bounds-check --find-success -DCOVTARGET=9
Successful!
TIME =  144.512
==========================================================
Analyzing mutant BRANCHCOV_mutant100044_mytiny.c
Trying to find 9 covering execution...
scbmc BRANCHCOV_mutant100044_mytiny.c maxcov.c -DCBMC -DRUN -I . --pointer-check --bounds-check --find-success -DCOVTARGET=9
Successful!
TIME =  58.006
==========================================================
Analyzing mutant BRANCHCOV_mutant100045_mytiny.c
Trying to find 9 covering execution...
scbmc BRANCHCOV_mutant100045_mytiny.c maxcov.c -DCBMC -DRUN -I . --pointer-check --bounds-check --find-success -DCOVTARGET=9
Successful!
TIME =  278.791
==========================================================
Analyzing mutant BRANCHCOV_mutant100046_mytiny.c
Trying to find 9 covering execution...
scbmc BRANCHCOV_mutant100046_mytiny.c maxcov.c -DCBMC -DRUN -I . --pointer-check --bounds-check --find-success -DCOVTARGET=9
TIME =  152.147
Trying to find 8 covering execution...
scbmc BRANCHCOV_mutant100046_mytiny.c maxcov.c -DCBMC -DRUN -I . --pointer-check --bounds-check --find-success -DCOVTARGET=8
TIME =  144.972
Trying to find 7 covering execution...
scbmc BRANCHCOV_mutant100046_mytiny.c maxcov.c -DCBMC -DRUN -I . --pointer-check --bounds-check --find-success -DCOVTARGET=7
Successful!
TIME =  41.753
==========================================================
Analyzing mutant BRANCHCOV_mutant100047_mytiny.c
Trying to find 9 covering execution...
scbmc BRANCHCOV_mutant100047_mytiny.c maxcov.c -DCBMC -DRUN -I . --pointer-check --bounds-check --find-success -DCOVTARGET=9
Successful!
TIME =  506.782
==========================================================
Analyzing mutant BRANCHCOV_mutant100048_mytiny.c
Trying to find 9 covering execution...
scbmc BRANCHCOV_mutant100048_mytiny.c maxcov.c -DCBMC -DRUN -I . --pointer-check --bounds-check --find-success -DCOVTARGET=9
Successful!
TIME =  26.291
==========================================================
Analyzing mutant BRANCHCOV_mutant100049_mytiny.c
Trying to find 9 covering execution...
scbmc BRANCHCOV_mutant100049_mytiny.c maxcov.c -DCBMC -DRUN -I . --pointer-check --bounds-check --find-success -DCOVTARGET=9
Successful!
TIME =  13.203
BRANCHCOV_mutant100050_mytiny.c can't be covered
BRANCHCOV_mutant100050_mytiny.c doesn't compile
BRANCHCOV_mutant100051_mytiny.c can't be covered
BRANCHCOV_mutant100051_mytiny.c doesn't compile
BRANCHCOV_mutant100052_mytiny.c can't be covered
BRANCHCOV_mutant100052_mytiny.c doesn't compile
BRANCHCOV_mutant100053_mytiny.c can't be covered
BRANCHCOV_mutant100053_mytiny.c doesn't compile
BRANCHCOV_mutant100054_mytiny.c can't be covered
BRANCHCOV_mutant100054_mytiny.c doesn't compile
BRANCHCOV_mutant100055_mytiny.c doesn't compile
BRANCHCOV_mutant100056_mytiny.c doesn't compile
==========================================================
Analyzing mutant BRANCHCOV_mutant100057_mytiny.c
Trying to find 9 covering execution...
scbmc BRANCHCOV_mutant100057_mytiny.c maxcov.c -DCBMC -DRUN -I . --pointer-check --bounds-check --find-success -DCOVTARGET=9
Successful!
TIME =  230.38
==========================================================
Analyzing mutant BRANCHCOV_mutant100058_mytiny.c
Trying to find 9 covering execution...
scbmc BRANCHCOV_mutant100058_mytiny.c maxcov.c -DCBMC -DRUN -I . --pointer-check --bounds-check --find-success -DCOVTARGET=9
Successful!
TIME =  112.32
==========================================================
Analyzing mutant BRANCHCOV_mutant100059_mytiny.c
Trying to find 9 covering execution...
scbmc BRANCHCOV_mutant100059_mytiny.c maxcov.c -DCBMC -DRUN -I . --pointer-check --bounds-check --find-success -DCOVTARGET=9
Successful!
TIME =  157.779
==========================================================
Analyzing mutant BRANCHCOV_mutant100060_mytiny.c
Trying to find 9 covering execution...
scbmc BRANCHCOV_mutant100060_mytiny.c maxcov.c -DCBMC -DRUN -I . --pointer-check --bounds-check --find-success -DCOVTARGET=9
Successful!
TIME =  13.761
==========================================================
Analyzing mutant BRANCHCOV_mutant100061_mytiny.c
Trying to find 9 covering execution...
scbmc BRANCHCOV_mutant100061_mytiny.c maxcov.c -DCBMC -DRUN -I . --pointer-check --bounds-check --find-success -DCOVTARGET=9
Successful!
TIME =  125.047
==========================================================
Analyzing mutant BRANCHCOV_mutant100062_mytiny.c
Trying to find 9 covering execution...
scbmc BRANCHCOV_mutant100062_mytiny.c maxcov.c -DCBMC -DRUN -I . --pointer-check --bounds-check --find-success -DCOVTARGET=9
Successful!
TIME =  75.548
==========================================================
Analyzing mutant BRANCHCOV_mutant100063_mytiny.c
Trying to find 9 covering execution...
scbmc BRANCHCOV_mutant100063_mytiny.c maxcov.c -DCBMC -DRUN -I . --pointer-check --bounds-check --find-success -DCOVTARGET=9
Successful!
TIME =  12.486
==========================================================
Analyzing mutant BRANCHCOV_mutant100064_mytiny.c
Trying to find 9 covering execution...
scbmc BRANCHCOV_mutant100064_mytiny.c maxcov.c -DCBMC -DRUN -I . --pointer-check --bounds-check --find-success -DCOVTARGET=9
Successful!
TIME =  117.935
==========================================================
Analyzing mutant BRANCHCOV_mutant100065_mytiny.c
Trying to find 9 covering execution...
scbmc BRANCHCOV_mutant100065_mytiny.c maxcov.c -DCBMC -DRUN -I . --pointer-check --bounds-check --find-success -DCOVTARGET=9
Successful!
TIME =  15.355
==========================================================
Analyzing mutant BRANCHCOV_mutant100066_mytiny.c
Trying to find 9 covering execution...
scbmc BRANCHCOV_mutant100066_mytiny.c maxcov.c -DCBMC -DRUN -I . --pointer-check --bounds-check --find-success -DCOVTARGET=9
Successful!
TIME =  80.187
==========================================================
Analyzing mutant BRANCHCOV_mutant100067_mytiny.c
Trying to find 9 covering execution...
scbmc BRANCHCOV_mutant100067_mytiny.c maxcov.c -DCBMC -DRUN -I . --pointer-check --bounds-check --find-success -DCOVTARGET=9
TIME =  335.805
Trying to find 8 covering execution...
scbmc BRANCHCOV_mutant100067_mytiny.c maxcov.c -DCBMC -DRUN -I . --pointer-check --bounds-check --find-success -DCOVTARGET=8
Successful!
TIME =  323.134
==========================================================
Analyzing mutant BRANCHCOV_mutant100068_mytiny.c
Trying to find 9 covering execution...
scbmc BRANCHCOV_mutant100068_mytiny.c maxcov.c -DCBMC -DRUN -I . --pointer-check --bounds-check --find-success -DCOVTARGET=9
Successful!
TIME =  225.179
==========================================================
Analyzing mutant BRANCHCOV_mutant100069_mytiny.c
Trying to find 9 covering execution...
scbmc BRANCHCOV_mutant100069_mytiny.c maxcov.c -DCBMC -DRUN -I . --pointer-check --bounds-check --find-success -DCOVTARGET=9
Successful!
TIME =  167.179
==========================================================
Analyzing mutant BRANCHCOV_mutant100070_mytiny.c
Trying to find 9 covering execution...
scbmc BRANCHCOV_mutant100070_mytiny.c maxcov.c -DCBMC -DRUN -I . --pointer-check --bounds-check --find-success -DCOVTARGET=9
Successful!
TIME =  222.414
==========================================================
Analyzing mutant BRANCHCOV_mutant100071_mytiny.c
Trying to find 9 covering execution...
scbmc BRANCHCOV_mutant100071_mytiny.c maxcov.c -DCBMC -DRUN -I . --pointer-check --bounds-check --find-success -DCOVTARGET=9
Successful!
TIME =  66.718
==========================================================
Analyzing mutant BRANCHCOV_mutant100072_mytiny.c
Trying to find 9 covering execution...
scbmc BRANCHCOV_mutant100072_mytiny.c maxcov.c -DCBMC -DRUN -I . --pointer-check --bounds-check --find-success -DCOVTARGET=9
Successful!
TIME =  14.341
==========================================================
Analyzing mutant BRANCHCOV_mutant100073_mytiny.c
Trying to find 9 covering execution...
scbmc BRANCHCOV_mutant100073_mytiny.c maxcov.c -DCBMC -DRUN -I . --pointer-check --bounds-check --find-success -DCOVTARGET=9
Successful!
TIME =  110.124
BRANCHCOV_mutant100074_mytiny.c doesn't compile
BRANCHCOV_mutant100075_mytiny.c doesn't compile
==========================================================
Analyzing mutant BRANCHCOV_mutant100076_mytiny.c
Trying to find 9 covering execution...
scbmc BRANCHCOV_mutant100076_mytiny.c maxcov.c -DCBMC -DRUN -I . --pointer-check --bounds-check --find-success -DCOVTARGET=9
Successful!
TIME =  150.646
==========================================================
Analyzing mutant BRANCHCOV_mutant100077_mytiny.c
Trying to find 9 covering execution...
scbmc BRANCHCOV_mutant100077_mytiny.c maxcov.c -DCBMC -DRUN -I . --pointer-check --bounds-check --find-success -DCOVTARGET=9
Successful!
TIME =  184.737
==========================================================
Analyzing mutant BRANCHCOV_mutant100078_mytiny.c
Trying to find 9 covering execution...
scbmc BRANCHCOV_mutant100078_mytiny.c maxcov.c -DCBMC -DRUN -I . --pointer-check --bounds-check --find-success -DCOVTARGET=9
Successful!
TIME =  21.484
==========================================================
Analyzing mutant BRANCHCOV_mutant100079_mytiny.c
Trying to find 9 covering execution...
scbmc BRANCHCOV_mutant100079_mytiny.c maxcov.c -DCBMC -DRUN -I . --pointer-check --bounds-check --find-success -DCOVTARGET=9
Successful!
TIME =  25.12
==========================================================
Analyzing mutant BRANCHCOV_mutant100080_mytiny.c
Trying to find 9 covering execution...
scbmc BRANCHCOV_mutant100080_mytiny.c maxcov.c -DCBMC -DRUN -I . --pointer-check --bounds-check --find-success -DCOVTARGET=9
Successful!
TIME =  221.044
==========================================================
Analyzing mutant BRANCHCOV_mutant100081_mytiny.c
Trying to find 9 covering execution...
scbmc BRANCHCOV_mutant100081_mytiny.c maxcov.c -DCBMC -DRUN -I . --pointer-check --bounds-check --find-success -DCOVTARGET=9
Successful!
TIME =  28.176
==========================================================
Analyzing mutant BRANCHCOV_mutant100082_mytiny.c
Trying to find 9 covering execution...
scbmc BRANCHCOV_mutant100082_mytiny.c maxcov.c -DCBMC -DRUN -I . --pointer-check --bounds-check --find-success -DCOVTARGET=9
Successful!
TIME =  15.218
==========================================================
Analyzing mutant BRANCHCOV_mutant100083_mytiny.c
Trying to find 9 covering execution...
scbmc BRANCHCOV_mutant100083_mytiny.c maxcov.c -DCBMC -DRUN -I . --pointer-check --bounds-check --find-success -DCOVTARGET=9
Successful!
TIME =  252.725
==========================================================
Analyzing mutant BRANCHCOV_mutant100084_mytiny.c
Trying to find 9 covering execution...
scbmc BRANCHCOV_mutant100084_mytiny.c maxcov.c -DCBMC -DRUN -I . --pointer-check --bounds-check --find-success -DCOVTARGET=9
Successful!
TIME =  129.331
==========================================================
Analyzing mutant BRANCHCOV_mutant100085_mytiny.c
Trying to find 9 covering execution...
scbmc BRANCHCOV_mutant100085_mytiny.c maxcov.c -DCBMC -DRUN -I . --pointer-check --bounds-check --find-success -DCOVTARGET=9
Successful!
TIME =  218.764
BRANCHCOV_mutant100086_mytiny.c can't be covered
BRANCHCOV_mutant100086_mytiny.c doesn't compile
BRANCHCOV_mutant100087_mytiny.c can't be covered
BRANCHCOV_mutant100087_mytiny.c doesn't compile
BRANCHCOV_mutant100088_mytiny.c can't be covered
BRANCHCOV_mutant100088_mytiny.c doesn't compile
BRANCHCOV_mutant100089_mytiny.c can't be covered
BRANCHCOV_mutant100089_mytiny.c doesn't compile
BRANCHCOV_mutant100090_mytiny.c can't be covered
BRANCHCOV_mutant100090_mytiny.c doesn't compile
BRANCHCOV_mutant100091_mytiny.c can't be covered
BRANCHCOV_mutant100091_mytiny.c doesn't compile
BRANCHCOV_mutant100092_mytiny.c can't be covered
BRANCHCOV_mutant100092_mytiny.c doesn't compile
BRANCHCOV_mutant100093_mytiny.c can't be covered
BRANCHCOV_mutant100093_mytiny.c doesn't compile
BRANCHCOV_mutant100094_mytiny.c can't be covered
BRANCHCOV_mutant100094_mytiny.c doesn't compile
BRANCHCOV_mutant100095_mytiny.c can't be covered
BRANCHCOV_mutant100095_mytiny.c doesn't compile
==========================================================
Analyzing mutant BRANCHCOV_mutant100096_mytiny.c
Trying to find 9 covering execution...
scbmc BRANCHCOV_mutant100096_mytiny.c maxcov.c -DCBMC -DRUN -I . --pointer-check --bounds-check --find-success -DCOVTARGET=9
Successful!
TIME =  374.429
==========================================================
Analyzing mutant BRANCHCOV_mutant100097_mytiny.c
Trying to find 9 covering execution...
scbmc BRANCHCOV_mutant100097_mytiny.c maxcov.c -DCBMC -DRUN -I . --pointer-check --bounds-check --find-success -DCOVTARGET=9
Successful!
TIME =  290.611
==========================================================
Analyzing mutant BRANCHCOV_mutant100098_mytiny.c
Trying to find 9 covering execution...
scbmc BRANCHCOV_mutant100098_mytiny.c maxcov.c -DCBMC -DRUN -I . --pointer-check --bounds-check --find-success -DCOVTARGET=9
Successful!
TIME =  399.394
==========================================================
Analyzing mutant BRANCHCOV_mutant100099_mytiny.c
Trying to find 9 covering execution...
scbmc BRANCHCOV_mutant100099_mytiny.c maxcov.c -DCBMC -DRUN -I . --pointer-check --bounds-check --find-success -DCOVTARGET=9
Successful!
TIME =  317.376
==========================================================
Analyzing mutant BRANCHCOV_mutant100100_mytiny.c
Trying to find 9 covering execution...
scbmc BRANCHCOV_mutant100100_mytiny.c maxcov.c -DCBMC -DRUN -I . --pointer-check --bounds-check --find-success -DCOVTARGET=9
Successful!
TIME =  3657.01
BRANCHCOV_mutant100101_mytiny.c can't be covered
BRANCHCOV_mutant100101_mytiny.c doesn't compile
BRANCHCOV_mutant100102_mytiny.c can't be covered
BRANCHCOV_mutant100102_mytiny.c doesn't compile
BRANCHCOV_mutant100103_mytiny.c can't be covered
BRANCHCOV_mutant100103_mytiny.c doesn't compile
BRANCHCOV_mutant100104_mytiny.c can't be covered
BRANCHCOV_mutant100104_mytiny.c doesn't compile
BRANCHCOV_mutant100105_mytiny.c can't be covered
BRANCHCOV_mutant100105_mytiny.c doesn't compile
==========================================================
Analyzing mutant BRANCHCOV_mutant100106_mytiny.c
Trying to find 9 covering execution...
scbmc BRANCHCOV_mutant100106_mytiny.c maxcov.c -DCBMC -DRUN -I . --pointer-check --bounds-check --find-success -DCOVTARGET=9
Successful!
TIME =  174.229
==========================================================
Analyzing mutant BRANCHCOV_mutant100107_mytiny.c
Trying to find 9 covering execution...
scbmc BRANCHCOV_mutant100107_mytiny.c maxcov.c -DCBMC -DRUN -I . --pointer-check --bounds-check --find-success -DCOVTARGET=9
Successful!
TIME =  90.289
BRANCHCOV_mutant100108_mytiny.c doesn't compile
==========================================================
Analyzing mutant BRANCHCOV_mutant100109_mytiny.c
Trying to find 9 covering execution...
scbmc BRANCHCOV_mutant100109_mytiny.c maxcov.c -DCBMC -DRUN -I . --pointer-check --bounds-check --find-success -DCOVTARGET=9
Successful!
TIME =  407.911
==========================================================
Analyzing mutant BRANCHCOV_mutant100110_mytiny.c
Trying to find 9 covering execution...
scbmc BRANCHCOV_mutant100110_mytiny.c maxcov.c -DCBMC -DRUN -I . --pointer-check --bounds-check --find-success -DCOVTARGET=9
Successful!
TIME =  125.278
==========================================================
Analyzing mutant BRANCHCOV_mutant100111_mytiny.c
Trying to find 9 covering execution...
scbmc BRANCHCOV_mutant100111_mytiny.c maxcov.c -DCBMC -DRUN -I . --pointer-check --bounds-check --find-success -DCOVTARGET=9
Successful!
TIME =  247.07
==========================================================
Analyzing mutant BRANCHCOV_mutant100112_mytiny.c
Trying to find 9 covering execution...
scbmc BRANCHCOV_mutant100112_mytiny.c maxcov.c -DCBMC -DRUN -I . --pointer-check --bounds-check --find-success -DCOVTARGET=9
Successful!
TIME =  157.754
==========================================================
Analyzing mutant BRANCHCOV_mutant100113_mytiny.c
Trying to find 9 covering execution...
scbmc BRANCHCOV_mutant100113_mytiny.c maxcov.c -DCBMC -DRUN -I . --pointer-check --bounds-check --find-success -DCOVTARGET=9
Successful!
TIME =  435.215
BRANCHCOV_mutant100114_mytiny.c can't be covered
BRANCHCOV_mutant100114_mytiny.c doesn't compile
BRANCHCOV_mutant100115_mytiny.c doesn't compile
BRANCHCOV_mutant100116_mytiny.c can't be covered
BRANCHCOV_mutant100116_mytiny.c doesn't compile
BRANCHCOV_mutant100117_mytiny.c can't be covered
BRANCHCOV_mutant100117_mytiny.c doesn't compile
BRANCHCOV_mutant100118_mytiny.c can't be covered
BRANCHCOV_mutant100118_mytiny.c doesn't compile
BRANCHCOV_mutant100119_mytiny.c can't be covered
BRANCHCOV_mutant100119_mytiny.c doesn't compile
BRANCHCOV_mutant100120_mytiny.c can't be covered
BRANCHCOV_mutant100120_mytiny.c doesn't compile
BRANCHCOV_mutant100121_mytiny.c can't be covered
BRANCHCOV_mutant100121_mytiny.c doesn't compile
BRANCHCOV_mutant100122_mytiny.c can't be covered
BRANCHCOV_mutant100122_mytiny.c doesn't compile
BRANCHCOV_mutant100123_mytiny.c doesn't compile
BRANCHCOV_mutant100124_mytiny.c can't be covered
BRANCHCOV_mutant100124_mytiny.c doesn't compile
BRANCHCOV_mutant100125_mytiny.c can't be covered
BRANCHCOV_mutant100125_mytiny.c doesn't compile
BRANCHCOV_mutant100126_mytiny.c can't be covered
BRANCHCOV_mutant100126_mytiny.c doesn't compile
BRANCHCOV_mutant100127_mytiny.c doesn't compile
BRANCHCOV_mutant100128_mytiny.c doesn't compile
BRANCHCOV_mutant100129_mytiny.c doesn't compile
BRANCHCOV_mutant100130_mytiny.c can't be covered
BRANCHCOV_mutant100130_mytiny.c doesn't compile
BRANCHCOV_mutant100131_mytiny.c can't be covered
BRANCHCOV_mutant100131_mytiny.c doesn't compile
BRANCHCOV_mutant100132_mytiny.c can't be covered
BRANCHCOV_mutant100132_mytiny.c doesn't compile
BRANCHCOV_mutant100133_mytiny.c can't be covered
BRANCHCOV_mutant100133_mytiny.c doesn't compile
BRANCHCOV_mutant100134_mytiny.c can't be covered
BRANCHCOV_mutant100134_mytiny.c doesn't compile
BRANCHCOV_mutant100135_mytiny.c can't be covered
BRANCHCOV_mutant100135_mytiny.c doesn't compile
BRANCHCOV_mutant100136_mytiny.c can't be covered
BRANCHCOV_mutant100136_mytiny.c doesn't compile
BRANCHCOV_mutant100137_mytiny.c can't be covered
BRANCHCOV_mutant100137_mytiny.c doesn't compile
BRANCHCOV_mutant100138_mytiny.c can't be covered
BRANCHCOV_mutant100138_mytiny.c doesn't compile
BRANCHCOV_mutant100139_mytiny.c can't be covered
BRANCHCOV_mutant100139_mytiny.c doesn't compile
BRANCHCOV_mutant100140_mytiny.c can't be covered
BRANCHCOV_mutant100140_mytiny.c doesn't compile
BRANCHCOV_mutant100141_mytiny.c can't be covered
BRANCHCOV_mutant100141_mytiny.c doesn't compile
BRANCHCOV_mutant100142_mytiny.c can't be covered
BRANCHCOV_mutant100142_mytiny.c doesn't compile
BRANCHCOV_mutant100143_mytiny.c can't be covered
BRANCHCOV_mutant100143_mytiny.c doesn't compile
BRANCHCOV_mutant100144_mytiny.c can't be covered
BRANCHCOV_mutant100144_mytiny.c doesn't compile
BRANCHCOV_mutant100145_mytiny.c can't be covered
BRANCHCOV_mutant100145_mytiny.c doesn't compile
BRANCHCOV_mutant100146_mytiny.c can't be covered
BRANCHCOV_mutant100146_mytiny.c doesn't compile
BRANCHCOV_mutant100147_mytiny.c can't be covered
BRANCHCOV_mutant100147_mytiny.c doesn't compile
BRANCHCOV_mutant100148_mytiny.c can't be covered
BRANCHCOV_mutant100148_mytiny.c doesn't compile
BRANCHCOV_mutant100149_mytiny.c can't be covered
BRANCHCOV_mutant100149_mytiny.c doesn't compile
BRANCHCOV_mutant100150_mytiny.c can't be covered
BRANCHCOV_mutant100150_mytiny.c doesn't compile
BRANCHCOV_mutant100151_mytiny.c can't be covered
BRANCHCOV_mutant100151_mytiny.c doesn't compile
BRANCHCOV_mutant100152_mytiny.c can't be covered
BRANCHCOV_mutant100152_mytiny.c doesn't compile
BRANCHCOV_mutant100153_mytiny.c can't be covered
BRANCHCOV_mutant100153_mytiny.c doesn't compile
BRANCHCOV_mutant100154_mytiny.c can't be covered
BRANCHCOV_mutant100154_mytiny.c doesn't compile
BRANCHCOV_mutant100155_mytiny.c can't be covered
BRANCHCOV_mutant100155_mytiny.c doesn't compile
BRANCHCOV_mutant100156_mytiny.c can't be covered
BRANCHCOV_mutant100156_mytiny.c doesn't compile
BRANCHCOV_mutant100157_mytiny.c can't be covered
BRANCHCOV_mutant100157_mytiny.c doesn't compile
BRANCHCOV_mutant100158_mytiny.c can't be covered
BRANCHCOV_mutant100158_mytiny.c doesn't compile
BRANCHCOV_mutant100159_mytiny.c can't be covered
BRANCHCOV_mutant100159_mytiny.c doesn't compile
BRANCHCOV_mutant100160_mytiny.c can't be covered
BRANCHCOV_mutant100160_mytiny.c doesn't compile
BRANCHCOV_mutant100161_mytiny.c can't be covered
BRANCHCOV_mutant100161_mytiny.c doesn't compile
BRANCHCOV_mutant100162_mytiny.c can't be covered
BRANCHCOV_mutant100162_mytiny.c doesn't compile
BRANCHCOV_mutant100163_mytiny.c can't be covered
BRANCHCOV_mutant100163_mytiny.c doesn't compile
BRANCHCOV_mutant100164_mytiny.c can't be covered
BRANCHCOV_mutant100164_mytiny.c doesn't compile
BRANCHCOV_mutant100165_mytiny.c can't be covered
BRANCHCOV_mutant100165_mytiny.c doesn't compile
BRANCHCOV_mutant100166_mytiny.c can't be covered
BRANCHCOV_mutant100166_mytiny.c doesn't compile
BRANCHCOV_mutant100167_mytiny.c can't be covered
BRANCHCOV_mutant100167_mytiny.c doesn't compile
BRANCHCOV_mutant100168_mytiny.c can't be covered
BRANCHCOV_mutant100168_mytiny.c doesn't compile
BRANCHCOV_mutant100169_mytiny.c can't be covered
BRANCHCOV_mutant100169_mytiny.c doesn't compile
BRANCHCOV_mutant100170_mytiny.c can't be covered
BRANCHCOV_mutant100170_mytiny.c doesn't compile
BRANCHCOV_mutant100171_mytiny.c can't be covered
BRANCHCOV_mutant100171_mytiny.c doesn't compile
BRANCHCOV_mutant100172_mytiny.c can't be covered
BRANCHCOV_mutant100172_mytiny.c doesn't compile
BRANCHCOV_mutant100173_mytiny.c can't be covered
BRANCHCOV_mutant100173_mytiny.c doesn't compile
BRANCHCOV_mutant100174_mytiny.c can't be covered
BRANCHCOV_mutant100174_mytiny.c doesn't compile
BRANCHCOV_mutant100175_mytiny.c can't be covered
BRANCHCOV_mutant100175_mytiny.c doesn't compile
==========================================================
Analyzing mutant BRANCHCOV_mutant100176_mytiny.c
Trying to find 9 covering execution...
scbmc BRANCHCOV_mutant100176_mytiny.c maxcov.c -DCBMC -DRUN -I . --pointer-check --bounds-check --find-success -DCOVTARGET=9
Successful!
TIME =  5310.28
BRANCHCOV_mutant100177_mytiny.c can't be covered
BRANCHCOV_mutant100177_mytiny.c doesn't compile
==========================================================
Analyzing mutant BRANCHCOV_mutant100178_mytiny.c
Trying to find 9 covering execution...
scbmc BRANCHCOV_mutant100178_mytiny.c maxcov.c -DCBMC -DRUN -I . --pointer-check --bounds-check --find-success -DCOVTARGET=9
TIME =  158.732
Trying to find 8 covering execution...
scbmc BRANCHCOV_mutant100178_mytiny.c maxcov.c -DCBMC -DRUN -I . --pointer-check --bounds-check --find-success -DCOVTARGET=8
Successful!
TIME =  35.563
BRANCHCOV_mutant100179_mytiny.c doesn't compile
BRANCHCOV_mutant100180_mytiny.c can't be covered
BRANCHCOV_mutant100180_mytiny.c doesn't compile
BRANCHCOV_mutant100181_mytiny.c can't be covered
BRANCHCOV_mutant100181_mytiny.c doesn't compile
BRANCHCOV_mutant100182_mytiny.c can't be covered
BRANCHCOV_mutant100182_mytiny.c doesn't compile
BRANCHCOV_mutant100183_mytiny.c can't be covered
BRANCHCOV_mutant100183_mytiny.c doesn't compile
BRANCHCOV_mutant100184_mytiny.c can't be covered
BRANCHCOV_mutant100184_mytiny.c doesn't compile
BRANCHCOV_mutant100185_mytiny.c can't be covered
BRANCHCOV_mutant100185_mytiny.c doesn't compile
BRANCHCOV_mutant100186_mytiny.c can't be covered
BRANCHCOV_mutant100186_mytiny.c doesn't compile
BRANCHCOV_mutant100187_mytiny.c can't be covered
BRANCHCOV_mutant100187_mytiny.c doesn't compile
BRANCHCOV_mutant100188_mytiny.c can't be covered
BRANCHCOV_mutant100188_mytiny.c doesn't compile
BRANCHCOV_mutant100189_mytiny.c can't be covered
BRANCHCOV_mutant100189_mytiny.c doesn't compile
BRANCHCOV_mutant100190_mytiny.c can't be covered
BRANCHCOV_mutant100190_mytiny.c doesn't compile
BRANCHCOV_mutant100191_mytiny.c can't be covered
BRANCHCOV_mutant100191_mytiny.c doesn't compile
BRANCHCOV_mutant100192_mytiny.c can't be covered
BRANCHCOV_mutant100192_mytiny.c doesn't compile
STRENGTHS:
9 : BRANCHCOV_mutant100037_mytiny.c 140 :  /* MUTANT (rep_op) */	WARN_ON_ONCE(newval <= 0);

9 : BRANCHCOV_mutant100045_mytiny.c 142 :  /* MUTANT (del_stmt) */ /* 	local_irq_restore(flags); */ 

9 : BRANCHCOV_mutant100111_mytiny.c 259 :  /* MUTANT (rep_op) */	if (rcu_qsctr_help(&rcu_sched_ctrlblk) * rcu_qsctr_help(&rcu_bh_ctrlblk)) {

9 : BRANCHCOV_mutant100027_mytiny.c 123 :  /* MUTANT (del_stmt) */ /* 		newval = rcu_dynticks_nesting - DYNTICK_TASK_NEST_VALUE; */ 

9 : BRANCHCOV_mutant100058_mytiny.c 178 :  /* MUTANT (del_stmt) */ /* 	oldval = rcu_dynticks_nesting; */ 

9 : BRANCHCOV_mutant100106_mytiny.c 247 :  /* MUTANT (rep_const) */	return 1;

9 : BRANCHCOV_mutant100098_mytiny.c 240 :  /* MUTANT (rep_op) */	if (rcp->rcucblist != NULL || rcp->donetail != rcp->curtail) {

9 : BRANCHCOV_mutant100081_mytiny.c 204 :  /* MUTANT (rep_op) */	WARN_ON_ONCE(rcu_dynticks_nesting != 0);

9 : BRANCHCOV_mutant100021_mytiny.c 116 :  /* MUTANT (rep_const) */	WARN_ON_ONCE((rcu_dynticks_nesting & DYNTICK_TASK_NEST_MASK) == -1);

9 : BRANCHCOV_mutant100109_mytiny.c 259 :  /* MUTANT (del_stmt) */ /* 	local_irq_save(flags); */ 

9 : BRANCHCOV_mutant100112_mytiny.c 259 :  /* MUTANT (rep_op) */	if (rcu_qsctr_help(&rcu_sched_ctrlblk) % rcu_qsctr_help(&rcu_bh_ctrlblk)) {

9 : BRANCHCOV_mutant100085_mytiny.c 206 :  /* MUTANT (del_stmt) */ /* 	local_irq_restore(flags); */ 

9 : BRANCHCOV_mutant100036_mytiny.c 140 :  /* MUTANT (del_stmt) */ /* 	WARN_ON_ONCE(newval < 0); */ 

9 : BRANCHCOV_mutant100082_mytiny.c 204 :  /* MUTANT (rep_const) */	WARN_ON_ONCE(rcu_dynticks_nesting == 1);

9 : BRANCHCOV_mutant100080_mytiny.c 204 :  /* MUTANT (del_stmt) */ /* 	WARN_ON_ONCE(rcu_dynticks_nesting == 0); */ 

9 : BRANCHCOV_mutant100028_mytiny.c 126 :  /* MUTANT (del_stmt) */ /* 	local_irq_restore(flags); */ 

9 : BRANCHCOV_mutant100100_mytiny.c 240 :  /* MUTANT (negate) */	if(! (rcp->rcucblist != NULL && rcp->donetail != rcp->curtail)) {

9 : BRANCHCOV_mutant100064_mytiny.c 179 :  /* MUTANT (rep_op) */	WARN_ON_ONCE(rcu_dynticks_nesting != 0);

9 : BRANCHCOV_mutant100060_mytiny.c 179 :  /* MUTANT (rep_op) */	WARN_ON_ONCE(rcu_dynticks_nesting <= 0);

9 : BRANCHCOV_mutant100004_mytiny.c 85 :  /* MUTANT (del_stmt) */ /* 		rcu_dynticks_nesting = newval; */ 

9 : BRANCHCOV_mutant100041_mytiny.c 140 :  /* MUTANT (rep_op) */	WARN_ON_ONCE(newval != 0);

9 : BRANCHCOV_mutant100026_mytiny.c 119 :  /* MUTANT (rep_const) */		newval = -1;

9 : BRANCHCOV_mutant100033_mytiny.c 139 :  /* MUTANT (rep_const) */	newval = rcu_dynticks_nesting - 0;

9 : BRANCHCOV_mutant100063_mytiny.c 179 :  /* MUTANT (rep_op) */	WARN_ON_ONCE(rcu_dynticks_nesting == 0);

9 : BRANCHCOV_mutant100097_mytiny.c 240 :  /* MUTANT (rep_op) */	if (rcp->rcucblist == NULL && rcp->donetail != rcp->curtail) {

9 : BRANCHCOV_mutant100024_mytiny.c 119 :  /* MUTANT (del_stmt) */ /* 		newval = 0; */ 

9 : BRANCHCOV_mutant100077_mytiny.c 202 :  /* MUTANT (del_stmt) */ /* 	oldval = rcu_dynticks_nesting; */ 

9 : BRANCHCOV_mutant100073_mytiny.c 189 :  /* MUTANT (del_stmt) */ /* 	local_irq_restore(flags); */ 

9 : BRANCHCOV_mutant100005_mytiny.c 86 :  /* MUTANT (del_stmt) */ /* 		return; */ 

9 : BRANCHCOV_mutant100013_mytiny.c 102 :  /* MUTANT (del_stmt) */ /* 	barrier(); */ 

9 : BRANCHCOV_mutant100047_mytiny.c 153 :  /* MUTANT (del_stmt) */ /* 		return; */ 

9 : BRANCHCOV_mutant100035_mytiny.c 139 :  /* MUTANT (rep_const) */	newval = rcu_dynticks_nesting - ((1)+1);

9 : BRANCHCOV_mutant100070_mytiny.c 182 :  /* MUTANT (rep_op) */		rcu_dynticks_nesting *= DYNTICK_TASK_NEST_VALUE;

9 : BRANCHCOV_mutant100057_mytiny.c 177 :  /* MUTANT (del_stmt) */ /* 	local_irq_save(flags); */ 

9 : BRANCHCOV_mutant100083_mytiny.c 204 :  /* MUTANT (rep_const) */	WARN_ON_ONCE(rcu_dynticks_nesting == -1);

9 : BRANCHCOV_mutant100084_mytiny.c 205 :  /* MUTANT (del_stmt) */ /* 	rcu_idle_exit_common(oldval); */ 

9 : BRANCHCOV_mutant100069_mytiny.c 182 :  /* MUTANT (rep_op) */		rcu_dynticks_nesting -= DYNTICK_TASK_NEST_VALUE;

9 : BRANCHCOV_mutant100038_mytiny.c 140 :  /* MUTANT (rep_op) */	WARN_ON_ONCE(newval > 0);

9 : BRANCHCOV_mutant100040_mytiny.c 140 :  /* MUTANT (rep_op) */	WARN_ON_ONCE(newval == 0);

9 : BRANCHCOV_mutant100017_mytiny.c 115 :  /* MUTANT (del_stmt) */ /* 	local_irq_save(flags); */ 

9 : BRANCHCOV_mutant100110_mytiny.c 259 :  /* MUTANT (rep_op) */	if (rcu_qsctr_help(&rcu_sched_ctrlblk) - rcu_qsctr_help(&rcu_bh_ctrlblk)) {

9 : BRANCHCOV_mutant100062_mytiny.c 179 :  /* MUTANT (rep_op) */	WARN_ON_ONCE(rcu_dynticks_nesting >= 0);

9 : BRANCHCOV_mutant100044_mytiny.c 141 :  /* MUTANT (del_stmt) */ /* 	rcu_idle_enter_common(newval); */ 

9 : BRANCHCOV_mutant100078_mytiny.c 203 :  /* MUTANT (del_stmt) */ /* 	rcu_dynticks_nesting++; */ 

9 : BRANCHCOV_mutant100025_mytiny.c 119 :  /* MUTANT (rep_const) */		newval = 1;

9 : BRANCHCOV_mutant100065_mytiny.c 179 :  /* MUTANT (rep_const) */	WARN_ON_ONCE(rcu_dynticks_nesting < 1);

9 : BRANCHCOV_mutant100042_mytiny.c 140 :  /* MUTANT (rep_const) */	WARN_ON_ONCE(newval < 1);

9 : BRANCHCOV_mutant100113_mytiny.c 259 :  /* MUTANT (negate) */	if(! (rcu_qsctr_help(&rcu_sched_ctrlblk) + rcu_qsctr_help(&rcu_bh_ctrlblk))) {

9 : BRANCHCOV_mutant100099_mytiny.c 240 :  /* MUTANT (rep_op) */	if (rcp->rcucblist != NULL && rcp->donetail == rcp->curtail) {

9 : BRANCHCOV_mutant100034_mytiny.c 139 :  /* MUTANT (rep_const) */	newval = rcu_dynticks_nesting - -1;

9 : BRANCHCOV_mutant100020_mytiny.c 116 :  /* MUTANT (rep_const) */	WARN_ON_ONCE((rcu_dynticks_nesting & DYNTICK_TASK_NEST_MASK) == 1);

9 : BRANCHCOV_mutant100071_mytiny.c 182 :  /* MUTANT (rep_op) */		rcu_dynticks_nesting %= DYNTICK_TASK_NEST_VALUE;

9 : BRANCHCOV_mutant100066_mytiny.c 179 :  /* MUTANT (rep_const) */	WARN_ON_ONCE(rcu_dynticks_nesting < -1);

9 : BRANCHCOV_mutant100006_mytiny.c 89 :  /* MUTANT (rep_op) */	if (IS_ENABLED(CONFIG_RCU_TRACE) || !is_idle_task(current)) {

9 : BRANCHCOV_mutant100076_mytiny.c 201 :  /* MUTANT (del_stmt) */ /* 	local_irq_save(flags); */ 

9 : BRANCHCOV_mutant100019_mytiny.c 116 :  /* MUTANT (rep_op) */	WARN_ON_ONCE((rcu_dynticks_nesting & DYNTICK_TASK_NEST_MASK) != 0);

9 : BRANCHCOV_mutant100048_mytiny.c 155 :  /* MUTANT (rep_op) */	if (IS_ENABLED(CONFIG_RCU_TRACE) || !is_idle_task(current)) {

9 : BRANCHCOV_mutant100061_mytiny.c 179 :  /* MUTANT (rep_op) */	WARN_ON_ONCE(rcu_dynticks_nesting > 0);

9 : BRANCHCOV_mutant100068_mytiny.c 182 :  /* MUTANT (del_stmt) */ /* 		rcu_dynticks_nesting += DYNTICK_TASK_NEST_VALUE; */ 

9 : BRANCHCOV_mutant100096_mytiny.c 240 :  /* MUTANT (del_stmt) */ /* 	RCU_TRACE(reset_cpu_stall_ticks(rcp)); */ 

9 : BRANCHCOV_mutant100032_mytiny.c 139 :  /* MUTANT (del_stmt) */ /* 	newval = rcu_dynticks_nesting - 1; */ 

9 : BRANCHCOV_mutant100039_mytiny.c 140 :  /* MUTANT (rep_op) */	WARN_ON_ONCE(newval >= 0);

9 : BRANCHCOV_mutant100176_mytiny.c 382 :  /* MUTANT (rep_op) */	rcu_lockdep_assert(!lock_is_held(&rcu_bh_lock_map) ||

9 : BRANCHCOV_mutant100079_mytiny.c 203 :  /* MUTANT (rep_op) */	rcu_dynticks_nesting--;

9 : BRANCHCOV_mutant100043_mytiny.c 140 :  /* MUTANT (rep_const) */	WARN_ON_ONCE(newval < -1);

9 : BRANCHCOV_mutant100059_mytiny.c 179 :  /* MUTANT (del_stmt) */ /* 	WARN_ON_ONCE(rcu_dynticks_nesting < 0); */ 

9 : BRANCHCOV_mutant100007_mytiny.c 89 :  /* MUTANT (negate) */	if(! (IS_ENABLED(CONFIG_RCU_TRACE) && !is_idle_task(current))) {

9 : BRANCHCOV_mutant100107_mytiny.c 247 :  /* MUTANT (rep_const) */	return -1;

9 : BRANCHCOV_mutant100049_mytiny.c 155 :  /* MUTANT (negate) */	if(! (IS_ENABLED(CONFIG_RCU_TRACE) && !is_idle_task(current))) {

9 : BRANCHCOV_mutant100072_mytiny.c 186 :  /* MUTANT (del_stmt) */ /* 		rcu_dynticks_nesting = DYNTICK_TASK_EXIT_IDLE; */ 

9 : BRANCHCOV_mutant100031_mytiny.c 138 :  /* MUTANT (del_stmt) */ /* 	local_irq_save(flags); */ 

9 : BRANCHCOV_mutant100018_mytiny.c 116 :  /* MUTANT (del_stmt) */ /* 	WARN_ON_ONCE((rcu_dynticks_nesting & DYNTICK_TASK_NEST_MASK) == 0); */ 

8 : BRANCHCOV_mutant100178_mytiny.c 386 :  /* MUTANT (del_stmt) */ /* 	cond_resched(); */ 

8 : BRANCHCOV_mutant100067_mytiny.c 179 :  /* MUTANT (negate) */	if(! (rcu_dynticks_nesting & DYNTICK_TASK_NEST_MASK)) {

8 : BRANCHCOV_mutant100003_mytiny.c 80 :  /* MUTANT (negate) */	if(! (newval)) {

8 : BRANCHCOV_mutant100014_mytiny.c 103 :  /* MUTANT (del_stmt) */ /* 	rcu_dynticks_nesting = newval; */ 

7 : BRANCHCOV_mutant100022_mytiny.c 116 :  /* MUTANT (rep_op) */	if ((rcu_dynticks_nesting & DYNTICK_TASK_NEST_MASK) != DYNTICK_TASK_NEST_VALUE) {

7 : BRANCHCOV_mutant100023_mytiny.c 116 :  /* MUTANT (negate) */	if(! ((rcu_dynticks_nesting & DYNTICK_TASK_NEST_MASK) == DYNTICK_TASK_NEST_VALUE)) {

7 : BRANCHCOV_mutant100046_mytiny.c 148 :  /* MUTANT (negate) */	if(! (oldval)) {

-2 : BRANCHCOV_mutant100052_mytiny.c 163 :  /* MUTANT (rep_const) */		WARN_ONCE(0, "Current pid: %d comm: %s / Idle pid: %d comm: %s",

-2 : BRANCHCOV_mutant100012_mytiny.c 97 :  /* MUTANT (rep_const) */		WARN_ONCE(((1)+1), "Current pid: %d comm: %s / Idle pid: %d comm: %s",

-2 : BRANCHCOV_mutant100164_mytiny.c 346 :  /* MUTANT (del_stmt) */ /* 		prefetch(next); */ 

-2 : BRANCHCOV_mutant100086_mytiny.c 217 :  /* MUTANT (del_stmt) */ /* 	return rcu_dynticks_nesting; */ 

-2 : BRANCHCOV_mutant100141_mytiny.c 319 :  /* MUTANT (rep_const) */		RCU_TRACE(trace_rcu_batch_start(rcp->name, 0, 0, 1));

-2 : BRANCHCOV_mutant100008_mytiny.c 92 :  /* MUTANT (del_stmt) */ /* 		struct task_struct *idle __maybe_unused = idle_task(smp_processor_id()); */ 

-2 : BRANCHCOV_mutant100093_mytiny.c 230 :  /* MUTANT (rep_const) */	return rcu_dynticks_nesting <= 0;

-2 : BRANCHCOV_mutant100053_mytiny.c 163 :  /* MUTANT (rep_const) */		WARN_ONCE(-1, "Current pid: %d comm: %s / Idle pid: %d comm: %s",

-2 : BRANCHCOV_mutant100029_mytiny.c 135 :  /* MUTANT (del_stmt) */ /* 	unsigned long flags; */ 

-2 : BRANCHCOV_mutant100184_mytiny.c 404 :  /* MUTANT (del_stmt) */ /* 	*rcp->curtail = head; */ 

-2 : BRANCHCOV_mutant100118_mytiny.c 277 :  /* MUTANT (del_stmt) */ /* 		raise_softirq(RCU_SOFTIRQ); */ 

-2 : BRANCHCOV_mutant100001_mytiny.c 69 :  /* MUTANT (del_stmt) */ /* static void rcu_process_callbacks(struct softirq_action *unused); */ 

-2 : BRANCHCOV_mutant100181_mytiny.c 400 :  /* MUTANT (del_stmt) */ /* 	head->func = func; */ 

-2 : BRANCHCOV_mutant100146_mytiny.c 325 :  /* MUTANT (del_stmt) */ /* 		return; */ 

-2 : BRANCHCOV_mutant100051_mytiny.c 162 :  /* MUTANT (del_stmt) */ /* 		ftrace_dump(DUMP_ALL); */ 

-2 : BRANCHCOV_mutant100055_mytiny.c 174 :  /* MUTANT (del_stmt) */ /* 	unsigned long flags; */ 

-2 : BRANCHCOV_mutant100144_mytiny.c 320 :  /* MUTANT (rep_const) */		RCU_TRACE(trace_rcu_batch_end(rcp->name, 1,

-2 : BRANCHCOV_mutant100159_mytiny.c 336 :  /* MUTANT (del_stmt) */ /* 		rcp->curtail = &rcp->rcucblist; */ 

-2 : BRANCHCOV_mutant100168_mytiny.c 350 :  /* MUTANT (del_stmt) */ /* 		local_bh_enable(); */ 

-2 : BRANCHCOV_mutant100171_mytiny.c 352 :  /* MUTANT (rep_op) */		RCU_TRACE(cb_count--);

-2 : BRANCHCOV_mutant100103_mytiny.c 244 :  /* MUTANT (rep_const) */		return 0;

-2 : BRANCHCOV_mutant100056_mytiny.c 175 :  /* MUTANT (del_stmt) */ /* 	long long oldval; */ 

-2 : BRANCHCOV_mutant100145_mytiny.c 320 :  /* MUTANT (rep_const) */		RCU_TRACE(trace_rcu_batch_end(rcp->name, -1,

-2 : BRANCHCOV_mutant100133_mytiny.c 316 :  /* MUTANT (rep_op) */	if (&rcp->rcucblist != rcp->donetail) {

-2 : BRANCHCOV_mutant100121_mytiny.c 290 :  /* MUTANT (negate) */	if(! (user || rcu_is_cpu_rrupt_from_idle())) {

-2 : BRANCHCOV_mutant100016_mytiny.c 113 :  /* MUTANT (del_stmt) */ /* 	long long newval; */ 

-2 : BRANCHCOV_mutant100137_mytiny.c 319 :  /* MUTANT (rep_const) */		RCU_TRACE(trace_rcu_batch_start(rcp->name, -1, 0, -1));

-2 : BRANCHCOV_mutant100114_mytiny.c 262 :  /* MUTANT (del_stmt) */ /* 		raise_softirq(RCU_SOFTIRQ); */  

-2 : BRANCHCOV_mutant100189_mytiny.c 417 :  /* MUTANT (del_stmt) */ /* 	__call_rcu(head, func, &rcu_sched_ctrlblk); */ 

-2 : BRANCHCOV_mutant100139_mytiny.c 319 :  /* MUTANT (rep_const) */		RCU_TRACE(trace_rcu_batch_start(rcp->name, 0, -1, -1));

-2 : BRANCHCOV_mutant100074_mytiny.c 198 :  /* MUTANT (del_stmt) */ /* 	unsigned long flags; */ 

-2 : BRANCHCOV_mutant100135_mytiny.c 319 :  /* MUTANT (del_stmt) */ /* 		RCU_TRACE(trace_rcu_batch_start(rcp->name, 0, 0, -1)); */ 

-2 : BRANCHCOV_mutant100142_mytiny.c 319 :  /* MUTANT (rep_const) */		RCU_TRACE(trace_rcu_batch_start(rcp->name, 0, 0, ((-1)+1)));

-2 : BRANCHCOV_mutant100177_mytiny.c 383 :  /* MUTANT (rep_op) */!lock_is_held(&rcu_lock_map) ||

-2 : BRANCHCOV_mutant100075_mytiny.c 199 :  /* MUTANT (del_stmt) */ /* 	long long oldval; */ 

-2 : BRANCHCOV_mutant100124_mytiny.c 297 :  /* MUTANT (del_stmt) */ /* 		rcu_bh_qs(); */ 

-2 : BRANCHCOV_mutant100095_mytiny.c 230 :  /* MUTANT (rep_const) */	return rcu_dynticks_nesting <= ((1)+1);

-2 : BRANCHCOV_mutant100090_mytiny.c 230 :  /* MUTANT (rep_op) */	return rcu_dynticks_nesting >= 1;

-2 : BRANCHCOV_mutant100011_mytiny.c 97 :  /* MUTANT (rep_const) */		WARN_ONCE(-1, "Current pid: %d comm: %s / Idle pid: %d comm: %s",

-2 : BRANCHCOV_mutant100120_mytiny.c 290 :  /* MUTANT (rep_op) */	if (user && rcu_is_cpu_rrupt_from_idle()) {

-2 : BRANCHCOV_mutant100030_mytiny.c 136 :  /* MUTANT (del_stmt) */ /* 	long long newval; */ 

-2 : BRANCHCOV_mutant100122_mytiny.c 293 :  /* MUTANT (del_stmt) */ /* 		rcu_sched_qs(); */ 

-2 : BRANCHCOV_mutant100183_mytiny.c 403 :  /* MUTANT (del_stmt) */ /* 	local_irq_save(flags); */ 

-2 : BRANCHCOV_mutant100187_mytiny.c 406 :  /* MUTANT (rep_op) */	RCU_TRACE(rcp->qlen--);

-2 : BRANCHCOV_mutant100188_mytiny.c 407 :  /* MUTANT (del_stmt) */ /* 	local_irq_restore(flags); */ 

-2 : BRANCHCOV_mutant100174_mytiny.c 363 :  /* MUTANT (del_stmt) */ /* 	__rcu_process_callbacks(&rcu_sched_ctrlblk); */ 

-2 : BRANCHCOV_mutant100148_mytiny.c 330 :  /* MUTANT (rep_const) */	RCU_TRACE(trace_rcu_batch_start(rcp->name, 1, rcp->qlen, -1));

-2 : BRANCHCOV_mutant100115_mytiny.c 272 :  /* MUTANT (del_stmt) */ /* 	unsigned long flags; */ 

-2 : BRANCHCOV_mutant100119_mytiny.c 290 :  /* MUTANT (del_stmt) */ /* 	RCU_TRACE(check_cpu_stalls()); */ 

-2 : BRANCHCOV_mutant100185_mytiny.c 405 :  /* MUTANT (del_stmt) */ /* 	rcp->curtail = &head->next; */ 

-2 : BRANCHCOV_mutant100125_mytiny.c 298 :  /* MUTANT (negate) */	if(! (user)) {

-2 : BRANCHCOV_mutant100192_mytiny.c 435 :  /* MUTANT (del_stmt) */ /* 	rcu_early_boot_tests(); */ 

-2 : BRANCHCOV_mutant100050_mytiny.c 158 :  /* MUTANT (del_stmt) */ /* 		struct task_struct *idle __maybe_unused = idle_task(smp_processor_id()); */ 

-2 : BRANCHCOV_mutant100169_mytiny.c 351 :  /* MUTANT (del_stmt) */ /* 		list = next; */ 

-2 : BRANCHCOV_mutant100172_mytiny.c 356 :  /* MUTANT (rep_const) */cb_count, 1, need_resched(),

-2 : BRANCHCOV_mutant100009_mytiny.c 96 :  /* MUTANT (del_stmt) */ /* 		ftrace_dump(DUMP_ALL); */ 

-2 : BRANCHCOV_mutant100161_mytiny.c 342 :  /* MUTANT (del_stmt) */ /* 	RCU_TRACE(rn = rcp->name); */ 

-2 : BRANCHCOV_mutant100165_mytiny.c 347 :  /* MUTANT (del_stmt) */ /* 		debug_rcu_head_unqueue(list); */ 

-2 : BRANCHCOV_mutant100157_mytiny.c 333 :  /* MUTANT (rep_op) */	if (rcp->curtail != rcp->donetail) {

-2 : BRANCHCOV_mutant100129_mytiny.c 313 :  /* MUTANT (del_stmt) */ /* 	unsigned long flags; */ 

-2 : BRANCHCOV_mutant100104_mytiny.c 244 :  /* MUTANT (rep_const) */		return -1;

-2 : BRANCHCOV_mutant100180_mytiny.c 399 :  /* MUTANT (del_stmt) */ /* 	debug_rcu_head_queue(head); */ 

-2 : BRANCHCOV_mutant100166_mytiny.c 348 :  /* MUTANT (del_stmt) */ /* 		local_bh_disable(); */ 

-2 : BRANCHCOV_mutant100094_mytiny.c 230 :  /* MUTANT (rep_const) */	return rcu_dynticks_nesting <= -1;

-2 : BRANCHCOV_mutant100156_mytiny.c 333 :  /* MUTANT (del_stmt) */ /* 	*rcp->donetail = NULL; */ 

-2 : BRANCHCOV_mutant100015_mytiny.c 112 :  /* MUTANT (del_stmt) */ /* 	unsigned long flags; */ 

-2 : BRANCHCOV_mutant100136_mytiny.c 319 :  /* MUTANT (rep_const) */		RCU_TRACE(trace_rcu_batch_start(rcp->name, 1, 0, -1));

-2 : BRANCHCOV_mutant100126_mytiny.c 301 :  /* MUTANT (del_stmt) */ /* 		rcu_note_voluntary_context_switch(current); */ 

-2 : BRANCHCOV_mutant100154_mytiny.c 331 :  /* MUTANT (del_stmt) */ /* 	list = rcp->rcucblist; */ 

-2 : BRANCHCOV_mutant100138_mytiny.c 319 :  /* MUTANT (rep_const) */		RCU_TRACE(trace_rcu_batch_start(rcp->name, 0, 1, -1));

-2 : BRANCHCOV_mutant100134_mytiny.c 316 :  /* MUTANT (negate) */	if(! (&rcp->rcucblist == rcp->donetail)) {

-2 : BRANCHCOV_mutant100054_mytiny.c 163 :  /* MUTANT (rep_const) */		WARN_ONCE(((1)+1), "Current pid: %d comm: %s / Idle pid: %d comm: %s",

-2 : BRANCHCOV_mutant100091_mytiny.c 230 :  /* MUTANT (rep_op) */	return rcu_dynticks_nesting == 1;

-2 : BRANCHCOV_mutant100102_mytiny.c 244 :  /* MUTANT (del_stmt) */ /* 		return 1; */ 

-2 : BRANCHCOV_mutant100116_mytiny.c 274 :  /* MUTANT (del_stmt) */ /* 	local_irq_save(flags); */ 

-2 : BRANCHCOV_mutant100153_mytiny.c 330 :  /* MUTANT (rep_const) */	RCU_TRACE(trace_rcu_batch_start(rcp->name, 0, rcp->qlen, ((-1)-1)));

-2 : BRANCHCOV_mutant100149_mytiny.c 330 :  /* MUTANT (rep_const) */	RCU_TRACE(trace_rcu_batch_start(rcp->name, -1, rcp->qlen, -1));

-2 : BRANCHCOV_mutant100173_mytiny.c 356 :  /* MUTANT (rep_const) */cb_count, -1, need_resched(),

-2 : BRANCHCOV_mutant100087_mytiny.c 230 :  /* MUTANT (del_stmt) */ /* 	return rcu_dynticks_nesting <= 1; */ 

-2 : BRANCHCOV_mutant100163_mytiny.c 345 :  /* MUTANT (del_stmt) */ /* 		next = list->next; */ 

-2 : BRANCHCOV_mutant100147_mytiny.c 330 :  /* MUTANT (del_stmt) */ /* 	RCU_TRACE(trace_rcu_batch_start(rcp->name, 0, rcp->qlen, -1)); */ 

-2 : BRANCHCOV_mutant100143_mytiny.c 319 :  /* MUTANT (rep_const) */		RCU_TRACE(trace_rcu_batch_start(rcp->name, 0, 0, ((-1)-1)));

-2 : BRANCHCOV_mutant100182_mytiny.c 401 :  /* MUTANT (del_stmt) */ /* 	head->next = NULL; */ 

-2 : BRANCHCOV_mutant100179_mytiny.c 397 :  /* MUTANT (del_stmt) */ /* 	unsigned long flags; */ 

-2 : BRANCHCOV_mutant100190_mytiny.c 427 :  /* MUTANT (del_stmt) */ /* 	__call_rcu(head, func, &rcu_bh_ctrlblk); */ 

-2 : BRANCHCOV_mutant100105_mytiny.c 244 :  /* MUTANT (rep_const) */		return ((1)+1);

-2 : BRANCHCOV_mutant100130_mytiny.c 314 :  /* MUTANT (del_stmt) */ /* 	RCU_TRACE(int cb_count = 0); */ 

-2 : BRANCHCOV_mutant100167_mytiny.c 349 :  /* MUTANT (del_stmt) */ /* 		__rcu_reclaim(rn, list); */ 

-2 : BRANCHCOV_mutant100186_mytiny.c 406 :  /* MUTANT (del_stmt) */ /* 	RCU_TRACE(rcp->qlen++); */ 

-2 : BRANCHCOV_mutant100101_mytiny.c 243 :  /* MUTANT (del_stmt) */ /* 		rcp->donetail = rcp->curtail; */ 

-2 : BRANCHCOV_mutant100092_mytiny.c 230 :  /* MUTANT (rep_op) */	return rcu_dynticks_nesting != 1;

-2 : BRANCHCOV_mutant100140_mytiny.c 319 :  /* MUTANT (rep_const) */		RCU_TRACE(trace_rcu_batch_start(rcp->name, 0, 0, 0));

-2 : BRANCHCOV_mutant100150_mytiny.c 330 :  /* MUTANT (rep_const) */	RCU_TRACE(trace_rcu_batch_start(rcp->name, 0, rcp->qlen, 0));

-2 : BRANCHCOV_mutant100132_mytiny.c 314 :  /* MUTANT (rep_const) */	RCU_TRACE(int cb_count = -1);

-2 : BRANCHCOV_mutant100108_mytiny.c 257 :  /* MUTANT (del_stmt) */ /* 	unsigned long flags; */ 

-2 : BRANCHCOV_mutant100123_mytiny.c 294 :  /* MUTANT (negate) */	else if(! (!in_softirq())) {

-2 : BRANCHCOV_mutant100160_mytiny.c 339 :  /* MUTANT (del_stmt) */ /* 	local_irq_restore(flags); */ 

-2 : BRANCHCOV_mutant100175_mytiny.c 364 :  /* MUTANT (del_stmt) */ /* 	__rcu_process_callbacks(&rcu_bh_ctrlblk); */ 

-2 : BRANCHCOV_mutant100191_mytiny.c 433 :  /* MUTANT (del_stmt) */ /* 	open_softirq(RCU_SOFTIRQ, rcu_process_callbacks); */ 

-2 : BRANCHCOV_mutant100089_mytiny.c 230 :  /* MUTANT (rep_op) */	return rcu_dynticks_nesting > 1;

-2 : BRANCHCOV_mutant100117_mytiny.c 274 :  /* MUTANT (negate) */	if(! (rcu_qsctr_help(&rcu_bh_ctrlblk))) {

-2 : BRANCHCOV_mutant100170_mytiny.c 352 :  /* MUTANT (del_stmt) */ /* 		RCU_TRACE(cb_count++); */ 

-2 : BRANCHCOV_mutant100131_mytiny.c 314 :  /* MUTANT (rep_const) */	RCU_TRACE(int cb_count = 1);

-2 : BRANCHCOV_mutant100127_mytiny.c 311 :  /* MUTANT (del_stmt) */ /* 	const char *rn = NULL; */ 

-2 : BRANCHCOV_mutant100151_mytiny.c 330 :  /* MUTANT (rep_const) */	RCU_TRACE(trace_rcu_batch_start(rcp->name, 0, rcp->qlen, 1));

-2 : BRANCHCOV_mutant100152_mytiny.c 330 :  /* MUTANT (rep_const) */	RCU_TRACE(trace_rcu_batch_start(rcp->name, 0, rcp->qlen, ((-1)+1)));

-2 : BRANCHCOV_mutant100158_mytiny.c 333 :  /* MUTANT (negate) */	if(! (rcp->curtail == rcp->donetail)) {

-2 : BRANCHCOV_mutant100088_mytiny.c 230 :  /* MUTANT (rep_op) */	return rcu_dynticks_nesting < 1;

-2 : BRANCHCOV_mutant100162_mytiny.c 342 :  /* MUTANT (negate) */	while(! (list)) {

-2 : BRANCHCOV_mutant100002_mytiny.c 74 :  /* MUTANT (del_stmt) */ /* static long long rcu_dynticks_nesting = DYNTICK_TASK_EXIT_IDLE; */ 

-2 : BRANCHCOV_mutant100155_mytiny.c 332 :  /* MUTANT (del_stmt) */ /* 	rcp->rcucblist = *rcp->donetail; */ 

-2 : BRANCHCOV_mutant100128_mytiny.c 312 :  /* MUTANT (del_stmt) */ /* 	struct rcu_head *next, *list; */ 

-2 : BRANCHCOV_mutant100010_mytiny.c 97 :  /* MUTANT (rep_const) */		WARN_ONCE(0, "Current pid: %d comm: %s / Idle pid: %d comm: %s",

