USAGE: evalmuants.py <prefix> <timeout> [--cbmc PATH] --options <options> --files <files> --mutate <mutant-files> [--harness] [--use-existing] [--check-strength]
PREFIX = mactiny
TIMEOUT = 100000
False --options
OPTIONS = -I . -DRUN -DCBMC 
FILES = ['fake.c']
MUTATED FILES = ['tiny.c']
limit cputime 100000 ; cbmc -I . -DRUN -DCBMC 
SANITY CHECK...
Original SUCCESSFULLY VERIFIED in 26.856
Mutating tiny.c
Checking mutant mutant100001_tiny.c:  47 :  /* MUTANT (del_stmt) */ /* static void rcu_process_callbacks(struct softirq_action *unused); */ 
VERIFICATION SUCCESSFUL 25.962
Checking mutant mutant100002_tiny.c:  52 :  /* MUTANT (del_stmt) */ /* static long long rcu_dynticks_nesting = DYNTICK_TASK_EXIT_IDLE; */ 
OTHER RESULT
Checking mutant mutant100003_tiny.c:  59 :  /* MUTANT (negate) */	if(! (newval)) {
VERIFICATION SUCCESSFUL 26.688
Checking mutant mutant100004_tiny.c:  62 :  /* MUTANT (del_stmt) */ /* 		rcu_dynticks_nesting = newval; */ 
VERIFICATION SUCCESSFUL 19.739
Checking mutant mutant100005_tiny.c:  63 :  /* MUTANT (del_stmt) */ /* 		return; */ 
VERIFICATION SUCCESSFUL 34.972
Checking mutant mutant100006_tiny.c:  67 :  /* MUTANT (rep_op) */	if (IS_ENABLED(CONFIG_RCU_TRACE) || !is_idle_task(current)) {
KILLED 2.318
Checking mutant mutant100007_tiny.c:  67 :  /* MUTANT (negate) */	if(! (IS_ENABLED(CONFIG_RCU_TRACE) && !is_idle_task(current))) {
KILLED 1.943
Checking mutant mutant100008_tiny.c:  68 :  /* MUTANT (del_stmt) */ /* 		struct task_struct *idle __maybe_unused = idle_task(smp_processor_id()); */ 
VERIFICATION SUCCESSFUL 29.061
Checking mutant mutant100009_tiny.c:  72 :  /* MUTANT (del_stmt) */ /* 		ftrace_dump(DUMP_ALL); */ 
VERIFICATION SUCCESSFUL 27.524
Checking mutant mutant100010_tiny.c:  73 :  /* MUTANT (rep_const) */		WARN_ONCE(0, "Current pid: %d comm: %s / Idle pid: %d comm: %s",
VERIFICATION SUCCESSFUL 26.076
Checking mutant mutant100011_tiny.c:  73 :  /* MUTANT (rep_const) */		WARN_ONCE(-1, "Current pid: %d comm: %s / Idle pid: %d comm: %s",
VERIFICATION SUCCESSFUL 27.235
Checking mutant mutant100012_tiny.c:  73 :  /* MUTANT (rep_const) */		WARN_ONCE(((1)+1), "Current pid: %d comm: %s / Idle pid: %d comm: %s",
VERIFICATION SUCCESSFUL 29.433
Checking mutant mutant100013_tiny.c:  78 :  /* MUTANT (del_stmt) */ /* 	barrier(); */ 
VERIFICATION SUCCESSFUL 25.566
Checking mutant mutant100014_tiny.c:  79 :  /* MUTANT (del_stmt) */ /* 	rcu_dynticks_nesting = newval; */ 
VERIFICATION SUCCESSFUL 23.628
Checking mutant mutant100015_tiny.c:  88 :  /* MUTANT (del_stmt) */ /* 	unsigned long flags; */ 
OTHER RESULT
Checking mutant mutant100016_tiny.c:  89 :  /* MUTANT (del_stmt) */ /* 	long long newval; */ 
OTHER RESULT
Checking mutant mutant100017_tiny.c:  91 :  /* MUTANT (del_stmt) */ /* 	local_irq_save(flags); */ 
VERIFICATION SUCCESSFUL 24.496
Checking mutant mutant100018_tiny.c:  92 :  /* MUTANT (del_stmt) */ /* 	WARN_ON_ONCE((rcu_dynticks_nesting & DYNTICK_TASK_NEST_MASK) == 0); */ 
VERIFICATION SUCCESSFUL 22.531
Checking mutant mutant100019_tiny.c:  92 :  /* MUTANT (rep_op) */	WARN_ON_ONCE((rcu_dynticks_nesting & DYNTICK_TASK_NEST_MASK) != 0);
KILLED 2.244
Checking mutant mutant100020_tiny.c:  92 :  /* MUTANT (rep_const) */	WARN_ON_ONCE((rcu_dynticks_nesting & DYNTICK_TASK_NEST_MASK) == 1);
VERIFICATION SUCCESSFUL 18.748
Checking mutant mutant100021_tiny.c:  92 :  /* MUTANT (rep_const) */	WARN_ON_ONCE((rcu_dynticks_nesting & DYNTICK_TASK_NEST_MASK) == -1);
VERIFICATION SUCCESSFUL 20.262
Checking mutant mutant100022_tiny.c:  93 :  /* MUTANT (rep_op) */	if ((rcu_dynticks_nesting & DYNTICK_TASK_NEST_MASK) !=
VERIFICATION SUCCESSFUL 28.853
Checking mutant mutant100023_tiny.c:  95 :  /* MUTANT (rep_const) */		newval = 1;
VERIFICATION SUCCESSFUL 27.698
Checking mutant mutant100024_tiny.c:  95 :  /* MUTANT (rep_const) */		newval = -1;
KILLED 2.864
Checking mutant mutant100025_tiny.c:  98 :  /* MUTANT (del_stmt) */ /* 	rcu_idle_enter_common(newval); */ 
VERIFICATION SUCCESSFUL 5.128
Checking mutant mutant100026_tiny.c:  99 :  /* MUTANT (del_stmt) */ /* 	local_irq_restore(flags); */ 
VERIFICATION SUCCESSFUL 3.154
Checking mutant mutant100027_tiny.c:  108 :  /* MUTANT (del_stmt) */ /* 	unsigned long flags; */ 
OTHER RESULT
Checking mutant mutant100028_tiny.c:  109 :  /* MUTANT (del_stmt) */ /* 	long long newval; */ 
OTHER RESULT
Checking mutant mutant100029_tiny.c:  111 :  /* MUTANT (del_stmt) */ /* 	local_irq_save(flags); */ 
VERIFICATION SUCCESSFUL 28.355
Checking mutant mutant100030_tiny.c:  112 :  /* MUTANT (del_stmt) */ /* 	newval = rcu_dynticks_nesting - 1; */ 
KILLED 2.306
Checking mutant mutant100031_tiny.c:  112 :  /* MUTANT (rep_const) */	newval = rcu_dynticks_nesting - 0;
VERIFICATION SUCCESSFUL 24.504
Checking mutant mutant100032_tiny.c:  112 :  /* MUTANT (rep_const) */	newval = rcu_dynticks_nesting - -1;
VERIFICATION SUCCESSFUL 26.304
Checking mutant mutant100033_tiny.c:  112 :  /* MUTANT (rep_const) */	newval = rcu_dynticks_nesting - ((1)+1);
KILLED 3.618
Checking mutant mutant100034_tiny.c:  113 :  /* MUTANT (del_stmt) */ /* 	WARN_ON_ONCE(newval < 0); */ 
VERIFICATION SUCCESSFUL 23.728
Checking mutant mutant100035_tiny.c:  113 :  /* MUTANT (rep_op) */	WARN_ON_ONCE(newval <= 0);
KILLED 5.558
Checking mutant mutant100036_tiny.c:  113 :  /* MUTANT (rep_op) */	WARN_ON_ONCE(newval > 0);
KILLED 2.819
Checking mutant mutant100037_tiny.c:  113 :  /* MUTANT (rep_op) */	WARN_ON_ONCE(newval >= 0);
KILLED 3.146
Checking mutant mutant100038_tiny.c:  113 :  /* MUTANT (rep_op) */	WARN_ON_ONCE(newval == 0);
KILLED 4.007
Checking mutant mutant100039_tiny.c:  113 :  /* MUTANT (rep_op) */	WARN_ON_ONCE(newval != 0);
KILLED 4.54
Checking mutant mutant100040_tiny.c:  113 :  /* MUTANT (rep_const) */	WARN_ON_ONCE(newval < 1);
KILLED 4.479
Checking mutant mutant100041_tiny.c:  113 :  /* MUTANT (rep_const) */	WARN_ON_ONCE(newval < -1);
VERIFICATION SUCCESSFUL 22.081
Checking mutant mutant100042_tiny.c:  114 :  /* MUTANT (del_stmt) */ /* 	rcu_idle_enter_common(newval); */ 
VERIFICATION SUCCESSFUL 27.341
Checking mutant mutant100043_tiny.c:  115 :  /* MUTANT (del_stmt) */ /* 	local_irq_restore(flags); */ 
VERIFICATION SUCCESSFUL 21.47
Checking mutant mutant100044_tiny.c:  122 :  /* MUTANT (negate) */	if(! (oldval)) {
VERIFICATION SUCCESSFUL 31.226
Checking mutant mutant100045_tiny.c:  125 :  /* MUTANT (del_stmt) */ /* 		return; */ 
VERIFICATION SUCCESSFUL 28.263
Checking mutant mutant100046_tiny.c:  128 :  /* MUTANT (rep_op) */	if (IS_ENABLED(CONFIG_RCU_TRACE) || !is_idle_task(current)) {
KILLED 2.813
Checking mutant mutant100047_tiny.c:  128 :  /* MUTANT (negate) */	if(! (IS_ENABLED(CONFIG_RCU_TRACE) && !is_idle_task(current))) {
KILLED 4.031
Checking mutant mutant100048_tiny.c:  129 :  /* MUTANT (del_stmt) */ /* 		struct task_struct *idle __maybe_unused = idle_task(smp_processor_id()); */ 
VERIFICATION SUCCESSFUL 28.249
Checking mutant mutant100049_tiny.c:  133 :  /* MUTANT (del_stmt) */ /* 		ftrace_dump(DUMP_ALL); */ 
VERIFICATION SUCCESSFUL 28.096
Checking mutant mutant100050_tiny.c:  134 :  /* MUTANT (rep_const) */		WARN_ONCE(0, "Current pid: %d comm: %s / Idle pid: %d comm: %s",
VERIFICATION SUCCESSFUL 30.044
Checking mutant mutant100051_tiny.c:  134 :  /* MUTANT (rep_const) */		WARN_ONCE(-1, "Current pid: %d comm: %s / Idle pid: %d comm: %s",
VERIFICATION SUCCESSFUL 33.163
Checking mutant mutant100052_tiny.c:  134 :  /* MUTANT (rep_const) */		WARN_ONCE(((1)+1), "Current pid: %d comm: %s / Idle pid: %d comm: %s",
VERIFICATION SUCCESSFUL 25.946
Checking mutant mutant100053_tiny.c:  145 :  /* MUTANT (del_stmt) */ /* 	unsigned long flags; */ 
OTHER RESULT
Checking mutant mutant100054_tiny.c:  146 :  /* MUTANT (del_stmt) */ /* 	long long oldval; */ 
OTHER RESULT
Checking mutant mutant100055_tiny.c:  148 :  /* MUTANT (del_stmt) */ /* 	local_irq_save(flags); */ 
VERIFICATION SUCCESSFUL 27.596
Checking mutant mutant100056_tiny.c:  149 :  /* MUTANT (del_stmt) */ /* 	oldval = rcu_dynticks_nesting; */ 
VERIFICATION SUCCESSFUL 30.376
Checking mutant mutant100057_tiny.c:  150 :  /* MUTANT (del_stmt) */ /* 	WARN_ON_ONCE(rcu_dynticks_nesting < 0); */ 
VERIFICATION SUCCESSFUL 27.84
Checking mutant mutant100058_tiny.c:  150 :  /* MUTANT (rep_op) */	WARN_ON_ONCE(rcu_dynticks_nesting <= 0);
KILLED 2.42
Checking mutant mutant100059_tiny.c:  150 :  /* MUTANT (rep_op) */	WARN_ON_ONCE(rcu_dynticks_nesting > 0);
VERIFICATION SUCCESSFUL 24.046
Checking mutant mutant100060_tiny.c:  150 :  /* MUTANT (rep_op) */	WARN_ON_ONCE(rcu_dynticks_nesting >= 0);
KILLED 3.891
Checking mutant mutant100061_tiny.c:  150 :  /* MUTANT (rep_op) */	WARN_ON_ONCE(rcu_dynticks_nesting == 0);
KILLED 2.822
Checking mutant mutant100062_tiny.c:  150 :  /* MUTANT (rep_op) */	WARN_ON_ONCE(rcu_dynticks_nesting != 0);
VERIFICATION SUCCESSFUL 28.236
Checking mutant mutant100063_tiny.c:  150 :  /* MUTANT (rep_const) */	WARN_ON_ONCE(rcu_dynticks_nesting < 1);
KILLED 3.544
Checking mutant mutant100064_tiny.c:  150 :  /* MUTANT (rep_const) */	WARN_ON_ONCE(rcu_dynticks_nesting < -1);
VERIFICATION SUCCESSFUL 27.501
Checking mutant mutant100065_tiny.c:  151 :  /* MUTANT (negate) */	if(! (rcu_dynticks_nesting & DYNTICK_TASK_NEST_MASK))
VERIFICATION SUCCESSFUL 28.191
Checking mutant mutant100066_tiny.c:  152 :  /* MUTANT (rep_op) */		rcu_dynticks_nesting -= DYNTICK_TASK_NEST_VALUE;
VERIFICATION SUCCESSFUL 24.485
Checking mutant mutant100067_tiny.c:  152 :  /* MUTANT (rep_op) */		rcu_dynticks_nesting *= DYNTICK_TASK_NEST_VALUE;
VERIFICATION SUCCESSFUL 22.562
Checking mutant mutant100068_tiny.c:  152 :  /* MUTANT (rep_op) */		rcu_dynticks_nesting %= DYNTICK_TASK_NEST_VALUE;
VERIFICATION SUCCESSFUL 24.279
Checking mutant mutant100069_tiny.c:  155 :  /* MUTANT (del_stmt) */ /* 	rcu_idle_exit_common(oldval); */ 
VERIFICATION SUCCESSFUL 29.314
Checking mutant mutant100070_tiny.c:  156 :  /* MUTANT (del_stmt) */ /* 	local_irq_restore(flags); */ 
VERIFICATION SUCCESSFUL 12.334
Checking mutant mutant100071_tiny.c:  165 :  /* MUTANT (del_stmt) */ /* 	unsigned long flags; */ 
OTHER RESULT
Checking mutant mutant100072_tiny.c:  166 :  /* MUTANT (del_stmt) */ /* 	long long oldval; */ 
OTHER RESULT
Checking mutant mutant100073_tiny.c:  168 :  /* MUTANT (del_stmt) */ /* 	local_irq_save(flags); */ 
VERIFICATION SUCCESSFUL 23.457
Checking mutant mutant100074_tiny.c:  169 :  /* MUTANT (del_stmt) */ /* 	oldval = rcu_dynticks_nesting; */ 
VERIFICATION SUCCESSFUL 27.137
Checking mutant mutant100075_tiny.c:  170 :  /* MUTANT (del_stmt) */ /* 	rcu_dynticks_nesting++; */ 
KILLED 3.488
Checking mutant mutant100076_tiny.c:  170 :  /* MUTANT (rep_op) */	rcu_dynticks_nesting--;
KILLED 4.72
Checking mutant mutant100077_tiny.c:  171 :  /* MUTANT (del_stmt) */ /* 	WARN_ON_ONCE(rcu_dynticks_nesting == 0); */ 
VERIFICATION SUCCESSFUL 22.034
Checking mutant mutant100078_tiny.c:  171 :  /* MUTANT (rep_op) */	WARN_ON_ONCE(rcu_dynticks_nesting != 0);
KILLED 3.761
Checking mutant mutant100079_tiny.c:  171 :  /* MUTANT (rep_const) */	WARN_ON_ONCE(rcu_dynticks_nesting == 1);
KILLED 3.952
Checking mutant mutant100080_tiny.c:  171 :  /* MUTANT (rep_const) */	WARN_ON_ONCE(rcu_dynticks_nesting == -1);
VERIFICATION SUCCESSFUL 25.833
Checking mutant mutant100081_tiny.c:  172 :  /* MUTANT (del_stmt) */ /* 	rcu_idle_exit_common(oldval); */ 
VERIFICATION SUCCESSFUL 27.83
Checking mutant mutant100082_tiny.c:  173 :  /* MUTANT (del_stmt) */ /* 	local_irq_restore(flags); */ 
VERIFICATION SUCCESSFUL 13.064
Checking mutant mutant100083_tiny.c:  184 :  /* MUTANT (del_stmt) */ /* 	return rcu_dynticks_nesting; */ 
VERIFICATION SUCCESSFUL 26.745
Checking mutant mutant100084_tiny.c:  197 :  /* MUTANT (del_stmt) */ /* 	return rcu_dynticks_nesting <= 1; */ 
VERIFICATION SUCCESSFUL 29.006
Checking mutant mutant100085_tiny.c:  197 :  /* MUTANT (rep_op) */	return rcu_dynticks_nesting < 1;
VERIFICATION SUCCESSFUL 26.087
Checking mutant mutant100086_tiny.c:  197 :  /* MUTANT (rep_op) */	return rcu_dynticks_nesting > 1;
VERIFICATION SUCCESSFUL 22.729
Checking mutant mutant100087_tiny.c:  197 :  /* MUTANT (rep_op) */	return rcu_dynticks_nesting >= 1;
VERIFICATION SUCCESSFUL 28.532
Checking mutant mutant100088_tiny.c:  197 :  /* MUTANT (rep_op) */	return rcu_dynticks_nesting == 1;
VERIFICATION SUCCESSFUL 25.241
Checking mutant mutant100089_tiny.c:  197 :  /* MUTANT (rep_op) */	return rcu_dynticks_nesting != 1;
VERIFICATION SUCCESSFUL 23.26
Checking mutant mutant100090_tiny.c:  197 :  /* MUTANT (rep_const) */	return rcu_dynticks_nesting <= 0;
VERIFICATION SUCCESSFUL 28.682
Checking mutant mutant100091_tiny.c:  197 :  /* MUTANT (rep_const) */	return rcu_dynticks_nesting <= -1;
VERIFICATION SUCCESSFUL 25.747
Checking mutant mutant100092_tiny.c:  197 :  /* MUTANT (rep_const) */	return rcu_dynticks_nesting <= ((1)+1);
VERIFICATION SUCCESSFUL 29.365
Checking mutant mutant100093_tiny.c:  207 :  /* MUTANT (del_stmt) */ /* 	RCU_TRACE(reset_cpu_stall_ticks(rcp)); */ 
VERIFICATION SUCCESSFUL 27.499
Checking mutant mutant100094_tiny.c:  208 :  /* MUTANT (rep_op) */	if (rcp->rcucblist == NULL &&
VERIFICATION SUCCESSFUL 31.841
Checking mutant mutant100095_tiny.c:  208 :  /* MUTANT (rep_op) */	if (rcp->rcucblist != NULL ||
VERIFICATION SUCCESSFUL 32.272
Checking mutant mutant100096_tiny.c:  209 :  /* MUTANT (rep_op) */	    rcp->donetail == rcp->curtail) {
VERIFICATION SUCCESSFUL 33.893
Checking mutant mutant100097_tiny.c:  210 :  /* MUTANT (del_stmt) */ /* 		rcp->donetail = rcp->curtail; */ 
VERIFICATION SUCCESSFUL 29.27
Checking mutant mutant100098_tiny.c:  211 :  /* MUTANT (del_stmt) */ /* 		return 1; */ 
VERIFICATION SUCCESSFUL 28.659
Checking mutant mutant100099_tiny.c:  211 :  /* MUTANT (rep_const) */		return 0;
VERIFICATION SUCCESSFUL 26.238
Checking mutant mutant100100_tiny.c:  211 :  /* MUTANT (rep_const) */		return -1;
VERIFICATION SUCCESSFUL 27.52
Checking mutant mutant100101_tiny.c:  211 :  /* MUTANT (rep_const) */		return ((1)+1);
VERIFICATION SUCCESSFUL 29.104
Checking mutant mutant100102_tiny.c:  214 :  /* MUTANT (rep_const) */	return 1;
VERIFICATION SUCCESSFUL 22.668
Checking mutant mutant100103_tiny.c:  214 :  /* MUTANT (rep_const) */	return -1;
VERIFICATION SUCCESSFUL 23.837
Checking mutant mutant100104_tiny.c:  224 :  /* MUTANT (del_stmt) */ /* 	unsigned long flags; */ 
OTHER RESULT
Checking mutant mutant100105_tiny.c:  226 :  /* MUTANT (del_stmt) */ /* 	local_irq_save(flags); */ 
VERIFICATION SUCCESSFUL 28.221
Checking mutant mutant100106_tiny.c:  227 :  /* MUTANT (rep_op) */	if (rcu_qsctr_help(&rcu_sched_ctrlblk) -
VERIFICATION SUCCESSFUL 24.099
Checking mutant mutant100107_tiny.c:  227 :  /* MUTANT (rep_op) */	if (rcu_qsctr_help(&rcu_sched_ctrlblk) *
VERIFICATION SUCCESSFUL 31.334
Checking mutant mutant100108_tiny.c:  227 :  /* MUTANT (rep_op) */	if (rcu_qsctr_help(&rcu_sched_ctrlblk) %
VERIFICATION SUCCESSFUL 24.719
Checking mutant mutant100109_tiny.c:  230 :  /* MUTANT (del_stmt) */ /* 	local_irq_restore(flags); */ 
VERIFICATION SUCCESSFUL 4.25
Checking mutant mutant100110_tiny.c:  238 :  /* MUTANT (del_stmt) */ /* 	unsigned long flags; */ 
OTHER RESULT
Checking mutant mutant100111_tiny.c:  240 :  /* MUTANT (del_stmt) */ /* 	local_irq_save(flags); */ 
VERIFICATION SUCCESSFUL 25.633
Checking mutant mutant100112_tiny.c:  241 :  /* MUTANT (negate) */	if(! (rcu_qsctr_help(&rcu_bh_ctrlblk)))
VERIFICATION SUCCESSFUL 23.418
Checking mutant mutant100113_tiny.c:  243 :  /* MUTANT (del_stmt) */ /* 	local_irq_restore(flags); */ 
VERIFICATION SUCCESSFUL 23.19
Checking mutant mutant100114_tiny.c:  254 :  /* MUTANT (del_stmt) */ /* 	RCU_TRACE(check_cpu_stalls()); */ 
VERIFICATION SUCCESSFUL 26.469
Checking mutant mutant100115_tiny.c:  255 :  /* MUTANT (rep_op) */	if (user && rcu_is_cpu_rrupt_from_idle())
VERIFICATION SUCCESSFUL 32.802
Checking mutant mutant100116_tiny.c:  255 :  /* MUTANT (negate) */	if(! (user || rcu_is_cpu_rrupt_from_idle()))
VERIFICATION SUCCESSFUL 23.811
Checking mutant mutant100117_tiny.c:  257 :  /* MUTANT (negate) */	else if(! (!in_softirq()))
VERIFICATION SUCCESSFUL 26.563
Checking mutant mutant100118_tiny.c:  259 :  /* MUTANT (negate) */	if(! (user))
VERIFICATION SUCCESSFUL 24.823
Checking mutant mutant100119_tiny.c:  269 :  /* MUTANT (del_stmt) */ /* 	const char *rn = NULL; */ 
OTHER RESULT
Checking mutant mutant100120_tiny.c:  270 :  /* MUTANT (del_stmt) */ /* 	struct rcu_head *next, *list; */ 
OTHER RESULT
Checking mutant mutant100121_tiny.c:  271 :  /* MUTANT (del_stmt) */ /* 	unsigned long flags; */ 
OTHER RESULT
Checking mutant mutant100122_tiny.c:  272 :  /* MUTANT (del_stmt) */ /* 	RCU_TRACE(int cb_count = 0); */ 
VERIFICATION SUCCESSFUL 24.023
Checking mutant mutant100123_tiny.c:  272 :  /* MUTANT (rep_const) */	RCU_TRACE(int cb_count = 1);
VERIFICATION SUCCESSFUL 26.275
Checking mutant mutant100124_tiny.c:  272 :  /* MUTANT (rep_const) */	RCU_TRACE(int cb_count = -1);
VERIFICATION SUCCESSFUL 24.512
Checking mutant mutant100125_tiny.c:  275 :  /* MUTANT (rep_op) */	if (&rcp->rcucblist != rcp->donetail) {
VERIFICATION SUCCESSFUL 27.443
Checking mutant mutant100126_tiny.c:  275 :  /* MUTANT (negate) */	if(! (&rcp->rcucblist == rcp->donetail)) {
VERIFICATION SUCCESSFUL 30.741
Checking mutant mutant100127_tiny.c:  276 :  /* MUTANT (del_stmt) */ /* 		RCU_TRACE(trace_rcu_batch_start(rcp->name, 0, 0, -1)); */ 
VERIFICATION SUCCESSFUL 23.185
Checking mutant mutant100128_tiny.c:  276 :  /* MUTANT (rep_const) */		RCU_TRACE(trace_rcu_batch_start(rcp->name, 1, 0, -1));
VERIFICATION SUCCESSFUL 26.374
Checking mutant mutant100129_tiny.c:  276 :  /* MUTANT (rep_const) */		RCU_TRACE(trace_rcu_batch_start(rcp->name, -1, 0, -1));
VERIFICATION SUCCESSFUL 24.016
Checking mutant mutant100130_tiny.c:  276 :  /* MUTANT (rep_const) */		RCU_TRACE(trace_rcu_batch_start(rcp->name, 0, 1, -1));
VERIFICATION SUCCESSFUL 24.333
Checking mutant mutant100131_tiny.c:  276 :  /* MUTANT (rep_const) */		RCU_TRACE(trace_rcu_batch_start(rcp->name, 0, -1, -1));
VERIFICATION SUCCESSFUL 25.911
Checking mutant mutant100132_tiny.c:  276 :  /* MUTANT (rep_const) */		RCU_TRACE(trace_rcu_batch_start(rcp->name, 0, 0, 0));
VERIFICATION SUCCESSFUL 27.377
Checking mutant mutant100133_tiny.c:  276 :  /* MUTANT (rep_const) */		RCU_TRACE(trace_rcu_batch_start(rcp->name, 0, 0, 1));
VERIFICATION SUCCESSFUL 24.115
Checking mutant mutant100134_tiny.c:  276 :  /* MUTANT (rep_const) */		RCU_TRACE(trace_rcu_batch_start(rcp->name, 0, 0, ((-1)+1)));
VERIFICATION SUCCESSFUL 24.431
Checking mutant mutant100135_tiny.c:  276 :  /* MUTANT (rep_const) */		RCU_TRACE(trace_rcu_batch_start(rcp->name, 0, 0, ((-1)-1)));
VERIFICATION SUCCESSFUL 22.258
Checking mutant mutant100136_tiny.c:  277 :  /* MUTANT (rep_const) */		RCU_TRACE(trace_rcu_batch_end(rcp->name, 1,
VERIFICATION SUCCESSFUL 27.37
Checking mutant mutant100137_tiny.c:  277 :  /* MUTANT (rep_const) */		RCU_TRACE(trace_rcu_batch_end(rcp->name, -1,
VERIFICATION SUCCESSFUL 27.906
Checking mutant mutant100138_tiny.c:  282 :  /* MUTANT (del_stmt) */ /* 		return; */ 
VERIFICATION SUCCESSFUL 27.211
Checking mutant mutant100139_tiny.c:  287 :  /* MUTANT (del_stmt) */ /* 	RCU_TRACE(trace_rcu_batch_start(rcp->name, 0, rcp->qlen, -1)); */ 
VERIFICATION SUCCESSFUL 29.947
Checking mutant mutant100140_tiny.c:  287 :  /* MUTANT (rep_const) */	RCU_TRACE(trace_rcu_batch_start(rcp->name, 1, rcp->qlen, -1));
VERIFICATION SUCCESSFUL 29.442
Checking mutant mutant100141_tiny.c:  287 :  /* MUTANT (rep_const) */	RCU_TRACE(trace_rcu_batch_start(rcp->name, -1, rcp->qlen, -1));
VERIFICATION SUCCESSFUL 28.554
Checking mutant mutant100142_tiny.c:  287 :  /* MUTANT (rep_const) */	RCU_TRACE(trace_rcu_batch_start(rcp->name, 0, rcp->qlen, 0));
VERIFICATION SUCCESSFUL 24.553
Checking mutant mutant100143_tiny.c:  287 :  /* MUTANT (rep_const) */	RCU_TRACE(trace_rcu_batch_start(rcp->name, 0, rcp->qlen, 1));
VERIFICATION SUCCESSFUL 27.609
Checking mutant mutant100144_tiny.c:  287 :  /* MUTANT (rep_const) */	RCU_TRACE(trace_rcu_batch_start(rcp->name, 0, rcp->qlen, ((-1)+1)));
VERIFICATION SUCCESSFUL 28.649
Checking mutant mutant100145_tiny.c:  287 :  /* MUTANT (rep_const) */	RCU_TRACE(trace_rcu_batch_start(rcp->name, 0, rcp->qlen, ((-1)-1)));
VERIFICATION SUCCESSFUL 25.626
Checking mutant mutant100146_tiny.c:  288 :  /* MUTANT (del_stmt) */ /* 	list = rcp->rcucblist; */ 
VERIFICATION SUCCESSFUL 26.528
Checking mutant mutant100147_tiny.c:  289 :  /* MUTANT (del_stmt) */ /* 	rcp->rcucblist = *rcp->donetail; */ 
VERIFICATION SUCCESSFUL 25.876
Checking mutant mutant100148_tiny.c:  290 :  /* MUTANT (del_stmt) */ /* 	*rcp->donetail = NULL; */ 
VERIFICATION SUCCESSFUL 26.3
Checking mutant mutant100149_tiny.c:  291 :  /* MUTANT (rep_op) */	if (rcp->curtail != rcp->donetail)
VERIFICATION SUCCESSFUL 25.963
Checking mutant mutant100150_tiny.c:  291 :  /* MUTANT (negate) */	if(! (rcp->curtail == rcp->donetail))
VERIFICATION SUCCESSFUL 30.919
Checking mutant mutant100151_tiny.c:  293 :  /* MUTANT (del_stmt) */ /* 	rcp->donetail = &rcp->rcucblist; */ 
VERIFICATION SUCCESSFUL 26.071
Checking mutant mutant100152_tiny.c:  294 :  /* MUTANT (del_stmt) */ /* 	local_irq_restore(flags); */ 
VERIFICATION SUCCESSFUL 26.431
Checking mutant mutant100153_tiny.c:  297 :  /* MUTANT (del_stmt) */ /* 	RCU_TRACE(rn = rcp->name); */ 
VERIFICATION SUCCESSFUL 24.727
Checking mutant mutant100154_tiny.c:  298 :  /* MUTANT (negate) */	while(! (list)) {
VERIFICATION SUCCESSFUL 26.851
Checking mutant mutant100155_tiny.c:  299 :  /* MUTANT (del_stmt) */ /* 		next = list->next; */ 
VERIFICATION SUCCESSFUL 27.123
Checking mutant mutant100156_tiny.c:  300 :  /* MUTANT (del_stmt) */ /* 		prefetch(next); */ 
VERIFICATION SUCCESSFUL 25.442
Checking mutant mutant100157_tiny.c:  301 :  /* MUTANT (del_stmt) */ /* 		debug_rcu_head_unqueue(list); */ 
VERIFICATION SUCCESSFUL 23.344
Checking mutant mutant100158_tiny.c:  302 :  /* MUTANT (del_stmt) */ /* 		local_bh_disable(); */ 
VERIFICATION SUCCESSFUL 28.517
Checking mutant mutant100159_tiny.c:  303 :  /* MUTANT (del_stmt) */ /* 		__rcu_reclaim(rn, list); */ 
VERIFICATION SUCCESSFUL 28.051
Checking mutant mutant100160_tiny.c:  304 :  /* MUTANT (del_stmt) */ /* 		local_bh_enable(); */ 
VERIFICATION SUCCESSFUL 29.554
Checking mutant mutant100161_tiny.c:  305 :  /* MUTANT (del_stmt) */ /* 		list = next; */ 
VERIFICATION SUCCESSFUL 25.849
Checking mutant mutant100162_tiny.c:  306 :  /* MUTANT (del_stmt) */ /* 		RCU_TRACE(cb_count++); */ 
VERIFICATION SUCCESSFUL 30.418
Checking mutant mutant100163_tiny.c:  306 :  /* MUTANT (rep_op) */		RCU_TRACE(cb_count--);
VERIFICATION SUCCESSFUL 27.182
Checking mutant mutant100164_tiny.c:  310 :  /* MUTANT (rep_const) */				      cb_count, 1, need_resched(),
VERIFICATION SUCCESSFUL 29.626
Checking mutant mutant100165_tiny.c:  310 :  /* MUTANT (rep_const) */				      cb_count, -1, need_resched(),
VERIFICATION SUCCESSFUL 26.896
Checking mutant mutant100166_tiny.c:  317 :  /* MUTANT (del_stmt) */ /* 	__rcu_process_callbacks(&rcu_sched_ctrlblk); */ 
VERIFICATION SUCCESSFUL 23.285
Checking mutant mutant100167_tiny.c:  318 :  /* MUTANT (del_stmt) */ /* 	__rcu_process_callbacks(&rcu_bh_ctrlblk); */ 
VERIFICATION SUCCESSFUL 23.783
Checking mutant mutant100168_tiny.c:  336 :  /* MUTANT (rep_op) */	rcu_lockdep_assert(!lock_is_held(&rcu_bh_lock_map) ||
VERIFICATION SUCCESSFUL 25.068
Checking mutant mutant100169_tiny.c:  337 :  /* MUTANT (rep_op) */			   !lock_is_held(&rcu_lock_map) ||
VERIFICATION SUCCESSFUL 26.741
Checking mutant mutant100170_tiny.c:  340 :  /* MUTANT (del_stmt) */ /* 	cond_resched(); */ 
VERIFICATION SUCCESSFUL 8.795
Checking mutant mutant100171_tiny.c:  351 :  /* MUTANT (del_stmt) */ /* 	unsigned long flags; */ 
OTHER RESULT
Checking mutant mutant100172_tiny.c:  353 :  /* MUTANT (del_stmt) */ /* 	debug_rcu_head_queue(head); */ 
VERIFICATION SUCCESSFUL 29.914
Checking mutant mutant100173_tiny.c:  354 :  /* MUTANT (del_stmt) */ /* 	head->func = func; */ 
VERIFICATION SUCCESSFUL 23.583
Checking mutant mutant100174_tiny.c:  355 :  /* MUTANT (del_stmt) */ /* 	head->next = NULL; */ 
VERIFICATION SUCCESSFUL 25.895
Checking mutant mutant100175_tiny.c:  357 :  /* MUTANT (del_stmt) */ /* 	local_irq_save(flags); */ 
VERIFICATION SUCCESSFUL 25.492
Checking mutant mutant100176_tiny.c:  358 :  /* MUTANT (del_stmt) */ /* 	*rcp->curtail = head; */ 
VERIFICATION SUCCESSFUL 26.148
Checking mutant mutant100177_tiny.c:  359 :  /* MUTANT (del_stmt) */ /* 	rcp->curtail = &head->next; */ 
VERIFICATION SUCCESSFUL 29.749
Checking mutant mutant100178_tiny.c:  360 :  /* MUTANT (del_stmt) */ /* 	RCU_TRACE(rcp->qlen++); */ 
VERIFICATION SUCCESSFUL 27.356
Checking mutant mutant100179_tiny.c:  360 :  /* MUTANT (rep_op) */	RCU_TRACE(rcp->qlen--);
VERIFICATION SUCCESSFUL 22.716
Checking mutant mutant100180_tiny.c:  361 :  /* MUTANT (del_stmt) */ /* 	local_irq_restore(flags); */ 
VERIFICATION SUCCESSFUL 25.961
Checking mutant mutant100181_tiny.c:  371 :  /* MUTANT (del_stmt) */ /* 	__call_rcu(head, func, &rcu_sched_ctrlblk); */ 
VERIFICATION SUCCESSFUL 21.403
Checking mutant mutant100182_tiny.c:  381 :  /* MUTANT (del_stmt) */ /* 	__call_rcu(head, func, &rcu_bh_ctrlblk); */ 
VERIFICATION SUCCESSFUL 26.172
Checking mutant mutant100183_tiny.c:  387 :  /* MUTANT (del_stmt) */ /* 	open_softirq(RCU_SOFTIRQ, rcu_process_callbacks); */ 
VERIFICATION SUCCESSFUL 26.301
Checking mutant mutant100184_tiny.c:  389 :  /* MUTANT (del_stmt) */ /* 	rcu_early_boot_tests(); */ 
VERIFICATION SUCCESSFUL 27.171
184 TOTAL MUTANTS, 22 KILLED, 15 FAILED TO COMPILE 0 TIMED OUT, (11.9565217391% kill rate)
AVERAGE KILL TIME 3.422
AVERAGE VERIFY TIME 51.7232108844
MIN/MAX KILL TIME =  1.943 / 5.558
MIN/MAX SUCCESS TIME =  3.154 / 34.972
SURVIVING MUTANTS:
mutant100001_tiny.c
47 :  /* MUTANT (del_stmt) */ /* static void rcu_process_callbacks(struct softirq_action *unused); */ 
mutant100003_tiny.c
59 :  /* MUTANT (negate) */	if(! (newval)) {
mutant100004_tiny.c
62 :  /* MUTANT (del_stmt) */ /* 		rcu_dynticks_nesting = newval; */ 
mutant100005_tiny.c
63 :  /* MUTANT (del_stmt) */ /* 		return; */ 
mutant100008_tiny.c
68 :  /* MUTANT (del_stmt) */ /* 		struct task_struct *idle __maybe_unused = idle_task(smp_processor_id()); */ 
mutant100009_tiny.c
72 :  /* MUTANT (del_stmt) */ /* 		ftrace_dump(DUMP_ALL); */ 
mutant100010_tiny.c
73 :  /* MUTANT (rep_const) */		WARN_ONCE(0, "Current pid: %d comm: %s / Idle pid: %d comm: %s",
mutant100011_tiny.c
73 :  /* MUTANT (rep_const) */		WARN_ONCE(-1, "Current pid: %d comm: %s / Idle pid: %d comm: %s",
mutant100012_tiny.c
73 :  /* MUTANT (rep_const) */		WARN_ONCE(((1)+1), "Current pid: %d comm: %s / Idle pid: %d comm: %s",
mutant100013_tiny.c
78 :  /* MUTANT (del_stmt) */ /* 	barrier(); */ 
mutant100014_tiny.c
79 :  /* MUTANT (del_stmt) */ /* 	rcu_dynticks_nesting = newval; */ 
mutant100017_tiny.c
91 :  /* MUTANT (del_stmt) */ /* 	local_irq_save(flags); */ 
mutant100018_tiny.c
92 :  /* MUTANT (del_stmt) */ /* 	WARN_ON_ONCE((rcu_dynticks_nesting & DYNTICK_TASK_NEST_MASK) == 0); */ 
mutant100020_tiny.c
92 :  /* MUTANT (rep_const) */	WARN_ON_ONCE((rcu_dynticks_nesting & DYNTICK_TASK_NEST_MASK) == 1);
mutant100021_tiny.c
92 :  /* MUTANT (rep_const) */	WARN_ON_ONCE((rcu_dynticks_nesting & DYNTICK_TASK_NEST_MASK) == -1);
mutant100022_tiny.c
93 :  /* MUTANT (rep_op) */	if ((rcu_dynticks_nesting & DYNTICK_TASK_NEST_MASK) !=
mutant100023_tiny.c
95 :  /* MUTANT (rep_const) */		newval = 1;
mutant100025_tiny.c
98 :  /* MUTANT (del_stmt) */ /* 	rcu_idle_enter_common(newval); */ 
mutant100026_tiny.c
99 :  /* MUTANT (del_stmt) */ /* 	local_irq_restore(flags); */ 
mutant100029_tiny.c
111 :  /* MUTANT (del_stmt) */ /* 	local_irq_save(flags); */ 
mutant100031_tiny.c
112 :  /* MUTANT (rep_const) */	newval = rcu_dynticks_nesting - 0;
mutant100032_tiny.c
112 :  /* MUTANT (rep_const) */	newval = rcu_dynticks_nesting - -1;
mutant100034_tiny.c
113 :  /* MUTANT (del_stmt) */ /* 	WARN_ON_ONCE(newval < 0); */ 
mutant100041_tiny.c
113 :  /* MUTANT (rep_const) */	WARN_ON_ONCE(newval < -1);
mutant100042_tiny.c
114 :  /* MUTANT (del_stmt) */ /* 	rcu_idle_enter_common(newval); */ 
mutant100043_tiny.c
115 :  /* MUTANT (del_stmt) */ /* 	local_irq_restore(flags); */ 
mutant100044_tiny.c
122 :  /* MUTANT (negate) */	if(! (oldval)) {
mutant100045_tiny.c
125 :  /* MUTANT (del_stmt) */ /* 		return; */ 
mutant100048_tiny.c
129 :  /* MUTANT (del_stmt) */ /* 		struct task_struct *idle __maybe_unused = idle_task(smp_processor_id()); */ 
mutant100049_tiny.c
133 :  /* MUTANT (del_stmt) */ /* 		ftrace_dump(DUMP_ALL); */ 
mutant100050_tiny.c
134 :  /* MUTANT (rep_const) */		WARN_ONCE(0, "Current pid: %d comm: %s / Idle pid: %d comm: %s",
mutant100051_tiny.c
134 :  /* MUTANT (rep_const) */		WARN_ONCE(-1, "Current pid: %d comm: %s / Idle pid: %d comm: %s",
mutant100052_tiny.c
134 :  /* MUTANT (rep_const) */		WARN_ONCE(((1)+1), "Current pid: %d comm: %s / Idle pid: %d comm: %s",
mutant100055_tiny.c
148 :  /* MUTANT (del_stmt) */ /* 	local_irq_save(flags); */ 
mutant100056_tiny.c
149 :  /* MUTANT (del_stmt) */ /* 	oldval = rcu_dynticks_nesting; */ 
mutant100057_tiny.c
150 :  /* MUTANT (del_stmt) */ /* 	WARN_ON_ONCE(rcu_dynticks_nesting < 0); */ 
mutant100059_tiny.c
150 :  /* MUTANT (rep_op) */	WARN_ON_ONCE(rcu_dynticks_nesting > 0);
mutant100062_tiny.c
150 :  /* MUTANT (rep_op) */	WARN_ON_ONCE(rcu_dynticks_nesting != 0);
mutant100064_tiny.c
150 :  /* MUTANT (rep_const) */	WARN_ON_ONCE(rcu_dynticks_nesting < -1);
mutant100065_tiny.c
151 :  /* MUTANT (negate) */	if(! (rcu_dynticks_nesting & DYNTICK_TASK_NEST_MASK))
mutant100066_tiny.c
152 :  /* MUTANT (rep_op) */		rcu_dynticks_nesting -= DYNTICK_TASK_NEST_VALUE;
mutant100067_tiny.c
152 :  /* MUTANT (rep_op) */		rcu_dynticks_nesting *= DYNTICK_TASK_NEST_VALUE;
mutant100068_tiny.c
152 :  /* MUTANT (rep_op) */		rcu_dynticks_nesting %= DYNTICK_TASK_NEST_VALUE;
mutant100069_tiny.c
155 :  /* MUTANT (del_stmt) */ /* 	rcu_idle_exit_common(oldval); */ 
mutant100070_tiny.c
156 :  /* MUTANT (del_stmt) */ /* 	local_irq_restore(flags); */ 
mutant100073_tiny.c
168 :  /* MUTANT (del_stmt) */ /* 	local_irq_save(flags); */ 
mutant100074_tiny.c
169 :  /* MUTANT (del_stmt) */ /* 	oldval = rcu_dynticks_nesting; */ 
mutant100077_tiny.c
171 :  /* MUTANT (del_stmt) */ /* 	WARN_ON_ONCE(rcu_dynticks_nesting == 0); */ 
mutant100080_tiny.c
171 :  /* MUTANT (rep_const) */	WARN_ON_ONCE(rcu_dynticks_nesting == -1);
mutant100081_tiny.c
172 :  /* MUTANT (del_stmt) */ /* 	rcu_idle_exit_common(oldval); */ 
mutant100082_tiny.c
173 :  /* MUTANT (del_stmt) */ /* 	local_irq_restore(flags); */ 
mutant100083_tiny.c
184 :  /* MUTANT (del_stmt) */ /* 	return rcu_dynticks_nesting; */ 
mutant100084_tiny.c
197 :  /* MUTANT (del_stmt) */ /* 	return rcu_dynticks_nesting <= 1; */ 
mutant100085_tiny.c
197 :  /* MUTANT (rep_op) */	return rcu_dynticks_nesting < 1;
mutant100086_tiny.c
197 :  /* MUTANT (rep_op) */	return rcu_dynticks_nesting > 1;
mutant100087_tiny.c
197 :  /* MUTANT (rep_op) */	return rcu_dynticks_nesting >= 1;
mutant100088_tiny.c
197 :  /* MUTANT (rep_op) */	return rcu_dynticks_nesting == 1;
mutant100089_tiny.c
197 :  /* MUTANT (rep_op) */	return rcu_dynticks_nesting != 1;
mutant100090_tiny.c
197 :  /* MUTANT (rep_const) */	return rcu_dynticks_nesting <= 0;
mutant100091_tiny.c
197 :  /* MUTANT (rep_const) */	return rcu_dynticks_nesting <= -1;
mutant100092_tiny.c
197 :  /* MUTANT (rep_const) */	return rcu_dynticks_nesting <= ((1)+1);
mutant100093_tiny.c
207 :  /* MUTANT (del_stmt) */ /* 	RCU_TRACE(reset_cpu_stall_ticks(rcp)); */ 
mutant100094_tiny.c
208 :  /* MUTANT (rep_op) */	if (rcp->rcucblist == NULL &&
mutant100095_tiny.c
208 :  /* MUTANT (rep_op) */	if (rcp->rcucblist != NULL ||
mutant100096_tiny.c
209 :  /* MUTANT (rep_op) */	    rcp->donetail == rcp->curtail) {
mutant100097_tiny.c
210 :  /* MUTANT (del_stmt) */ /* 		rcp->donetail = rcp->curtail; */ 
mutant100098_tiny.c
211 :  /* MUTANT (del_stmt) */ /* 		return 1; */ 
mutant100099_tiny.c
211 :  /* MUTANT (rep_const) */		return 0;
mutant100100_tiny.c
211 :  /* MUTANT (rep_const) */		return -1;
mutant100101_tiny.c
211 :  /* MUTANT (rep_const) */		return ((1)+1);
mutant100102_tiny.c
214 :  /* MUTANT (rep_const) */	return 1;
mutant100103_tiny.c
214 :  /* MUTANT (rep_const) */	return -1;
mutant100105_tiny.c
226 :  /* MUTANT (del_stmt) */ /* 	local_irq_save(flags); */ 
mutant100106_tiny.c
227 :  /* MUTANT (rep_op) */	if (rcu_qsctr_help(&rcu_sched_ctrlblk) -
mutant100107_tiny.c
227 :  /* MUTANT (rep_op) */	if (rcu_qsctr_help(&rcu_sched_ctrlblk) *
mutant100108_tiny.c
227 :  /* MUTANT (rep_op) */	if (rcu_qsctr_help(&rcu_sched_ctrlblk) %
mutant100109_tiny.c
230 :  /* MUTANT (del_stmt) */ /* 	local_irq_restore(flags); */ 
mutant100111_tiny.c
240 :  /* MUTANT (del_stmt) */ /* 	local_irq_save(flags); */ 
mutant100112_tiny.c
241 :  /* MUTANT (negate) */	if(! (rcu_qsctr_help(&rcu_bh_ctrlblk)))
mutant100113_tiny.c
243 :  /* MUTANT (del_stmt) */ /* 	local_irq_restore(flags); */ 
mutant100114_tiny.c
254 :  /* MUTANT (del_stmt) */ /* 	RCU_TRACE(check_cpu_stalls()); */ 
mutant100115_tiny.c
255 :  /* MUTANT (rep_op) */	if (user && rcu_is_cpu_rrupt_from_idle())
mutant100116_tiny.c
255 :  /* MUTANT (negate) */	if(! (user || rcu_is_cpu_rrupt_from_idle()))
mutant100117_tiny.c
257 :  /* MUTANT (negate) */	else if(! (!in_softirq()))
mutant100118_tiny.c
259 :  /* MUTANT (negate) */	if(! (user))
mutant100122_tiny.c
272 :  /* MUTANT (del_stmt) */ /* 	RCU_TRACE(int cb_count = 0); */ 
mutant100123_tiny.c
272 :  /* MUTANT (rep_const) */	RCU_TRACE(int cb_count = 1);
mutant100124_tiny.c
272 :  /* MUTANT (rep_const) */	RCU_TRACE(int cb_count = -1);
mutant100125_tiny.c
275 :  /* MUTANT (rep_op) */	if (&rcp->rcucblist != rcp->donetail) {
mutant100126_tiny.c
275 :  /* MUTANT (negate) */	if(! (&rcp->rcucblist == rcp->donetail)) {
mutant100127_tiny.c
276 :  /* MUTANT (del_stmt) */ /* 		RCU_TRACE(trace_rcu_batch_start(rcp->name, 0, 0, -1)); */ 
mutant100128_tiny.c
276 :  /* MUTANT (rep_const) */		RCU_TRACE(trace_rcu_batch_start(rcp->name, 1, 0, -1));
mutant100129_tiny.c
276 :  /* MUTANT (rep_const) */		RCU_TRACE(trace_rcu_batch_start(rcp->name, -1, 0, -1));
mutant100130_tiny.c
276 :  /* MUTANT (rep_const) */		RCU_TRACE(trace_rcu_batch_start(rcp->name, 0, 1, -1));
mutant100131_tiny.c
276 :  /* MUTANT (rep_const) */		RCU_TRACE(trace_rcu_batch_start(rcp->name, 0, -1, -1));
mutant100132_tiny.c
276 :  /* MUTANT (rep_const) */		RCU_TRACE(trace_rcu_batch_start(rcp->name, 0, 0, 0));
mutant100133_tiny.c
276 :  /* MUTANT (rep_const) */		RCU_TRACE(trace_rcu_batch_start(rcp->name, 0, 0, 1));
mutant100134_tiny.c
276 :  /* MUTANT (rep_const) */		RCU_TRACE(trace_rcu_batch_start(rcp->name, 0, 0, ((-1)+1)));
mutant100135_tiny.c
276 :  /* MUTANT (rep_const) */		RCU_TRACE(trace_rcu_batch_start(rcp->name, 0, 0, ((-1)-1)));
mutant100136_tiny.c
277 :  /* MUTANT (rep_const) */		RCU_TRACE(trace_rcu_batch_end(rcp->name, 1,
mutant100137_tiny.c
277 :  /* MUTANT (rep_const) */		RCU_TRACE(trace_rcu_batch_end(rcp->name, -1,
mutant100138_tiny.c
282 :  /* MUTANT (del_stmt) */ /* 		return; */ 
mutant100139_tiny.c
287 :  /* MUTANT (del_stmt) */ /* 	RCU_TRACE(trace_rcu_batch_start(rcp->name, 0, rcp->qlen, -1)); */ 
mutant100140_tiny.c
287 :  /* MUTANT (rep_const) */	RCU_TRACE(trace_rcu_batch_start(rcp->name, 1, rcp->qlen, -1));
mutant100141_tiny.c
287 :  /* MUTANT (rep_const) */	RCU_TRACE(trace_rcu_batch_start(rcp->name, -1, rcp->qlen, -1));
mutant100142_tiny.c
287 :  /* MUTANT (rep_const) */	RCU_TRACE(trace_rcu_batch_start(rcp->name, 0, rcp->qlen, 0));
mutant100143_tiny.c
287 :  /* MUTANT (rep_const) */	RCU_TRACE(trace_rcu_batch_start(rcp->name, 0, rcp->qlen, 1));
mutant100144_tiny.c
287 :  /* MUTANT (rep_const) */	RCU_TRACE(trace_rcu_batch_start(rcp->name, 0, rcp->qlen, ((-1)+1)));
mutant100145_tiny.c
287 :  /* MUTANT (rep_const) */	RCU_TRACE(trace_rcu_batch_start(rcp->name, 0, rcp->qlen, ((-1)-1)));
mutant100146_tiny.c
288 :  /* MUTANT (del_stmt) */ /* 	list = rcp->rcucblist; */ 
mutant100147_tiny.c
289 :  /* MUTANT (del_stmt) */ /* 	rcp->rcucblist = *rcp->donetail; */ 
mutant100148_tiny.c
290 :  /* MUTANT (del_stmt) */ /* 	*rcp->donetail = NULL; */ 
mutant100149_tiny.c
291 :  /* MUTANT (rep_op) */	if (rcp->curtail != rcp->donetail)
mutant100150_tiny.c
291 :  /* MUTANT (negate) */	if(! (rcp->curtail == rcp->donetail))
mutant100151_tiny.c
293 :  /* MUTANT (del_stmt) */ /* 	rcp->donetail = &rcp->rcucblist; */ 
mutant100152_tiny.c
294 :  /* MUTANT (del_stmt) */ /* 	local_irq_restore(flags); */ 
mutant100153_tiny.c
297 :  /* MUTANT (del_stmt) */ /* 	RCU_TRACE(rn = rcp->name); */ 
mutant100154_tiny.c
298 :  /* MUTANT (negate) */	while(! (list)) {
mutant100155_tiny.c
299 :  /* MUTANT (del_stmt) */ /* 		next = list->next; */ 
mutant100156_tiny.c
300 :  /* MUTANT (del_stmt) */ /* 		prefetch(next); */ 
mutant100157_tiny.c
301 :  /* MUTANT (del_stmt) */ /* 		debug_rcu_head_unqueue(list); */ 
mutant100158_tiny.c
302 :  /* MUTANT (del_stmt) */ /* 		local_bh_disable(); */ 
mutant100159_tiny.c
303 :  /* MUTANT (del_stmt) */ /* 		__rcu_reclaim(rn, list); */ 
mutant100160_tiny.c
304 :  /* MUTANT (del_stmt) */ /* 		local_bh_enable(); */ 
mutant100161_tiny.c
305 :  /* MUTANT (del_stmt) */ /* 		list = next; */ 
mutant100162_tiny.c
306 :  /* MUTANT (del_stmt) */ /* 		RCU_TRACE(cb_count++); */ 
mutant100163_tiny.c
306 :  /* MUTANT (rep_op) */		RCU_TRACE(cb_count--);
mutant100164_tiny.c
310 :  /* MUTANT (rep_const) */				      cb_count, 1, need_resched(),
mutant100165_tiny.c
310 :  /* MUTANT (rep_const) */				      cb_count, -1, need_resched(),
mutant100166_tiny.c
317 :  /* MUTANT (del_stmt) */ /* 	__rcu_process_callbacks(&rcu_sched_ctrlblk); */ 
mutant100167_tiny.c
318 :  /* MUTANT (del_stmt) */ /* 	__rcu_process_callbacks(&rcu_bh_ctrlblk); */ 
mutant100168_tiny.c
336 :  /* MUTANT (rep_op) */	rcu_lockdep_assert(!lock_is_held(&rcu_bh_lock_map) ||
mutant100169_tiny.c
337 :  /* MUTANT (rep_op) */			   !lock_is_held(&rcu_lock_map) ||
mutant100170_tiny.c
340 :  /* MUTANT (del_stmt) */ /* 	cond_resched(); */ 
mutant100172_tiny.c
353 :  /* MUTANT (del_stmt) */ /* 	debug_rcu_head_queue(head); */ 
mutant100173_tiny.c
354 :  /* MUTANT (del_stmt) */ /* 	head->func = func; */ 
mutant100174_tiny.c
355 :  /* MUTANT (del_stmt) */ /* 	head->next = NULL; */ 
mutant100175_tiny.c
357 :  /* MUTANT (del_stmt) */ /* 	local_irq_save(flags); */ 
mutant100176_tiny.c
358 :  /* MUTANT (del_stmt) */ /* 	*rcp->curtail = head; */ 
mutant100177_tiny.c
359 :  /* MUTANT (del_stmt) */ /* 	rcp->curtail = &head->next; */ 
mutant100178_tiny.c
360 :  /* MUTANT (del_stmt) */ /* 	RCU_TRACE(rcp->qlen++); */ 
mutant100179_tiny.c
360 :  /* MUTANT (rep_op) */	RCU_TRACE(rcp->qlen--);
mutant100180_tiny.c
361 :  /* MUTANT (del_stmt) */ /* 	local_irq_restore(flags); */ 
mutant100181_tiny.c
371 :  /* MUTANT (del_stmt) */ /* 	__call_rcu(head, func, &rcu_sched_ctrlblk); */ 
mutant100182_tiny.c
381 :  /* MUTANT (del_stmt) */ /* 	__call_rcu(head, func, &rcu_bh_ctrlblk); */ 
mutant100183_tiny.c
387 :  /* MUTANT (del_stmt) */ /* 	open_softirq(RCU_SOFTIRQ, rcu_process_callbacks); */ 
mutant100184_tiny.c
389 :  /* MUTANT (del_stmt) */ /* 	rcu_early_boot_tests(); */ 
