USAGE: evalmuants.py <prefix> <timeout> [--ignoreKilled <prefix>] [--ignoreSurvived <prefix>] [--cbmc <PATH>] --options <options> --files <files> --mutate <mutant-files> [--harness] [--use-existing] [--check-strength] [--cover]
PREFIX = fixharness3
TIMEOUT = 10000
False --ignoreKilled
False fixharness2
False --options
['../evalmutants.py', 'fixharness3', '10000', '--ignoreKilled', 'fixharness2', '--options', '-DSIZE=3', '--unwind', '4', '--pointer-check', '--bounds-check', '--files', 'fixharness.c', '--mutate', 'quicksort.c']
['../evalmutants.py', 'fixharness3', '10000', '--options', '-DSIZE=3', '--unwind', '4', '--pointer-check', '--bounds-check', '--files', 'fixharness.c', '--mutate', 'quicksort.c']
OPTIONS = -DSIZE=3 --unwind 4 --pointer-check --bounds-check 
FILES = ['fixharness.c']
MUTATED FILES = ['quicksort.c']
limit cputime 10000 ; cbmc -DSIZE=3 --unwind 4 --pointer-check --bounds-check 
SANITY CHECK...
Original SUCCESSFULLY VERIFIED in 30.775
Mutating quicksort.c
PREFIX: mutant*_
Checking mutant mutant100001_quicksort.c:  7 :  /* MUTANT (del_stmt) */ /*   int j; */ 
OTHER RESULT
Checking mutant mutant100002_quicksort.c:  9 :  /* MUTANT (rep_op) */  if( l <= r ) 
VERIFICATION SUCCESSFUL 33.055
Checking mutant mutant100003_quicksort.c:  9 :  /* MUTANT (rep_op) */  if( l > r ) 
Skipping due to ignoreKilled
Checking mutant mutant100004_quicksort.c:  9 :  /* MUTANT (rep_op) */  if( l >= r ) 
Skipping due to ignoreKilled
Checking mutant mutant100005_quicksort.c:  9 :  /* MUTANT (rep_op) */  if( l == r ) 
Skipping due to ignoreKilled
Checking mutant mutant100006_quicksort.c:  9 :  /* MUTANT (rep_op) */  if( l != r ) 
Skipping due to ignoreKilled
Checking mutant mutant100007_quicksort.c:  9 :  /* MUTANT (negate) */  if(!( l < r )) 
Skipping due to ignoreKilled
Checking mutant mutant100008_quicksort.c:  12 :  /* MUTANT (del_stmt) */ /*       j = partition( a, l, r); */ 
Skipping due to ignoreKilled
Checking mutant mutant100009_quicksort.c:  13 :  /* MUTANT (del_stmt) */ /*       quickSort( a, l, j-1); */ 
KILLED 2.482
Checking mutant mutant100010_quicksort.c:  13 :  /* MUTANT (rep_const) */      quickSort( a, l, j-0);
Skipping due to ignoreKilled
Checking mutant mutant100011_quicksort.c:  13 :  /* MUTANT (rep_const) */      quickSort( a, l, j--1);
OTHER RESULT
Checking mutant mutant100012_quicksort.c:  13 :  /* MUTANT (rep_const) */      quickSort( a, l, j-((1)+1));
KILLED 26.756
Checking mutant mutant100013_quicksort.c:  14 :  /* MUTANT (del_stmt) */ /*       quickSort( a, j+1, r); */ 
KILLED 1.701
Checking mutant mutant100014_quicksort.c:  14 :  /* MUTANT (rep_op) */      quickSort( a, j-1, r);
Skipping due to ignoreKilled
Checking mutant mutant100015_quicksort.c:  14 :  /* MUTANT (rep_op) */      quickSort( a, j*1, r);
Skipping due to ignoreKilled
Checking mutant mutant100016_quicksort.c:  14 :  /* MUTANT (rep_op) */      quickSort( a, j%1, r);
Skipping due to ignoreKilled
Checking mutant mutant100017_quicksort.c:  14 :  /* MUTANT (rep_const) */      quickSort( a, j+0, r);
Skipping due to ignoreKilled
Checking mutant mutant100018_quicksort.c:  14 :  /* MUTANT (rep_const) */      quickSort( a, j+-1, r);
Skipping due to ignoreKilled
Checking mutant mutant100019_quicksort.c:  14 :  /* MUTANT (rep_const) */      quickSort( a, j+((1)+1), r);
KILLED 33.321
Checking mutant mutant100020_quicksort.c:  22 :  /* MUTANT (del_stmt) */ /*   int pivot, i, j, t; */ 
OTHER RESULT
Checking mutant mutant100021_quicksort.c:  23 :  /* MUTANT (del_stmt) */ /*   pivot = a[l]; */ 
Skipping due to ignoreKilled
Checking mutant mutant100022_quicksort.c:  24 :  /* MUTANT (del_stmt) */ /*   i = l; */  j = r+1;
Skipping due to ignoreKilled
Checking mutant mutant100023_quicksort.c:  24 :  /* MUTANT (del_stmt) */ /*   i = l; */  /*  j = r+1; */ 
Skipping due to ignoreKilled
Checking mutant mutant100024_quicksort.c:  24 :  /* MUTANT (del_stmt) */  i = l; /*  j = r+1; */ 
Skipping due to ignoreKilled
Checking mutant mutant100025_quicksort.c:  24 :  /* MUTANT (rep_op) */  i = l; j = r-1;
Skipping due to ignoreKilled
Checking mutant mutant100026_quicksort.c:  24 :  /* MUTANT (rep_op) */  i = l; j = r*1;
Skipping due to ignoreKilled
Checking mutant mutant100027_quicksort.c:  24 :  /* MUTANT (rep_op) */  i = l; j = r%1;
Skipping due to ignoreKilled
Checking mutant mutant100028_quicksort.c:  24 :  /* MUTANT (rep_const) */  i = l; j = r+0;
Skipping due to ignoreKilled
Checking mutant mutant100029_quicksort.c:  24 :  /* MUTANT (rep_const) */  i = l; j = r+-1;
Skipping due to ignoreKilled
Checking mutant mutant100030_quicksort.c:  24 :  /* MUTANT (rep_const) */  i = l; j = r+((1)+1);
Skipping due to ignoreKilled
Checking mutant mutant100031_quicksort.c:  26 :  /* MUTANT (rep_const) */  while( 0)
Skipping due to ignoreKilled
Checking mutant mutant100032_quicksort.c:  26 :  /* MUTANT (rep_const) */  while( -1)
VERIFICATION SUCCESSFUL 30.232
Checking mutant mutant100033_quicksort.c:  26 :  /* MUTANT (rep_const) */  while( ((1)+1))
VERIFICATION SUCCESSFUL 31.468
Checking mutant mutant100034_quicksort.c:  26 :  /* MUTANT (negate) */  while(!( 1))
Skipping due to ignoreKilled
Checking mutant mutant100035_quicksort.c:  28 :  /* MUTANT (del_stmt) */ /*       do ++i; */  while( i <= r && a[i] <= pivot );
Skipping due to ignoreKilled
Checking mutant mutant100036_quicksort.c:  28 :  /* MUTANT (del_stmt) */ /*       do ++i; */  /*  while( i <= r && a[i] <= pivot ); */ 
KILLED 14.925
Checking mutant mutant100037_quicksort.c:  28 :  /* MUTANT (del_stmt) */      do ++i; /*  while( i <= r && a[i] <= pivot ); */ 
OTHER RESULT
Checking mutant mutant100038_quicksort.c:  28 :  /* MUTANT (rep_op) */      do --i; while( i <= r && a[i] <= pivot );
Skipping due to ignoreKilled
Checking mutant mutant100039_quicksort.c:  28 :  /* MUTANT (rep_op) */      do ++i; while( i < r && a[i] <= pivot );
VERIFICATION SUCCESSFUL 33.713
Checking mutant mutant100040_quicksort.c:  28 :  /* MUTANT (rep_op) */      do ++i; while( i > r && a[i] <= pivot );
KILLED 28.489
Checking mutant mutant100041_quicksort.c:  28 :  /* MUTANT (rep_op) */      do ++i; while( i >= r && a[i] <= pivot );
Skipping due to ignoreKilled
Checking mutant mutant100042_quicksort.c:  28 :  /* MUTANT (rep_op) */      do ++i; while( i == r && a[i] <= pivot );
KILLED 28.308
Checking mutant mutant100043_quicksort.c:  28 :  /* MUTANT (rep_op) */      do ++i; while( i != r && a[i] <= pivot );
VERIFICATION SUCCESSFUL 25.179
Checking mutant mutant100044_quicksort.c:  28 :  /* MUTANT (rep_op) */      do ++i; while( i <= r || a[i] <= pivot );
Skipping due to ignoreKilled
Checking mutant mutant100045_quicksort.c:  28 :  /* MUTANT (rep_op) */      do ++i; while( i <= r && a[i] < pivot );
VERIFICATION SUCCESSFUL 26.639
Checking mutant mutant100046_quicksort.c:  28 :  /* MUTANT (rep_op) */      do ++i; while( i <= r && a[i] > pivot );
KILLED 26.739
Checking mutant mutant100047_quicksort.c:  28 :  /* MUTANT (rep_op) */      do ++i; while( i <= r && a[i] >= pivot );
KILLED 23.208
Checking mutant mutant100048_quicksort.c:  28 :  /* MUTANT (rep_op) */      do ++i; while( i <= r && a[i] == pivot );
KILLED 28.121
Checking mutant mutant100049_quicksort.c:  28 :  /* MUTANT (rep_op) */      do ++i; while( i <= r && a[i] != pivot );
KILLED 32.032
Checking mutant mutant100050_quicksort.c:  28 :  /* MUTANT (negate) */      do ++i; while(!( i <= r && a[i] <= pivot ));
Skipping due to ignoreKilled
Checking mutant mutant100051_quicksort.c:  29 :  /* MUTANT (del_stmt) */ /*       do --j; */  while( a[j] > pivot );
Skipping due to ignoreKilled
Checking mutant mutant100052_quicksort.c:  29 :  /* MUTANT (del_stmt) */ /*       do --j; */  /*  while( a[j] > pivot ); */ 
Skipping due to ignoreKilled
Checking mutant mutant100053_quicksort.c:  29 :  /* MUTANT (del_stmt) */      do --j; /*  while( a[j] > pivot ); */ 
OTHER RESULT
Checking mutant mutant100054_quicksort.c:  29 :  /* MUTANT (rep_op) */      do ++j; while( a[j] > pivot );
Skipping due to ignoreKilled
Checking mutant mutant100055_quicksort.c:  29 :  /* MUTANT (rep_op) */      do --j; while( a[j] <= pivot );
Skipping due to ignoreKilled
Checking mutant mutant100056_quicksort.c:  29 :  /* MUTANT (rep_op) */      do --j; while( a[j] < pivot );
Skipping due to ignoreKilled
Checking mutant mutant100057_quicksort.c:  29 :  /* MUTANT (rep_op) */      do --j; while( a[j] >= pivot );
Skipping due to ignoreKilled
Checking mutant mutant100058_quicksort.c:  29 :  /* MUTANT (rep_op) */      do --j; while( a[j] == pivot );
Skipping due to ignoreKilled
Checking mutant mutant100059_quicksort.c:  29 :  /* MUTANT (rep_op) */      do --j; while( a[j] != pivot );
Skipping due to ignoreKilled
Checking mutant mutant100060_quicksort.c:  29 :  /* MUTANT (negate) */      do --j; while(!( a[j] > pivot ));
Skipping due to ignoreKilled
Checking mutant mutant100061_quicksort.c:  30 :  /* MUTANT (del_stmt) */ /*       if( i >= j ) break; */ 
Skipping due to ignoreKilled
Checking mutant mutant100062_quicksort.c:  30 :  /* MUTANT (rep_op) */      if( i <= j ) break;
Skipping due to ignoreKilled
Checking mutant mutant100063_quicksort.c:  30 :  /* MUTANT (rep_op) */      if( i < j ) break;
Skipping due to ignoreKilled
Checking mutant mutant100064_quicksort.c:  30 :  /* MUTANT (rep_op) */      if( i > j ) break;
VERIFICATION SUCCESSFUL 28.898
Checking mutant mutant100065_quicksort.c:  30 :  /* MUTANT (rep_op) */      if( i == j ) break;
Skipping due to ignoreKilled
Checking mutant mutant100066_quicksort.c:  30 :  /* MUTANT (rep_op) */      if( i != j ) break;
KILLED 21.375
Checking mutant mutant100067_quicksort.c:  30 :  /* MUTANT (negate) */      if(!( i >= j )) break;
Skipping due to ignoreKilled
Checking mutant mutant100068_quicksort.c:  31 :  /* MUTANT (del_stmt) */ /*       t = a[i]; */  a[i] = a[j]; a[j] = t;
KILLED 25.677
Checking mutant mutant100069_quicksort.c:  31 :  /* MUTANT (del_stmt) */ /*       t = a[i]; */  /*  a[i] = a[j]; */  a[j] = t;
KILLED 19.406
Checking mutant mutant100070_quicksort.c:  31 :  /* MUTANT (del_stmt) */ /*       t = a[i]; */  /*  a[i] = a[j]; */  /*  a[j] = t; */ 
KILLED 22.016
Checking mutant mutant100071_quicksort.c:  31 :  /* MUTANT (del_stmt) */ /*       t = a[i]; */  a[i] = a[j]; /*  a[j] = t; */ 
KILLED 23.692
Checking mutant mutant100072_quicksort.c:  31 :  /* MUTANT (del_stmt) */      t = a[i]; /*  a[i] = a[j]; */  a[j] = t;
KILLED 28.796
Checking mutant mutant100073_quicksort.c:  31 :  /* MUTANT (del_stmt) */      t = a[i]; /*  a[i] = a[j]; */  /*  a[j] = t; */ 
KILLED 24.755
Checking mutant mutant100074_quicksort.c:  31 :  /* MUTANT (del_stmt) */      t = a[i]; a[i] = a[j]; /*  a[j] = t; */ 
KILLED 26.913
Checking mutant mutant100075_quicksort.c:  34 :  /* MUTANT (del_stmt) */ /*   return j; */ 
Skipping due to ignoreKilled
Checking mutant mutant100076_quicksort.c:  39 :  /* MUTANT (del_stmt) */ /*   quickSort(a, 0, size-1); */ 
Skipping due to ignoreKilled
Checking mutant mutant100077_quicksort.c:  39 :  /* MUTANT (rep_const) */  quickSort(a, 1, size-1);
Skipping due to ignoreKilled
Checking mutant mutant100078_quicksort.c:  39 :  /* MUTANT (rep_const) */  quickSort(a, -1, size-1);
Skipping due to ignoreKilled
Checking mutant mutant100079_quicksort.c:  39 :  /* MUTANT (rep_const) */  quickSort(a, 0, size-0);
Skipping due to ignoreKilled
Checking mutant mutant100080_quicksort.c:  39 :  /* MUTANT (rep_const) */  quickSort(a, 0, size--1);
OTHER RESULT
Checking mutant mutant100081_quicksort.c:  39 :  /* MUTANT (rep_const) */  quickSort(a, 0, size-((1)+1));
Skipping due to ignoreKilled
81 TOTAL MUTANTS, 19 KILLED, 6 FAILED TO COMPILE 0 TIMED OUT, (23.4567901235% kill rate)
AVERAGE KILL TIME 23.0901052632
AVERAGE VERIFY TIME 64.1632857143
MIN/MAX KILL TIME =  1.701 / 33.321
MIN/MAX SUCCESS TIME =  25.179 / 33.713
SURVIVING MUTANTS: 7
mutant100002_quicksort.c
9 :  /* MUTANT (rep_op) */  if( l <= r ) 
mutant100032_quicksort.c
26 :  /* MUTANT (rep_const) */  while( -1)
mutant100033_quicksort.c
26 :  /* MUTANT (rep_const) */  while( ((1)+1))
mutant100039_quicksort.c
28 :  /* MUTANT (rep_op) */      do ++i; while( i < r && a[i] <= pivot );
mutant100043_quicksort.c
28 :  /* MUTANT (rep_op) */      do ++i; while( i != r && a[i] <= pivot );
mutant100045_quicksort.c
28 :  /* MUTANT (rep_op) */      do ++i; while( i <= r && a[i] < pivot );
mutant100064_quicksort.c
30 :  /* MUTANT (rep_op) */      if( i > j ) break;
TOTAL ELAPSED TIME: 887.125128031
