USAGE: evalmuants.py <prefix> <timeout> [--ignoreKilled <prefix>] [--ignoreSurvived <prefix>] [--cbmc <PATH>] --options <options> --files <files> --mutate <mutant-files> [--harness] [--use-existing] [--check-strength] [--cover]
PREFIX = harness1
TIMEOUT = 10000
False --options
OPTIONS = -DSIZE=1 --unwind 2 --pointer-check --bounds-check 
FILES = ['harness.c']
MUTATED FILES = ['quicksort.c']
limit cputime 10000 ; cbmc -DSIZE=1 --unwind 2 --pointer-check --bounds-check 
SANITY CHECK...
Original SUCCESSFULLY VERIFIED in 0.65
Mutating quicksort.c
PREFIX: mutant*_
Checking mutant mutant100001_quicksort.c:  7 :  /* MUTANT (del_stmt) */ /*   int j; */ 
OTHER RESULT
Checking mutant mutant100002_quicksort.c:  9 :  /* MUTANT (rep_op) */  if( l <= r ) 
VERIFICATION SUCCESSFUL 0.823
Checking mutant mutant100003_quicksort.c:  9 :  /* MUTANT (rep_op) */  if( l > r ) 
VERIFICATION SUCCESSFUL 0.684
Checking mutant mutant100004_quicksort.c:  9 :  /* MUTANT (rep_op) */  if( l >= r ) 
KILLED 0.722
Checking mutant mutant100005_quicksort.c:  9 :  /* MUTANT (rep_op) */  if( l == r ) 
VERIFICATION SUCCESSFUL 0.789
Checking mutant mutant100006_quicksort.c:  9 :  /* MUTANT (rep_op) */  if( l != r ) 
VERIFICATION SUCCESSFUL 0.68
Checking mutant mutant100007_quicksort.c:  9 :  /* MUTANT (negate) */  if(!( l < r )) 
KILLED 0.773
Checking mutant mutant100008_quicksort.c:  12 :  /* MUTANT (del_stmt) */ /*       j = partition( a, l, r); */ 
VERIFICATION SUCCESSFUL 0.009
Checking mutant mutant100009_quicksort.c:  13 :  /* MUTANT (del_stmt) */ /*       quickSort( a, l, j-1); */ 
VERIFICATION SUCCESSFUL 0.305
Checking mutant mutant100010_quicksort.c:  13 :  /* MUTANT (rep_const) */      quickSort( a, l, j-0);
VERIFICATION SUCCESSFUL 0.662
Checking mutant mutant100011_quicksort.c:  13 :  /* MUTANT (rep_const) */      quickSort( a, l, j--1);
OTHER RESULT
Checking mutant mutant100012_quicksort.c:  13 :  /* MUTANT (rep_const) */      quickSort( a, l, j-((1)+1));
VERIFICATION SUCCESSFUL 0.675
Checking mutant mutant100013_quicksort.c:  14 :  /* MUTANT (del_stmt) */ /*       quickSort( a, j+1, r); */ 
VERIFICATION SUCCESSFUL 0.208
Checking mutant mutant100014_quicksort.c:  14 :  /* MUTANT (rep_op) */      quickSort( a, j-1, r);
VERIFICATION SUCCESSFUL 0.662
Checking mutant mutant100015_quicksort.c:  14 :  /* MUTANT (rep_op) */      quickSort( a, j*1, r);
VERIFICATION SUCCESSFUL 0.654
Checking mutant mutant100016_quicksort.c:  14 :  /* MUTANT (rep_op) */      quickSort( a, j%1, r);
VERIFICATION SUCCESSFUL 0.501
Checking mutant mutant100017_quicksort.c:  14 :  /* MUTANT (rep_const) */      quickSort( a, j+0, r);
VERIFICATION SUCCESSFUL 0.673
Checking mutant mutant100018_quicksort.c:  14 :  /* MUTANT (rep_const) */      quickSort( a, j+-1, r);
VERIFICATION SUCCESSFUL 0.667
Checking mutant mutant100019_quicksort.c:  14 :  /* MUTANT (rep_const) */      quickSort( a, j+((1)+1), r);
VERIFICATION SUCCESSFUL 0.661
Checking mutant mutant100020_quicksort.c:  22 :  /* MUTANT (del_stmt) */ /*   int pivot, i, j, t; */ 
OTHER RESULT
Checking mutant mutant100021_quicksort.c:  23 :  /* MUTANT (del_stmt) */ /*   pivot = a[l]; */ 
VERIFICATION SUCCESSFUL 0.66
Checking mutant mutant100022_quicksort.c:  24 :  /* MUTANT (del_stmt) */ /*   i = l; */  j = r+1;
VERIFICATION SUCCESSFUL 0.815
Checking mutant mutant100023_quicksort.c:  24 :  /* MUTANT (del_stmt) */ /*   i = l; */  /*  j = r+1; */ 
VERIFICATION SUCCESSFUL 0.781
Checking mutant mutant100024_quicksort.c:  24 :  /* MUTANT (del_stmt) */  i = l; /*  j = r+1; */ 
VERIFICATION SUCCESSFUL 0.669
Checking mutant mutant100025_quicksort.c:  24 :  /* MUTANT (rep_op) */  i = l; j = r-1;
VERIFICATION SUCCESSFUL 0.68
Checking mutant mutant100026_quicksort.c:  24 :  /* MUTANT (rep_op) */  i = l; j = r*1;
VERIFICATION SUCCESSFUL 0.662
Checking mutant mutant100027_quicksort.c:  24 :  /* MUTANT (rep_op) */  i = l; j = r%1;
VERIFICATION SUCCESSFUL 0.486
Checking mutant mutant100028_quicksort.c:  24 :  /* MUTANT (rep_const) */  i = l; j = r+0;
VERIFICATION SUCCESSFUL 0.655
Checking mutant mutant100029_quicksort.c:  24 :  /* MUTANT (rep_const) */  i = l; j = r+-1;
VERIFICATION SUCCESSFUL 0.665
Checking mutant mutant100030_quicksort.c:  24 :  /* MUTANT (rep_const) */  i = l; j = r+((1)+1);
VERIFICATION SUCCESSFUL 0.662
Checking mutant mutant100031_quicksort.c:  26 :  /* MUTANT (rep_const) */  while( 0)
VERIFICATION SUCCESSFUL 0.114
Checking mutant mutant100032_quicksort.c:  26 :  /* MUTANT (rep_const) */  while( -1)
VERIFICATION SUCCESSFUL 0.662
Checking mutant mutant100033_quicksort.c:  26 :  /* MUTANT (rep_const) */  while( ((1)+1))
VERIFICATION SUCCESSFUL 0.652
Checking mutant mutant100034_quicksort.c:  26 :  /* MUTANT (negate) */  while(!( 1))
VERIFICATION SUCCESSFUL 0.111
Checking mutant mutant100035_quicksort.c:  28 :  /* MUTANT (del_stmt) */ /*       do ++i; */  while( i <= r && a[i] <= pivot );
VERIFICATION SUCCESSFUL 0.516
Checking mutant mutant100036_quicksort.c:  28 :  /* MUTANT (del_stmt) */ /*       do ++i; */  /*  while( i <= r && a[i] <= pivot ); */ 
VERIFICATION SUCCESSFUL 0.485
Checking mutant mutant100037_quicksort.c:  28 :  /* MUTANT (del_stmt) */      do ++i; /*  while( i <= r && a[i] <= pivot ); */ 
OTHER RESULT
Checking mutant mutant100038_quicksort.c:  28 :  /* MUTANT (rep_op) */      do --i; while( i <= r && a[i] <= pivot );
VERIFICATION SUCCESSFUL 0.679
Checking mutant mutant100039_quicksort.c:  28 :  /* MUTANT (rep_op) */      do ++i; while( i < r && a[i] <= pivot );
VERIFICATION SUCCESSFUL 0.655
Checking mutant mutant100040_quicksort.c:  28 :  /* MUTANT (rep_op) */      do ++i; while( i > r && a[i] <= pivot );
VERIFICATION SUCCESSFUL 0.664
Checking mutant mutant100041_quicksort.c:  28 :  /* MUTANT (rep_op) */      do ++i; while( i >= r && a[i] <= pivot );
VERIFICATION SUCCESSFUL 0.665
Checking mutant mutant100042_quicksort.c:  28 :  /* MUTANT (rep_op) */      do ++i; while( i == r && a[i] <= pivot );
VERIFICATION SUCCESSFUL 0.645
Checking mutant mutant100043_quicksort.c:  28 :  /* MUTANT (rep_op) */      do ++i; while( i != r && a[i] <= pivot );
VERIFICATION SUCCESSFUL 0.637
Checking mutant mutant100044_quicksort.c:  28 :  /* MUTANT (rep_op) */      do ++i; while( i <= r || a[i] <= pivot );
VERIFICATION SUCCESSFUL 0.657
Checking mutant mutant100045_quicksort.c:  28 :  /* MUTANT (rep_op) */      do ++i; while( i <= r && a[i] < pivot );
VERIFICATION SUCCESSFUL 0.667
Checking mutant mutant100046_quicksort.c:  28 :  /* MUTANT (rep_op) */      do ++i; while( i <= r && a[i] > pivot );
VERIFICATION SUCCESSFUL 0.668
Checking mutant mutant100047_quicksort.c:  28 :  /* MUTANT (rep_op) */      do ++i; while( i <= r && a[i] >= pivot );
VERIFICATION SUCCESSFUL 0.66
Checking mutant mutant100048_quicksort.c:  28 :  /* MUTANT (rep_op) */      do ++i; while( i <= r && a[i] == pivot );
VERIFICATION SUCCESSFUL 0.646
Checking mutant mutant100049_quicksort.c:  28 :  /* MUTANT (rep_op) */      do ++i; while( i <= r && a[i] != pivot );
VERIFICATION SUCCESSFUL 0.66
Checking mutant mutant100050_quicksort.c:  28 :  /* MUTANT (negate) */      do ++i; while(!( i <= r && a[i] <= pivot ));
VERIFICATION SUCCESSFUL 0.668
Checking mutant mutant100051_quicksort.c:  29 :  /* MUTANT (del_stmt) */ /*       do --j; */  while( a[j] > pivot );
VERIFICATION SUCCESSFUL 0.379
Checking mutant mutant100052_quicksort.c:  29 :  /* MUTANT (del_stmt) */ /*       do --j; */  /*  while( a[j] > pivot ); */ 
VERIFICATION SUCCESSFUL 0.35
Checking mutant mutant100053_quicksort.c:  29 :  /* MUTANT (del_stmt) */      do --j; /*  while( a[j] > pivot ); */ 
OTHER RESULT
Checking mutant mutant100054_quicksort.c:  29 :  /* MUTANT (rep_op) */      do ++j; while( a[j] > pivot );
VERIFICATION SUCCESSFUL 0.666
Checking mutant mutant100055_quicksort.c:  29 :  /* MUTANT (rep_op) */      do --j; while( a[j] <= pivot );
VERIFICATION SUCCESSFUL 0.662
Checking mutant mutant100056_quicksort.c:  29 :  /* MUTANT (rep_op) */      do --j; while( a[j] < pivot );
VERIFICATION SUCCESSFUL 0.661
Checking mutant mutant100057_quicksort.c:  29 :  /* MUTANT (rep_op) */      do --j; while( a[j] >= pivot );
VERIFICATION SUCCESSFUL 0.669
Checking mutant mutant100058_quicksort.c:  29 :  /* MUTANT (rep_op) */      do --j; while( a[j] == pivot );
VERIFICATION SUCCESSFUL 0.66
Checking mutant mutant100059_quicksort.c:  29 :  /* MUTANT (rep_op) */      do --j; while( a[j] != pivot );
VERIFICATION SUCCESSFUL 0.672
Checking mutant mutant100060_quicksort.c:  29 :  /* MUTANT (negate) */      do --j; while(!( a[j] > pivot ));
VERIFICATION SUCCESSFUL 0.668
Checking mutant mutant100061_quicksort.c:  30 :  /* MUTANT (del_stmt) */ /*       if( i >= j ) break; */ 
VERIFICATION SUCCESSFUL 0.049
Checking mutant mutant100062_quicksort.c:  30 :  /* MUTANT (rep_op) */      if( i <= j ) break;
VERIFICATION SUCCESSFUL 0.664
Checking mutant mutant100063_quicksort.c:  30 :  /* MUTANT (rep_op) */      if( i < j ) break;
VERIFICATION SUCCESSFUL 0.653
Checking mutant mutant100064_quicksort.c:  30 :  /* MUTANT (rep_op) */      if( i > j ) break;
VERIFICATION SUCCESSFUL 0.653
Checking mutant mutant100065_quicksort.c:  30 :  /* MUTANT (rep_op) */      if( i == j ) break;
VERIFICATION SUCCESSFUL 0.65
Checking mutant mutant100066_quicksort.c:  30 :  /* MUTANT (rep_op) */      if( i != j ) break;
VERIFICATION SUCCESSFUL 0.659
Checking mutant mutant100067_quicksort.c:  30 :  /* MUTANT (negate) */      if(!( i >= j )) break;
VERIFICATION SUCCESSFUL 0.665
Checking mutant mutant100068_quicksort.c:  31 :  /* MUTANT (del_stmt) */ /*       t = a[i]; */  a[i] = a[j]; a[j] = t;
VERIFICATION SUCCESSFUL 0.653
Checking mutant mutant100069_quicksort.c:  31 :  /* MUTANT (del_stmt) */ /*       t = a[i]; */  /*  a[i] = a[j]; */  a[j] = t;
VERIFICATION SUCCESSFUL 0.539
Checking mutant mutant100070_quicksort.c:  31 :  /* MUTANT (del_stmt) */ /*       t = a[i]; */  /*  a[i] = a[j]; */  /*  a[j] = t; */ 
VERIFICATION SUCCESSFUL 0.39
Checking mutant mutant100071_quicksort.c:  31 :  /* MUTANT (del_stmt) */ /*       t = a[i]; */  a[i] = a[j]; /*  a[j] = t; */ 
VERIFICATION SUCCESSFUL 0.532
Checking mutant mutant100072_quicksort.c:  31 :  /* MUTANT (del_stmt) */      t = a[i]; /*  a[i] = a[j]; */  a[j] = t;
VERIFICATION SUCCESSFUL 0.581
Checking mutant mutant100073_quicksort.c:  31 :  /* MUTANT (del_stmt) */      t = a[i]; /*  a[i] = a[j]; */  /*  a[j] = t; */ 
VERIFICATION SUCCESSFUL 0.43
Checking mutant mutant100074_quicksort.c:  31 :  /* MUTANT (del_stmt) */      t = a[i]; a[i] = a[j]; /*  a[j] = t; */ 
VERIFICATION SUCCESSFUL 0.528
Checking mutant mutant100075_quicksort.c:  34 :  /* MUTANT (del_stmt) */ /*   return j; */ 
VERIFICATION SUCCESSFUL 0.659
Checking mutant mutant100076_quicksort.c:  39 :  /* MUTANT (del_stmt) */ /*   quickSort(a, 0, size-1); */ 
VERIFICATION SUCCESSFUL 0.004
Checking mutant mutant100077_quicksort.c:  39 :  /* MUTANT (rep_const) */  quickSort(a, 1, size-1);
VERIFICATION SUCCESSFUL 0.65
Checking mutant mutant100078_quicksort.c:  39 :  /* MUTANT (rep_const) */  quickSort(a, -1, size-1);
KILLED 0.706
Checking mutant mutant100079_quicksort.c:  39 :  /* MUTANT (rep_const) */  quickSort(a, 0, size-0);
KILLED 0.695
Checking mutant mutant100080_quicksort.c:  39 :  /* MUTANT (rep_const) */  quickSort(a, 0, size--1);
OTHER RESULT
Checking mutant mutant100081_quicksort.c:  39 :  /* MUTANT (rep_const) */  quickSort(a, 0, size-((1)+1));
VERIFICATION SUCCESSFUL 0.664
81 TOTAL MUTANTS, 4 KILLED, 6 FAILED TO COMPILE 0 TIMED OUT, (4.93827160494% kill rate)
AVERAGE KILL TIME 0.724
AVERAGE VERIFY TIME 1.17842253521
MIN/MAX KILL TIME =  0.695 / 0.773
MIN/MAX SUCCESS TIME =  0.004 / 0.823
SURVIVING MUTANTS: 71
mutant100002_quicksort.c
9 :  /* MUTANT (rep_op) */  if( l <= r ) 
mutant100003_quicksort.c
9 :  /* MUTANT (rep_op) */  if( l > r ) 
mutant100005_quicksort.c
9 :  /* MUTANT (rep_op) */  if( l == r ) 
mutant100006_quicksort.c
9 :  /* MUTANT (rep_op) */  if( l != r ) 
mutant100008_quicksort.c
12 :  /* MUTANT (del_stmt) */ /*       j = partition( a, l, r); */ 
mutant100009_quicksort.c
13 :  /* MUTANT (del_stmt) */ /*       quickSort( a, l, j-1); */ 
mutant100010_quicksort.c
13 :  /* MUTANT (rep_const) */      quickSort( a, l, j-0);
mutant100012_quicksort.c
13 :  /* MUTANT (rep_const) */      quickSort( a, l, j-((1)+1));
mutant100013_quicksort.c
14 :  /* MUTANT (del_stmt) */ /*       quickSort( a, j+1, r); */ 
mutant100014_quicksort.c
14 :  /* MUTANT (rep_op) */      quickSort( a, j-1, r);
mutant100015_quicksort.c
14 :  /* MUTANT (rep_op) */      quickSort( a, j*1, r);
mutant100016_quicksort.c
14 :  /* MUTANT (rep_op) */      quickSort( a, j%1, r);
mutant100017_quicksort.c
14 :  /* MUTANT (rep_const) */      quickSort( a, j+0, r);
mutant100018_quicksort.c
14 :  /* MUTANT (rep_const) */      quickSort( a, j+-1, r);
mutant100019_quicksort.c
14 :  /* MUTANT (rep_const) */      quickSort( a, j+((1)+1), r);
mutant100021_quicksort.c
23 :  /* MUTANT (del_stmt) */ /*   pivot = a[l]; */ 
mutant100022_quicksort.c
24 :  /* MUTANT (del_stmt) */ /*   i = l; */  j = r+1;
mutant100023_quicksort.c
24 :  /* MUTANT (del_stmt) */ /*   i = l; */  /*  j = r+1; */ 
mutant100024_quicksort.c
24 :  /* MUTANT (del_stmt) */  i = l; /*  j = r+1; */ 
mutant100025_quicksort.c
24 :  /* MUTANT (rep_op) */  i = l; j = r-1;
mutant100026_quicksort.c
24 :  /* MUTANT (rep_op) */  i = l; j = r*1;
mutant100027_quicksort.c
24 :  /* MUTANT (rep_op) */  i = l; j = r%1;
mutant100028_quicksort.c
24 :  /* MUTANT (rep_const) */  i = l; j = r+0;
mutant100029_quicksort.c
24 :  /* MUTANT (rep_const) */  i = l; j = r+-1;
mutant100030_quicksort.c
24 :  /* MUTANT (rep_const) */  i = l; j = r+((1)+1);
mutant100031_quicksort.c
26 :  /* MUTANT (rep_const) */  while( 0)
mutant100032_quicksort.c
26 :  /* MUTANT (rep_const) */  while( -1)
mutant100033_quicksort.c
26 :  /* MUTANT (rep_const) */  while( ((1)+1))
mutant100034_quicksort.c
26 :  /* MUTANT (negate) */  while(!( 1))
mutant100035_quicksort.c
28 :  /* MUTANT (del_stmt) */ /*       do ++i; */  while( i <= r && a[i] <= pivot );
mutant100036_quicksort.c
28 :  /* MUTANT (del_stmt) */ /*       do ++i; */  /*  while( i <= r && a[i] <= pivot ); */ 
mutant100038_quicksort.c
28 :  /* MUTANT (rep_op) */      do --i; while( i <= r && a[i] <= pivot );
mutant100039_quicksort.c
28 :  /* MUTANT (rep_op) */      do ++i; while( i < r && a[i] <= pivot );
mutant100040_quicksort.c
28 :  /* MUTANT (rep_op) */      do ++i; while( i > r && a[i] <= pivot );
mutant100041_quicksort.c
28 :  /* MUTANT (rep_op) */      do ++i; while( i >= r && a[i] <= pivot );
mutant100042_quicksort.c
28 :  /* MUTANT (rep_op) */      do ++i; while( i == r && a[i] <= pivot );
mutant100043_quicksort.c
28 :  /* MUTANT (rep_op) */      do ++i; while( i != r && a[i] <= pivot );
mutant100044_quicksort.c
28 :  /* MUTANT (rep_op) */      do ++i; while( i <= r || a[i] <= pivot );
mutant100045_quicksort.c
28 :  /* MUTANT (rep_op) */      do ++i; while( i <= r && a[i] < pivot );
mutant100046_quicksort.c
28 :  /* MUTANT (rep_op) */      do ++i; while( i <= r && a[i] > pivot );
mutant100047_quicksort.c
28 :  /* MUTANT (rep_op) */      do ++i; while( i <= r && a[i] >= pivot );
mutant100048_quicksort.c
28 :  /* MUTANT (rep_op) */      do ++i; while( i <= r && a[i] == pivot );
mutant100049_quicksort.c
28 :  /* MUTANT (rep_op) */      do ++i; while( i <= r && a[i] != pivot );
mutant100050_quicksort.c
28 :  /* MUTANT (negate) */      do ++i; while(!( i <= r && a[i] <= pivot ));
mutant100051_quicksort.c
29 :  /* MUTANT (del_stmt) */ /*       do --j; */  while( a[j] > pivot );
mutant100052_quicksort.c
29 :  /* MUTANT (del_stmt) */ /*       do --j; */  /*  while( a[j] > pivot ); */ 
mutant100054_quicksort.c
29 :  /* MUTANT (rep_op) */      do ++j; while( a[j] > pivot );
mutant100055_quicksort.c
29 :  /* MUTANT (rep_op) */      do --j; while( a[j] <= pivot );
mutant100056_quicksort.c
29 :  /* MUTANT (rep_op) */      do --j; while( a[j] < pivot );
mutant100057_quicksort.c
29 :  /* MUTANT (rep_op) */      do --j; while( a[j] >= pivot );
mutant100058_quicksort.c
29 :  /* MUTANT (rep_op) */      do --j; while( a[j] == pivot );
mutant100059_quicksort.c
29 :  /* MUTANT (rep_op) */      do --j; while( a[j] != pivot );
mutant100060_quicksort.c
29 :  /* MUTANT (negate) */      do --j; while(!( a[j] > pivot ));
mutant100061_quicksort.c
30 :  /* MUTANT (del_stmt) */ /*       if( i >= j ) break; */ 
mutant100062_quicksort.c
30 :  /* MUTANT (rep_op) */      if( i <= j ) break;
mutant100063_quicksort.c
30 :  /* MUTANT (rep_op) */      if( i < j ) break;
mutant100064_quicksort.c
30 :  /* MUTANT (rep_op) */      if( i > j ) break;
mutant100065_quicksort.c
30 :  /* MUTANT (rep_op) */      if( i == j ) break;
mutant100066_quicksort.c
30 :  /* MUTANT (rep_op) */      if( i != j ) break;
mutant100067_quicksort.c
30 :  /* MUTANT (negate) */      if(!( i >= j )) break;
mutant100068_quicksort.c
31 :  /* MUTANT (del_stmt) */ /*       t = a[i]; */  a[i] = a[j]; a[j] = t;
mutant100069_quicksort.c
31 :  /* MUTANT (del_stmt) */ /*       t = a[i]; */  /*  a[i] = a[j]; */  a[j] = t;
mutant100070_quicksort.c
31 :  /* MUTANT (del_stmt) */ /*       t = a[i]; */  /*  a[i] = a[j]; */  /*  a[j] = t; */ 
mutant100071_quicksort.c
31 :  /* MUTANT (del_stmt) */ /*       t = a[i]; */  a[i] = a[j]; /*  a[j] = t; */ 
mutant100072_quicksort.c
31 :  /* MUTANT (del_stmt) */      t = a[i]; /*  a[i] = a[j]; */  a[j] = t;
mutant100073_quicksort.c
31 :  /* MUTANT (del_stmt) */      t = a[i]; /*  a[i] = a[j]; */  /*  a[j] = t; */ 
mutant100074_quicksort.c
31 :  /* MUTANT (del_stmt) */      t = a[i]; a[i] = a[j]; /*  a[j] = t; */ 
mutant100075_quicksort.c
34 :  /* MUTANT (del_stmt) */ /*   return j; */ 
mutant100076_quicksort.c
39 :  /* MUTANT (del_stmt) */ /*   quickSort(a, 0, size-1); */ 
mutant100077_quicksort.c
39 :  /* MUTANT (rep_const) */  quickSort(a, 1, size-1);
mutant100081_quicksort.c
39 :  /* MUTANT (rep_const) */  quickSort(a, 0, size-((1)+1));
TOTAL ELAPSED TIME: 80.2155411243
