USAGE: evalmuants.py <prefix> <timeout> [--ignoreKilled <prefix>] [--ignoreSurvived <prefix>] [--cbmc <PATH>] --options <options> --files <files> --mutate <mutant-files> [--harness] [--use-existing] [--check-strength] [--cover]
PREFIX = harness2
TIMEOUT = 10000
False --ignoreKilled
False harness1
False --options
['../evalmutants.py', 'harness2', '10000', '--ignoreKilled', 'harness1', '--options', '-DSIZE=2', '--unwind', '3', '--pointer-check', '--bounds-check', '--files', 'harness.c', '--mutate', 'quicksort.c']
['../evalmutants.py', 'harness2', '10000', '--options', '-DSIZE=2', '--unwind', '3', '--pointer-check', '--bounds-check', '--files', 'harness.c', '--mutate', 'quicksort.c']
OPTIONS = -DSIZE=2 --unwind 3 --pointer-check --bounds-check 
FILES = ['harness.c']
MUTATED FILES = ['quicksort.c']
limit cputime 10000 ; cbmc -DSIZE=2 --unwind 3 --pointer-check --bounds-check 
SANITY CHECK...
Original SUCCESSFULLY VERIFIED in 3.762
Mutating quicksort.c
PREFIX: mutant*_
Checking mutant mutant100001_quicksort.c:  7 :  /* MUTANT (del_stmt) */ /*   int j; */ 
OTHER RESULT
Checking mutant mutant100002_quicksort.c:  9 :  /* MUTANT (rep_op) */  if( l <= r ) 
VERIFICATION SUCCESSFUL 4.839
Checking mutant mutant100003_quicksort.c:  9 :  /* MUTANT (rep_op) */  if( l > r ) 
KILLED 4.956
Checking mutant mutant100004_quicksort.c:  9 :  /* MUTANT (rep_op) */  if( l >= r ) 
Skipping due to ignoreKilled
Checking mutant mutant100005_quicksort.c:  9 :  /* MUTANT (rep_op) */  if( l == r ) 
KILLED 4.114
Checking mutant mutant100006_quicksort.c:  9 :  /* MUTANT (rep_op) */  if( l != r ) 
KILLED 4.437
Checking mutant mutant100007_quicksort.c:  9 :  /* MUTANT (negate) */  if(!( l < r )) 
Skipping due to ignoreKilled
Checking mutant mutant100008_quicksort.c:  12 :  /* MUTANT (del_stmt) */ /*       j = partition( a, l, r); */ 
KILLED 0.02
Checking mutant mutant100009_quicksort.c:  13 :  /* MUTANT (del_stmt) */ /*       quickSort( a, l, j-1); */ 
VERIFICATION SUCCESSFUL 1.085
Checking mutant mutant100010_quicksort.c:  13 :  /* MUTANT (rep_const) */      quickSort( a, l, j-0);
KILLED 4.063
Checking mutant mutant100011_quicksort.c:  13 :  /* MUTANT (rep_const) */      quickSort( a, l, j--1);
OTHER RESULT
Checking mutant mutant100012_quicksort.c:  13 :  /* MUTANT (rep_const) */      quickSort( a, l, j-((1)+1));
VERIFICATION SUCCESSFUL 3.92
Checking mutant mutant100013_quicksort.c:  14 :  /* MUTANT (del_stmt) */ /*       quickSort( a, j+1, r); */ 
VERIFICATION SUCCESSFUL 0.625
Checking mutant mutant100014_quicksort.c:  14 :  /* MUTANT (rep_op) */      quickSort( a, j-1, r);
KILLED 3.992
Checking mutant mutant100015_quicksort.c:  14 :  /* MUTANT (rep_op) */      quickSort( a, j*1, r);
KILLED 4.567
Checking mutant mutant100016_quicksort.c:  14 :  /* MUTANT (rep_op) */      quickSort( a, j%1, r);
KILLED 2.65
Checking mutant mutant100017_quicksort.c:  14 :  /* MUTANT (rep_const) */      quickSort( a, j+0, r);
KILLED 4.432
Checking mutant mutant100018_quicksort.c:  14 :  /* MUTANT (rep_const) */      quickSort( a, j+-1, r);
KILLED 4.227
Checking mutant mutant100019_quicksort.c:  14 :  /* MUTANT (rep_const) */      quickSort( a, j+((1)+1), r);
VERIFICATION SUCCESSFUL 4.539
Checking mutant mutant100020_quicksort.c:  22 :  /* MUTANT (del_stmt) */ /*   int pivot, i, j, t; */ 
OTHER RESULT
Checking mutant mutant100021_quicksort.c:  23 :  /* MUTANT (del_stmt) */ /*   pivot = a[l]; */ 
KILLED 3.914
Checking mutant mutant100022_quicksort.c:  24 :  /* MUTANT (del_stmt) */ /*   i = l; */  j = r+1;
KILLED 4.589
Checking mutant mutant100023_quicksort.c:  24 :  /* MUTANT (del_stmt) */ /*   i = l; */  /*  j = r+1; */ 
KILLED 4.169
Checking mutant mutant100024_quicksort.c:  24 :  /* MUTANT (del_stmt) */  i = l; /*  j = r+1; */ 
KILLED 3.738
Checking mutant mutant100025_quicksort.c:  24 :  /* MUTANT (rep_op) */  i = l; j = r-1;
KILLED 3.961
Checking mutant mutant100026_quicksort.c:  24 :  /* MUTANT (rep_op) */  i = l; j = r*1;
KILLED 4.461
Checking mutant mutant100027_quicksort.c:  24 :  /* MUTANT (rep_op) */  i = l; j = r%1;
KILLED 2.967
Checking mutant mutant100028_quicksort.c:  24 :  /* MUTANT (rep_const) */  i = l; j = r+0;
KILLED 4.359
Checking mutant mutant100029_quicksort.c:  24 :  /* MUTANT (rep_const) */  i = l; j = r+-1;
KILLED 3.756
Checking mutant mutant100030_quicksort.c:  24 :  /* MUTANT (rep_const) */  i = l; j = r+((1)+1);
KILLED 4.235
Checking mutant mutant100031_quicksort.c:  26 :  /* MUTANT (rep_const) */  while( 0)
KILLED 0.314
Checking mutant mutant100032_quicksort.c:  26 :  /* MUTANT (rep_const) */  while( -1)
VERIFICATION SUCCESSFUL 3.633
Checking mutant mutant100033_quicksort.c:  26 :  /* MUTANT (rep_const) */  while( ((1)+1))
VERIFICATION SUCCESSFUL 3.629
Checking mutant mutant100034_quicksort.c:  26 :  /* MUTANT (negate) */  while(!( 1))
KILLED 0.315
Checking mutant mutant100035_quicksort.c:  28 :  /* MUTANT (del_stmt) */ /*       do ++i; */  while( i <= r && a[i] <= pivot );
KILLED 2.525
Checking mutant mutant100036_quicksort.c:  28 :  /* MUTANT (del_stmt) */ /*       do ++i; */  /*  while( i <= r && a[i] <= pivot ); */ 
VERIFICATION SUCCESSFUL 2.423
Checking mutant mutant100037_quicksort.c:  28 :  /* MUTANT (del_stmt) */      do ++i; /*  while( i <= r && a[i] <= pivot ); */ 
OTHER RESULT
Checking mutant mutant100038_quicksort.c:  28 :  /* MUTANT (rep_op) */      do --i; while( i <= r && a[i] <= pivot );
KILLED 4.404
Checking mutant mutant100039_quicksort.c:  28 :  /* MUTANT (rep_op) */      do ++i; while( i < r && a[i] <= pivot );
VERIFICATION SUCCESSFUL 3.273
Checking mutant mutant100040_quicksort.c:  28 :  /* MUTANT (rep_op) */      do ++i; while( i > r && a[i] <= pivot );
VERIFICATION SUCCESSFUL 3.669
Checking mutant mutant100041_quicksort.c:  28 :  /* MUTANT (rep_op) */      do ++i; while( i >= r && a[i] <= pivot );
KILLED 3.899
Checking mutant mutant100042_quicksort.c:  28 :  /* MUTANT (rep_op) */      do ++i; while( i == r && a[i] <= pivot );
VERIFICATION SUCCESSFUL 3.69
Checking mutant mutant100043_quicksort.c:  28 :  /* MUTANT (rep_op) */      do ++i; while( i != r && a[i] <= pivot );
VERIFICATION SUCCESSFUL 3.645
Checking mutant mutant100044_quicksort.c:  28 :  /* MUTANT (rep_op) */      do ++i; while( i <= r || a[i] <= pivot );
KILLED 4.121
Checking mutant mutant100045_quicksort.c:  28 :  /* MUTANT (rep_op) */      do ++i; while( i <= r && a[i] < pivot );
VERIFICATION SUCCESSFUL 4.266
Checking mutant mutant100046_quicksort.c:  28 :  /* MUTANT (rep_op) */      do ++i; while( i <= r && a[i] > pivot );
VERIFICATION SUCCESSFUL 488.793
Checking mutant mutant100047_quicksort.c:  28 :  /* MUTANT (rep_op) */      do ++i; while( i <= r && a[i] >= pivot );
VERIFICATION SUCCESSFUL 4.415
Checking mutant mutant100048_quicksort.c:  28 :  /* MUTANT (rep_op) */      do ++i; while( i <= r && a[i] == pivot );
VERIFICATION SUCCESSFUL 3.815
Checking mutant mutant100049_quicksort.c:  28 :  /* MUTANT (rep_op) */      do ++i; while( i <= r && a[i] != pivot );
VERIFICATION SUCCESSFUL 3.678
Checking mutant mutant100050_quicksort.c:  28 :  /* MUTANT (negate) */      do ++i; while(!( i <= r && a[i] <= pivot ));
KILLED 4.08
Checking mutant mutant100051_quicksort.c:  29 :  /* MUTANT (del_stmt) */ /*       do --j; */  while( a[j] > pivot );
KILLED 1.975
Checking mutant mutant100052_quicksort.c:  29 :  /* MUTANT (del_stmt) */ /*       do --j; */  /*  while( a[j] > pivot ); */ 
KILLED 1.631
Checking mutant mutant100053_quicksort.c:  29 :  /* MUTANT (del_stmt) */      do --j; /*  while( a[j] > pivot ); */ 
OTHER RESULT
Checking mutant mutant100054_quicksort.c:  29 :  /* MUTANT (rep_op) */      do ++j; while( a[j] > pivot );
KILLED 4.175
Checking mutant mutant100055_quicksort.c:  29 :  /* MUTANT (rep_op) */      do --j; while( a[j] <= pivot );
KILLED 4.965
Checking mutant mutant100056_quicksort.c:  29 :  /* MUTANT (rep_op) */      do --j; while( a[j] < pivot );
KILLED 3.624
Checking mutant mutant100057_quicksort.c:  29 :  /* MUTANT (rep_op) */      do --j; while( a[j] >= pivot );
KILLED 3.996
Checking mutant mutant100058_quicksort.c:  29 :  /* MUTANT (rep_op) */      do --j; while( a[j] == pivot );
KILLED 4.02
Checking mutant mutant100059_quicksort.c:  29 :  /* MUTANT (rep_op) */      do --j; while( a[j] != pivot );
KILLED 4.99
Checking mutant mutant100060_quicksort.c:  29 :  /* MUTANT (negate) */      do --j; while(!( a[j] > pivot ));
KILLED 4.928
Checking mutant mutant100061_quicksort.c:  30 :  /* MUTANT (del_stmt) */ /*       if( i >= j ) break; */ 
KILLED 0.123
Checking mutant mutant100062_quicksort.c:  30 :  /* MUTANT (rep_op) */      if( i <= j ) break;
KILLED 5.179
Checking mutant mutant100063_quicksort.c:  30 :  /* MUTANT (rep_op) */      if( i < j ) break;
KILLED 4.655
Checking mutant mutant100064_quicksort.c:  30 :  /* MUTANT (rep_op) */      if( i > j ) break;
VERIFICATION SUCCESSFUL 4.199
Checking mutant mutant100065_quicksort.c:  30 :  /* MUTANT (rep_op) */      if( i == j ) break;
KILLED 6.31
Checking mutant mutant100066_quicksort.c:  30 :  /* MUTANT (rep_op) */      if( i != j ) break;
VERIFICATION SUCCESSFUL 4.158
Checking mutant mutant100067_quicksort.c:  30 :  /* MUTANT (negate) */      if(!( i >= j )) break;
KILLED 4.607
Checking mutant mutant100068_quicksort.c:  31 :  /* MUTANT (del_stmt) */ /*       t = a[i]; */  a[i] = a[j]; a[j] = t;
VERIFICATION SUCCESSFUL 3.859
Checking mutant mutant100069_quicksort.c:  31 :  /* MUTANT (del_stmt) */ /*       t = a[i]; */  /*  a[i] = a[j]; */  a[j] = t;
VERIFICATION SUCCESSFUL 3.057
Checking mutant mutant100070_quicksort.c:  31 :  /* MUTANT (del_stmt) */ /*       t = a[i]; */  /*  a[i] = a[j]; */  /*  a[j] = t; */ 
VERIFICATION SUCCESSFUL 2.473
Checking mutant mutant100071_quicksort.c:  31 :  /* MUTANT (del_stmt) */ /*       t = a[i]; */  a[i] = a[j]; /*  a[j] = t; */ 
VERIFICATION SUCCESSFUL 3.73
Checking mutant mutant100072_quicksort.c:  31 :  /* MUTANT (del_stmt) */      t = a[i]; /*  a[i] = a[j]; */  a[j] = t;
VERIFICATION SUCCESSFUL 3.544
Checking mutant mutant100073_quicksort.c:  31 :  /* MUTANT (del_stmt) */      t = a[i]; /*  a[i] = a[j]; */  /*  a[j] = t; */ 
VERIFICATION SUCCESSFUL 3.817
Checking mutant mutant100074_quicksort.c:  31 :  /* MUTANT (del_stmt) */      t = a[i]; a[i] = a[j]; /*  a[j] = t; */ 
VERIFICATION SUCCESSFUL 3.114
Checking mutant mutant100075_quicksort.c:  34 :  /* MUTANT (del_stmt) */ /*   return j; */ 
KILLED 4.897
Checking mutant mutant100076_quicksort.c:  39 :  /* MUTANT (del_stmt) */ /*   quickSort(a, 0, size-1); */ 
KILLED 0.007
Checking mutant mutant100077_quicksort.c:  39 :  /* MUTANT (rep_const) */  quickSort(a, 1, size-1);
KILLED 3.96
Checking mutant mutant100078_quicksort.c:  39 :  /* MUTANT (rep_const) */  quickSort(a, -1, size-1);
Skipping due to ignoreKilled
Checking mutant mutant100079_quicksort.c:  39 :  /* MUTANT (rep_const) */  quickSort(a, 0, size-0);
Skipping due to ignoreKilled
Checking mutant mutant100080_quicksort.c:  39 :  /* MUTANT (rep_const) */  quickSort(a, 0, size--1);
OTHER RESULT
Checking mutant mutant100081_quicksort.c:  39 :  /* MUTANT (rep_const) */  quickSort(a, 0, size-((1)+1));
KILLED 4.287
81 TOTAL MUTANTS, 45 KILLED, 6 FAILED TO COMPILE 0 TIMED OUT, (55.5555555556% kill rate)
AVERAGE KILL TIME 3.67986666667
AVERAGE VERIFY TIME 44.4437692308
MIN/MAX KILL TIME =  0.007 / 6.31
MIN/MAX SUCCESS TIME =  0.625 / 488.793
SURVIVING MUTANTS: 26
mutant100002_quicksort.c
9 :  /* MUTANT (rep_op) */  if( l <= r ) 
mutant100009_quicksort.c
13 :  /* MUTANT (del_stmt) */ /*       quickSort( a, l, j-1); */ 
mutant100012_quicksort.c
13 :  /* MUTANT (rep_const) */      quickSort( a, l, j-((1)+1));
mutant100013_quicksort.c
14 :  /* MUTANT (del_stmt) */ /*       quickSort( a, j+1, r); */ 
mutant100019_quicksort.c
14 :  /* MUTANT (rep_const) */      quickSort( a, j+((1)+1), r);
mutant100032_quicksort.c
26 :  /* MUTANT (rep_const) */  while( -1)
mutant100033_quicksort.c
26 :  /* MUTANT (rep_const) */  while( ((1)+1))
mutant100036_quicksort.c
28 :  /* MUTANT (del_stmt) */ /*       do ++i; */  /*  while( i <= r && a[i] <= pivot ); */ 
mutant100039_quicksort.c
28 :  /* MUTANT (rep_op) */      do ++i; while( i < r && a[i] <= pivot );
mutant100040_quicksort.c
28 :  /* MUTANT (rep_op) */      do ++i; while( i > r && a[i] <= pivot );
mutant100042_quicksort.c
28 :  /* MUTANT (rep_op) */      do ++i; while( i == r && a[i] <= pivot );
mutant100043_quicksort.c
28 :  /* MUTANT (rep_op) */      do ++i; while( i != r && a[i] <= pivot );
mutant100045_quicksort.c
28 :  /* MUTANT (rep_op) */      do ++i; while( i <= r && a[i] < pivot );
mutant100046_quicksort.c
28 :  /* MUTANT (rep_op) */      do ++i; while( i <= r && a[i] > pivot );
mutant100047_quicksort.c
28 :  /* MUTANT (rep_op) */      do ++i; while( i <= r && a[i] >= pivot );
mutant100048_quicksort.c
28 :  /* MUTANT (rep_op) */      do ++i; while( i <= r && a[i] == pivot );
mutant100049_quicksort.c
28 :  /* MUTANT (rep_op) */      do ++i; while( i <= r && a[i] != pivot );
mutant100064_quicksort.c
30 :  /* MUTANT (rep_op) */      if( i > j ) break;
mutant100066_quicksort.c
30 :  /* MUTANT (rep_op) */      if( i != j ) break;
mutant100068_quicksort.c
31 :  /* MUTANT (del_stmt) */ /*       t = a[i]; */  a[i] = a[j]; a[j] = t;
mutant100069_quicksort.c
31 :  /* MUTANT (del_stmt) */ /*       t = a[i]; */  /*  a[i] = a[j]; */  a[j] = t;
mutant100070_quicksort.c
31 :  /* MUTANT (del_stmt) */ /*       t = a[i]; */  /*  a[i] = a[j]; */  /*  a[j] = t; */ 
mutant100071_quicksort.c
31 :  /* MUTANT (del_stmt) */ /*       t = a[i]; */  a[i] = a[j]; /*  a[j] = t; */ 
mutant100072_quicksort.c
31 :  /* MUTANT (del_stmt) */      t = a[i]; /*  a[i] = a[j]; */  a[j] = t;
mutant100073_quicksort.c
31 :  /* MUTANT (del_stmt) */      t = a[i]; /*  a[i] = a[j]; */  /*  a[j] = t; */ 
mutant100074_quicksort.c
31 :  /* MUTANT (del_stmt) */      t = a[i]; a[i] = a[j]; /*  a[j] = t; */ 
TOTAL ELAPSED TIME: 828.930566788
