USAGE: evalmuants.py <prefix> <timeout> [--cbmc PATH] --options <options> --files <files> --mutate <mutant-files> [--harness] [--use-existing] [--check-strength]
PREFIX = badpapermac3
TIMEOUT = 10000
False --options
OPTIONS = --bounds-check -DMAX_ITEMS=3 --unwind 4 
FILES = ['paperbadharness.c']
MUTATED FILES = ['quicksort.c']
limit cputime 10000 ; cbmc --bounds-check -DMAX_ITEMS=3 --unwind 4 
SANITY CHECK...
Original SUCCESSFULLY VERIFIED in 9.361
Mutating quicksort.c
Checking mutant mutant100001_quicksort.c:  7 :  /* MUTANT (del_stmt) */ /*   int j; */ 
OTHER RESULT
Checking mutant mutant100002_quicksort.c:  9 :  /* MUTANT (rep_op) */  if( l <= r ) 
VERIFICATION SUCCESSFUL 15.263
Checking mutant mutant100003_quicksort.c:  9 :  /* MUTANT (rep_op) */  if( l > r ) 
KILLED 18.326
Checking mutant mutant100004_quicksort.c:  9 :  /* MUTANT (rep_op) */  if( l >= r ) 
KILLED 19.179
Checking mutant mutant100005_quicksort.c:  9 :  /* MUTANT (rep_op) */  if( l == r ) 
KILLED 12.503
Checking mutant mutant100006_quicksort.c:  9 :  /* MUTANT (rep_op) */  if( l != r ) 
KILLED 14.783
Checking mutant mutant100007_quicksort.c:  9 :  /* MUTANT (negate) */  if(!( l < r )) 
KILLED 12.07
Checking mutant mutant100008_quicksort.c:  12 :  /* MUTANT (del_stmt) */ /*       j = partition( a, l, r); */ 
KILLED 0.035
Checking mutant mutant100009_quicksort.c:  13 :  /* MUTANT (del_stmt) */ /*       quickSort( a, l, j-1); */ 
KILLED 1.429
Checking mutant mutant100010_quicksort.c:  13 :  /* MUTANT (rep_const) */      quickSort( a, l, j-0);
KILLED 15.862
Checking mutant mutant100011_quicksort.c:  13 :  /* MUTANT (rep_const) */      quickSort( a, l, j--1);
OTHER RESULT
Checking mutant mutant100012_quicksort.c:  13 :  /* MUTANT (rep_const) */      quickSort( a, l, j-((1)+1));
KILLED 13.208
Checking mutant mutant100013_quicksort.c:  14 :  /* MUTANT (del_stmt) */ /*       quickSort( a, j+1, r); */ 
KILLED 0.983
Checking mutant mutant100014_quicksort.c:  14 :  /* MUTANT (rep_op) */      quickSort( a, j-1, r);
KILLED 16.396
Checking mutant mutant100015_quicksort.c:  14 :  /* MUTANT (rep_op) */      quickSort( a, j*1, r);
KILLED 11.206
Checking mutant mutant100016_quicksort.c:  14 :  /* MUTANT (rep_op) */      quickSort( a, j%1, r);
KILLED 10.488
Checking mutant mutant100017_quicksort.c:  14 :  /* MUTANT (rep_const) */      quickSort( a, j+0, r);
KILLED 11.303
Checking mutant mutant100018_quicksort.c:  14 :  /* MUTANT (rep_const) */      quickSort( a, j+-1, r);
KILLED 16.219
Checking mutant mutant100019_quicksort.c:  14 :  /* MUTANT (rep_const) */      quickSort( a, j+((1)+1), r);
KILLED 12.594
Checking mutant mutant100020_quicksort.c:  22 :  /* MUTANT (del_stmt) */ /*   int pivot, i, j, t; */ 
OTHER RESULT
Checking mutant mutant100021_quicksort.c:  23 :  /* MUTANT (del_stmt) */ /*   pivot = a[l]; */ 
KILLED 12.906
Checking mutant mutant100022_quicksort.c:  24 :  /* MUTANT (del_stmt) */ /*   i = l; */  j = r+1;
KILLED 17.517
Checking mutant mutant100023_quicksort.c:  24 :  /* MUTANT (del_stmt) */ /*   i = l; */  /*  j = r+1; */ 
KILLED 14.326
Checking mutant mutant100024_quicksort.c:  24 :  /* MUTANT (del_stmt) */  i = l; /*  j = r+1; */ 
KILLED 16.755
Checking mutant mutant100025_quicksort.c:  24 :  /* MUTANT (rep_op) */  i = l; j = r-1;
KILLED 15.049
Checking mutant mutant100026_quicksort.c:  24 :  /* MUTANT (rep_op) */  i = l; j = r*1;
KILLED 17.294
Checking mutant mutant100027_quicksort.c:  24 :  /* MUTANT (rep_op) */  i = l; j = r%1;
KILLED 9.106
Checking mutant mutant100028_quicksort.c:  24 :  /* MUTANT (rep_const) */  i = l; j = r+0;
KILLED 15.515
Checking mutant mutant100029_quicksort.c:  24 :  /* MUTANT (rep_const) */  i = l; j = r+-1;
KILLED 14.314
Checking mutant mutant100030_quicksort.c:  24 :  /* MUTANT (rep_const) */  i = l; j = r+((1)+1);
KILLED 9.779
Checking mutant mutant100031_quicksort.c:  26 :  /* MUTANT (rep_const) */  while( 0)
KILLED 0.688
Checking mutant mutant100032_quicksort.c:  26 :  /* MUTANT (rep_const) */  while( -1)
VERIFICATION SUCCESSFUL 9.228
Checking mutant mutant100033_quicksort.c:  26 :  /* MUTANT (rep_const) */  while( ((1)+1))
VERIFICATION SUCCESSFUL 9.009
Checking mutant mutant100034_quicksort.c:  26 :  /* MUTANT (negate) */  while(!( 1))
KILLED 0.662
Checking mutant mutant100035_quicksort.c:  28 :  /* MUTANT (del_stmt) */ /*       do ++i; */  while( a[i] <= pivot && i <= r );
KILLED 7.547
Checking mutant mutant100036_quicksort.c:  28 :  /* MUTANT (del_stmt) */ /*       do ++i; */  /*  while( a[i] <= pivot && i <= r ); */ 
KILLED 8.024
Checking mutant mutant100037_quicksort.c:  28 :  /* MUTANT (del_stmt) */      do ++i; /*  while( a[i] <= pivot && i <= r ); */ 
OTHER RESULT
Checking mutant mutant100038_quicksort.c:  28 :  /* MUTANT (rep_op) */      do --i; while( a[i] <= pivot && i <= r );
KILLED 22.505
Checking mutant mutant100039_quicksort.c:  28 :  /* MUTANT (rep_op) */      do ++i; while( a[i] < pivot && i <= r );
VERIFICATION SUCCESSFUL 12.804
Checking mutant mutant100040_quicksort.c:  28 :  /* MUTANT (rep_op) */      do ++i; while( a[i] > pivot && i <= r );
KILLED 11.904
Checking mutant mutant100041_quicksort.c:  28 :  /* MUTANT (rep_op) */      do ++i; while( a[i] >= pivot && i <= r );
KILLED 14.395
Checking mutant mutant100042_quicksort.c:  28 :  /* MUTANT (rep_op) */      do ++i; while( a[i] == pivot && i <= r );
KILLED 13.766
Checking mutant mutant100043_quicksort.c:  28 :  /* MUTANT (rep_op) */      do ++i; while( a[i] != pivot && i <= r );
KILLED 12.275
Checking mutant mutant100044_quicksort.c:  28 :  /* MUTANT (rep_op) */      do ++i; while( a[i] <= pivot || i <= r );
KILLED 23.033
Checking mutant mutant100045_quicksort.c:  28 :  /* MUTANT (rep_op) */      do ++i; while( a[i] <= pivot && i < r );
VERIFICATION SUCCESSFUL 9.451
Checking mutant mutant100046_quicksort.c:  28 :  /* MUTANT (rep_op) */      do ++i; while( a[i] <= pivot && i > r );
KILLED 14.526
Checking mutant mutant100047_quicksort.c:  28 :  /* MUTANT (rep_op) */      do ++i; while( a[i] <= pivot && i >= r );
KILLED 19.089
Checking mutant mutant100048_quicksort.c:  28 :  /* MUTANT (rep_op) */      do ++i; while( a[i] <= pivot && i == r );
KILLED 11.581
Checking mutant mutant100049_quicksort.c:  28 :  /* MUTANT (rep_op) */      do ++i; while( a[i] <= pivot && i != r );
VERIFICATION SUCCESSFUL 7.951
Checking mutant mutant100050_quicksort.c:  28 :  /* MUTANT (negate) */      do ++i; while(!( a[i] <= pivot && i <= r ));
KILLED 11.559
Checking mutant mutant100051_quicksort.c:  29 :  /* MUTANT (del_stmt) */ /*       do --j; */  while( a[j] > pivot );
KILLED 4.85
Checking mutant mutant100052_quicksort.c:  29 :  /* MUTANT (del_stmt) */ /*       do --j; */  /*  while( a[j] > pivot ); */ 
KILLED 4.462
Checking mutant mutant100053_quicksort.c:  29 :  /* MUTANT (del_stmt) */      do --j; /*  while( a[j] > pivot ); */ 
OTHER RESULT
Checking mutant mutant100054_quicksort.c:  29 :  /* MUTANT (rep_op) */      do ++j; while( a[j] > pivot );
KILLED 15.029
Checking mutant mutant100055_quicksort.c:  29 :  /* MUTANT (rep_op) */      do --j; while( a[j] <= pivot );
KILLED 13.971
Checking mutant mutant100056_quicksort.c:  29 :  /* MUTANT (rep_op) */      do --j; while( a[j] < pivot );
KILLED 14.169
Checking mutant mutant100057_quicksort.c:  29 :  /* MUTANT (rep_op) */      do --j; while( a[j] >= pivot );
KILLED 15.149
Checking mutant mutant100058_quicksort.c:  29 :  /* MUTANT (rep_op) */      do --j; while( a[j] == pivot );
KILLED 13.439
Checking mutant mutant100059_quicksort.c:  29 :  /* MUTANT (rep_op) */      do --j; while( a[j] != pivot );
KILLED 10.427
Checking mutant mutant100060_quicksort.c:  29 :  /* MUTANT (negate) */      do --j; while(!( a[j] > pivot ));
KILLED 14.194
Checking mutant mutant100061_quicksort.c:  30 :  /* MUTANT (del_stmt) */ /*       if( i >= j ) break; */ 
KILLED 0.154
Checking mutant mutant100062_quicksort.c:  30 :  /* MUTANT (rep_op) */      if( i <= j ) break;
KILLED 28.235
Checking mutant mutant100063_quicksort.c:  30 :  /* MUTANT (rep_op) */      if( i < j ) break;
KILLED 24.563
Checking mutant mutant100064_quicksort.c:  30 :  /* MUTANT (rep_op) */      if( i > j ) break;
VERIFICATION SUCCESSFUL 9.356
Checking mutant mutant100065_quicksort.c:  30 :  /* MUTANT (rep_op) */      if( i == j ) break;
KILLED 15.275
Checking mutant mutant100066_quicksort.c:  30 :  /* MUTANT (rep_op) */      if( i != j ) break;
KILLED 13.009
Checking mutant mutant100067_quicksort.c:  30 :  /* MUTANT (negate) */      if(!( i >= j )) break;
KILLED 23.893
Checking mutant mutant100068_quicksort.c:  31 :  /* MUTANT (del_stmt) */ /*       t = a[i]; */  a[i] = a[j]; a[j] = t;
KILLED 11.188
Checking mutant mutant100069_quicksort.c:  31 :  /* MUTANT (del_stmt) */ /*       t = a[i]; */  /*  a[i] = a[j]; */  a[j] = t;
KILLED 10.655
Checking mutant mutant100070_quicksort.c:  31 :  /* MUTANT (del_stmt) */ /*       t = a[i]; */  /*  a[i] = a[j]; */  /*  a[j] = t; */ 
KILLED 7.238
Checking mutant mutant100071_quicksort.c:  31 :  /* MUTANT (del_stmt) */ /*       t = a[i]; */  a[i] = a[j]; /*  a[j] = t; */ 
KILLED 9.378
Checking mutant mutant100072_quicksort.c:  31 :  /* MUTANT (del_stmt) */      t = a[i]; /*  a[i] = a[j]; */  a[j] = t;
VERIFICATION SUCCESSFUL 8.345
Checking mutant mutant100073_quicksort.c:  31 :  /* MUTANT (del_stmt) */      t = a[i]; /*  a[i] = a[j]; */  /*  a[j] = t; */ 
KILLED 8.159
Checking mutant mutant100074_quicksort.c:  31 :  /* MUTANT (del_stmt) */      t = a[i]; a[i] = a[j]; /*  a[j] = t; */ 
KILLED 9.772
Checking mutant mutant100075_quicksort.c:  34 :  /* MUTANT (del_stmt) */ /*   return j; */ 
KILLED 15.782
Checking mutant mutant100076_quicksort.c:  39 :  /* MUTANT (del_stmt) */ /*   quickSort(a, 0, size-1); */ 
KILLED 0.011
Checking mutant mutant100077_quicksort.c:  39 :  /* MUTANT (rep_const) */  quickSort(a, 1, size-1);
KILLED 12.795
Checking mutant mutant100078_quicksort.c:  39 :  /* MUTANT (rep_const) */  quickSort(a, -1, size-1);
KILLED 13.288
Checking mutant mutant100079_quicksort.c:  39 :  /* MUTANT (rep_const) */  quickSort(a, 0, size-0);
KILLED 13.088
Checking mutant mutant100080_quicksort.c:  39 :  /* MUTANT (rep_const) */  quickSort(a, 0, size--1);
OTHER RESULT
Checking mutant mutant100081_quicksort.c:  39 :  /* MUTANT (rep_const) */  quickSort(a, 0, size-((1)+1));
KILLED 14.048
81 TOTAL MUTANTS, 67 KILLED, 6 FAILED TO COMPILE 0 TIMED OUT, (82.7160493827% kill rate)
AVERAGE KILL TIME 12.4913432836
AVERAGE VERIFY TIME 21.521875
MIN/MAX KILL TIME =  0.011 / 28.235
MIN/MAX SUCCESS TIME =  7.951 / 15.263
SURVIVING MUTANTS:
mutant100002_quicksort.c
9 :  /* MUTANT (rep_op) */  if( l <= r ) 
mutant100032_quicksort.c
26 :  /* MUTANT (rep_const) */  while( -1)
mutant100033_quicksort.c
26 :  /* MUTANT (rep_const) */  while( ((1)+1))
mutant100039_quicksort.c
28 :  /* MUTANT (rep_op) */      do ++i; while( a[i] < pivot && i <= r );
mutant100045_quicksort.c
28 :  /* MUTANT (rep_op) */      do ++i; while( a[i] <= pivot && i < r );
mutant100049_quicksort.c
28 :  /* MUTANT (rep_op) */      do ++i; while( a[i] <= pivot && i != r );
mutant100064_quicksort.c
30 :  /* MUTANT (rep_op) */      if( i > j ) break;
mutant100072_quicksort.c
31 :  /* MUTANT (del_stmt) */      t = a[i]; /*  a[i] = a[j]; */  a[j] = t;
