USAGE: evalmuants.py <prefix> <timeout> --options <options> --files <files> --mutate <mutant-files> [--harness] [--use-existing]
PREFIX = checkbadharness3
TIMEOUT = 10000
OPTIONS = -DSIZE=3 --unwind 4 --bounds-check --pointer-check 
FILES = ['badharness.c']
MUTATED FILES = ['quicksort.c']
limit cputime 10000 ; cbmc -DSIZE=3 --unwind 4 --bounds-check --pointer-check 
SANITY CHECK...
Original SUCCESSFULLY VERIFIED in 23.213
Mutating quicksort.c
Checking mutant mutant100001_quicksort.c:  7 :  /* MUTANT (del_stmt) */ /*   int j; */ 
OTHER RESULT
Checking mutant mutant100002_quicksort.c:  9 :  /* MUTANT (rep_op) */  if( l <= r ) 
VERIFICATION SUCCESSFUL 92.289
Checking mutant mutant100003_quicksort.c:  9 :  /* MUTANT (rep_op) */  if( l > r ) 
KILLED 36.837
Checking mutant mutant100004_quicksort.c:  9 :  /* MUTANT (rep_op) */  if( l >= r ) 
KILLED 35.866
Checking mutant mutant100005_quicksort.c:  9 :  /* MUTANT (rep_op) */  if( l == r ) 
KILLED 26.647
Checking mutant mutant100006_quicksort.c:  9 :  /* MUTANT (rep_op) */  if( l != r ) 
KILLED 38.707
Checking mutant mutant100007_quicksort.c:  9 :  /* MUTANT (negate) */  if(!( l < r )) 
KILLED 35.705
Checking mutant mutant100008_quicksort.c:  12 :  /* MUTANT (del_stmt) */ /*       j = partition( a, l, r); */ 
KILLED 0.042
Checking mutant mutant100009_quicksort.c:  13 :  /* MUTANT (del_stmt) */ /*       quickSort( a, l, j-1); */ 
KILLED 2.331
Checking mutant mutant100010_quicksort.c:  13 :  /* MUTANT (rep_const) */      quickSort( a, l, j-0);
KILLED 31.877
Checking mutant mutant100011_quicksort.c:  13 :  /* MUTANT (rep_const) */      quickSort( a, l, j--1);
OTHER RESULT
Checking mutant mutant100012_quicksort.c:  13 :  /* MUTANT (rep_const) */      quickSort( a, l, j-((1)+1));
KILLED 32.942
Checking mutant mutant100013_quicksort.c:  14 :  /* MUTANT (del_stmt) */ /*       quickSort( a, j+1, r); */ 
KILLED 2.018
Checking mutant mutant100014_quicksort.c:  14 :  /* MUTANT (rep_op) */      quickSort( a, j-1, r);
KILLED 37.258
Checking mutant mutant100015_quicksort.c:  14 :  /* MUTANT (rep_op) */      quickSort( a, j*1, r);
KILLED 29.247
Checking mutant mutant100016_quicksort.c:  14 :  /* MUTANT (rep_op) */      quickSort( a, j%1, r);
KILLED 20.822
Checking mutant mutant100017_quicksort.c:  14 :  /* MUTANT (rep_const) */      quickSort( a, j+0, r);
KILLED 34.789
Checking mutant mutant100018_quicksort.c:  14 :  /* MUTANT (rep_const) */      quickSort( a, j+-1, r);
KILLED 37.067
Checking mutant mutant100019_quicksort.c:  14 :  /* MUTANT (rep_const) */      quickSort( a, j+((1)+1), r);
KILLED 30.702
Checking mutant mutant100020_quicksort.c:  22 :  /* MUTANT (del_stmt) */ /*   printf ("LOG PARTITION: l = %d, r = %d\n", l, r); */ 
VERIFICATION SUCCESSFUL 30.107
Checking mutant mutant100021_quicksort.c:  23 :  /* MUTANT (del_stmt) */ /*   int pivot, i, j, t; */ 
OTHER RESULT
Checking mutant mutant100022_quicksort.c:  24 :  /* MUTANT (del_stmt) */ /*   pivot = a[l]; */ 
KILLED 33.988
Checking mutant mutant100023_quicksort.c:  25 :  /* MUTANT (del_stmt) */ /*   printf ("LOG PIVOT = %d\n", pivot); */ 
VERIFICATION SUCCESSFUL 29.578
Checking mutant mutant100024_quicksort.c:  26 :  /* MUTANT (del_stmt) */ /*   i = l; */  j = r+1;
KILLED 32.855
Checking mutant mutant100025_quicksort.c:  26 :  /* MUTANT (del_stmt) */ /*   i = l; */  /*  j = r+1; */ 
KILLED 31.993
Checking mutant mutant100026_quicksort.c:  26 :  /* MUTANT (del_stmt) */  i = l; /*  j = r+1; */ 
KILLED 30.276
Checking mutant mutant100027_quicksort.c:  26 :  /* MUTANT (rep_op) */  i = l; j = r-1;
KILLED 31.093
Checking mutant mutant100028_quicksort.c:  26 :  /* MUTANT (rep_op) */  i = l; j = r*1;
KILLED 26.704
Checking mutant mutant100029_quicksort.c:  26 :  /* MUTANT (rep_op) */  i = l; j = r%1;
KILLED 21.681
Checking mutant mutant100030_quicksort.c:  26 :  /* MUTANT (rep_const) */  i = l; j = r+0;
KILLED 26.101
Checking mutant mutant100031_quicksort.c:  26 :  /* MUTANT (rep_const) */  i = l; j = r+-1;
KILLED 30.471
Checking mutant mutant100032_quicksort.c:  26 :  /* MUTANT (rep_const) */  i = l; j = r+((1)+1);
KILLED 28.423
Checking mutant mutant100033_quicksort.c:  28 :  /* MUTANT (rep_const) */  while( 0)
KILLED 0.826
Checking mutant mutant100034_quicksort.c:  28 :  /* MUTANT (rep_const) */  while( -1)
VERIFICATION SUCCESSFUL 23.292
Checking mutant mutant100035_quicksort.c:  28 :  /* MUTANT (rep_const) */  while( ((1)+1))
VERIFICATION SUCCESSFUL 26.407
Checking mutant mutant100036_quicksort.c:  28 :  /* MUTANT (negate) */  while(!( 1))
KILLED 0.829
Checking mutant mutant100037_quicksort.c:  30 :  /* MUTANT (del_stmt) */ /*       printf ("LOG i = %d, r = %d\n", i, r); */ 
VERIFICATION SUCCESSFUL 33.161
Checking mutant mutant100038_quicksort.c:  31 :  /* MUTANT (del_stmt) */ /*       do ++i; */  while( i <= r && a[i] <= pivot );
KILLED 20.723
Checking mutant mutant100039_quicksort.c:  31 :  /* MUTANT (del_stmt) */ /*       do ++i; */  /*  while( i <= r && a[i] <= pivot ); */ 
KILLED 14.593
Checking mutant mutant100040_quicksort.c:  31 :  /* MUTANT (del_stmt) */      do ++i; /*  while( i <= r && a[i] <= pivot ); */ 
OTHER RESULT
Checking mutant mutant100041_quicksort.c:  31 :  /* MUTANT (rep_op) */      do --i; while( i <= r && a[i] <= pivot );
KILLED 43.018
Checking mutant mutant100042_quicksort.c:  31 :  /* MUTANT (rep_op) */      do ++i; while( i < r && a[i] <= pivot );
VERIFICATION SUCCESSFUL 20.794
Checking mutant mutant100043_quicksort.c:  31 :  /* MUTANT (rep_op) */      do ++i; while( i > r && a[i] <= pivot );
KILLED 35.936
Checking mutant mutant100044_quicksort.c:  31 :  /* MUTANT (rep_op) */      do ++i; while( i >= r && a[i] <= pivot );
KILLED 36.968
Checking mutant mutant100045_quicksort.c:  31 :  /* MUTANT (rep_op) */      do ++i; while( i == r && a[i] <= pivot );
KILLED 29.086
Checking mutant mutant100046_quicksort.c:  31 :  /* MUTANT (rep_op) */      do ++i; while( i != r && a[i] <= pivot );
VERIFICATION SUCCESSFUL 21.719
Checking mutant mutant100047_quicksort.c:  31 :  /* MUTANT (rep_op) */      do ++i; while( i <= r || a[i] <= pivot );
KILLED 38.612
Checking mutant mutant100048_quicksort.c:  31 :  /* MUTANT (rep_op) */      do ++i; while( i <= r && a[i] < pivot );
VERIFICATION SUCCESSFUL 24.617
Checking mutant mutant100049_quicksort.c:  31 :  /* MUTANT (rep_op) */      do ++i; while( i <= r && a[i] > pivot );
KILLED 33.983
Checking mutant mutant100050_quicksort.c:  31 :  /* MUTANT (rep_op) */      do ++i; while( i <= r && a[i] >= pivot );
KILLED 34.315
Checking mutant mutant100051_quicksort.c:  31 :  /* MUTANT (rep_op) */      do ++i; while( i <= r && a[i] == pivot );
KILLED 32.536
Checking mutant mutant100052_quicksort.c:  31 :  /* MUTANT (rep_op) */      do ++i; while( i <= r && a[i] != pivot );
KILLED 36.979
Checking mutant mutant100053_quicksort.c:  31 :  /* MUTANT (negate) */      do ++i; while(!( i <= r && a[i] <= pivot ));
KILLED 39.981
Checking mutant mutant100054_quicksort.c:  32 :  /* MUTANT (del_stmt) */ /*       do --j; */  while( a[j] > pivot );
KILLED 13.216
Checking mutant mutant100055_quicksort.c:  32 :  /* MUTANT (del_stmt) */ /*       do --j; */  /*  while( a[j] > pivot ); */ 
KILLED 9.033
Checking mutant mutant100056_quicksort.c:  32 :  /* MUTANT (del_stmt) */      do --j; /*  while( a[j] > pivot ); */ 
OTHER RESULT
Checking mutant mutant100057_quicksort.c:  32 :  /* MUTANT (rep_op) */      do ++j; while( a[j] > pivot );
KILLED 45.138
Checking mutant mutant100058_quicksort.c:  32 :  /* MUTANT (rep_op) */      do --j; while( a[j] <= pivot );
KILLED 40.239
Checking mutant mutant100059_quicksort.c:  32 :  /* MUTANT (rep_op) */      do --j; while( a[j] < pivot );
KILLED 36.166
Checking mutant mutant100060_quicksort.c:  32 :  /* MUTANT (rep_op) */      do --j; while( a[j] >= pivot );
KILLED 26.68
Checking mutant mutant100061_quicksort.c:  32 :  /* MUTANT (rep_op) */      do --j; while( a[j] == pivot );
KILLED 42.531
Checking mutant mutant100062_quicksort.c:  32 :  /* MUTANT (rep_op) */      do --j; while( a[j] != pivot );
KILLED 29.033
Checking mutant mutant100063_quicksort.c:  32 :  /* MUTANT (negate) */      do --j; while(!( a[j] > pivot ));
KILLED 35.988
Checking mutant mutant100064_quicksort.c:  33 :  /* MUTANT (del_stmt) */ /*       if( i >= j ) break; */ 
KILLED 0.28
Checking mutant mutant100065_quicksort.c:  33 :  /* MUTANT (rep_op) */      if( i <= j ) break;
KILLED 51.645
Checking mutant mutant100066_quicksort.c:  33 :  /* MUTANT (rep_op) */      if( i < j ) break;
KILLED 45.301
Checking mutant mutant100067_quicksort.c:  33 :  /* MUTANT (rep_op) */      if( i > j ) break;
VERIFICATION SUCCESSFUL 26.031
Checking mutant mutant100068_quicksort.c:  33 :  /* MUTANT (rep_op) */      if( i == j ) break;
KILLED 36.119
Checking mutant mutant100069_quicksort.c:  33 :  /* MUTANT (rep_op) */      if( i != j ) break;
KILLED 29.753
Checking mutant mutant100070_quicksort.c:  33 :  /* MUTANT (negate) */      if(!( i >= j )) break;
KILLED 41.987
Checking mutant mutant100071_quicksort.c:  34 :  /* MUTANT (del_stmt) */ /*       t = a[i]; */  a[i] = a[j]; a[j] = t;
KILLED 31.973
Checking mutant mutant100072_quicksort.c:  34 :  /* MUTANT (del_stmt) */ /*       t = a[i]; */  /*  a[i] = a[j]; */  a[j] = t;
KILLED 22.725
Checking mutant mutant100073_quicksort.c:  34 :  /* MUTANT (del_stmt) */ /*       t = a[i]; */  /*  a[i] = a[j]; */  /*  a[j] = t; */ 
KILLED 22.96
Checking mutant mutant100074_quicksort.c:  34 :  /* MUTANT (del_stmt) */ /*       t = a[i]; */  a[i] = a[j]; /*  a[j] = t; */ 
KILLED 26.088
Checking mutant mutant100075_quicksort.c:  34 :  /* MUTANT (del_stmt) */      t = a[i]; /*  a[i] = a[j]; */  a[j] = t;
VERIFICATION SUCCESSFUL 22.779
Checking mutant mutant100076_quicksort.c:  34 :  /* MUTANT (del_stmt) */      t = a[i]; /*  a[i] = a[j]; */  /*  a[j] = t; */ 
KILLED 34.27
Checking mutant mutant100077_quicksort.c:  34 :  /* MUTANT (del_stmt) */      t = a[i]; a[i] = a[j]; /*  a[j] = t; */ 
KILLED 31.94
Checking mutant mutant100078_quicksort.c:  37 :  /* MUTANT (del_stmt) */ /*   return j; */ 
KILLED 32.231
Checking mutant mutant100079_quicksort.c:  42 :  /* MUTANT (del_stmt) */ /*   quickSort(a, 0, size-1); */ 
KILLED 0.015
Checking mutant mutant100080_quicksort.c:  42 :  /* MUTANT (rep_const) */  quickSort(a, 1, size-1);
KILLED 35.902
Checking mutant mutant100081_quicksort.c:  42 :  /* MUTANT (rep_const) */  quickSort(a, -1, size-1);
KILLED 33.417
Checking mutant mutant100082_quicksort.c:  42 :  /* MUTANT (rep_const) */  quickSort(a, 0, size-0);
KILLED 31.953
Checking mutant mutant100083_quicksort.c:  42 :  /* MUTANT (rep_const) */  quickSort(a, 0, size--1);
OTHER RESULT
Checking mutant mutant100084_quicksort.c:  42 :  /* MUTANT (rep_const) */  quickSort(a, 0, size-((1)+1));
KILLED 34.52
84 TOTAL MUTANTS, 67 KILLED, 6 FAILED TO COMPILE 0 TIMED OUT, (79.7619047619% kill rate)
AVERAGE KILL TIME 29.0437313433
AVERAGE VERIFY TIME 65.8873636364
MIN/MAX KILL TIME =  0.015 / 51.645
MIN/MAX SUCCESS TIME =  20.794 / 92.289
SURVIVING MUTANTS:
mutant100002_quicksort.c
9 :  /* MUTANT (rep_op) */  if( l <= r ) 
mutant100020_quicksort.c
22 :  /* MUTANT (del_stmt) */ /*   printf ("LOG PARTITION: l = %d, r = %d\n", l, r); */ 
mutant100023_quicksort.c
25 :  /* MUTANT (del_stmt) */ /*   printf ("LOG PIVOT = %d\n", pivot); */ 
mutant100034_quicksort.c
28 :  /* MUTANT (rep_const) */  while( -1)
mutant100035_quicksort.c
28 :  /* MUTANT (rep_const) */  while( ((1)+1))
mutant100037_quicksort.c
30 :  /* MUTANT (del_stmt) */ /*       printf ("LOG i = %d, r = %d\n", i, r); */ 
mutant100042_quicksort.c
31 :  /* MUTANT (rep_op) */      do ++i; while( i < r && a[i] <= pivot );
mutant100046_quicksort.c
31 :  /* MUTANT (rep_op) */      do ++i; while( i != r && a[i] <= pivot );
mutant100048_quicksort.c
31 :  /* MUTANT (rep_op) */      do ++i; while( i <= r && a[i] < pivot );
mutant100067_quicksort.c
33 :  /* MUTANT (rep_op) */      if( i > j ) break;
mutant100075_quicksort.c
34 :  /* MUTANT (del_stmt) */      t = a[i]; /*  a[i] = a[j]; */  a[j] = t;
