USAGE: evalmuants.py <prefix> <timeout> [--cbmc PATH] --options <options> --files <files> --mutate <mutant-files> [--harness] [--use-existing] [--check-strength]
PREFIX = mac3
TIMEOUT = 10000
False --options
OPTIONS = --bounds-check -DSIZE=3 --unwind 4 
FILES = ['harness.c']
MUTATED FILES = ['quicksort.c']
limit cputime 10000 ; cbmc --bounds-check -DSIZE=3 --unwind 4 
SANITY CHECK...
Original SUCCESSFULLY VERIFIED in 11.577
Mutating quicksort.c
Checking mutant mutant100001_quicksort.c:  7 :  /* MUTANT (del_stmt) */ /*   int j; */ 
OTHER RESULT
Checking mutant mutant100002_quicksort.c:  9 :  /* MUTANT (rep_op) */  if( l <= r ) 
VERIFICATION SUCCESSFUL 15.648
Checking mutant mutant100003_quicksort.c:  9 :  /* MUTANT (rep_op) */  if( l > r ) 
KILLED 16.828
Checking mutant mutant100004_quicksort.c:  9 :  /* MUTANT (rep_op) */  if( l >= r ) 
KILLED 14.585
Checking mutant mutant100005_quicksort.c:  9 :  /* MUTANT (rep_op) */  if( l == r ) 
KILLED 11.301
Checking mutant mutant100006_quicksort.c:  9 :  /* MUTANT (rep_op) */  if( l != r ) 
KILLED 15.461
Checking mutant mutant100007_quicksort.c:  9 :  /* MUTANT (negate) */  if(!( l < r )) 
KILLED 14.682
Checking mutant mutant100008_quicksort.c:  12 :  /* MUTANT (del_stmt) */ /*       j = partition( a, l, r); */ 
KILLED 0.041
Checking mutant mutant100009_quicksort.c:  13 :  /* MUTANT (del_stmt) */ /*       quickSort( a, l, j-1); */ 
KILLED 1.306
Checking mutant mutant100010_quicksort.c:  13 :  /* MUTANT (rep_const) */      quickSort( a, l, j-0);
KILLED 12.21
Checking mutant mutant100011_quicksort.c:  13 :  /* MUTANT (rep_const) */      quickSort( a, l, j--1);
OTHER RESULT
Checking mutant mutant100012_quicksort.c:  13 :  /* MUTANT (rep_const) */      quickSort( a, l, j-((1)+1));
KILLED 15.178
Checking mutant mutant100013_quicksort.c:  14 :  /* MUTANT (del_stmt) */ /*       quickSort( a, j+1, r); */ 
KILLED 0.995
Checking mutant mutant100014_quicksort.c:  14 :  /* MUTANT (rep_op) */      quickSort( a, j-1, r);
KILLED 13.629
Checking mutant mutant100015_quicksort.c:  14 :  /* MUTANT (rep_op) */      quickSort( a, j*1, r);
KILLED 17.663
Checking mutant mutant100016_quicksort.c:  14 :  /* MUTANT (rep_op) */      quickSort( a, j%1, r);
KILLED 10.543
Checking mutant mutant100017_quicksort.c:  14 :  /* MUTANT (rep_const) */      quickSort( a, j+0, r);
KILLED 18.122
Checking mutant mutant100018_quicksort.c:  14 :  /* MUTANT (rep_const) */      quickSort( a, j+-1, r);
KILLED 13.895
Checking mutant mutant100019_quicksort.c:  14 :  /* MUTANT (rep_const) */      quickSort( a, j+((1)+1), r);
KILLED 12.287
Checking mutant mutant100020_quicksort.c:  22 :  /* MUTANT (del_stmt) */ /*   int pivot, i, j, t; */ 
OTHER RESULT
Checking mutant mutant100021_quicksort.c:  23 :  /* MUTANT (del_stmt) */ /*   pivot = a[l]; */ 
KILLED 12.602
Checking mutant mutant100022_quicksort.c:  24 :  /* MUTANT (del_stmt) */ /*   i = l; */  j = r+1;
KILLED 18.077
Checking mutant mutant100023_quicksort.c:  24 :  /* MUTANT (del_stmt) */ /*   i = l; */  /*  j = r+1; */ 
KILLED 14.58
Checking mutant mutant100024_quicksort.c:  24 :  /* MUTANT (del_stmt) */  i = l; /*  j = r+1; */ 
KILLED 18.47
Checking mutant mutant100025_quicksort.c:  24 :  /* MUTANT (rep_op) */  i = l; j = r-1;
KILLED 15.014
Checking mutant mutant100026_quicksort.c:  24 :  /* MUTANT (rep_op) */  i = l; j = r*1;
KILLED 13.234
Checking mutant mutant100027_quicksort.c:  24 :  /* MUTANT (rep_op) */  i = l; j = r%1;
KILLED 8.603
Checking mutant mutant100028_quicksort.c:  24 :  /* MUTANT (rep_const) */  i = l; j = r+0;
KILLED 13.338
Checking mutant mutant100029_quicksort.c:  24 :  /* MUTANT (rep_const) */  i = l; j = r+-1;
KILLED 15.418
Checking mutant mutant100030_quicksort.c:  24 :  /* MUTANT (rep_const) */  i = l; j = r+((1)+1);
KILLED 14.825
Checking mutant mutant100031_quicksort.c:  26 :  /* MUTANT (rep_const) */  while( 0)
KILLED 0.682
Checking mutant mutant100032_quicksort.c:  26 :  /* MUTANT (rep_const) */  while( -1)
VERIFICATION SUCCESSFUL 11.37
Checking mutant mutant100033_quicksort.c:  26 :  /* MUTANT (rep_const) */  while( ((1)+1))
VERIFICATION SUCCESSFUL 11.119
Checking mutant mutant100034_quicksort.c:  26 :  /* MUTANT (negate) */  while(!( 1))
KILLED 0.675
Checking mutant mutant100035_quicksort.c:  28 :  /* MUTANT (del_stmt) */ /*       do ++i; */  while( a[i] <= pivot && i <= r );
KILLED 7.415
Checking mutant mutant100036_quicksort.c:  28 :  /* MUTANT (del_stmt) */ /*       do ++i; */  /*  while( a[i] <= pivot && i <= r ); */ 
KILLED 8.672
Checking mutant mutant100037_quicksort.c:  28 :  /* MUTANT (del_stmt) */      do ++i; /*  while( a[i] <= pivot && i <= r ); */ 
OTHER RESULT
Checking mutant mutant100038_quicksort.c:  28 :  /* MUTANT (rep_op) */      do --i; while( a[i] <= pivot && i <= r );
KILLED 19.666
Checking mutant mutant100039_quicksort.c:  28 :  /* MUTANT (rep_op) */      do ++i; while( a[i] < pivot && i <= r );
VERIFICATION SUCCESSFUL 11.395
Checking mutant mutant100040_quicksort.c:  28 :  /* MUTANT (rep_op) */      do ++i; while( a[i] > pivot && i <= r );
KILLED 13.969
Checking mutant mutant100041_quicksort.c:  28 :  /* MUTANT (rep_op) */      do ++i; while( a[i] >= pivot && i <= r );
KILLED 14.685
Checking mutant mutant100042_quicksort.c:  28 :  /* MUTANT (rep_op) */      do ++i; while( a[i] == pivot && i <= r );
KILLED 13.026
Checking mutant mutant100043_quicksort.c:  28 :  /* MUTANT (rep_op) */      do ++i; while( a[i] != pivot && i <= r );
KILLED 15.162
Checking mutant mutant100044_quicksort.c:  28 :  /* MUTANT (rep_op) */      do ++i; while( a[i] <= pivot || i <= r );
KILLED 15.369
Checking mutant mutant100045_quicksort.c:  28 :  /* MUTANT (rep_op) */      do ++i; while( a[i] <= pivot && i < r );
VERIFICATION SUCCESSFUL 10.758
Checking mutant mutant100046_quicksort.c:  28 :  /* MUTANT (rep_op) */      do ++i; while( a[i] <= pivot && i > r );
KILLED 15.541
Checking mutant mutant100047_quicksort.c:  28 :  /* MUTANT (rep_op) */      do ++i; while( a[i] <= pivot && i >= r );
KILLED 15.532
Checking mutant mutant100048_quicksort.c:  28 :  /* MUTANT (rep_op) */      do ++i; while( a[i] <= pivot && i == r );
KILLED 12.58
Checking mutant mutant100049_quicksort.c:  28 :  /* MUTANT (rep_op) */      do ++i; while( a[i] <= pivot && i != r );
VERIFICATION SUCCESSFUL 8.292
Checking mutant mutant100050_quicksort.c:  28 :  /* MUTANT (negate) */      do ++i; while(!( a[i] <= pivot && i <= r ));
KILLED 14.909
Checking mutant mutant100051_quicksort.c:  29 :  /* MUTANT (del_stmt) */ /*       do --j; */  while( a[j] > pivot );
KILLED 4.653
Checking mutant mutant100052_quicksort.c:  29 :  /* MUTANT (del_stmt) */ /*       do --j; */  /*  while( a[j] > pivot ); */ 
KILLED 4.3
Checking mutant mutant100053_quicksort.c:  29 :  /* MUTANT (del_stmt) */      do --j; /*  while( a[j] > pivot ); */ 
OTHER RESULT
Checking mutant mutant100054_quicksort.c:  29 :  /* MUTANT (rep_op) */      do ++j; while( a[j] > pivot );
KILLED 15.564
Checking mutant mutant100055_quicksort.c:  29 :  /* MUTANT (rep_op) */      do --j; while( a[j] <= pivot );
KILLED 12.073
Checking mutant mutant100056_quicksort.c:  29 :  /* MUTANT (rep_op) */      do --j; while( a[j] < pivot );
KILLED 12.098
Checking mutant mutant100057_quicksort.c:  29 :  /* MUTANT (rep_op) */      do --j; while( a[j] >= pivot );
KILLED 14.42
Checking mutant mutant100058_quicksort.c:  29 :  /* MUTANT (rep_op) */      do --j; while( a[j] == pivot );
KILLED 11.811
Checking mutant mutant100059_quicksort.c:  29 :  /* MUTANT (rep_op) */      do --j; while( a[j] != pivot );
KILLED 12.727
Checking mutant mutant100060_quicksort.c:  29 :  /* MUTANT (negate) */      do --j; while(!( a[j] > pivot ));
KILLED 11.992
Checking mutant mutant100061_quicksort.c:  30 :  /* MUTANT (del_stmt) */ /*       if( i >= j ) break; */ 
KILLED 0.156
Checking mutant mutant100062_quicksort.c:  30 :  /* MUTANT (rep_op) */      if( i <= j ) break;
KILLED 20.263
Checking mutant mutant100063_quicksort.c:  30 :  /* MUTANT (rep_op) */      if( i < j ) break;
KILLED 19.373
Checking mutant mutant100064_quicksort.c:  30 :  /* MUTANT (rep_op) */      if( i > j ) break;
VERIFICATION SUCCESSFUL 9.859
Checking mutant mutant100065_quicksort.c:  30 :  /* MUTANT (rep_op) */      if( i == j ) break;
KILLED 16.298
Checking mutant mutant100066_quicksort.c:  30 :  /* MUTANT (rep_op) */      if( i != j ) break;
KILLED 13.787
Checking mutant mutant100067_quicksort.c:  30 :  /* MUTANT (negate) */      if(!( i >= j )) break;
KILLED 19.919
Checking mutant mutant100068_quicksort.c:  31 :  /* MUTANT (del_stmt) */ /*       t = a[i]; */  a[i] = a[j]; a[j] = t;
KILLED 14.753
Checking mutant mutant100069_quicksort.c:  31 :  /* MUTANT (del_stmt) */ /*       t = a[i]; */  /*  a[i] = a[j]; */  a[j] = t;
KILLED 11.828
Checking mutant mutant100070_quicksort.c:  31 :  /* MUTANT (del_stmt) */ /*       t = a[i]; */  /*  a[i] = a[j]; */  /*  a[j] = t; */ 
KILLED 9.34
Checking mutant mutant100071_quicksort.c:  31 :  /* MUTANT (del_stmt) */ /*       t = a[i]; */  a[i] = a[j]; /*  a[j] = t; */ 
KILLED 11.279
Checking mutant mutant100072_quicksort.c:  31 :  /* MUTANT (del_stmt) */      t = a[i]; /*  a[i] = a[j]; */  a[j] = t;
KILLED 14.718
Checking mutant mutant100073_quicksort.c:  31 :  /* MUTANT (del_stmt) */      t = a[i]; /*  a[i] = a[j]; */  /*  a[j] = t; */ 
KILLED 8.069
Checking mutant mutant100074_quicksort.c:  31 :  /* MUTANT (del_stmt) */      t = a[i]; a[i] = a[j]; /*  a[j] = t; */ 
KILLED 11.328
Checking mutant mutant100075_quicksort.c:  34 :  /* MUTANT (del_stmt) */ /*   return j; */ 
KILLED 14.12
Checking mutant mutant100076_quicksort.c:  39 :  /* MUTANT (del_stmt) */ /*   quickSort(a, 0, size-1); */ 
KILLED 0.015
Checking mutant mutant100077_quicksort.c:  39 :  /* MUTANT (rep_const) */  quickSort(a, 1, size-1);
KILLED 11.356
Checking mutant mutant100078_quicksort.c:  39 :  /* MUTANT (rep_const) */  quickSort(a, -1, size-1);
KILLED 11.293
Checking mutant mutant100079_quicksort.c:  39 :  /* MUTANT (rep_const) */  quickSort(a, 0, size-0);
KILLED 12.371
Checking mutant mutant100080_quicksort.c:  39 :  /* MUTANT (rep_const) */  quickSort(a, 0, size--1);
OTHER RESULT
Checking mutant mutant100081_quicksort.c:  39 :  /* MUTANT (rep_const) */  quickSort(a, 0, size-((1)+1));
KILLED 13.118
81 TOTAL MUTANTS, 68 KILLED, 6 FAILED TO COMPILE 0 TIMED OUT, (83.950617284% kill rate)
AVERAGE KILL TIME 12.2616470588
AVERAGE VERIFY TIME 24.0655714286
MIN/MAX KILL TIME =  0.015 / 20.263
MIN/MAX SUCCESS TIME =  8.292 / 15.648
SURVIVING MUTANTS:
mutant100002_quicksort.c
9 :  /* MUTANT (rep_op) */  if( l <= r ) 
mutant100032_quicksort.c
26 :  /* MUTANT (rep_const) */  while( -1)
mutant100033_quicksort.c
26 :  /* MUTANT (rep_const) */  while( ((1)+1))
mutant100039_quicksort.c
28 :  /* MUTANT (rep_op) */      do ++i; while( a[i] < pivot && i <= r );
mutant100045_quicksort.c
28 :  /* MUTANT (rep_op) */      do ++i; while( a[i] <= pivot && i < r );
mutant100049_quicksort.c
28 :  /* MUTANT (rep_op) */      do ++i; while( a[i] <= pivot && i != r );
mutant100064_quicksort.c
30 :  /* MUTANT (rep_op) */      if( i > j ) break;
