USAGE: evalmuants.py <prefix> <timeout> --options <options> --files <files> --mutate <mutant-files> [--harness] [--use-existing]
PREFIX = quick4
TIMEOUT = 1000
OPTIONS = -DMAX_ITEMS=4 --bounds-check --unwind 5 
FILES = harness.c 
MUTATED FILE = quicksort.c
limit cputime 1000 ; cbmc -DMAX_ITEMS=4 --bounds-check --unwind 5 harness.c 
SANITY CHECK...
Original SUCCESSFULLY VERIFIED in 186.784
Checking mutant mutant100001_quicksort.c:  5 :  /* MUTANT (rep_op) */    if (n <= 2)
KILLED 190.011
Checking mutant mutant100002_quicksort.c:  5 :  /* MUTANT (rep_op) */    if (n > 2)
KILLED 151.441
Checking mutant mutant100003_quicksort.c:  5 :  /* MUTANT (rep_op) */    if (n >= 2)
KILLED 93.791
Checking mutant mutant100004_quicksort.c:  5 :  /* MUTANT (rep_op) */    if (n == 2)
KILLED 115.585
Checking mutant mutant100005_quicksort.c:  5 :  /* MUTANT (rep_op) */    if (n != 2)
KILLED 109.724
Checking mutant mutant100006_quicksort.c:  5 :  /* MUTANT (rep_const) */    if (n < 0)
KILLED 145.8
Checking mutant mutant100007_quicksort.c:  5 :  /* MUTANT (rep_const) */    if (n < 1)
KILLED 121.646
Checking mutant mutant100008_quicksort.c:  5 :  /* MUTANT (rep_const) */    if (n < -1)
KILLED 140.922
Checking mutant mutant100009_quicksort.c:  5 :  /* MUTANT (rep_const) */    if (n < ((2)+1))
KILLED 122.002
Checking mutant mutant100010_quicksort.c:  5 :  /* MUTANT (rep_const) */    if (n < ((2)-1))
KILLED 122.644
Checking mutant mutant100011_quicksort.c:  5 :  /* MUTANT (negate) */    if(! (n < 2))
KILLED 139.899
Checking mutant mutant100012_quicksort.c:  7 :  /* MUTANT (del_stmt) */ /*     p = a[n / 2]; */ 
KILLED 1142.06
Checking mutant mutant100013_quicksort.c:  7 :  /* MUTANT (rep_const) */    p = a[n / 0];
KILLED 1187.88
Checking mutant mutant100014_quicksort.c:  7 :  /* MUTANT (rep_const) */    p = a[n / 1];
KILLED 934.051
Checking mutant mutant100015_quicksort.c:  7 :  /* MUTANT (rep_const) */    p = a[n / -1];
KILLED 408.866
Checking mutant mutant100016_quicksort.c:  7 :  /* MUTANT (rep_const) */    p = a[n / ((2)+1)];
KILLED 253.112
Checking mutant mutant100017_quicksort.c:  7 :  /* MUTANT (rep_const) */    p = a[n / ((2)-1)];
KILLED 922.576
Checking mutant mutant100018_quicksort.c:  8 :  /* MUTANT (rep_op) */    for (i = 0, j = n - 1;; i--, j--) {
KILLED 3228.58
Checking mutant mutant100019_quicksort.c:  8 :  /* MUTANT (rep_op) */    for (i = 0, j = n - 1;; i++, j++) {
KILLED 729.213
Checking mutant mutant100020_quicksort.c:  8 :  /* MUTANT (rep_const) */    for (i = 1, j = n - 1;; i++, j--) {
KILLED 597.458
Checking mutant mutant100021_quicksort.c:  8 :  /* MUTANT (rep_const) */    for (i = -1, j = n - 1;; i++, j--) {
KILLED 636.264
Checking mutant mutant100022_quicksort.c:  8 :  /* MUTANT (rep_const) */    for (i = 0, j = n - 0;; i++, j--) {
KILLED 145.852
Checking mutant mutant100023_quicksort.c:  8 :  /* MUTANT (rep_const) */    for (i = 0, j = n - -1;; i++, j--) {
KILLED 848.329
Checking mutant mutant100024_quicksort.c:  8 :  /* MUTANT (rep_const) */    for (i = 0, j = n - ((1)+1);; i++, j--) {
KILLED 150.756
Checking mutant mutant100025_quicksort.c:  9 :  /* MUTANT (rep_op) */        while (a[i] <= p)
KILLED 700.074
Checking mutant mutant100026_quicksort.c:  9 :  /* MUTANT (rep_op) */        while (a[i] > p)
KILLED 81.032
Checking mutant mutant100027_quicksort.c:  9 :  /* MUTANT (rep_op) */        while (a[i] >= p)
KILLED 737.14
Checking mutant mutant100028_quicksort.c:  9 :  /* MUTANT (rep_op) */        while (a[i] == p)
KILLED 595.412
Checking mutant mutant100029_quicksort.c:  9 :  /* MUTANT (rep_op) */        while (a[i] != p)
KILLED 183.98
Checking mutant mutant100030_quicksort.c:  9 :  /* MUTANT (negate) */        while(! (a[i] < p))
KILLED 735.73
Checking mutant mutant100031_quicksort.c:  10 :  /* MUTANT (rep_op) */            i--;
KILLED 2413.66
Checking mutant mutant100032_quicksort.c:  11 :  /* MUTANT (rep_op) */        while (p <= a[j])
KILLED 154.443
Checking mutant mutant100033_quicksort.c:  11 :  /* MUTANT (rep_op) */        while (p > a[j])
KILLED 142.5
Checking mutant mutant100034_quicksort.c:  11 :  /* MUTANT (rep_op) */        while (p >= a[j])
KILLED 208.698
Checking mutant mutant100035_quicksort.c:  11 :  /* MUTANT (rep_op) */        while (p == a[j])
KILLED 99.168
Checking mutant mutant100036_quicksort.c:  11 :  /* MUTANT (rep_op) */        while (p != a[j])
KILLED 221.109
Checking mutant mutant100037_quicksort.c:  11 :  /* MUTANT (negate) */        while(! (p < a[j]))
KILLED 207.866
Checking mutant mutant100038_quicksort.c:  12 :  /* MUTANT (rep_op) */            j++;
KILLED 792.733
Checking mutant mutant100039_quicksort.c:  13 :  /* MUTANT (rep_op) */        if (i <= j)
KILLED 1003.62
Checking mutant mutant100040_quicksort.c:  13 :  /* MUTANT (rep_op) */        if (i < j)
KILLED 1743.7
Checking mutant mutant100041_quicksort.c:  13 :  /* MUTANT (rep_op) */        if (i > j)
KILLED 267.845
Checking mutant mutant100042_quicksort.c:  13 :  /* MUTANT (rep_op) */        if (i == j)
KILLED 1462.37
Checking mutant mutant100043_quicksort.c:  13 :  /* MUTANT (rep_op) */        if (i != j)
KILLED 175.176
Checking mutant mutant100044_quicksort.c:  13 :  /* MUTANT (negate) */        if(! (i >= j))
KILLED 1744.87
Checking mutant mutant100045_quicksort.c:  15 :  /* MUTANT (del_stmt) */ /*         t = a[i]; */ 
KILLED 758.567
Checking mutant mutant100046_quicksort.c:  16 :  /* MUTANT (del_stmt) */ /*         a[i] = a[j]; */ 
KILLED 106.007
Checking mutant mutant100047_quicksort.c:  17 :  /* MUTANT (del_stmt) */ /*         a[j] = t; */ 
KILLED 139.702
Checking mutant mutant100048_quicksort.c:  20 :  /* MUTANT (del_stmt) */ /*     quick_sort(a + i, n - i); */ 
KILLED 2.07
Checking mutant mutant100049_quicksort.c:  20 :  /* MUTANT (rep_op) */    quick_sort(a - i, n - i);
KILLED 955.634
Checking mutant mutant100050_quicksort.c:  20 :  /* MUTANT (rep_op) */    quick_sort(a * i, n - i);
OTHER RESULT
Checking mutant mutant100051_quicksort.c:  20 :  /* MUTANT (rep_op) */    quick_sort(a % i, n - i);
OTHER RESULT
51 TOTAL MUTANTS, 49 KILLED, 2 FAILED TO COMPILE 0 TIMED OUT, (96.0784313725% kill rate)
AVERAGE KILL TIME 576.97077551
SURVIVING MUTANTS:
