USAGE: evalmuants.py <prefix> <timeout> --options <options> --files <files> --mutate <mutant-files> [--harness] [--use-existing]
PREFIX = quick3
TIMEOUT = 1000
OPTIONS = -DMAX_ITEMS=3 --bounds-check --unwind 4 
FILES = harness.c 
MUTATED FILE = quicksort.c
limit cputime 1000 ; cbmc -DMAX_ITEMS=3 --bounds-check --unwind 4 harness.c 
SANITY CHECK...
Original SUCCESSFULLY VERIFIED in 20.192
Checking mutant mutant100001_quicksort.c:  5 :  /* MUTANT (rep_op) */    if (n <= 2)
KILLED 25.098
Checking mutant mutant100002_quicksort.c:  5 :  /* MUTANT (rep_op) */    if (n > 2)
KILLED 22.784
Checking mutant mutant100003_quicksort.c:  5 :  /* MUTANT (rep_op) */    if (n >= 2)
KILLED 29.843
Checking mutant mutant100004_quicksort.c:  5 :  /* MUTANT (rep_op) */    if (n == 2)
KILLED 18.818
Checking mutant mutant100005_quicksort.c:  5 :  /* MUTANT (rep_op) */    if (n != 2)
KILLED 21.941
Checking mutant mutant100006_quicksort.c:  5 :  /* MUTANT (rep_const) */    if (n < 0)
KILLED 19.934
Checking mutant mutant100007_quicksort.c:  5 :  /* MUTANT (rep_const) */    if (n < 1)
KILLED 18.406
Checking mutant mutant100008_quicksort.c:  5 :  /* MUTANT (rep_const) */    if (n < -1)
KILLED 20.313
Checking mutant mutant100009_quicksort.c:  5 :  /* MUTANT (rep_const) */    if (n < ((2)+1))
KILLED 20.19
Checking mutant mutant100010_quicksort.c:  5 :  /* MUTANT (rep_const) */    if (n < ((2)-1))
KILLED 18.44
Checking mutant mutant100011_quicksort.c:  5 :  /* MUTANT (negate) */    if(! (n < 2))
KILLED 21.747
Checking mutant mutant100012_quicksort.c:  7 :  /* MUTANT (del_stmt) */ /*     p = a[n / 2]; */ 
KILLED 36.281
Checking mutant mutant100013_quicksort.c:  7 :  /* MUTANT (rep_const) */    p = a[n / 0];
KILLED 30.396
Checking mutant mutant100014_quicksort.c:  7 :  /* MUTANT (rep_const) */    p = a[n / 1];
KILLED 27.298
Checking mutant mutant100015_quicksort.c:  7 :  /* MUTANT (rep_const) */    p = a[n / -1];
KILLED 55.092
Checking mutant mutant100016_quicksort.c:  7 :  /* MUTANT (rep_const) */    p = a[n / ((2)+1)];
KILLED 25.733
Checking mutant mutant100017_quicksort.c:  7 :  /* MUTANT (rep_const) */    p = a[n / ((2)-1)];
KILLED 27.107
Checking mutant mutant100018_quicksort.c:  8 :  /* MUTANT (rep_op) */    for (i = 0, j = n - 1;; i--, j--) {
KILLED 34.841
Checking mutant mutant100019_quicksort.c:  8 :  /* MUTANT (rep_op) */    for (i = 0, j = n - 1;; i++, j++) {
KILLED 47.608
Checking mutant mutant100020_quicksort.c:  8 :  /* MUTANT (rep_const) */    for (i = 1, j = n - 1;; i++, j--) {
KILLED 35.867
Checking mutant mutant100021_quicksort.c:  8 :  /* MUTANT (rep_const) */    for (i = -1, j = n - 1;; i++, j--) {
KILLED 47.113
Checking mutant mutant100022_quicksort.c:  8 :  /* MUTANT (rep_const) */    for (i = 0, j = n - 0;; i++, j--) {
KILLED 26.197
Checking mutant mutant100023_quicksort.c:  8 :  /* MUTANT (rep_const) */    for (i = 0, j = n - -1;; i++, j--) {
KILLED 44.335
Checking mutant mutant100024_quicksort.c:  8 :  /* MUTANT (rep_const) */    for (i = 0, j = n - ((1)+1);; i++, j--) {
KILLED 20.512
Checking mutant mutant100025_quicksort.c:  9 :  /* MUTANT (rep_op) */        while (a[i] <= p)
KILLED 33.187
Checking mutant mutant100026_quicksort.c:  9 :  /* MUTANT (rep_op) */        while (a[i] > p)
KILLED 27.108
Checking mutant mutant100027_quicksort.c:  9 :  /* MUTANT (rep_op) */        while (a[i] >= p)
KILLED 27.799
Checking mutant mutant100028_quicksort.c:  9 :  /* MUTANT (rep_op) */        while (a[i] == p)
KILLED 29.516
Checking mutant mutant100029_quicksort.c:  9 :  /* MUTANT (rep_op) */        while (a[i] != p)
KILLED 27.56
Checking mutant mutant100030_quicksort.c:  9 :  /* MUTANT (negate) */        while(! (a[i] < p))
KILLED 24.268
Checking mutant mutant100031_quicksort.c:  10 :  /* MUTANT (rep_op) */            i--;
KILLED 77.304
Checking mutant mutant100032_quicksort.c:  11 :  /* MUTANT (rep_op) */        while (p <= a[j])
KILLED 33.369
Checking mutant mutant100033_quicksort.c:  11 :  /* MUTANT (rep_op) */        while (p > a[j])
KILLED 26.968
Checking mutant mutant100034_quicksort.c:  11 :  /* MUTANT (rep_op) */        while (p >= a[j])
KILLED 23.204
Checking mutant mutant100035_quicksort.c:  11 :  /* MUTANT (rep_op) */        while (p == a[j])
KILLED 27.647
Checking mutant mutant100036_quicksort.c:  11 :  /* MUTANT (rep_op) */        while (p != a[j])
KILLED 27.539
Checking mutant mutant100037_quicksort.c:  11 :  /* MUTANT (negate) */        while(! (p < a[j]))
KILLED 23.351
Checking mutant mutant100038_quicksort.c:  12 :  /* MUTANT (rep_op) */            j++;
KILLED 49.751
Checking mutant mutant100039_quicksort.c:  13 :  /* MUTANT (rep_op) */        if (i <= j)
KILLED 32.331
Checking mutant mutant100040_quicksort.c:  13 :  /* MUTANT (rep_op) */        if (i < j)
KILLED 37.588
Checking mutant mutant100041_quicksort.c:  13 :  /* MUTANT (rep_op) */        if (i > j)
KILLED 36.915
Checking mutant mutant100042_quicksort.c:  13 :  /* MUTANT (rep_op) */        if (i == j)
KILLED 41.993
Checking mutant mutant100043_quicksort.c:  13 :  /* MUTANT (rep_op) */        if (i != j)
KILLED 21.883
Checking mutant mutant100044_quicksort.c:  13 :  /* MUTANT (negate) */        if(! (i >= j))
KILLED 37.145
Checking mutant mutant100045_quicksort.c:  15 :  /* MUTANT (del_stmt) */ /*         t = a[i]; */ 
KILLED 26.595
Checking mutant mutant100046_quicksort.c:  16 :  /* MUTANT (del_stmt) */ /*         a[i] = a[j]; */ 
KILLED 22.25
Checking mutant mutant100047_quicksort.c:  17 :  /* MUTANT (del_stmt) */ /*         a[j] = t; */ 
KILLED 20.001
Checking mutant mutant100048_quicksort.c:  20 :  /* MUTANT (del_stmt) */ /*     quick_sort(a + i, n - i); */ 
KILLED 1.104
Checking mutant mutant100049_quicksort.c:  20 :  /* MUTANT (rep_op) */    quick_sort(a - i, n - i);
KILLED 28.421
Checking mutant mutant100050_quicksort.c:  20 :  /* MUTANT (rep_op) */    quick_sort(a * i, n - i);
OTHER RESULT
Checking mutant mutant100051_quicksort.c:  20 :  /* MUTANT (rep_op) */    quick_sort(a % i, n - i);
OTHER RESULT
51 TOTAL MUTANTS, 49 KILLED, 2 FAILED TO COMPILE 0 TIMED OUT, (96.0784313725% kill rate)
AVERAGE KILL TIME 29.8100204082
SURVIVING MUTANTS:
