USAGE: evalmuants.py <prefix> <timeout> [--ignoreKilled <prefix>] [--ignoreSurvived <prefix>] [--cbmc <PATH>] --options <options> --files <files> --mutate <mutant-files> [--harness] [--use-existing] [--check-strength] [--cover]
PREFIX = bad2
TIMEOUT = 100000
False --options
OPTIONS = -DSIZE=2 --unwind 5 --bounds-check --pointer-check 
FILES = ['badharness.c']
MUTATED FILES = ['merge_sorted_nodups.c']
limit cputime 100000 ; cbmc -DSIZE=2 --unwind 5 --bounds-check --pointer-check 
SANITY CHECK...
Original SUCCESSFULLY VERIFIED in 1.537
Mutating merge_sorted_nodups.c
PREFIX: mutant*_
Checking mutant mutant100001_merge_sorted_nodups.c:  4 :  /* MUTANT (rep_const) */  int apos = 1, bpos = 0, cpos = -1, csize = 0;
KILLED 0.101
Checking mutant mutant100002_merge_sorted_nodups.c:  4 :  /* MUTANT (rep_const) */  int apos = -1, bpos = 0, cpos = -1, csize = 0;
KILLED 0.115
Checking mutant mutant100003_merge_sorted_nodups.c:  4 :  /* MUTANT (rep_const) */  int apos = 0, bpos = 1, cpos = -1, csize = 0;
KILLED 0.097
Checking mutant mutant100004_merge_sorted_nodups.c:  4 :  /* MUTANT (rep_const) */  int apos = 0, bpos = -1, cpos = -1, csize = 0;
KILLED 0.114
Checking mutant mutant100005_merge_sorted_nodups.c:  4 :  /* MUTANT (rep_const) */  int apos = 0, bpos = 0, cpos = 0, csize = 0;
KILLED 0.116
Checking mutant mutant100006_merge_sorted_nodups.c:  4 :  /* MUTANT (rep_const) */  int apos = 0, bpos = 0, cpos = 1, csize = 0;
KILLED 0.118
Checking mutant mutant100007_merge_sorted_nodups.c:  4 :  /* MUTANT (rep_const) */  int apos = 0, bpos = 0, cpos = ((-1)+1), csize = 0;
KILLED 0.118
Checking mutant mutant100008_merge_sorted_nodups.c:  4 :  /* MUTANT (rep_const) */  int apos = 0, bpos = 0, cpos = ((-1)-1), csize = 0;
KILLED 0.207
Checking mutant mutant100009_merge_sorted_nodups.c:  4 :  /* MUTANT (rep_const) */  int apos = 0, bpos = 0, cpos = -1, csize = 1;
KILLED 0.096
Checking mutant mutant100010_merge_sorted_nodups.c:  4 :  /* MUTANT (rep_const) */  int apos = 0, bpos = 0, cpos = -1, csize = -1;
KILLED 0.119
Checking mutant mutant100011_merge_sorted_nodups.c:  5 :  /* MUTANT (rep_op) */  while ((apos <= asize) || (bpos < bsize)) {
KILLED 0.098
Checking mutant mutant100012_merge_sorted_nodups.c:  5 :  /* MUTANT (rep_op) */  while ((apos > asize) || (bpos < bsize)) {
KILLED 0.096
Checking mutant mutant100013_merge_sorted_nodups.c:  5 :  /* MUTANT (rep_op) */  while ((apos >= asize) || (bpos < bsize)) {
KILLED 0.106
Checking mutant mutant100014_merge_sorted_nodups.c:  5 :  /* MUTANT (rep_op) */  while ((apos == asize) || (bpos < bsize)) {
KILLED 0.102
Checking mutant mutant100015_merge_sorted_nodups.c:  5 :  /* MUTANT (rep_op) */  while ((apos != asize) || (bpos < bsize)) {
VERIFICATION SUCCESSFUL 1.331
Checking mutant mutant100016_merge_sorted_nodups.c:  5 :  /* MUTANT (rep_op) */  while ((apos < asize) && (bpos < bsize)) {
KILLED 0.114
Checking mutant mutant100017_merge_sorted_nodups.c:  5 :  /* MUTANT (rep_op) */  while ((apos < asize) || (bpos <= bsize)) {
KILLED 0.096
Checking mutant mutant100018_merge_sorted_nodups.c:  5 :  /* MUTANT (rep_op) */  while ((apos < asize) || (bpos > bsize)) {
KILLED 0.101
Checking mutant mutant100019_merge_sorted_nodups.c:  5 :  /* MUTANT (rep_op) */  while ((apos < asize) || (bpos >= bsize)) {
KILLED 0.1
Checking mutant mutant100020_merge_sorted_nodups.c:  5 :  /* MUTANT (rep_op) */  while ((apos < asize) || (bpos == bsize)) {
KILLED 0.095
Checking mutant mutant100021_merge_sorted_nodups.c:  5 :  /* MUTANT (rep_op) */  while ((apos < asize) || (bpos != bsize)) {
VERIFICATION SUCCESSFUL 1.312
Checking mutant mutant100022_merge_sorted_nodups.c:  5 :  /* MUTANT (negate) */  while(! ((apos < asize) || (bpos < bsize))) {
KILLED 0.111
Checking mutant mutant100023_merge_sorted_nodups.c:  6 :  /* MUTANT (rep_op) */    if ((apos <= asize) && ((bpos >= bsize) || (a[apos] < b[bpos]))) {
KILLED 0.101
Checking mutant mutant100024_merge_sorted_nodups.c:  6 :  /* MUTANT (rep_op) */    if ((apos > asize) && ((bpos >= bsize) || (a[apos] < b[bpos]))) {
KILLED 0.105
Checking mutant mutant100025_merge_sorted_nodups.c:  6 :  /* MUTANT (rep_op) */    if ((apos >= asize) && ((bpos >= bsize) || (a[apos] < b[bpos]))) {
KILLED 0.098
Checking mutant mutant100026_merge_sorted_nodups.c:  6 :  /* MUTANT (rep_op) */    if ((apos == asize) && ((bpos >= bsize) || (a[apos] < b[bpos]))) {
KILLED 0.1
Checking mutant mutant100027_merge_sorted_nodups.c:  6 :  /* MUTANT (rep_op) */    if ((apos != asize) && ((bpos >= bsize) || (a[apos] < b[bpos]))) {
VERIFICATION SUCCESSFUL 1.215
Checking mutant mutant100028_merge_sorted_nodups.c:  6 :  /* MUTANT (rep_op) */    if ((apos < asize) || ((bpos >= bsize) || (a[apos] < b[bpos]))) {
KILLED 0.102
Checking mutant mutant100029_merge_sorted_nodups.c:  6 :  /* MUTANT (rep_op) */    if ((apos < asize) && ((bpos <= bsize) || (a[apos] < b[bpos]))) {
KILLED 0.104
Checking mutant mutant100030_merge_sorted_nodups.c:  6 :  /* MUTANT (rep_op) */    if ((apos < asize) && ((bpos < bsize) || (a[apos] < b[bpos]))) {
KILLED 0.1
Checking mutant mutant100031_merge_sorted_nodups.c:  6 :  /* MUTANT (rep_op) */    if ((apos < asize) && ((bpos > bsize) || (a[apos] < b[bpos]))) {
KILLED 0.1
Checking mutant mutant100032_merge_sorted_nodups.c:  6 :  /* MUTANT (rep_op) */    if ((apos < asize) && ((bpos == bsize) || (a[apos] < b[bpos]))) {
VERIFICATION SUCCESSFUL 1.404
Checking mutant mutant100033_merge_sorted_nodups.c:  6 :  /* MUTANT (rep_op) */    if ((apos < asize) && ((bpos != bsize) || (a[apos] < b[bpos]))) {
KILLED 0.111
Checking mutant mutant100034_merge_sorted_nodups.c:  6 :  /* MUTANT (rep_op) */    if ((apos < asize) && ((bpos >= bsize) && (a[apos] < b[bpos]))) {
KILLED 0.101
Checking mutant mutant100035_merge_sorted_nodups.c:  6 :  /* MUTANT (rep_op) */    if ((apos < asize) && ((bpos >= bsize) || (a[apos] <= b[bpos]))) {
VERIFICATION SUCCESSFUL 1.409
Checking mutant mutant100036_merge_sorted_nodups.c:  6 :  /* MUTANT (rep_op) */    if ((apos < asize) && ((bpos >= bsize) || (a[apos] > b[bpos]))) {
KILLED 0.124
Checking mutant mutant100037_merge_sorted_nodups.c:  6 :  /* MUTANT (rep_op) */    if ((apos < asize) && ((bpos >= bsize) || (a[apos] >= b[bpos]))) {
KILLED 0.113
Checking mutant mutant100038_merge_sorted_nodups.c:  6 :  /* MUTANT (rep_op) */    if ((apos < asize) && ((bpos >= bsize) || (a[apos] == b[bpos]))) {
KILLED 0.205
Checking mutant mutant100039_merge_sorted_nodups.c:  6 :  /* MUTANT (rep_op) */    if ((apos < asize) && ((bpos >= bsize) || (a[apos] != b[bpos]))) {
KILLED 0.249
Checking mutant mutant100040_merge_sorted_nodups.c:  6 :  /* MUTANT (negate) */    if(! ((apos < asize) && ((bpos >= bsize) || (a[apos] < b[bpos])))) {
KILLED 0.096
Checking mutant mutant100041_merge_sorted_nodups.c:  7 :  /* MUTANT (rep_op) */      if ((cpos != -1) || (c[cpos] != a[apos])) {
KILLED 0.212
Checking mutant mutant100042_merge_sorted_nodups.c:  7 :  /* MUTANT (rep_op) */      if ((cpos == -1) && (c[cpos] != a[apos])) {
KILLED 0.219
Checking mutant mutant100043_merge_sorted_nodups.c:  7 :  /* MUTANT (rep_op) */      if ((cpos == -1) || (c[cpos] == a[apos])) {
KILLED 0.104
Checking mutant mutant100044_merge_sorted_nodups.c:  7 :  /* MUTANT (rep_const) */      if ((cpos == 0) || (c[cpos] != a[apos])) {
KILLED 0.215
Checking mutant mutant100045_merge_sorted_nodups.c:  7 :  /* MUTANT (rep_const) */      if ((cpos == 1) || (c[cpos] != a[apos])) {
KILLED 0.212
Checking mutant mutant100046_merge_sorted_nodups.c:  7 :  /* MUTANT (rep_const) */      if ((cpos == ((-1)+1)) || (c[cpos] != a[apos])) {
KILLED 0.215
Checking mutant mutant100047_merge_sorted_nodups.c:  7 :  /* MUTANT (rep_const) */      if ((cpos == ((-1)-1)) || (c[cpos] != a[apos])) {
KILLED 0.211
Checking mutant mutant100048_merge_sorted_nodups.c:  7 :  /* MUTANT (negate) */      if(! ((cpos == -1) || (c[cpos] != a[apos]))) {
KILLED 0.21
Checking mutant mutant100049_merge_sorted_nodups.c:  8 :  /* MUTANT (del_stmt) */ /* 	c[++cpos] = a[apos]; */ 
KILLED 0.131
Checking mutant mutant100050_merge_sorted_nodups.c:  8 :  /* MUTANT (rep_op) */	c[--cpos] = a[apos];
KILLED 0.216
Checking mutant mutant100051_merge_sorted_nodups.c:  9 :  /* MUTANT (del_stmt) */ /* 	csize++; */ 
KILLED 0.101
Checking mutant mutant100052_merge_sorted_nodups.c:  9 :  /* MUTANT (rep_op) */	csize--;
VERIFICATION SUCCESSFUL 1.803
Checking mutant mutant100053_merge_sorted_nodups.c:  11 :  /* MUTANT (rep_op) */      apos--;
KILLED 0.113
Checking mutant mutant100054_merge_sorted_nodups.c:  13 :  /* MUTANT (rep_op) */      if ((cpos != -1) || (c[cpos] != b[bpos])) {
KILLED 0.341
Checking mutant mutant100055_merge_sorted_nodups.c:  13 :  /* MUTANT (rep_op) */      if ((cpos == -1) && (c[cpos] != b[bpos])) {
KILLED 0.219
Checking mutant mutant100056_merge_sorted_nodups.c:  13 :  /* MUTANT (rep_op) */      if ((cpos == -1) || (c[cpos] == b[bpos])) {
KILLED 0.101
Checking mutant mutant100057_merge_sorted_nodups.c:  13 :  /* MUTANT (rep_const) */      if ((cpos == 0) || (c[cpos] != b[bpos])) {
KILLED 0.235
Checking mutant mutant100058_merge_sorted_nodups.c:  13 :  /* MUTANT (rep_const) */      if ((cpos == 1) || (c[cpos] != b[bpos])) {
KILLED 0.225
Checking mutant mutant100059_merge_sorted_nodups.c:  13 :  /* MUTANT (rep_const) */      if ((cpos == ((-1)+1)) || (c[cpos] != b[bpos])) {
KILLED 0.238
Checking mutant mutant100060_merge_sorted_nodups.c:  13 :  /* MUTANT (rep_const) */      if ((cpos == ((-1)-1)) || (c[cpos] != b[bpos])) {
KILLED 0.447
Checking mutant mutant100061_merge_sorted_nodups.c:  13 :  /* MUTANT (negate) */      if(! ((cpos == -1) || (c[cpos] != b[bpos]))) {
KILLED 0.219
Checking mutant mutant100062_merge_sorted_nodups.c:  14 :  /* MUTANT (del_stmt) */ /* 	c[++cpos] = b[bpos]; */ 
KILLED 0.157
Checking mutant mutant100063_merge_sorted_nodups.c:  14 :  /* MUTANT (rep_op) */	c[--cpos] = b[bpos];
KILLED 0.19
Checking mutant mutant100064_merge_sorted_nodups.c:  15 :  /* MUTANT (del_stmt) */ /* 	csize++; */ 
KILLED 0.102
Checking mutant mutant100065_merge_sorted_nodups.c:  15 :  /* MUTANT (rep_op) */	csize--;
VERIFICATION SUCCESSFUL 0.142
Checking mutant mutant100066_merge_sorted_nodups.c:  17 :  /* MUTANT (rep_op) */      bpos--;      
KILLED 0.136
66 TOTAL MUTANTS, 59 KILLED, 0 FAILED TO COMPILE 0 TIMED OUT, (89.3939393939% kill rate)
AVERAGE KILL TIME 0.149118644068
AVERAGE VERIFY TIME 2.68128571429
MIN/MAX KILL TIME =  0.095 / 0.447
MIN/MAX SUCCESS TIME =  0.142 / 1.803
SURVIVING MUTANTS: 7
mutant100015_merge_sorted_nodups.c
5 :  /* MUTANT (rep_op) */  while ((apos != asize) || (bpos < bsize)) {
mutant100021_merge_sorted_nodups.c
5 :  /* MUTANT (rep_op) */  while ((apos < asize) || (bpos != bsize)) {
mutant100027_merge_sorted_nodups.c
6 :  /* MUTANT (rep_op) */    if ((apos != asize) && ((bpos >= bsize) || (a[apos] < b[bpos]))) {
mutant100032_merge_sorted_nodups.c
6 :  /* MUTANT (rep_op) */    if ((apos < asize) && ((bpos == bsize) || (a[apos] < b[bpos]))) {
mutant100035_merge_sorted_nodups.c
6 :  /* MUTANT (rep_op) */    if ((apos < asize) && ((bpos >= bsize) || (a[apos] <= b[bpos]))) {
mutant100052_merge_sorted_nodups.c
9 :  /* MUTANT (rep_op) */	csize--;
mutant100065_merge_sorted_nodups.c
15 :  /* MUTANT (rep_op) */	csize--;
TOTAL ELAPSED TIME: 41.8654499054
