USAGE: evalmuants.py <prefix> <timeout> [--cbmc PATH] --options <options> --files <files> --mutate <mutant-files> [--harness] [--use-existing] [--check-strength]
PREFIX = strbmht6.p6.c5
TIMEOUT = 10000
False --cbmc
True /Users/alexgroce/cbmc-5.0/src/cbmc/cbmc
False --options
OPTIONS = -DTSIZE=6 -DPSIZE=6 -DCSIZE=5 --unwind 7 --bounds-check --pointer-check --find-success 
FILES = ['INV_harness.c']
MUTATED FILES = ['bmh.c']
limit cputime 10000 ; /Users/alexgroce/cbmc-5.0/src/cbmc/cbmc -DTSIZE=6 -DPSIZE=6 -DCSIZE=5 --unwind 7 --bounds-check --pointer-check --find-success 
SANITY CHECK...
Original SUCCESSFULLY KILLED in 0.83
Mutating bmh.c
Checking mutant mutant100001_bmh.c:  9 :  /* MUTANT (del_stmt) */ /*   uint8 skip[BMH_CHARSET_SIZE]; */ 
OTHER RESULT
Checking mutant mutant100002_bmh.c:  10 :  /* MUTANT (del_stmt) */ /*   jschar c; */ 
OTHER RESULT
Checking mutant mutant100003_bmh.c:  12 :  /* MUTANT (del_stmt) */ /*   __CPROVER_assume(0 < patlen && patlen <= BMH_PATLEN_MAX); */ 
KILLED 0.838
Checking mutant mutant100004_bmh.c:  12 :  /* MUTANT (rep_op) */  __CPROVER_assume(0 <= patlen && patlen <= BMH_PATLEN_MAX);
KILLED 0.819
Checking mutant mutant100005_bmh.c:  12 :  /* MUTANT (rep_op) */  __CPROVER_assume(0 > patlen && patlen <= BMH_PATLEN_MAX);
VERIFICATION SUCCESSFUL 0.785
Checking mutant mutant100006_bmh.c:  12 :  /* MUTANT (rep_op) */  __CPROVER_assume(0 >= patlen && patlen <= BMH_PATLEN_MAX);
KILLED 0.808
Checking mutant mutant100007_bmh.c:  12 :  /* MUTANT (rep_op) */  __CPROVER_assume(0 == patlen && patlen <= BMH_PATLEN_MAX);
KILLED 0.797
Checking mutant mutant100008_bmh.c:  12 :  /* MUTANT (rep_op) */  __CPROVER_assume(0 != patlen && patlen <= BMH_PATLEN_MAX);
KILLED 0.796
Checking mutant mutant100009_bmh.c:  12 :  /* MUTANT (rep_op) */  __CPROVER_assume(0 < patlen || patlen <= BMH_PATLEN_MAX);
KILLED 0.835
Checking mutant mutant100010_bmh.c:  12 :  /* MUTANT (rep_op) */  __CPROVER_assume(0 < patlen && patlen < BMH_PATLEN_MAX);
KILLED 0.806
Checking mutant mutant100011_bmh.c:  12 :  /* MUTANT (rep_op) */  __CPROVER_assume(0 < patlen && patlen > BMH_PATLEN_MAX);
VERIFICATION SUCCESSFUL 0.802
Checking mutant mutant100012_bmh.c:  12 :  /* MUTANT (rep_op) */  __CPROVER_assume(0 < patlen && patlen >= BMH_PATLEN_MAX);
VERIFICATION SUCCESSFUL 0.782
Checking mutant mutant100013_bmh.c:  12 :  /* MUTANT (rep_op) */  __CPROVER_assume(0 < patlen && patlen == BMH_PATLEN_MAX);
VERIFICATION SUCCESSFUL 0.789
Checking mutant mutant100014_bmh.c:  12 :  /* MUTANT (rep_op) */  __CPROVER_assume(0 < patlen && patlen != BMH_PATLEN_MAX);
KILLED 0.845
Checking mutant mutant100015_bmh.c:  12 :  /* MUTANT (rep_const) */  __CPROVER_assume(1 < patlen && patlen <= BMH_PATLEN_MAX);
KILLED 0.809
Checking mutant mutant100016_bmh.c:  12 :  /* MUTANT (rep_const) */  __CPROVER_assume(-1 < patlen && patlen <= BMH_PATLEN_MAX);
KILLED 0.815
Checking mutant mutant100017_bmh.c:  13 :  /* MUTANT (rep_op) */  for (i = 0; i <= BMH_CHARSET_SIZE; i++)
VERIFICATION SUCCESSFUL 0.788
Checking mutant mutant100018_bmh.c:  13 :  /* MUTANT (rep_op) */  for (i = 0; i > BMH_CHARSET_SIZE; i++)
KILLED 0.816
Checking mutant mutant100019_bmh.c:  13 :  /* MUTANT (rep_op) */  for (i = 0; i >= BMH_CHARSET_SIZE; i++)
KILLED 0.821
Checking mutant mutant100020_bmh.c:  13 :  /* MUTANT (rep_op) */  for (i = 0; i == BMH_CHARSET_SIZE; i++)
KILLED 0.85
Checking mutant mutant100021_bmh.c:  13 :  /* MUTANT (rep_op) */  for (i = 0; i != BMH_CHARSET_SIZE; i++)
KILLED 0.816
Checking mutant mutant100022_bmh.c:  13 :  /* MUTANT (rep_op) */  for (i = 0; i < BMH_CHARSET_SIZE; i--)
VERIFICATION SUCCESSFUL 0.023
Checking mutant mutant100023_bmh.c:  13 :  /* MUTANT (rep_const) */  for (i = 1; i < BMH_CHARSET_SIZE; i++)
KILLED 0.794
Checking mutant mutant100024_bmh.c:  13 :  /* MUTANT (rep_const) */  for (i = -1; i < BMH_CHARSET_SIZE; i++)
VERIFICATION SUCCESSFUL 0.797
Checking mutant mutant100025_bmh.c:  15 :  /* MUTANT (del_stmt) */ /*   m = patlen - 1; */ 
KILLED 0.81
Checking mutant mutant100026_bmh.c:  15 :  /* MUTANT (rep_const) */  m = patlen - 0;
KILLED 0.807
Checking mutant mutant100027_bmh.c:  15 :  /* MUTANT (rep_const) */  m = patlen - -1;
KILLED 0.802
Checking mutant mutant100028_bmh.c:  15 :  /* MUTANT (rep_const) */  m = patlen - ((1)+1);
KILLED 0.794
Checking mutant mutant100029_bmh.c:  16 :  /* MUTANT (rep_op) */  for (i = 0; i <= m; i++) {
KILLED 0.808
Checking mutant mutant100030_bmh.c:  16 :  /* MUTANT (rep_op) */  for (i = 0; i > m; i++) {
KILLED 0.816
Checking mutant mutant100031_bmh.c:  16 :  /* MUTANT (rep_op) */  for (i = 0; i >= m; i++) {
KILLED 0.841
Checking mutant mutant100032_bmh.c:  16 :  /* MUTANT (rep_op) */  for (i = 0; i == m; i++) {
KILLED 1.004
Checking mutant mutant100033_bmh.c:  16 :  /* MUTANT (rep_op) */  for (i = 0; i != m; i++) {
KILLED 0.849
Checking mutant mutant100034_bmh.c:  16 :  /* MUTANT (rep_op) */  for (i = 0; i < m; i--) {
KILLED 0.81
Checking mutant mutant100035_bmh.c:  16 :  /* MUTANT (rep_const) */  for (i = 1; i < m; i++) {
KILLED 0.818
Checking mutant mutant100036_bmh.c:  16 :  /* MUTANT (rep_const) */  for (i = -1; i < m; i++) {
VERIFICATION SUCCESSFUL 0.791
Checking mutant mutant100037_bmh.c:  17 :  /* MUTANT (del_stmt) */ /*     c = pat[i]; */ 
KILLED 0.791
Checking mutant mutant100038_bmh.c:  18 :  /* MUTANT (rep_op) */    if (c <= BMH_CHARSET_SIZE)
KILLED 0.822
Checking mutant mutant100039_bmh.c:  18 :  /* MUTANT (rep_op) */    if (c < BMH_CHARSET_SIZE)
KILLED 0.83
Checking mutant mutant100040_bmh.c:  18 :  /* MUTANT (rep_op) */    if (c > BMH_CHARSET_SIZE)
KILLED 0.836
Checking mutant mutant100041_bmh.c:  18 :  /* MUTANT (rep_op) */    if (c == BMH_CHARSET_SIZE)
KILLED 0.812
Checking mutant mutant100042_bmh.c:  18 :  /* MUTANT (rep_op) */    if (c != BMH_CHARSET_SIZE)
KILLED 0.806
Checking mutant mutant100043_bmh.c:  18 :  /* MUTANT (negate) */    if(! (c >= BMH_CHARSET_SIZE))
KILLED 0.811
Checking mutant mutant100044_bmh.c:  20 :  /* MUTANT (del_stmt) */ /*     skip[c] = (uint8)(m - i); */ 
KILLED 0.797
Checking mutant mutant100045_bmh.c:  22 :  /* MUTANT (rep_op) */  for (k = start - m;
KILLED 0.814
Checking mutant mutant100046_bmh.c:  22 :  /* MUTANT (rep_op) */  for (k = start * m;
KILLED 0.783
Checking mutant mutant100047_bmh.c:  22 :  /* MUTANT (rep_op) */  for (k = start % m;
KILLED 0.845
Checking mutant mutant100048_bmh.c:  23 :  /* MUTANT (del_stmt) */ /*        k < textlen; */ 
OTHER RESULT
Checking mutant mutant100049_bmh.c:  23 :  /* MUTANT (rep_op) */       k <= textlen;
KILLED 0.834
Checking mutant mutant100050_bmh.c:  23 :  /* MUTANT (rep_op) */       k > textlen;
KILLED 0.906
Checking mutant mutant100051_bmh.c:  23 :  /* MUTANT (rep_op) */       k >= textlen;
KILLED 0.931
Checking mutant mutant100052_bmh.c:  23 :  /* MUTANT (rep_op) */       k == textlen;
KILLED 0.829
Checking mutant mutant100053_bmh.c:  23 :  /* MUTANT (rep_op) */       k != textlen;
KILLED 0.804
Checking mutant mutant100054_bmh.c:  24 :  /* MUTANT (rep_op) */       k -= ((c = text[k]) >= BMH_CHARSET_SIZE) ? patlen : skip[c]) {
KILLED 0.828
Checking mutant mutant100055_bmh.c:  24 :  /* MUTANT (rep_op) */       k *= ((c = text[k]) >= BMH_CHARSET_SIZE) ? patlen : skip[c]) {
KILLED 1.118
Checking mutant mutant100056_bmh.c:  24 :  /* MUTANT (rep_op) */       k %= ((c = text[k]) >= BMH_CHARSET_SIZE) ? patlen : skip[c]) {
KILLED 0.915
Checking mutant mutant100057_bmh.c:  24 :  /* MUTANT (rep_op) */       k += ((c = text[k]) <= BMH_CHARSET_SIZE) ? patlen : skip[c]) {
KILLED 0.813
Checking mutant mutant100058_bmh.c:  24 :  /* MUTANT (rep_op) */       k += ((c = text[k]) < BMH_CHARSET_SIZE) ? patlen : skip[c]) {
KILLED 0.802
Checking mutant mutant100059_bmh.c:  24 :  /* MUTANT (rep_op) */       k += ((c = text[k]) > BMH_CHARSET_SIZE) ? patlen : skip[c]) {
KILLED 0.801
Checking mutant mutant100060_bmh.c:  24 :  /* MUTANT (rep_op) */       k += ((c = text[k]) == BMH_CHARSET_SIZE) ? patlen : skip[c]) {
KILLED 0.854
Checking mutant mutant100061_bmh.c:  24 :  /* MUTANT (rep_op) */       k += ((c = text[k]) != BMH_CHARSET_SIZE) ? patlen : skip[c]) {
KILLED 0.796
Checking mutant mutant100062_bmh.c:  25 :  /* MUTANT (rep_op) */    for (i = k, j = m; ; i++, j--) {
KILLED 0.784
Checking mutant mutant100063_bmh.c:  25 :  /* MUTANT (rep_op) */    for (i = k, j = m; ; i--, j++) {
KILLED 0.806
Checking mutant mutant100064_bmh.c:  26 :  /* MUTANT (rep_op) */      if (j <= 0)
KILLED 0.817
Checking mutant mutant100065_bmh.c:  26 :  /* MUTANT (rep_op) */      if (j > 0)
KILLED 0.815
Checking mutant mutant100066_bmh.c:  26 :  /* MUTANT (rep_op) */      if (j >= 0)
KILLED 0.823
Checking mutant mutant100067_bmh.c:  26 :  /* MUTANT (rep_op) */      if (j == 0)
KILLED 0.811
Checking mutant mutant100068_bmh.c:  26 :  /* MUTANT (rep_op) */      if (j != 0)
KILLED 0.8
Checking mutant mutant100069_bmh.c:  26 :  /* MUTANT (rep_const) */      if (j < 1)
KILLED 0.835
Checking mutant mutant100070_bmh.c:  26 :  /* MUTANT (rep_const) */      if (j < -1)
KILLED 0.858
Checking mutant mutant100071_bmh.c:  26 :  /* MUTANT (negate) */      if(! (j < 0))
KILLED 0.83
Checking mutant mutant100072_bmh.c:  27 :  /* MUTANT (rep_op) */	return i - 1;
KILLED 0.771
Checking mutant mutant100073_bmh.c:  27 :  /* MUTANT (rep_op) */	return i * 1;
KILLED 0.778
Checking mutant mutant100074_bmh.c:  27 :  /* MUTANT (rep_op) */	return i % 1;
KILLED 0.751
Checking mutant mutant100075_bmh.c:  27 :  /* MUTANT (rep_const) */	return i + 0;
KILLED 0.782
Checking mutant mutant100076_bmh.c:  27 :  /* MUTANT (rep_const) */	return i + -1;
KILLED 0.842
Checking mutant mutant100077_bmh.c:  27 :  /* MUTANT (rep_const) */	return i + ((1)+1);
KILLED 0.841
Checking mutant mutant100078_bmh.c:  28 :  /* MUTANT (rep_op) */      if (text[i] == pat[j])
KILLED 0.827
Checking mutant mutant100079_bmh.c:  28 :  /* MUTANT (negate) */      if(! (text[i] != pat[j]))
KILLED 0.826
Checking mutant mutant100080_bmh.c:  32 :  /* MUTANT (rep_const) */  return 0;
KILLED 0.803
Checking mutant mutant100081_bmh.c:  32 :  /* MUTANT (rep_const) */  return 1;
KILLED 0.797
Checking mutant mutant100082_bmh.c:  32 :  /* MUTANT (rep_const) */  return ((-1)+1);
KILLED 0.797
Checking mutant mutant100083_bmh.c:  32 :  /* MUTANT (rep_const) */  return ((-1)-1);
KILLED 0.808
83 TOTAL MUTANTS, 72 KILLED, 3 FAILED TO COMPILE 0 TIMED OUT, (86.7469879518% kill rate)
AVERAGE KILL TIME 0.825055555556
AVERAGE VERIFY TIME 1.493
MIN/MAX KILL TIME =  0.751 / 1.118
MIN/MAX SUCCESS TIME =  0.023 / 0.83
SURVIVING MUTANTS:
mutant100005_bmh.c
12 :  /* MUTANT (rep_op) */  __CPROVER_assume(0 > patlen && patlen <= BMH_PATLEN_MAX);
mutant100011_bmh.c
12 :  /* MUTANT (rep_op) */  __CPROVER_assume(0 < patlen && patlen > BMH_PATLEN_MAX);
mutant100012_bmh.c
12 :  /* MUTANT (rep_op) */  __CPROVER_assume(0 < patlen && patlen >= BMH_PATLEN_MAX);
mutant100013_bmh.c
12 :  /* MUTANT (rep_op) */  __CPROVER_assume(0 < patlen && patlen == BMH_PATLEN_MAX);
mutant100017_bmh.c
13 :  /* MUTANT (rep_op) */  for (i = 0; i <= BMH_CHARSET_SIZE; i++)
mutant100022_bmh.c
13 :  /* MUTANT (rep_op) */  for (i = 0; i < BMH_CHARSET_SIZE; i--)
mutant100024_bmh.c
13 :  /* MUTANT (rep_const) */  for (i = -1; i < BMH_CHARSET_SIZE; i++)
mutant100036_bmh.c
16 :  /* MUTANT (rep_const) */  for (i = -1; i < m; i++) {
